mode: atomic
github.com/provide-io/flavor/go/flavor/pkg/logging/logger.go:12.74,13.19 1 2
github.com/provide-io/flavor/go/flavor/pkg/logging/logger.go:13.19,15.3 1 0
github.com/provide-io/flavor/go/flavor/pkg/logging/logger.go:18.2,21.17 2 2
github.com/provide-io/flavor/go/flavor/pkg/logging/logger.go:21.17,23.3 1 1
github.com/provide-io/flavor/go/flavor/pkg/logging/logger.go:25.2,31.28 1 2
github.com/provide-io/flavor/go/flavor/pkg/logging/logger.go:31.28,33.4 1 2
github.com/provide-io/flavor/go/flavor/pkg/logging/logger.go:36.2,36.24 1 2
github.com/provide-io/flavor/go/flavor/pkg/logging/logger.go:40.27,42.17 2 2
github.com/provide-io/flavor/go/flavor/pkg/logging/logger.go:42.17,44.3 1 1
github.com/provide-io/flavor/go/flavor/pkg/logging/logger.go:45.2,45.14 1 2
github.com/provide-io/flavor/go/flavor/pkg/logging/prefix_writer.go:16.64,21.2 1 3
github.com/provide-io/flavor/go/flavor/pkg/logging/prefix_writer.go:25.54,27.46 2 4
github.com/provide-io/flavor/go/flavor/pkg/logging/prefix_writer.go:27.46,29.3 1 0
github.com/provide-io/flavor/go/flavor/pkg/logging/prefix_writer.go:31.2,31.6 1 4
github.com/provide-io/flavor/go/flavor/pkg/logging/prefix_writer.go:31.6,33.17 2 8
github.com/provide-io/flavor/go/flavor/pkg/logging/prefix_writer.go:33.17,35.21 1 4
github.com/provide-io/flavor/go/flavor/pkg/logging/prefix_writer.go:35.21,37.54 1 1
github.com/provide-io/flavor/go/flavor/pkg/logging/prefix_writer.go:37.54,39.6 1 0
github.com/provide-io/flavor/go/flavor/pkg/logging/prefix_writer.go:41.4,41.9 1 4
github.com/provide-io/flavor/go/flavor/pkg/logging/prefix_writer.go:44.3,44.63 1 4
github.com/provide-io/flavor/go/flavor/pkg/logging/prefix_writer.go:44.63,46.4 1 0
github.com/provide-io/flavor/go/flavor/pkg/logging/prefix_writer.go:47.3,47.50 1 4
github.com/provide-io/flavor/go/flavor/pkg/logging/prefix_writer.go:47.50,49.4 1 0
github.com/provide-io/flavor/go/flavor/pkg/logging/prefix_writer.go:52.2,52.15 1 4
github.com/provide-io/flavor/go/flavor/pkg/utils/shellparse/parser.go:39.44,40.17 1 62
github.com/provide-io/flavor/go/flavor/pkg/utils/shellparse/parser.go:40.17,42.3 1 2
github.com/provide-io/flavor/go/flavor/pkg/utils/shellparse/parser.go:44.2,52.30 7 60
github.com/provide-io/flavor/go/flavor/pkg/utils/shellparse/parser.go:52.30,56.35 2 1157
github.com/provide-io/flavor/go/flavor/pkg/utils/shellparse/parser.go:56.35,58.21 1 12
github.com/provide-io/flavor/go/flavor/pkg/utils/shellparse/parser.go:58.21,60.5 1 2
github.com/provide-io/flavor/go/flavor/pkg/utils/shellparse/parser.go:61.4,65.21 3 10
github.com/provide-io/flavor/go/flavor/pkg/utils/shellparse/parser.go:65.21,66.19 1 4
github.com/provide-io/flavor/go/flavor/pkg/utils/shellparse/parser.go:67.30,68.31 1 3
github.com/provide-io/flavor/go/flavor/pkg/utils/shellparse/parser.go:69.13,72.31 2 1
github.com/provide-io/flavor/go/flavor/pkg/utils/shellparse/parser.go:74.10,77.5 1 6
github.com/provide-io/flavor/go/flavor/pkg/utils/shellparse/parser.go:78.4,78.12 1 10
github.com/provide-io/flavor/go/flavor/pkg/utils/shellparse/parser.go:82.3,82.35 1 1145
github.com/provide-io/flavor/go/flavor/pkg/utils/shellparse/parser.go:82.35,83.21 1 25
github.com/provide-io/flavor/go/flavor/pkg/utils/shellparse/parser.go:83.21,87.5 2 12
github.com/provide-io/flavor/go/flavor/pkg/utils/shellparse/parser.go:87.10,90.5 1 13
github.com/provide-io/flavor/go/flavor/pkg/utils/shellparse/parser.go:91.4,91.12 1 25
github.com/provide-io/flavor/go/flavor/pkg/utils/shellparse/parser.go:95.3,95.34 1 1120
github.com/provide-io/flavor/go/flavor/pkg/utils/shellparse/parser.go:95.34,96.21 1 61
github.com/provide-io/flavor/go/flavor/pkg/utils/shellparse/parser.go:96.21,100.5 2 29
github.com/provide-io/flavor/go/flavor/pkg/utils/shellparse/parser.go:100.10,103.5 1 32
github.com/provide-io/flavor/go/flavor/pkg/utils/shellparse/parser.go:104.4,104.12 1 61
github.com/provide-io/flavor/go/flavor/pkg/utils/shellparse/parser.go:108.3,108.62 1 1059
github.com/provide-io/flavor/go/flavor/pkg/utils/shellparse/parser.go:108.62,110.38 1 98
github.com/provide-io/flavor/go/flavor/pkg/utils/shellparse/parser.go:110.38,114.5 3 88
github.com/provide-io/flavor/go/flavor/pkg/utils/shellparse/parser.go:115.4,115.12 1 98
github.com/provide-io/flavor/go/flavor/pkg/utils/shellparse/parser.go:119.3,119.24 1 961
github.com/provide-io/flavor/go/flavor/pkg/utils/shellparse/parser.go:123.2,123.36 1 58
github.com/provide-io/flavor/go/flavor/pkg/utils/shellparse/parser.go:123.36,125.20 2 4
github.com/provide-io/flavor/go/flavor/pkg/utils/shellparse/parser.go:125.20,127.4 1 3
github.com/provide-io/flavor/go/flavor/pkg/utils/shellparse/parser.go:128.3,128.79 1 4
github.com/provide-io/flavor/go/flavor/pkg/utils/shellparse/parser.go:132.2,132.36 1 54
github.com/provide-io/flavor/go/flavor/pkg/utils/shellparse/parser.go:132.36,134.3 1 53
github.com/provide-io/flavor/go/flavor/pkg/utils/shellparse/parser.go:136.2,136.20 1 54
github.com/provide-io/flavor/go/flavor/pkg/utils/shellparse/parser.go:141.39,143.16 2 2
github.com/provide-io/flavor/go/flavor/pkg/utils/shellparse/parser.go:143.16,144.54 1 1
github.com/provide-io/flavor/go/flavor/pkg/utils/shellparse/parser.go:146.2,146.15 1 1
github.com/provide-io/flavor/go/flavor/pkg/utils/shellparse/parser.go:151.33,152.20 1 11
github.com/provide-io/flavor/go/flavor/pkg/utils/shellparse/parser.go:152.20,154.3 1 1
github.com/provide-io/flavor/go/flavor/pkg/utils/shellparse/parser.go:156.2,157.27 2 10
github.com/provide-io/flavor/go/flavor/pkg/utils/shellparse/parser.go:157.27,159.3 1 28
github.com/provide-io/flavor/go/flavor/pkg/utils/shellparse/parser.go:161.2,161.33 1 10
github.com/provide-io/flavor/go/flavor/pkg/utils/shellparse/parser.go:165.31,166.15 1 28
github.com/provide-io/flavor/go/flavor/pkg/utils/shellparse/parser.go:166.15,168.3 1 1
github.com/provide-io/flavor/go/flavor/pkg/utils/shellparse/parser.go:171.2,172.25 2 27
github.com/provide-io/flavor/go/flavor/pkg/utils/shellparse/parser.go:172.25,173.93 1 119
github.com/provide-io/flavor/go/flavor/pkg/utils/shellparse/parser.go:173.93,175.9 2 7
github.com/provide-io/flavor/go/flavor/pkg/utils/shellparse/parser.go:179.2,179.17 1 27
github.com/provide-io/flavor/go/flavor/pkg/utils/shellparse/parser.go:179.17,181.3 1 20
github.com/provide-io/flavor/go/flavor/pkg/utils/shellparse/parser.go:184.2,184.33 1 7
github.com/provide-io/flavor/go/flavor/pkg/utils/shellparse/parser.go:184.33,186.3 1 4
github.com/provide-io/flavor/go/flavor/pkg/utils/shellparse/parser.go:189.2,191.25 3 3
github.com/provide-io/flavor/go/flavor/pkg/utils/shellparse/parser.go:191.25,192.56 1 42
github.com/provide-io/flavor/go/flavor/pkg/utils/shellparse/parser.go:192.56,194.4 1 0
github.com/provide-io/flavor/go/flavor/pkg/utils/shellparse/parser.go:195.3,195.23 1 42
github.com/provide-io/flavor/go/flavor/pkg/utils/shellparse/parser.go:197.2,199.24 2 3
github.com/provide-io/flavor/go/flavor/internal/workenv/validation.go:20.71,25.16 3 6
github.com/provide-io/flavor/go/flavor/internal/workenv/validation.go:25.16,27.3 1 0
github.com/provide-io/flavor/go/flavor/internal/workenv/validation.go:30.2,31.54 2 6
github.com/provide-io/flavor/go/flavor/internal/workenv/validation.go:31.54,33.3 1 1
github.com/provide-io/flavor/go/flavor/internal/workenv/validation.go:36.2,36.68 1 5
github.com/provide-io/flavor/go/flavor/internal/workenv/validation.go:36.68,38.3 1 0
github.com/provide-io/flavor/go/flavor/internal/workenv/validation.go:41.2,41.51 1 5
github.com/provide-io/flavor/go/flavor/internal/workenv/validation.go:41.51,43.3 1 1
github.com/provide-io/flavor/go/flavor/internal/workenv/validation.go:46.2,46.52 1 4
github.com/provide-io/flavor/go/flavor/internal/workenv/validation.go:46.52,48.3 1 1
github.com/provide-io/flavor/go/flavor/internal/workenv/validation.go:51.2,52.36 2 3
github.com/provide-io/flavor/go/flavor/internal/workenv/validation.go:52.36,54.65 2 5
github.com/provide-io/flavor/go/flavor/internal/workenv/validation.go:54.65,56.4 1 1
github.com/provide-io/flavor/go/flavor/internal/workenv/validation.go:59.2,59.13 1 2
github.com/provide-io/flavor/go/flavor/internal/workenv/validation.go:63.77,74.16 4 1
github.com/provide-io/flavor/go/flavor/internal/workenv/validation.go:74.16,76.3 1 0
github.com/provide-io/flavor/go/flavor/internal/workenv/validation.go:78.2,78.45 1 1
github.com/provide-io/flavor/go/flavor/internal/workenv/validation.go:82.55,91.16 4 1
github.com/provide-io/flavor/go/flavor/internal/workenv/validation.go:91.16,93.3 1 0
github.com/provide-io/flavor/go/flavor/internal/workenv/validation.go:96.2,98.45 2 1
github.com/provide-io/flavor/go/flavor/internal/workenv/validation.go:102.31,116.2 4 1
github.com/provide-io/flavor/go/flavor/internal/workenv/workenv.go:14.67,17.20 2 3
github.com/provide-io/flavor/go/flavor/internal/workenv/workenv.go:17.20,19.25 1 2
github.com/provide-io/flavor/go/flavor/internal/workenv/workenv.go:19.25,21.4 1 1
github.com/provide-io/flavor/go/flavor/internal/workenv/workenv.go:21.9,23.4 1 1
github.com/provide-io/flavor/go/flavor/internal/workenv/workenv.go:24.8,30.3 4 1
github.com/provide-io/flavor/go/flavor/internal/workenv/workenv.go:32.2,32.50 1 3
github.com/provide-io/flavor/go/flavor/internal/workenv/workenv.go:36.28,38.63 1 7
github.com/provide-io/flavor/go/flavor/internal/workenv/workenv.go:38.63,40.3 1 4
github.com/provide-io/flavor/go/flavor/internal/workenv/workenv.go:43.2,43.22 1 3
github.com/provide-io/flavor/go/flavor/internal/workenv/workenv.go:44.16,45.44 1 3
github.com/provide-io/flavor/go/flavor/internal/workenv/workenv.go:45.44,47.4 1 2
github.com/provide-io/flavor/go/flavor/internal/workenv/workenv.go:48.15,49.62 1 0
github.com/provide-io/flavor/go/flavor/internal/workenv/workenv.go:49.62,51.4 1 0
github.com/provide-io/flavor/go/flavor/internal/workenv/workenv.go:52.3,52.44 1 0
github.com/provide-io/flavor/go/flavor/internal/workenv/workenv.go:52.44,54.4 1 0
github.com/provide-io/flavor/go/flavor/internal/workenv/workenv.go:55.17,56.68 1 0
github.com/provide-io/flavor/go/flavor/internal/workenv/workenv.go:56.68,58.4 1 0
github.com/provide-io/flavor/go/flavor/internal/workenv/workenv.go:62.2,62.55 1 1
github.com/provide-io/flavor/go/flavor/internal/workenv/workenv.go:68.29,69.66 1 4
github.com/provide-io/flavor/go/flavor/internal/workenv/workenv.go:69.66,71.3 1 1
github.com/provide-io/flavor/go/flavor/internal/workenv/workenv.go:72.2,72.64 1 3
github.com/provide-io/flavor/go/flavor/internal/workenv/workenv.go:72.64,74.3 1 1
github.com/provide-io/flavor/go/flavor/internal/workenv/workenv.go:75.2,75.22 1 2
github.com/provide-io/flavor/go/flavor/internal/workenv/workenv.go:76.17,77.53 1 0
github.com/provide-io/flavor/go/flavor/internal/workenv/workenv.go:77.53,79.4 1 0
github.com/provide-io/flavor/go/flavor/internal/workenv/workenv.go:80.10,81.44 1 2
github.com/provide-io/flavor/go/flavor/internal/workenv/workenv.go:81.44,83.4 1 1
github.com/provide-io/flavor/go/flavor/internal/workenv/workenv.go:85.2,85.56 1 1
github.com/provide-io/flavor/go/flavor/internal/workenv/workenv.go:91.35,92.31 1 1
github.com/provide-io/flavor/go/flavor/internal/workenv/workenv.go:92.31,93.65 1 0
github.com/provide-io/flavor/go/flavor/internal/workenv/workenv.go:93.65,95.4 1 0
github.com/provide-io/flavor/go/flavor/internal/workenv/workenv.go:96.3,96.52 1 0
github.com/provide-io/flavor/go/flavor/internal/workenv/workenv.go:98.2,98.22 1 1
github.com/provide-io/flavor/go/flavor/internal/workenv/workenv.go:102.61,104.48 1 1
github.com/provide-io/flavor/go/flavor/internal/workenv/workenv.go:104.48,106.3 1 0
github.com/provide-io/flavor/go/flavor/internal/workenv/workenv.go:109.2,109.27 1 1
github.com/provide-io/flavor/go/flavor/internal/workenv/workenv.go:109.27,112.16 3 2
github.com/provide-io/flavor/go/flavor/internal/workenv/workenv.go:112.16,114.4 1 1
github.com/provide-io/flavor/go/flavor/internal/workenv/workenv.go:116.3,116.65 1 2
github.com/provide-io/flavor/go/flavor/internal/workenv/workenv.go:116.65,118.4 1 0
github.com/provide-io/flavor/go/flavor/internal/workenv/workenv.go:121.2,121.12 1 1
github.com/provide-io/flavor/go/flavor/cmd/flavor-go-launcher/main.go:13.13,15.15 1 1
github.com/provide-io/flavor/go/flavor/cmd/flavor-go-launcher/main.go:15.15,16.31 1 0
github.com/provide-io/flavor/go/flavor/cmd/flavor-go-launcher/main.go:16.31,20.4 3 0
github.com/provide-io/flavor/go/flavor/cmd/flavor-go-launcher/main.go:23.2,24.16 2 1
github.com/provide-io/flavor/go/flavor/cmd/flavor-go-launcher/main.go:24.16,27.3 2 1
github.com/provide-io/flavor/go/flavor/cmd/flavor-go-launcher/main.go:32.2,32.62 1 0
github.com/provide-io/flavor/go/flavor/cmd/flavor-go-builder/main.go:28.35,30.43 1 2
github.com/provide-io/flavor/go/flavor/cmd/flavor-go-builder/main.go:30.43,31.41 1 2
github.com/provide-io/flavor/go/flavor/cmd/flavor-go-builder/main.go:31.41,32.33 1 24
github.com/provide-io/flavor/go/flavor/cmd/flavor-go-builder/main.go:32.33,33.70 1 0
github.com/provide-io/flavor/go/flavor/cmd/flavor-go-builder/main.go:33.70,35.6 1 0
github.com/provide-io/flavor/go/flavor/cmd/flavor-go-builder/main.go:40.2,40.49 1 2
github.com/provide-io/flavor/go/flavor/cmd/flavor-go-builder/main.go:40.49,41.48 1 2
github.com/provide-io/flavor/go/flavor/cmd/flavor-go-builder/main.go:41.48,43.4 1 2
github.com/provide-io/flavor/go/flavor/cmd/flavor-go-builder/main.go:45.2,45.46 1 0
github.com/provide-io/flavor/go/flavor/cmd/flavor-go-builder/main.go:48.13,66.61 11 3
github.com/provide-io/flavor/go/flavor/cmd/flavor-go-builder/main.go:66.61,67.13 1 0
github.com/provide-io/flavor/go/flavor/cmd/flavor-go-builder/main.go:69.2,69.59 1 3
github.com/provide-io/flavor/go/flavor/cmd/flavor-go-builder/main.go:69.59,70.13 1 0
github.com/provide-io/flavor/go/flavor/cmd/flavor-go-builder/main.go:74.13,76.75 1 1
github.com/provide-io/flavor/go/flavor/cmd/flavor-go-builder/main.go:76.75,80.3 3 1
github.com/provide-io/flavor/go/flavor/cmd/flavor-go-builder/main.go:82.2,82.42 1 0
github.com/provide-io/flavor/go/flavor/cmd/flavor-go-builder/main.go:82.42,85.3 2 0
github.com/provide-io/flavor/go/flavor/cmd/flavor-go-builder/main.go:88.53,89.17 1 1
github.com/provide-io/flavor/go/flavor/cmd/flavor-go-builder/main.go:89.17,93.3 3 1
github.com/provide-io/flavor/go/flavor/cmd/flavor-go-builder/main.go:95.2,95.23 1 0
github.com/provide-io/flavor/go/flavor/cmd/flavor-go-builder/main.go:95.23,97.3 1 0
github.com/provide-io/flavor/go/flavor/cmd/flavor-go-builder/main.go:98.2,98.119 1 0
github.com/provide-io/flavor/go/flavor/pkg/psp/format_2025/builder.go:32.123,37.23 3 8
github.com/provide-io/flavor/go/flavor/pkg/psp/format_2025/builder.go:37.23,40.3 2 1
github.com/provide-io/flavor/go/flavor/pkg/psp/format_2025/builder.go:40.8,40.70 1 7
github.com/provide-io/flavor/go/flavor/pkg/psp/format_2025/builder.go:40.70,43.3 2 0
github.com/provide-io/flavor/go/flavor/pkg/psp/format_2025/builder.go:43.8,43.63 1 7
github.com/provide-io/flavor/go/flavor/pkg/psp/format_2025/builder.go:43.63,46.3 2 0
github.com/provide-io/flavor/go/flavor/pkg/psp/format_2025/builder.go:46.8,49.3 2 7
github.com/provide-io/flavor/go/flavor/pkg/psp/format_2025/builder.go:52.2,54.41 3 8
github.com/provide-io/flavor/go/flavor/pkg/psp/format_2025/builder.go:54.41,57.21 3 1
github.com/provide-io/flavor/go/flavor/pkg/psp/format_2025/builder.go:57.21,59.4 1 1
github.com/provide-io/flavor/go/flavor/pkg/psp/format_2025/builder.go:59.9,61.4 1 0
github.com/provide-io/flavor/go/flavor/pkg/psp/format_2025/builder.go:65.2,68.53 2 8
github.com/provide-io/flavor/go/flavor/pkg/psp/format_2025/builder.go:68.53,69.119 1 0
github.com/provide-io/flavor/go/flavor/pkg/psp/format_2025/builder.go:69.119,71.4 1 0
github.com/provide-io/flavor/go/flavor/pkg/psp/format_2025/builder.go:75.2,75.17 1 8
github.com/provide-io/flavor/go/flavor/pkg/psp/format_2025/builder.go:75.17,77.3 1 7
github.com/provide-io/flavor/go/flavor/pkg/psp/format_2025/builder.go:79.2,85.28 1 8
github.com/provide-io/flavor/go/flavor/pkg/psp/format_2025/builder.go:85.28,87.4 1 41
github.com/provide-io/flavor/go/flavor/pkg/psp/format_2025/builder.go:91.2,96.98 4 8
github.com/provide-io/flavor/go/flavor/pkg/psp/format_2025/builder.go:100.109,102.2 1 7
github.com/provide-io/flavor/go/flavor/pkg/psp/format_2025/builder.go:107.121,111.16 2 6
github.com/provide-io/flavor/go/flavor/pkg/psp/format_2025/builder.go:111.16,114.3 2 0
github.com/provide-io/flavor/go/flavor/pkg/psp/format_2025/builder.go:116.2,117.62 2 6
github.com/provide-io/flavor/go/flavor/pkg/psp/format_2025/builder.go:117.62,120.3 2 0
github.com/provide-io/flavor/go/flavor/pkg/psp/format_2025/builder.go:124.2,125.24 2 6
github.com/provide-io/flavor/go/flavor/pkg/psp/format_2025/builder.go:125.24,127.3 1 0
github.com/provide-io/flavor/go/flavor/pkg/psp/format_2025/builder.go:128.2,128.24 1 6
github.com/provide-io/flavor/go/flavor/pkg/psp/format_2025/builder.go:128.24,131.3 2 0
github.com/provide-io/flavor/go/flavor/pkg/psp/format_2025/builder.go:132.2,137.16 4 6
github.com/provide-io/flavor/go/flavor/pkg/psp/format_2025/builder.go:137.16,139.3 1 0
github.com/provide-io/flavor/go/flavor/pkg/psp/format_2025/builder.go:139.8,142.3 2 6
github.com/provide-io/flavor/go/flavor/pkg/psp/format_2025/builder.go:144.2,146.16 3 6
github.com/provide-io/flavor/go/flavor/pkg/psp/format_2025/builder.go:146.16,149.3 2 0
github.com/provide-io/flavor/go/flavor/pkg/psp/format_2025/builder.go:150.2,154.16 3 6
github.com/provide-io/flavor/go/flavor/pkg/psp/format_2025/builder.go:154.16,157.3 2 0
github.com/provide-io/flavor/go/flavor/pkg/psp/format_2025/builder.go:158.2,163.70 4 6
github.com/provide-io/flavor/go/flavor/pkg/psp/format_2025/builder.go:163.70,166.3 2 0
github.com/provide-io/flavor/go/flavor/pkg/psp/format_2025/builder.go:169.2,171.16 3 6
github.com/provide-io/flavor/go/flavor/pkg/psp/format_2025/builder.go:171.16,174.3 2 0
github.com/provide-io/flavor/go/flavor/pkg/psp/format_2025/builder.go:179.2,180.51 2 6
github.com/provide-io/flavor/go/flavor/pkg/psp/format_2025/builder.go:180.51,183.3 2 0
github.com/provide-io/flavor/go/flavor/pkg/psp/format_2025/builder.go:184.2,198.26 7 6
github.com/provide-io/flavor/go/flavor/pkg/psp/format_2025/builder.go:198.26,202.17 3 0
github.com/provide-io/flavor/go/flavor/pkg/psp/format_2025/builder.go:202.17,205.4 2 0
github.com/provide-io/flavor/go/flavor/pkg/psp/format_2025/builder.go:206.3,206.42 1 0
github.com/provide-io/flavor/go/flavor/pkg/psp/format_2025/builder.go:207.8,207.26 1 6
github.com/provide-io/flavor/go/flavor/pkg/psp/format_2025/builder.go:207.26,213.23 3 0
github.com/provide-io/flavor/go/flavor/pkg/psp/format_2025/builder.go:213.23,215.24 2 0
github.com/provide-io/flavor/go/flavor/pkg/psp/format_2025/builder.go:215.24,218.5 2 0
github.com/provide-io/flavor/go/flavor/pkg/psp/format_2025/builder.go:221.3,224.96 4 0
github.com/provide-io/flavor/go/flavor/pkg/psp/format_2025/builder.go:225.8,229.17 3 6
github.com/provide-io/flavor/go/flavor/pkg/psp/format_2025/builder.go:229.17,232.4 2 0
github.com/provide-io/flavor/go/flavor/pkg/psp/format_2025/builder.go:233.3,233.51 1 6
github.com/provide-io/flavor/go/flavor/pkg/psp/format_2025/builder.go:235.2,242.64 4 6
github.com/provide-io/flavor/go/flavor/pkg/psp/format_2025/builder.go:242.64,243.70 1 0
github.com/provide-io/flavor/go/flavor/pkg/psp/format_2025/builder.go:243.70,245.4 1 0
github.com/provide-io/flavor/go/flavor/pkg/psp/format_2025/builder.go:245.9,247.4 1 0
github.com/provide-io/flavor/go/flavor/pkg/psp/format_2025/builder.go:248.3,248.65 1 0
github.com/provide-io/flavor/go/flavor/pkg/psp/format_2025/builder.go:249.8,252.17 3 6
github.com/provide-io/flavor/go/flavor/pkg/psp/format_2025/builder.go:252.17,255.4 2 0
github.com/provide-io/flavor/go/flavor/pkg/psp/format_2025/builder.go:255.9,257.4 1 6
github.com/provide-io/flavor/go/flavor/pkg/psp/format_2025/builder.go:261.2,262.35 2 6
github.com/provide-io/flavor/go/flavor/pkg/psp/format_2025/builder.go:262.35,267.3 1 0
github.com/provide-io/flavor/go/flavor/pkg/psp/format_2025/builder.go:270.2,271.27 2 6
github.com/provide-io/flavor/go/flavor/pkg/psp/format_2025/builder.go:271.27,275.3 1 0
github.com/provide-io/flavor/go/flavor/pkg/psp/format_2025/builder.go:277.2,314.53 3 6
github.com/provide-io/flavor/go/flavor/pkg/psp/format_2025/builder.go:314.53,317.3 2 0
github.com/provide-io/flavor/go/flavor/pkg/psp/format_2025/builder.go:320.2,329.16 6 6
github.com/provide-io/flavor/go/flavor/pkg/psp/format_2025/builder.go:329.16,332.3 2 0
github.com/provide-io/flavor/go/flavor/pkg/psp/format_2025/builder.go:333.2,335.16 3 6
github.com/provide-io/flavor/go/flavor/pkg/psp/format_2025/builder.go:335.16,338.3 2 0
github.com/provide-io/flavor/go/flavor/pkg/psp/format_2025/builder.go:339.2,342.16 3 6
github.com/provide-io/flavor/go/flavor/pkg/psp/format_2025/builder.go:342.16,345.3 2 0
github.com/provide-io/flavor/go/flavor/pkg/psp/format_2025/builder.go:346.2,347.16 2 6
github.com/provide-io/flavor/go/flavor/pkg/psp/format_2025/builder.go:347.16,350.3 2 0
github.com/provide-io/flavor/go/flavor/pkg/psp/format_2025/builder.go:353.2,354.16 2 6
github.com/provide-io/flavor/go/flavor/pkg/psp/format_2025/builder.go:354.16,357.3 2 0
github.com/provide-io/flavor/go/flavor/pkg/psp/format_2025/builder.go:358.2,359.56 2 6
github.com/provide-io/flavor/go/flavor/pkg/psp/format_2025/builder.go:359.56,362.3 2 0
github.com/provide-io/flavor/go/flavor/pkg/psp/format_2025/builder.go:364.2,365.16 2 6
github.com/provide-io/flavor/go/flavor/pkg/psp/format_2025/builder.go:365.16,368.3 2 0
github.com/provide-io/flavor/go/flavor/pkg/psp/format_2025/builder.go:369.2,370.16 2 6
github.com/provide-io/flavor/go/flavor/pkg/psp/format_2025/builder.go:370.16,373.3 2 0
github.com/provide-io/flavor/go/flavor/pkg/psp/format_2025/builder.go:374.2,375.16 2 6
github.com/provide-io/flavor/go/flavor/pkg/psp/format_2025/builder.go:375.16,378.3 2 0
github.com/provide-io/flavor/go/flavor/pkg/psp/format_2025/builder.go:379.2,380.16 2 6
github.com/provide-io/flavor/go/flavor/pkg/psp/format_2025/builder.go:380.16,383.3 2 0
github.com/provide-io/flavor/go/flavor/pkg/psp/format_2025/builder.go:386.2,387.16 2 6
github.com/provide-io/flavor/go/flavor/pkg/psp/format_2025/builder.go:387.16,390.3 2 0
github.com/provide-io/flavor/go/flavor/pkg/psp/format_2025/builder.go:391.2,391.75 1 6
github.com/provide-io/flavor/go/flavor/pkg/psp/format_2025/builder.go:391.75,394.3 2 0
github.com/provide-io/flavor/go/flavor/pkg/psp/format_2025/builder.go:397.2,397.45 1 6
github.com/provide-io/flavor/go/flavor/pkg/psp/format_2025/builder.go:397.45,399.27 1 0
github.com/provide-io/flavor/go/flavor/pkg/psp/format_2025/builder.go:399.27,402.12 3 0
github.com/provide-io/flavor/go/flavor/pkg/psp/format_2025/builder.go:406.3,407.17 2 0
github.com/provide-io/flavor/go/flavor/pkg/psp/format_2025/builder.go:407.17,410.4 2 0
github.com/provide-io/flavor/go/flavor/pkg/psp/format_2025/builder.go:411.3,412.30 2 0
github.com/provide-io/flavor/go/flavor/pkg/psp/format_2025/builder.go:412.30,414.48 2 0
github.com/provide-io/flavor/go/flavor/pkg/psp/format_2025/builder.go:414.48,417.5 2 0
github.com/provide-io/flavor/go/flavor/pkg/psp/format_2025/builder.go:421.3,423.17 3 0
github.com/provide-io/flavor/go/flavor/pkg/psp/format_2025/builder.go:423.17,426.4 2 0
github.com/provide-io/flavor/go/flavor/pkg/psp/format_2025/builder.go:427.3,429.50 3 0
github.com/provide-io/flavor/go/flavor/pkg/psp/format_2025/builder.go:429.50,432.4 2 0
github.com/provide-io/flavor/go/flavor/pkg/psp/format_2025/builder.go:436.2,437.16 2 6
github.com/provide-io/flavor/go/flavor/pkg/psp/format_2025/builder.go:437.16,440.3 2 0
github.com/provide-io/flavor/go/flavor/pkg/psp/format_2025/builder.go:441.2,441.56 1 6
github.com/provide-io/flavor/go/flavor/pkg/psp/format_2025/builder.go:441.56,444.3 2 0
github.com/provide-io/flavor/go/flavor/pkg/psp/format_2025/builder.go:447.2,447.39 1 6
github.com/provide-io/flavor/go/flavor/pkg/psp/format_2025/builder.go:447.39,448.70 1 0
github.com/provide-io/flavor/go/flavor/pkg/psp/format_2025/builder.go:448.70,451.4 2 0
github.com/provide-io/flavor/go/flavor/pkg/psp/format_2025/builder.go:455.2,455.51 1 6
github.com/provide-io/flavor/go/flavor/pkg/psp/format_2025/builder.go:455.51,458.3 2 0
github.com/provide-io/flavor/go/flavor/pkg/psp/format_2025/builder.go:461.2,466.16 3 6
github.com/provide-io/flavor/go/flavor/pkg/psp/format_2025/builder.go:466.16,469.3 2 0
github.com/provide-io/flavor/go/flavor/pkg/psp/format_2025/builder.go:470.2,470.59 1 6
github.com/provide-io/flavor/go/flavor/pkg/psp/format_2025/builder.go:470.59,473.3 2 0
github.com/provide-io/flavor/go/flavor/pkg/psp/format_2025/builder.go:474.2,475.52 2 6
github.com/provide-io/flavor/go/flavor/pkg/psp/format_2025/builder.go:475.52,478.3 2 0
github.com/provide-io/flavor/go/flavor/pkg/psp/format_2025/builder.go:479.2,479.49 1 6
github.com/provide-io/flavor/go/flavor/pkg/psp/format_2025/builder.go:479.49,482.3 2 0
github.com/provide-io/flavor/go/flavor/pkg/psp/format_2025/builder.go:485.2,491.16 4 6
github.com/provide-io/flavor/go/flavor/pkg/psp/format_2025/builder.go:491.16,494.3 2 0
github.com/provide-io/flavor/go/flavor/pkg/psp/format_2025/builder.go:495.2,496.16 2 6
github.com/provide-io/flavor/go/flavor/pkg/psp/format_2025/builder.go:496.16,499.3 2 0
github.com/provide-io/flavor/go/flavor/pkg/psp/format_2025/builder.go:500.2,501.16 2 6
github.com/provide-io/flavor/go/flavor/pkg/psp/format_2025/builder.go:501.16,504.3 2 0
github.com/provide-io/flavor/go/flavor/pkg/psp/format_2025/builder.go:507.2,518.56 7 6
github.com/provide-io/flavor/go/flavor/pkg/psp/format_2025/builder.go:518.56,521.3 2 0
github.com/provide-io/flavor/go/flavor/pkg/psp/format_2025/builder.go:524.2,524.51 1 6
github.com/provide-io/flavor/go/flavor/pkg/psp/format_2025/builder.go:524.51,527.3 2 0
github.com/provide-io/flavor/go/flavor/pkg/psp/format_2025/builder.go:530.2,530.58 1 6
github.com/provide-io/flavor/go/flavor/pkg/psp/format_2025/builder.go:530.58,533.3 2 0
github.com/provide-io/flavor/go/flavor/pkg/psp/format_2025/builder.go:535.2,548.75 3 6
github.com/provide-io/flavor/go/flavor/pkg/psp/format_2025/builder.go:548.75,551.3 2 0
github.com/provide-io/flavor/go/flavor/pkg/psp/format_2025/builder.go:552.2,557.36 2 6
github.com/provide-io/flavor/go/flavor/pkg/psp/format_2025/builder.go:557.36,560.3 2 0
github.com/provide-io/flavor/go/flavor/pkg/psp/format_2025/builder.go:561.2,566.54 2 6
github.com/provide-io/flavor/go/flavor/pkg/psp/format_2025/builder.go:566.54,569.86 2 0
github.com/provide-io/flavor/go/flavor/pkg/psp/format_2025/builder.go:569.86,572.4 2 0
github.com/provide-io/flavor/go/flavor/pkg/psp/format_2025/builder.go:574.3,574.63 1 0
github.com/provide-io/flavor/go/flavor/pkg/psp/format_2025/builder.go:583.80,585.2 1 7
github.com/provide-io/flavor/go/flavor/pkg/psp/format_2025/builder.go:587.98,589.2 1 10
github.com/provide-io/flavor/go/flavor/pkg/psp/format_2025/builder.go:591.97,593.23 1 10
github.com/provide-io/flavor/go/flavor/pkg/psp/format_2025/builder.go:593.23,596.3 2 8
github.com/provide-io/flavor/go/flavor/pkg/psp/format_2025/builder.go:598.2,601.26 2 2
github.com/provide-io/flavor/go/flavor/pkg/psp/format_2025/builder.go:601.26,604.3 2 1
github.com/provide-io/flavor/go/flavor/pkg/psp/format_2025/builder.go:606.2,607.14 2 1
github.com/provide-io/flavor/go/flavor/pkg/psp/format_2025/builder.go:615.98,616.45 1 6
github.com/provide-io/flavor/go/flavor/pkg/psp/format_2025/builder.go:616.45,618.3 1 1
github.com/provide-io/flavor/go/flavor/pkg/psp/format_2025/builder.go:620.2,626.50 5 5
github.com/provide-io/flavor/go/flavor/pkg/psp/format_2025/builder.go:626.50,628.3 1 1
github.com/provide-io/flavor/go/flavor/pkg/psp/format_2025/builder.go:629.2,629.69 1 4
github.com/provide-io/flavor/go/flavor/pkg/psp/format_2025/builder.go:629.69,631.3 1 0
github.com/provide-io/flavor/go/flavor/pkg/psp/format_2025/builder.go:633.2,634.63 2 4
github.com/provide-io/flavor/go/flavor/pkg/psp/format_2025/builder.go:634.63,636.3 1 0
github.com/provide-io/flavor/go/flavor/pkg/psp/format_2025/builder.go:638.2,645.16 3 4
github.com/provide-io/flavor/go/flavor/pkg/psp/format_2025/builder.go:645.16,647.3 1 0
github.com/provide-io/flavor/go/flavor/pkg/psp/format_2025/builder.go:648.2,648.36 1 4
github.com/provide-io/flavor/go/flavor/pkg/psp/format_2025/builder.go:648.36,650.3 1 1
github.com/provide-io/flavor/go/flavor/pkg/psp/format_2025/builder.go:651.2,652.16 2 3
github.com/provide-io/flavor/go/flavor/pkg/psp/format_2025/builder.go:652.16,654.3 1 0
github.com/provide-io/flavor/go/flavor/pkg/psp/format_2025/builder.go:655.2,656.44 2 3
github.com/provide-io/flavor/go/flavor/pkg/psp/format_2025/builder.go:656.44,658.78 2 3
github.com/provide-io/flavor/go/flavor/pkg/psp/format_2025/builder.go:658.78,660.4 1 0
github.com/provide-io/flavor/go/flavor/pkg/psp/format_2025/builder.go:661.3,662.17 2 3
github.com/provide-io/flavor/go/flavor/pkg/psp/format_2025/builder.go:662.17,664.4 1 0
github.com/provide-io/flavor/go/flavor/pkg/psp/format_2025/builder.go:665.3,665.22 1 3
github.com/provide-io/flavor/go/flavor/pkg/psp/format_2025/builder.go:665.22,667.18 2 3
github.com/provide-io/flavor/go/flavor/pkg/psp/format_2025/builder.go:667.18,669.5 1 0
github.com/provide-io/flavor/go/flavor/pkg/psp/format_2025/builder.go:671.3,671.38 1 3
github.com/provide-io/flavor/go/flavor/pkg/psp/format_2025/builder.go:675.2,676.16 2 3
github.com/provide-io/flavor/go/flavor/pkg/psp/format_2025/builder.go:676.16,678.3 1 0
github.com/provide-io/flavor/go/flavor/pkg/psp/format_2025/builder.go:679.2,680.16 2 3
github.com/provide-io/flavor/go/flavor/pkg/psp/format_2025/builder.go:680.16,682.3 1 0
github.com/provide-io/flavor/go/flavor/pkg/psp/format_2025/builder.go:683.2,684.16 2 3
github.com/provide-io/flavor/go/flavor/pkg/psp/format_2025/builder.go:684.16,686.3 1 0
github.com/provide-io/flavor/go/flavor/pkg/psp/format_2025/builder.go:687.2,694.18 4 3
github.com/provide-io/flavor/go/flavor/pkg/psp/format_2025/builder.go:701.97,706.16 3 2
github.com/provide-io/flavor/go/flavor/pkg/psp/format_2025/builder.go:706.16,708.3 1 0
github.com/provide-io/flavor/go/flavor/pkg/psp/format_2025/builder.go:710.2,714.31 3 2
github.com/provide-io/flavor/go/flavor/pkg/psp/format_2025/builder.go:714.31,716.3 1 1
github.com/provide-io/flavor/go/flavor/pkg/psp/format_2025/builder.go:718.2,724.16 4 1
github.com/provide-io/flavor/go/flavor/pkg/psp/format_2025/builder.go:724.16,726.3 1 0
github.com/provide-io/flavor/go/flavor/pkg/psp/format_2025/builder.go:730.2,737.16 6 1
github.com/provide-io/flavor/go/flavor/pkg/psp/format_2025/builder.go:737.16,739.3 1 0
github.com/provide-io/flavor/go/flavor/pkg/psp/format_2025/builder.go:740.2,740.63 1 1
github.com/provide-io/flavor/go/flavor/pkg/psp/format_2025/builder.go:740.63,741.52 1 0
github.com/provide-io/flavor/go/flavor/pkg/psp/format_2025/builder.go:741.52,743.4 1 0
github.com/provide-io/flavor/go/flavor/pkg/psp/format_2025/builder.go:744.3,744.58 1 0
github.com/provide-io/flavor/go/flavor/pkg/psp/format_2025/builder.go:746.2,746.41 1 1
github.com/provide-io/flavor/go/flavor/pkg/psp/format_2025/builder.go:746.41,748.3 1 0
github.com/provide-io/flavor/go/flavor/pkg/psp/format_2025/builder.go:751.2,752.15 2 1
github.com/provide-io/flavor/go/flavor/pkg/psp/format_2025/builder.go:752.15,753.22 1 1
github.com/provide-io/flavor/go/flavor/pkg/psp/format_2025/builder.go:753.22,754.47 1 0
github.com/provide-io/flavor/go/flavor/pkg/psp/format_2025/builder.go:754.47,756.5 1 0
github.com/provide-io/flavor/go/flavor/pkg/psp/format_2025/builder.go:756.10,758.5 1 0
github.com/provide-io/flavor/go/flavor/pkg/psp/format_2025/builder.go:763.2,764.21 2 1
github.com/provide-io/flavor/go/flavor/pkg/psp/format_2025/builder.go:764.21,766.3 1 0
github.com/provide-io/flavor/go/flavor/pkg/psp/format_2025/builder.go:769.2,770.21 2 1
github.com/provide-io/flavor/go/flavor/pkg/psp/format_2025/builder.go:770.21,772.3 1 0
github.com/provide-io/flavor/go/flavor/pkg/psp/format_2025/builder.go:774.2,778.16 3 1
github.com/provide-io/flavor/go/flavor/pkg/psp/format_2025/builder.go:778.16,780.3 1 0
github.com/provide-io/flavor/go/flavor/pkg/psp/format_2025/builder.go:780.8,786.3 1 1
github.com/provide-io/flavor/go/flavor/pkg/psp/format_2025/builder.go:788.2,788.12 1 1
github.com/provide-io/flavor/go/flavor/pkg/psp/format_2025/builder.go:792.46,794.16 2 2
github.com/provide-io/flavor/go/flavor/pkg/psp/format_2025/builder.go:794.16,796.3 1 0
github.com/provide-io/flavor/go/flavor/pkg/psp/format_2025/builder.go:797.2,797.25 1 2
github.com/provide-io/flavor/go/flavor/pkg/psp/format_2025/builder.go:800.70,801.15 1 23
github.com/provide-io/flavor/go/flavor/pkg/psp/format_2025/builder.go:801.15,803.3 1 1
github.com/provide-io/flavor/go/flavor/pkg/psp/format_2025/builder.go:804.2,804.27 1 22
github.com/provide-io/flavor/go/flavor/pkg/psp/format_2025/builder.go:807.66,808.41 1 8
github.com/provide-io/flavor/go/flavor/pkg/psp/format_2025/builder.go:808.41,810.3 1 1
github.com/provide-io/flavor/go/flavor/pkg/psp/format_2025/builder.go:811.2,811.27 1 7
github.com/provide-io/flavor/go/flavor/pkg/psp/format_2025/builder.go:814.74,815.34 1 8
github.com/provide-io/flavor/go/flavor/pkg/psp/format_2025/builder.go:815.34,817.3 1 1
github.com/provide-io/flavor/go/flavor/pkg/psp/format_2025/builder.go:818.2,818.27 1 7
github.com/provide-io/flavor/go/flavor/pkg/psp/format_2025/builder.go:821.82,822.22 1 11
github.com/provide-io/flavor/go/flavor/pkg/psp/format_2025/builder.go:822.22,824.3 1 1
github.com/provide-io/flavor/go/flavor/pkg/psp/format_2025/builder.go:825.2,825.30 1 10
github.com/provide-io/flavor/go/flavor/pkg/psp/format_2025/builder.go:828.84,829.58 1 8
github.com/provide-io/flavor/go/flavor/pkg/psp/format_2025/builder.go:829.58,831.3 1 1
github.com/provide-io/flavor/go/flavor/pkg/psp/format_2025/builder.go:832.2,832.32 1 7
github.com/provide-io/flavor/go/flavor/pkg/psp/format_2025/builder_unix.go:15.76,20.56 2 1
github.com/provide-io/flavor/go/flavor/pkg/psp/format_2025/builder_unix.go:20.56,22.3 1 0
github.com/provide-io/flavor/go/flavor/pkg/psp/format_2025/builder_unix.go:24.2,28.12 2 1
github.com/provide-io/flavor/go/flavor/pkg/psp/format_2025/crypto.go:15.104,18.16 2 7
github.com/provide-io/flavor/go/flavor/pkg/psp/format_2025/crypto.go:18.16,20.3 1 0
github.com/provide-io/flavor/go/flavor/pkg/psp/format_2025/crypto.go:23.2,28.50 4 7
github.com/provide-io/flavor/go/flavor/pkg/psp/format_2025/crypto.go:28.50,30.3 1 0
github.com/provide-io/flavor/go/flavor/pkg/psp/format_2025/crypto.go:31.2,31.35 1 7
github.com/provide-io/flavor/go/flavor/pkg/psp/format_2025/crypto.go:31.35,33.3 1 0
github.com/provide-io/flavor/go/flavor/pkg/psp/format_2025/crypto.go:36.2,37.26 2 7
github.com/provide-io/flavor/go/flavor/pkg/psp/format_2025/crypto.go:41.109,44.16 2 2
github.com/provide-io/flavor/go/flavor/pkg/psp/format_2025/crypto.go:44.16,46.3 1 0
github.com/provide-io/flavor/go/flavor/pkg/psp/format_2025/crypto.go:48.2,49.18 2 2
github.com/provide-io/flavor/go/flavor/pkg/psp/format_2025/crypto.go:49.18,51.3 1 0
github.com/provide-io/flavor/go/flavor/pkg/psp/format_2025/crypto.go:53.2,56.68 2 2
github.com/provide-io/flavor/go/flavor/pkg/psp/format_2025/crypto.go:56.68,59.10 3 2
github.com/provide-io/flavor/go/flavor/pkg/psp/format_2025/crypto.go:59.10,61.4 1 0
github.com/provide-io/flavor/go/flavor/pkg/psp/format_2025/crypto.go:62.8,62.55 1 0
github.com/provide-io/flavor/go/flavor/pkg/psp/format_2025/crypto.go:62.55,65.3 1 0
github.com/provide-io/flavor/go/flavor/pkg/psp/format_2025/crypto.go:65.8,67.3 1 0
github.com/provide-io/flavor/go/flavor/pkg/psp/format_2025/crypto.go:70.2,71.25 2 2
github.com/provide-io/flavor/go/flavor/pkg/psp/format_2025/crypto.go:71.25,74.17 2 1
github.com/provide-io/flavor/go/flavor/pkg/psp/format_2025/crypto.go:74.17,76.4 1 0
github.com/provide-io/flavor/go/flavor/pkg/psp/format_2025/crypto.go:78.3,79.19 2 1
github.com/provide-io/flavor/go/flavor/pkg/psp/format_2025/crypto.go:79.19,81.4 1 0
github.com/provide-io/flavor/go/flavor/pkg/psp/format_2025/crypto.go:84.3,84.67 1 1
github.com/provide-io/flavor/go/flavor/pkg/psp/format_2025/crypto.go:84.67,87.11 3 1
github.com/provide-io/flavor/go/flavor/pkg/psp/format_2025/crypto.go:87.11,89.5 1 0
github.com/provide-io/flavor/go/flavor/pkg/psp/format_2025/crypto.go:90.9,90.55 1 0
github.com/provide-io/flavor/go/flavor/pkg/psp/format_2025/crypto.go:90.55,93.4 1 0
github.com/provide-io/flavor/go/flavor/pkg/psp/format_2025/crypto.go:93.9,95.4 1 0
github.com/provide-io/flavor/go/flavor/pkg/psp/format_2025/crypto.go:96.8,99.3 1 1
github.com/provide-io/flavor/go/flavor/pkg/psp/format_2025/crypto.go:101.2,101.35 1 2
github.com/provide-io/flavor/go/flavor/pkg/psp/format_2025/diskspace_unix.go:10.56,12.52 2 5
github.com/provide-io/flavor/go/flavor/pkg/psp/format_2025/diskspace_unix.go:12.52,14.3 1 0
github.com/provide-io/flavor/go/flavor/pkg/psp/format_2025/diskspace_unix.go:15.2,16.23 2 5
github.com/provide-io/flavor/go/flavor/pkg/psp/format_2025/execution.go:25.67,26.40 1 1
github.com/provide-io/flavor/go/flavor/pkg/psp/format_2025/execution.go:26.40,28.3 1 0
github.com/provide-io/flavor/go/flavor/pkg/psp/format_2025/execution.go:31.66,32.43 1 1
github.com/provide-io/flavor/go/flavor/pkg/psp/format_2025/execution.go:32.43,34.3 1 0
github.com/provide-io/flavor/go/flavor/pkg/psp/format_2025/execution.go:44.85,49.38 3 18
github.com/provide-io/flavor/go/flavor/pkg/psp/format_2025/execution.go:49.38,56.17 5 0
github.com/provide-io/flavor/go/flavor/pkg/psp/format_2025/execution.go:56.17,59.4 2 0
github.com/provide-io/flavor/go/flavor/pkg/psp/format_2025/execution.go:60.3,65.17 4 0
github.com/provide-io/flavor/go/flavor/pkg/psp/format_2025/execution.go:65.17,68.4 2 0
github.com/provide-io/flavor/go/flavor/pkg/psp/format_2025/execution.go:69.3,75.17 5 0
github.com/provide-io/flavor/go/flavor/pkg/psp/format_2025/execution.go:75.17,81.4 5 0
github.com/provide-io/flavor/go/flavor/pkg/psp/format_2025/execution.go:82.3,84.36 2 0
github.com/provide-io/flavor/go/flavor/pkg/psp/format_2025/execution.go:84.36,89.4 4 0
github.com/provide-io/flavor/go/flavor/pkg/psp/format_2025/execution.go:91.3,92.41 2 0
github.com/provide-io/flavor/go/flavor/pkg/psp/format_2025/execution.go:92.41,97.4 4 0
github.com/provide-io/flavor/go/flavor/pkg/psp/format_2025/execution.go:98.3,103.21 3 0
github.com/provide-io/flavor/go/flavor/pkg/psp/format_2025/execution.go:103.21,105.45 2 0
github.com/provide-io/flavor/go/flavor/pkg/psp/format_2025/execution.go:105.45,107.5 1 0
github.com/provide-io/flavor/go/flavor/pkg/psp/format_2025/execution.go:107.10,109.5 1 0
github.com/provide-io/flavor/go/flavor/pkg/psp/format_2025/execution.go:111.3,111.31 1 0
github.com/provide-io/flavor/go/flavor/pkg/psp/format_2025/execution.go:115.2,117.26 3 18
github.com/provide-io/flavor/go/flavor/pkg/psp/format_2025/execution.go:120.110,123.16 2 7
github.com/provide-io/flavor/go/flavor/pkg/psp/format_2025/execution.go:123.16,126.3 2 0
github.com/provide-io/flavor/go/flavor/pkg/psp/format_2025/execution.go:127.2,127.20 1 7
github.com/provide-io/flavor/go/flavor/pkg/psp/format_2025/execution.go:127.20,129.3 1 0
github.com/provide-io/flavor/go/flavor/pkg/psp/format_2025/execution.go:131.2,132.16 2 7
github.com/provide-io/flavor/go/flavor/pkg/psp/format_2025/execution.go:132.16,135.3 2 0
github.com/provide-io/flavor/go/flavor/pkg/psp/format_2025/execution.go:136.2,136.15 1 7
github.com/provide-io/flavor/go/flavor/pkg/psp/format_2025/execution.go:136.15,137.40 1 7
github.com/provide-io/flavor/go/flavor/pkg/psp/format_2025/execution.go:137.40,139.4 1 0
github.com/provide-io/flavor/go/flavor/pkg/psp/format_2025/execution.go:143.2,144.16 2 7
github.com/provide-io/flavor/go/flavor/pkg/psp/format_2025/execution.go:144.16,147.3 2 0
github.com/provide-io/flavor/go/flavor/pkg/psp/format_2025/execution.go:152.2,153.82 2 7
github.com/provide-io/flavor/go/flavor/pkg/psp/format_2025/execution.go:153.82,155.17 2 0
github.com/provide-io/flavor/go/flavor/pkg/psp/format_2025/execution.go:155.17,157.4 1 0
github.com/provide-io/flavor/go/flavor/pkg/psp/format_2025/execution.go:157.9,157.41 1 0
github.com/provide-io/flavor/go/flavor/pkg/psp/format_2025/execution.go:157.41,163.4 5 0
github.com/provide-io/flavor/go/flavor/pkg/psp/format_2025/execution.go:166.2,168.25 2 7
github.com/provide-io/flavor/go/flavor/pkg/psp/format_2025/execution.go:169.22,172.103 3 6
github.com/provide-io/flavor/go/flavor/pkg/psp/format_2025/execution.go:173.10,176.17 3 1
github.com/provide-io/flavor/go/flavor/pkg/psp/format_2025/execution.go:176.17,177.27 1 0
github.com/provide-io/flavor/go/flavor/pkg/psp/format_2025/execution.go:178.46,181.110 3 0
github.com/provide-io/flavor/go/flavor/pkg/psp/format_2025/execution.go:182.12,184.71 2 0
github.com/provide-io/flavor/go/flavor/pkg/psp/format_2025/execution.go:186.9,186.20 1 1
github.com/provide-io/flavor/go/flavor/pkg/psp/format_2025/execution.go:186.20,187.27 1 0
github.com/provide-io/flavor/go/flavor/pkg/psp/format_2025/execution.go:188.46,192.102 4 0
github.com/provide-io/flavor/go/flavor/pkg/psp/format_2025/execution.go:193.28,197.101 4 0
github.com/provide-io/flavor/go/flavor/pkg/psp/format_2025/execution.go:198.12,200.68 2 0
github.com/provide-io/flavor/go/flavor/pkg/psp/format_2025/execution.go:202.9,204.4 1 1
github.com/provide-io/flavor/go/flavor/pkg/psp/format_2025/execution.go:207.3,208.62 2 1
github.com/provide-io/flavor/go/flavor/pkg/psp/format_2025/execution.go:208.62,209.27 1 0
github.com/provide-io/flavor/go/flavor/pkg/psp/format_2025/execution.go:210.46,213.119 3 0
github.com/provide-io/flavor/go/flavor/pkg/psp/format_2025/execution.go:214.12,216.80 2 0
github.com/provide-io/flavor/go/flavor/pkg/psp/format_2025/execution.go:218.9,220.4 1 1
github.com/provide-io/flavor/go/flavor/pkg/psp/format_2025/execution.go:223.3,224.62 2 1
github.com/provide-io/flavor/go/flavor/pkg/psp/format_2025/execution.go:224.62,225.27 1 0
github.com/provide-io/flavor/go/flavor/pkg/psp/format_2025/execution.go:226.46,229.119 3 0
github.com/provide-io/flavor/go/flavor/pkg/psp/format_2025/execution.go:230.12,232.80 2 0
github.com/provide-io/flavor/go/flavor/pkg/psp/format_2025/execution.go:234.9,236.4 1 1
github.com/provide-io/flavor/go/flavor/pkg/psp/format_2025/execution.go:239.2,240.16 2 7
github.com/provide-io/flavor/go/flavor/pkg/psp/format_2025/execution.go:240.16,243.3 2 0
github.com/provide-io/flavor/go/flavor/pkg/psp/format_2025/execution.go:245.2,251.22 5 7
github.com/provide-io/flavor/go/flavor/pkg/psp/format_2025/execution.go:251.22,254.3 2 0
github.com/provide-io/flavor/go/flavor/pkg/psp/format_2025/execution.go:256.2,257.28 2 7
github.com/provide-io/flavor/go/flavor/pkg/psp/format_2025/execution.go:257.28,259.3 1 0
github.com/provide-io/flavor/go/flavor/pkg/psp/format_2025/execution.go:261.2,264.38 3 7
github.com/provide-io/flavor/go/flavor/pkg/psp/format_2025/execution.go:264.38,265.38 1 6
github.com/provide-io/flavor/go/flavor/pkg/psp/format_2025/execution.go:265.38,267.9 2 0
github.com/provide-io/flavor/go/flavor/pkg/psp/format_2025/execution.go:271.2,271.113 1 7
github.com/provide-io/flavor/go/flavor/pkg/psp/format_2025/execution.go:271.113,274.3 2 0
github.com/provide-io/flavor/go/flavor/pkg/psp/format_2025/execution.go:275.2,279.65 3 7
github.com/provide-io/flavor/go/flavor/pkg/psp/format_2025/execution.go:279.65,285.3 3 0
github.com/provide-io/flavor/go/flavor/pkg/psp/format_2025/execution.go:285.8,289.3 2 7
github.com/provide-io/flavor/go/flavor/pkg/psp/format_2025/execution.go:291.2,296.71 3 7
github.com/provide-io/flavor/go/flavor/pkg/psp/format_2025/execution.go:296.71,299.3 2 0
github.com/provide-io/flavor/go/flavor/pkg/psp/format_2025/execution.go:300.2,303.68 2 7
github.com/provide-io/flavor/go/flavor/pkg/psp/format_2025/execution.go:303.68,304.56 1 1
github.com/provide-io/flavor/go/flavor/pkg/psp/format_2025/execution.go:304.56,310.97 4 2
github.com/provide-io/flavor/go/flavor/pkg/psp/format_2025/execution.go:310.97,312.5 1 0
github.com/provide-io/flavor/go/flavor/pkg/psp/format_2025/execution.go:313.4,314.70 2 2
github.com/provide-io/flavor/go/flavor/pkg/psp/format_2025/execution.go:314.70,317.5 2 0
github.com/provide-io/flavor/go/flavor/pkg/psp/format_2025/execution.go:320.4,320.26 1 2
github.com/provide-io/flavor/go/flavor/pkg/psp/format_2025/execution.go:320.26,323.19 2 2
github.com/provide-io/flavor/go/flavor/pkg/psp/format_2025/execution.go:323.19,324.65 1 2
github.com/provide-io/flavor/go/flavor/pkg/psp/format_2025/execution.go:324.65,326.7 1 0
github.com/provide-io/flavor/go/flavor/pkg/psp/format_2025/execution.go:326.12,328.7 1 2
github.com/provide-io/flavor/go/flavor/pkg/psp/format_2025/execution.go:335.2,338.14 3 7
github.com/provide-io/flavor/go/flavor/pkg/psp/format_2025/execution.go:338.14,341.17 3 5
github.com/provide-io/flavor/go/flavor/pkg/psp/format_2025/execution.go:341.17,344.4 1 0
github.com/provide-io/flavor/go/flavor/pkg/psp/format_2025/execution.go:345.3,346.19 2 5
github.com/provide-io/flavor/go/flavor/pkg/psp/format_2025/execution.go:346.19,348.4 1 2
github.com/provide-io/flavor/go/flavor/pkg/psp/format_2025/execution.go:348.9,350.4 1 3
github.com/provide-io/flavor/go/flavor/pkg/psp/format_2025/execution.go:351.8,353.3 1 2
github.com/provide-io/flavor/go/flavor/pkg/psp/format_2025/execution.go:355.2,357.19 2 7
github.com/provide-io/flavor/go/flavor/pkg/psp/format_2025/execution.go:357.19,359.65 1 5
github.com/provide-io/flavor/go/flavor/pkg/psp/format_2025/execution.go:359.65,361.4 1 0
github.com/provide-io/flavor/go/flavor/pkg/psp/format_2025/execution.go:364.3,365.17 2 5
github.com/provide-io/flavor/go/flavor/pkg/psp/format_2025/execution.go:365.17,368.4 2 0
github.com/provide-io/flavor/go/flavor/pkg/psp/format_2025/execution.go:369.3,369.20 1 5
github.com/provide-io/flavor/go/flavor/pkg/psp/format_2025/execution.go:369.20,372.63 2 0
github.com/provide-io/flavor/go/flavor/pkg/psp/format_2025/execution.go:372.63,374.5 1 0
github.com/provide-io/flavor/go/flavor/pkg/psp/format_2025/execution.go:376.4,377.18 2 0
github.com/provide-io/flavor/go/flavor/pkg/psp/format_2025/execution.go:377.18,379.5 1 0
github.com/provide-io/flavor/go/flavor/pkg/psp/format_2025/execution.go:380.4,380.14 1 0
github.com/provide-io/flavor/go/flavor/pkg/psp/format_2025/execution.go:380.14,382.5 1 0
github.com/provide-io/flavor/go/flavor/pkg/psp/format_2025/execution.go:383.4,383.23 1 0
github.com/provide-io/flavor/go/flavor/pkg/psp/format_2025/execution.go:385.3,389.17 3 5
github.com/provide-io/flavor/go/flavor/pkg/psp/format_2025/execution.go:389.17,391.4 1 0
github.com/provide-io/flavor/go/flavor/pkg/psp/format_2025/execution.go:394.3,394.81 1 5
github.com/provide-io/flavor/go/flavor/pkg/psp/format_2025/execution.go:394.81,396.4 1 0
github.com/provide-io/flavor/go/flavor/pkg/psp/format_2025/execution.go:397.8,399.39 2 2
github.com/provide-io/flavor/go/flavor/pkg/psp/format_2025/execution.go:399.39,401.4 1 2
github.com/provide-io/flavor/go/flavor/pkg/psp/format_2025/execution.go:405.2,405.54 1 7
github.com/provide-io/flavor/go/flavor/pkg/psp/format_2025/execution.go:405.54,408.73 3 1
github.com/provide-io/flavor/go/flavor/pkg/psp/format_2025/execution.go:408.73,411.4 2 0
github.com/provide-io/flavor/go/flavor/pkg/psp/format_2025/execution.go:413.3,413.60 1 1
github.com/provide-io/flavor/go/flavor/pkg/psp/format_2025/execution.go:413.60,418.43 4 4
github.com/provide-io/flavor/go/flavor/pkg/psp/format_2025/execution.go:419.16,420.19 1 1
github.com/provide-io/flavor/go/flavor/pkg/psp/format_2025/execution.go:421.32,429.43 6 2
github.com/provide-io/flavor/go/flavor/pkg/psp/format_2025/execution.go:429.43,430.72 1 1
github.com/provide-io/flavor/go/flavor/pkg/psp/format_2025/execution.go:430.72,437.21 5 1
github.com/provide-io/flavor/go/flavor/pkg/psp/format_2025/execution.go:437.21,439.8 1 0
github.com/provide-io/flavor/go/flavor/pkg/psp/format_2025/execution.go:441.7,442.45 2 1
github.com/provide-io/flavor/go/flavor/pkg/psp/format_2025/execution.go:442.45,445.8 2 1
github.com/provide-io/flavor/go/flavor/pkg/psp/format_2025/execution.go:445.13,447.8 1 0
github.com/provide-io/flavor/go/flavor/pkg/psp/format_2025/execution.go:449.11,449.39 1 1
github.com/provide-io/flavor/go/flavor/pkg/psp/format_2025/execution.go:449.39,462.52 10 1
github.com/provide-io/flavor/go/flavor/pkg/psp/format_2025/execution.go:462.52,464.7 1 1
github.com/provide-io/flavor/go/flavor/pkg/psp/format_2025/execution.go:466.6,466.75 1 1
github.com/provide-io/flavor/go/flavor/pkg/psp/format_2025/execution.go:466.75,469.7 2 0
github.com/provide-io/flavor/go/flavor/pkg/psp/format_2025/execution.go:471.6,471.14 1 1
github.com/provide-io/flavor/go/flavor/pkg/psp/format_2025/execution.go:472.11,474.6 1 0
github.com/provide-io/flavor/go/flavor/pkg/psp/format_2025/execution.go:475.12,477.13 2 1
github.com/provide-io/flavor/go/flavor/pkg/psp/format_2025/execution.go:480.4,480.22 1 2
github.com/provide-io/flavor/go/flavor/pkg/psp/format_2025/execution.go:480.22,481.26 1 2
github.com/provide-io/flavor/go/flavor/pkg/psp/format_2025/execution.go:481.26,485.6 3 1
github.com/provide-io/flavor/go/flavor/pkg/psp/format_2025/execution.go:487.5,488.25 2 2
github.com/provide-io/flavor/go/flavor/pkg/psp/format_2025/execution.go:488.25,492.6 2 1
github.com/provide-io/flavor/go/flavor/pkg/psp/format_2025/execution.go:492.11,495.20 2 1
github.com/provide-io/flavor/go/flavor/pkg/psp/format_2025/execution.go:495.20,498.7 2 0
github.com/provide-io/flavor/go/flavor/pkg/psp/format_2025/execution.go:499.6,499.25 1 1
github.com/provide-io/flavor/go/flavor/pkg/psp/format_2025/execution.go:499.25,500.15 1 0
github.com/provide-io/flavor/go/flavor/pkg/psp/format_2025/execution.go:503.6,504.58 2 1
github.com/provide-io/flavor/go/flavor/pkg/psp/format_2025/execution.go:507.5,512.39 4 2
github.com/provide-io/flavor/go/flavor/pkg/psp/format_2025/execution.go:512.39,513.41 1 120
github.com/provide-io/flavor/go/flavor/pkg/psp/format_2025/execution.go:513.41,515.36 2 2
github.com/provide-io/flavor/go/flavor/pkg/psp/format_2025/execution.go:515.36,517.8 1 0
github.com/provide-io/flavor/go/flavor/pkg/psp/format_2025/execution.go:518.7,519.12 2 2
github.com/provide-io/flavor/go/flavor/pkg/psp/format_2025/execution.go:523.5,524.62 2 2
github.com/provide-io/flavor/go/flavor/pkg/psp/format_2025/execution.go:524.62,527.6 2 0
github.com/provide-io/flavor/go/flavor/pkg/psp/format_2025/execution.go:532.3,533.65 2 1
github.com/provide-io/flavor/go/flavor/pkg/psp/format_2025/execution.go:536.2,536.31 1 7
github.com/provide-io/flavor/go/flavor/pkg/psp/format_2025/execution.go:536.31,539.3 2 0
github.com/provide-io/flavor/go/flavor/pkg/psp/format_2025/execution.go:541.2,542.35 2 7
github.com/provide-io/flavor/go/flavor/pkg/psp/format_2025/execution.go:542.35,546.3 2 6
github.com/provide-io/flavor/go/flavor/pkg/psp/format_2025/execution.go:547.2,551.41 4 7
github.com/provide-io/flavor/go/flavor/pkg/psp/format_2025/execution.go:551.41,552.44 1 0
github.com/provide-io/flavor/go/flavor/pkg/psp/format_2025/execution.go:552.44,554.46 2 0
github.com/provide-io/flavor/go/flavor/pkg/psp/format_2025/execution.go:554.46,557.5 2 0
github.com/provide-io/flavor/go/flavor/pkg/psp/format_2025/execution.go:562.2,563.16 2 7
github.com/provide-io/flavor/go/flavor/pkg/psp/format_2025/execution.go:563.16,566.3 2 0
github.com/provide-io/flavor/go/flavor/pkg/psp/format_2025/execution.go:567.2,567.21 1 7
github.com/provide-io/flavor/go/flavor/pkg/psp/format_2025/execution.go:567.21,570.3 2 0
github.com/provide-io/flavor/go/flavor/pkg/psp/format_2025/execution.go:572.2,573.19 2 7
github.com/provide-io/flavor/go/flavor/pkg/psp/format_2025/execution.go:573.19,575.3 1 4
github.com/provide-io/flavor/go/flavor/pkg/psp/format_2025/execution.go:578.2,608.30 16 7
github.com/provide-io/flavor/go/flavor/pkg/psp/format_2025/execution.go:608.30,609.38 1 420
github.com/provide-io/flavor/go/flavor/pkg/psp/format_2025/execution.go:609.38,611.33 2 7
github.com/provide-io/flavor/go/flavor/pkg/psp/format_2025/execution.go:611.33,613.5 1 0
github.com/provide-io/flavor/go/flavor/pkg/psp/format_2025/execution.go:614.4,616.9 3 7
github.com/provide-io/flavor/go/flavor/pkg/psp/format_2025/execution.go:619.2,619.16 1 7
github.com/provide-io/flavor/go/flavor/pkg/psp/format_2025/execution.go:619.16,621.32 2 0
github.com/provide-io/flavor/go/flavor/pkg/psp/format_2025/execution.go:621.32,623.4 1 0
github.com/provide-io/flavor/go/flavor/pkg/psp/format_2025/execution.go:624.3,624.87 1 0
github.com/provide-io/flavor/go/flavor/pkg/psp/format_2025/execution.go:628.2,628.60 1 7
github.com/provide-io/flavor/go/flavor/pkg/psp/format_2025/execution.go:628.60,631.3 2 1
github.com/provide-io/flavor/go/flavor/pkg/psp/format_2025/execution.go:634.2,634.43 1 7
github.com/provide-io/flavor/go/flavor/pkg/psp/format_2025/execution.go:634.43,636.52 2 1
github.com/provide-io/flavor/go/flavor/pkg/psp/format_2025/execution.go:636.52,637.37 1 1
github.com/provide-io/flavor/go/flavor/pkg/psp/format_2025/execution.go:637.37,640.5 2 2
github.com/provide-io/flavor/go/flavor/pkg/psp/format_2025/execution.go:641.4,642.67 2 1
github.com/provide-io/flavor/go/flavor/pkg/psp/format_2025/execution.go:646.2,659.17 10 7
github.com/provide-io/flavor/go/flavor/pkg/psp/format_2025/execution_cache.go:13.89,16.38 2 7
github.com/provide-io/flavor/go/flavor/pkg/psp/format_2025/execution_cache.go:16.38,18.3 1 6
github.com/provide-io/flavor/go/flavor/pkg/psp/format_2025/execution_cache.go:21.2,23.16 3 7
github.com/provide-io/flavor/go/flavor/pkg/psp/format_2025/execution_cache.go:23.16,26.3 2 0
github.com/provide-io/flavor/go/flavor/pkg/psp/format_2025/execution_cache.go:29.2,34.33 4 7
github.com/provide-io/flavor/go/flavor/pkg/psp/format_2025/execution_cache.go:34.33,39.3 2 1
github.com/provide-io/flavor/go/flavor/pkg/psp/format_2025/execution_cache.go:41.2,42.12 2 6
github.com/provide-io/flavor/go/flavor/pkg/psp/format_2025/execution_cache.go:46.110,51.16 3 12
github.com/provide-io/flavor/go/flavor/pkg/psp/format_2025/execution_cache.go:51.16,52.25 1 0
github.com/provide-io/flavor/go/flavor/pkg/psp/format_2025/execution_cache.go:52.25,54.4 1 0
github.com/provide-io/flavor/go/flavor/pkg/psp/format_2025/execution_cache.go:54.9,56.4 1 0
github.com/provide-io/flavor/go/flavor/pkg/psp/format_2025/execution_cache.go:57.3,57.20 1 0
github.com/provide-io/flavor/go/flavor/pkg/psp/format_2025/execution_cache.go:60.2,63.42 3 12
github.com/provide-io/flavor/go/flavor/pkg/psp/format_2025/execution_cache.go:63.42,66.3 2 6
github.com/provide-io/flavor/go/flavor/pkg/psp/format_2025/execution_cache.go:69.2,70.25 2 6
github.com/provide-io/flavor/go/flavor/pkg/psp/format_2025/execution_cache.go:71.41,75.20 4 2
github.com/provide-io/flavor/go/flavor/pkg/psp/format_2025/execution_cache.go:76.25,80.20 4 1
github.com/provide-io/flavor/go/flavor/pkg/psp/format_2025/execution_cache.go:81.26,86.20 5 1
github.com/provide-io/flavor/go/flavor/pkg/psp/format_2025/execution_cache.go:87.10,91.115 4 2
github.com/provide-io/flavor/go/flavor/pkg/psp/format_2025/execution_cache.go:96.91,98.72 2 7
github.com/provide-io/flavor/go/flavor/pkg/psp/format_2025/execution_cache.go:98.72,100.3 1 0
github.com/provide-io/flavor/go/flavor/pkg/psp/format_2025/execution_cache.go:102.2,107.16 4 7
github.com/provide-io/flavor/go/flavor/pkg/psp/format_2025/execution_cache.go:107.16,110.3 2 0
github.com/provide-io/flavor/go/flavor/pkg/psp/format_2025/execution_cache.go:111.2,113.57 2 7
github.com/provide-io/flavor/go/flavor/pkg/psp/format_2025/execution_cache.go:113.57,116.3 2 0
github.com/provide-io/flavor/go/flavor/pkg/psp/format_2025/execution_cache.go:119.2,119.36 1 7
github.com/provide-io/flavor/go/flavor/pkg/psp/format_2025/execution_cache.go:119.36,122.3 2 0
github.com/provide-io/flavor/go/flavor/pkg/psp/format_2025/execution_cache.go:124.2,125.12 2 7
github.com/provide-io/flavor/go/flavor/pkg/psp/format_2025/execution_cache.go:148.90,150.72 2 7
github.com/provide-io/flavor/go/flavor/pkg/psp/format_2025/execution_cache.go:150.72,152.3 1 0
github.com/provide-io/flavor/go/flavor/pkg/psp/format_2025/execution_cache.go:155.2,175.16 4 7
github.com/provide-io/flavor/go/flavor/pkg/psp/format_2025/execution_cache.go:175.16,177.3 1 0
github.com/provide-io/flavor/go/flavor/pkg/psp/format_2025/execution_cache.go:179.2,179.64 1 7
github.com/provide-io/flavor/go/flavor/pkg/psp/format_2025/execution_cache.go:179.64,182.3 2 0
github.com/provide-io/flavor/go/flavor/pkg/psp/format_2025/execution_cache.go:184.2,185.12 2 7
github.com/provide-io/flavor/go/flavor/pkg/psp/format_2025/execution_cache.go:189.121,192.49 2 8
github.com/provide-io/flavor/go/flavor/pkg/psp/format_2025/execution_cache.go:192.49,195.3 2 1
github.com/provide-io/flavor/go/flavor/pkg/psp/format_2025/execution_cache.go:198.2,200.16 3 7
github.com/provide-io/flavor/go/flavor/pkg/psp/format_2025/execution_cache.go:200.16,203.3 2 0
github.com/provide-io/flavor/go/flavor/pkg/psp/format_2025/execution_cache.go:204.2,204.23 1 7
github.com/provide-io/flavor/go/flavor/pkg/psp/format_2025/execution_cache.go:204.23,207.3 2 3
github.com/provide-io/flavor/go/flavor/pkg/psp/format_2025/execution_cache.go:210.2,210.68 1 4
github.com/provide-io/flavor/go/flavor/pkg/psp/format_2025/execution_env.go:17.78,19.33 1 9
github.com/provide-io/flavor/go/flavor/pkg/psp/format_2025/execution_env.go:19.33,22.3 2 1
github.com/provide-io/flavor/go/flavor/pkg/psp/format_2025/execution_env.go:25.2,28.12 4 8
github.com/provide-io/flavor/go/flavor/pkg/psp/format_2025/execution_env.go:32.65,34.24 2 4
github.com/provide-io/flavor/go/flavor/pkg/psp/format_2025/execution_env.go:34.24,35.35 1 7
github.com/provide-io/flavor/go/flavor/pkg/psp/format_2025/execution_env.go:35.35,37.4 1 3
github.com/provide-io/flavor/go/flavor/pkg/psp/format_2025/execution_env.go:39.2,39.19 1 1
github.com/provide-io/flavor/go/flavor/pkg/psp/format_2025/execution_env.go:43.44,45.24 2 12
github.com/provide-io/flavor/go/flavor/pkg/psp/format_2025/execution_env.go:45.24,46.35 1 462
github.com/provide-io/flavor/go/flavor/pkg/psp/format_2025/execution_env.go:46.35,48.4 1 3
github.com/provide-io/flavor/go/flavor/pkg/psp/format_2025/execution_env.go:50.2,50.14 1 9
github.com/provide-io/flavor/go/flavor/pkg/psp/format_2025/execution_env.go:54.61,55.23 1 8
github.com/provide-io/flavor/go/flavor/pkg/psp/format_2025/execution_env.go:55.23,57.3 1 5
github.com/provide-io/flavor/go/flavor/pkg/psp/format_2025/execution_env.go:59.2,60.24 2 3
github.com/provide-io/flavor/go/flavor/pkg/psp/format_2025/execution_env.go:60.24,62.22 2 144
github.com/provide-io/flavor/go/flavor/pkg/psp/format_2025/execution_env.go:62.22,64.32 2 144
github.com/provide-io/flavor/go/flavor/pkg/psp/format_2025/execution_env.go:64.32,66.5 1 5
github.com/provide-io/flavor/go/flavor/pkg/psp/format_2025/execution_env.go:67.4,67.58 1 144
github.com/provide-io/flavor/go/flavor/pkg/psp/format_2025/execution_env.go:73.38,83.2 2 146
github.com/provide-io/flavor/go/flavor/pkg/psp/format_2025/execution_helpers.go:12.66,14.16 2 2
github.com/provide-io/flavor/go/flavor/pkg/psp/format_2025/execution_helpers.go:14.16,16.3 1 1
github.com/provide-io/flavor/go/flavor/pkg/psp/format_2025/execution_helpers.go:17.2,17.16 1 1
github.com/provide-io/flavor/go/flavor/pkg/psp/format_2025/execution_helpers.go:20.65,21.55 1 7
github.com/provide-io/flavor/go/flavor/pkg/psp/format_2025/execution_helpers.go:21.55,23.3 1 2
github.com/provide-io/flavor/go/flavor/pkg/psp/format_2025/execution_helpers.go:24.2,24.57 1 5
github.com/provide-io/flavor/go/flavor/pkg/psp/format_2025/execution_helpers.go:24.57,26.3 1 2
github.com/provide-io/flavor/go/flavor/pkg/psp/format_2025/execution_helpers.go:27.2,28.16 2 3
github.com/provide-io/flavor/go/flavor/pkg/psp/format_2025/execution_helpers.go:28.16,30.3 1 0
github.com/provide-io/flavor/go/flavor/pkg/psp/format_2025/execution_helpers.go:31.2,31.31 1 3
github.com/provide-io/flavor/go/flavor/pkg/psp/format_2025/execution_helpers.go:34.71,39.16 5 2
github.com/provide-io/flavor/go/flavor/pkg/psp/format_2025/execution_helpers.go:39.16,41.3 1 0
github.com/provide-io/flavor/go/flavor/pkg/psp/format_2025/execution_helpers.go:42.2,42.16 1 2
github.com/provide-io/flavor/go/flavor/pkg/psp/format_2025/execution_helpers.go:42.16,44.3 1 0
github.com/provide-io/flavor/go/flavor/pkg/psp/format_2025/execution_helpers.go:45.2,45.74 1 2
github.com/provide-io/flavor/go/flavor/pkg/psp/format_2025/execution_helpers.go:45.74,47.3 1 1
github.com/provide-io/flavor/go/flavor/pkg/psp/format_2025/execution_helpers.go:48.2,48.25 1 1
github.com/provide-io/flavor/go/flavor/pkg/psp/format_2025/execution_helpers.go:51.71,54.32 3 3
github.com/provide-io/flavor/go/flavor/pkg/psp/format_2025/execution_helpers.go:54.32,56.3 1 2
github.com/provide-io/flavor/go/flavor/pkg/psp/format_2025/execution_helpers.go:57.2,59.16 3 3
github.com/provide-io/flavor/go/flavor/pkg/psp/format_2025/execution_helpers.go:59.16,61.3 1 0
github.com/provide-io/flavor/go/flavor/pkg/psp/format_2025/execution_helpers.go:62.2,62.91 1 3
github.com/provide-io/flavor/go/flavor/pkg/psp/format_2025/execution_helpers.go:62.91,64.3 1 2
github.com/provide-io/flavor/go/flavor/pkg/psp/format_2025/execution_helpers.go:65.2,65.82 1 1
github.com/provide-io/flavor/go/flavor/pkg/psp/format_2025/execution_policy.go:46.51,54.29 3 9
github.com/provide-io/flavor/go/flavor/pkg/psp/format_2025/execution_policy.go:54.29,55.17 1 18
github.com/provide-io/flavor/go/flavor/pkg/psp/format_2025/execution_policy.go:55.17,56.12 1 0
github.com/provide-io/flavor/go/flavor/pkg/psp/format_2025/execution_policy.go:58.3,59.25 2 18
github.com/provide-io/flavor/go/flavor/pkg/psp/format_2025/execution_policy.go:59.25,60.12 1 17
github.com/provide-io/flavor/go/flavor/pkg/psp/format_2025/execution_policy.go:62.3,62.17 1 1
github.com/provide-io/flavor/go/flavor/pkg/psp/format_2025/execution_policy.go:62.17,64.4 1 0
github.com/provide-io/flavor/go/flavor/pkg/psp/format_2025/execution_policy.go:65.3,65.34 1 1
github.com/provide-io/flavor/go/flavor/pkg/psp/format_2025/execution_policy.go:67.2,67.20 1 9
github.com/provide-io/flavor/go/flavor/pkg/psp/format_2025/execution_policy.go:70.35,71.31 1 9
github.com/provide-io/flavor/go/flavor/pkg/psp/format_2025/execution_policy.go:71.31,72.47 1 0
github.com/provide-io/flavor/go/flavor/pkg/psp/format_2025/execution_policy.go:72.47,74.4 1 0
github.com/provide-io/flavor/go/flavor/pkg/psp/format_2025/execution_policy.go:75.3,75.67 1 0
github.com/provide-io/flavor/go/flavor/pkg/psp/format_2025/execution_policy.go:77.2,77.34 1 9
github.com/provide-io/flavor/go/flavor/pkg/psp/format_2025/execution_policy.go:80.33,81.59 1 12
github.com/provide-io/flavor/go/flavor/pkg/psp/format_2025/execution_policy.go:81.59,83.3 1 2
github.com/provide-io/flavor/go/flavor/pkg/psp/format_2025/execution_policy.go:84.2,84.64 1 10
github.com/provide-io/flavor/go/flavor/pkg/psp/format_2025/execution_policy.go:84.64,86.3 1 1
github.com/provide-io/flavor/go/flavor/pkg/psp/format_2025/execution_policy.go:87.2,87.43 1 9
github.com/provide-io/flavor/go/flavor/pkg/psp/format_2025/execution_policy.go:87.43,89.3 1 8
github.com/provide-io/flavor/go/flavor/pkg/psp/format_2025/execution_policy.go:90.2,90.11 1 1
github.com/provide-io/flavor/go/flavor/pkg/psp/format_2025/execution_policy.go:95.60,97.60 2 6
github.com/provide-io/flavor/go/flavor/pkg/psp/format_2025/execution_policy.go:97.60,99.49 2 22
github.com/provide-io/flavor/go/flavor/pkg/psp/format_2025/execution_policy.go:99.49,100.12 1 8
github.com/provide-io/flavor/go/flavor/pkg/psp/format_2025/execution_policy.go:102.3,102.67 1 14
github.com/provide-io/flavor/go/flavor/pkg/psp/format_2025/execution_policy.go:102.67,104.12 2 7
github.com/provide-io/flavor/go/flavor/pkg/psp/format_2025/execution_policy.go:106.3,107.22 2 7
github.com/provide-io/flavor/go/flavor/pkg/psp/format_2025/execution_policy.go:107.22,108.12 1 0
github.com/provide-io/flavor/go/flavor/pkg/psp/format_2025/execution_policy.go:110.3,113.48 3 7
github.com/provide-io/flavor/go/flavor/pkg/psp/format_2025/execution_policy.go:113.48,115.4 1 1
github.com/provide-io/flavor/go/flavor/pkg/psp/format_2025/execution_policy.go:117.3,117.30 1 7
github.com/provide-io/flavor/go/flavor/pkg/psp/format_2025/execution_policy.go:118.36,119.44 1 2
github.com/provide-io/flavor/go/flavor/pkg/psp/format_2025/execution_policy.go:120.32,121.40 1 0
github.com/provide-io/flavor/go/flavor/pkg/psp/format_2025/execution_policy.go:122.32,123.37 1 2
github.com/provide-io/flavor/go/flavor/pkg/psp/format_2025/execution_policy.go:124.33,126.55 2 1
github.com/provide-io/flavor/go/flavor/pkg/psp/format_2025/execution_policy.go:126.55,128.5 1 1
github.com/provide-io/flavor/go/flavor/pkg/psp/format_2025/execution_policy.go:129.36,131.52 1 1
github.com/provide-io/flavor/go/flavor/pkg/psp/format_2025/execution_policy.go:132.35,133.38 1 1
github.com/provide-io/flavor/go/flavor/pkg/psp/format_2025/execution_policy.go:139.47,141.66 2 1
github.com/provide-io/flavor/go/flavor/pkg/psp/format_2025/execution_policy.go:141.66,143.3 1 0
github.com/provide-io/flavor/go/flavor/pkg/psp/format_2025/execution_policy.go:144.2,146.49 3 1
github.com/provide-io/flavor/go/flavor/pkg/psp/format_2025/execution_policy.go:146.49,149.17 3 2
github.com/provide-io/flavor/go/flavor/pkg/psp/format_2025/execution_policy.go:149.17,151.4 1 2
github.com/provide-io/flavor/go/flavor/pkg/psp/format_2025/execution_policy.go:153.2,153.15 1 1
github.com/provide-io/flavor/go/flavor/pkg/psp/format_2025/execution_policy.go:157.72,161.58 2 12
github.com/provide-io/flavor/go/flavor/pkg/psp/format_2025/execution_policy.go:161.58,163.39 2 1
github.com/provide-io/flavor/go/flavor/pkg/psp/format_2025/execution_policy.go:163.39,165.4 1 2
github.com/provide-io/flavor/go/flavor/pkg/psp/format_2025/execution_policy.go:166.3,166.35 1 1
github.com/provide-io/flavor/go/flavor/pkg/psp/format_2025/execution_policy.go:166.35,167.16 1 2
github.com/provide-io/flavor/go/flavor/pkg/psp/format_2025/execution_policy.go:167.16,169.5 1 1
github.com/provide-io/flavor/go/flavor/pkg/psp/format_2025/execution_policy.go:171.8,171.39 1 11
github.com/provide-io/flavor/go/flavor/pkg/psp/format_2025/execution_policy.go:171.39,173.3 1 1
github.com/provide-io/flavor/go/flavor/pkg/psp/format_2025/execution_policy.go:173.8,175.3 1 10
github.com/provide-io/flavor/go/flavor/pkg/psp/format_2025/execution_policy.go:178.2,181.51 2 12
github.com/provide-io/flavor/go/flavor/pkg/psp/format_2025/execution_policy.go:181.51,182.39 1 1
github.com/provide-io/flavor/go/flavor/pkg/psp/format_2025/execution_policy.go:182.39,184.4 1 0
github.com/provide-io/flavor/go/flavor/pkg/psp/format_2025/execution_policy.go:184.9,186.4 1 1
github.com/provide-io/flavor/go/flavor/pkg/psp/format_2025/execution_policy.go:187.8,187.34 1 11
github.com/provide-io/flavor/go/flavor/pkg/psp/format_2025/execution_policy.go:187.34,189.3 1 0
github.com/provide-io/flavor/go/flavor/pkg/psp/format_2025/execution_policy.go:189.8,191.3 1 11
github.com/provide-io/flavor/go/flavor/pkg/psp/format_2025/execution_policy.go:193.2,197.18 4 12
github.com/provide-io/flavor/go/flavor/pkg/psp/format_2025/execution_policy.go:203.103,207.31 2 17
github.com/provide-io/flavor/go/flavor/pkg/psp/format_2025/execution_policy.go:207.31,209.38 2 1
github.com/provide-io/flavor/go/flavor/pkg/psp/format_2025/execution_policy.go:209.38,210.28 1 1
github.com/provide-io/flavor/go/flavor/pkg/psp/format_2025/execution_policy.go:210.28,212.10 2 0
github.com/provide-io/flavor/go/flavor/pkg/psp/format_2025/execution_policy.go:215.3,215.13 1 1
github.com/provide-io/flavor/go/flavor/pkg/psp/format_2025/execution_policy.go:215.13,217.4 1 1
github.com/provide-io/flavor/go/flavor/pkg/psp/format_2025/execution_policy.go:221.2,221.45 1 16
github.com/provide-io/flavor/go/flavor/pkg/psp/format_2025/execution_policy.go:221.45,223.3 1 0
github.com/provide-io/flavor/go/flavor/pkg/psp/format_2025/execution_policy.go:226.2,226.52 1 16
github.com/provide-io/flavor/go/flavor/pkg/psp/format_2025/execution_policy.go:226.52,228.35 2 1
github.com/provide-io/flavor/go/flavor/pkg/psp/format_2025/execution_policy.go:228.35,230.4 1 1
github.com/provide-io/flavor/go/flavor/pkg/psp/format_2025/execution_policy.go:234.2,234.43 1 15
github.com/provide-io/flavor/go/flavor/pkg/psp/format_2025/execution_policy.go:234.43,235.30 1 2
github.com/provide-io/flavor/go/flavor/pkg/psp/format_2025/execution_policy.go:235.30,237.4 1 1
github.com/provide-io/flavor/go/flavor/pkg/psp/format_2025/execution_policy.go:241.2,241.36 1 14
github.com/provide-io/flavor/go/flavor/pkg/psp/format_2025/execution_policy.go:241.36,243.3 1 1
github.com/provide-io/flavor/go/flavor/pkg/psp/format_2025/execution_policy.go:246.2,246.45 1 13
github.com/provide-io/flavor/go/flavor/pkg/psp/format_2025/execution_policy.go:246.45,248.3 1 1
github.com/provide-io/flavor/go/flavor/pkg/psp/format_2025/execution_policy.go:250.2,250.12 1 12
github.com/provide-io/flavor/go/flavor/pkg/psp/format_2025/execution_policy.go:253.34,255.22 2 18
github.com/provide-io/flavor/go/flavor/pkg/psp/format_2025/execution_policy.go:256.16,257.20 1 18
github.com/provide-io/flavor/go/flavor/pkg/psp/format_2025/execution_policy.go:258.17,259.21 1 0
github.com/provide-io/flavor/go/flavor/pkg/psp/format_2025/execution_policy.go:261.2,262.31 2 18
github.com/provide-io/flavor/go/flavor/pkg/psp/format_2025/execution_policy.go:262.31,264.3 1 18
github.com/provide-io/flavor/go/flavor/pkg/psp/format_2025/execution_policy.go:265.2,265.28 1 18
github.com/provide-io/flavor/go/flavor/pkg/psp/format_2025/execution_policy.go:269.64,271.19 2 2
github.com/provide-io/flavor/go/flavor/pkg/psp/format_2025/execution_policy.go:271.19,273.3 1 1
github.com/provide-io/flavor/go/flavor/pkg/psp/format_2025/execution_policy.go:274.2,275.20 2 1
github.com/provide-io/flavor/go/flavor/pkg/psp/format_2025/execution_resolve.go:24.71,29.40 1 11
github.com/provide-io/flavor/go/flavor/pkg/psp/format_2025/execution_resolve.go:29.40,30.64 1 11
github.com/provide-io/flavor/go/flavor/pkg/psp/format_2025/execution_resolve.go:30.64,33.4 2 1
github.com/provide-io/flavor/go/flavor/pkg/psp/format_2025/execution_resolve.go:38.2,39.40 2 10
github.com/provide-io/flavor/go/flavor/pkg/psp/format_2025/execution_resolve.go:39.40,42.3 2 10
github.com/provide-io/flavor/go/flavor/pkg/psp/format_2025/execution_resolve.go:45.2,45.58 1 10
github.com/provide-io/flavor/go/flavor/pkg/psp/format_2025/execution_resolve.go:45.58,48.3 2 9
github.com/provide-io/flavor/go/flavor/pkg/psp/format_2025/execution_resolve.go:51.2,51.31 1 1
github.com/provide-io/flavor/go/flavor/pkg/psp/format_2025/execution_resolve.go:51.31,53.19 2 0
github.com/provide-io/flavor/go/flavor/pkg/psp/format_2025/execution_resolve.go:54.33,56.27 1 0
github.com/provide-io/flavor/go/flavor/pkg/psp/format_2025/execution_resolve.go:57.23,59.25 1 0
github.com/provide-io/flavor/go/flavor/pkg/psp/format_2025/execution_resolve.go:62.3,62.21 1 0
github.com/provide-io/flavor/go/flavor/pkg/psp/format_2025/execution_resolve.go:62.21,63.60 1 0
github.com/provide-io/flavor/go/flavor/pkg/psp/format_2025/execution_resolve.go:63.60,69.5 2 0
github.com/provide-io/flavor/go/flavor/pkg/psp/format_2025/execution_resolve.go:75.2,75.28 1 1
github.com/provide-io/flavor/go/flavor/pkg/psp/format_2025/execution_resolve.go:75.28,80.3 2 1
github.com/provide-io/flavor/go/flavor/pkg/psp/format_2025/execution_resolve.go:82.2,83.19 2 0
github.com/provide-io/flavor/go/flavor/pkg/psp/format_2025/execution_resolve.go:90.63,92.24 2 2
github.com/provide-io/flavor/go/flavor/pkg/psp/format_2025/execution_resolve.go:92.24,93.36 1 2
github.com/provide-io/flavor/go/flavor/pkg/psp/format_2025/execution_resolve.go:93.36,95.9 2 1
github.com/provide-io/flavor/go/flavor/pkg/psp/format_2025/execution_resolve.go:98.2,98.19 1 2
github.com/provide-io/flavor/go/flavor/pkg/psp/format_2025/execution_resolve.go:98.19,100.3 1 1
github.com/provide-io/flavor/go/flavor/pkg/psp/format_2025/execution_resolve.go:102.2,102.50 1 1
github.com/provide-io/flavor/go/flavor/pkg/psp/format_2025/execution_resolve.go:102.50,103.16 1 1
github.com/provide-io/flavor/go/flavor/pkg/psp/format_2025/execution_resolve.go:103.16,105.4 1 0
github.com/provide-io/flavor/go/flavor/pkg/psp/format_2025/execution_resolve.go:106.3,107.63 2 1
github.com/provide-io/flavor/go/flavor/pkg/psp/format_2025/execution_resolve.go:107.63,109.4 1 1
github.com/provide-io/flavor/go/flavor/pkg/psp/format_2025/execution_resolve.go:111.2,111.64 1 0
github.com/provide-io/flavor/go/flavor/pkg/psp/format_2025/execution_slots.go:22.27,28.75 4 8
github.com/provide-io/flavor/go/flavor/pkg/psp/format_2025/execution_slots.go:28.75,31.3 2 1
github.com/provide-io/flavor/go/flavor/pkg/psp/format_2025/execution_slots.go:32.2,38.38 3 7
github.com/provide-io/flavor/go/flavor/pkg/psp/format_2025/execution_slots.go:38.38,44.17 4 7
github.com/provide-io/flavor/go/flavor/pkg/psp/format_2025/execution_slots.go:44.17,48.4 3 1
github.com/provide-io/flavor/go/flavor/pkg/psp/format_2025/execution_slots.go:49.3,50.34 2 6
github.com/provide-io/flavor/go/flavor/pkg/psp/format_2025/execution_slots.go:55.2,56.79 2 6
github.com/provide-io/flavor/go/flavor/pkg/psp/format_2025/execution_slots.go:56.79,60.3 3 0
github.com/provide-io/flavor/go/flavor/pkg/psp/format_2025/execution_slots.go:61.2,63.16 3 6
github.com/provide-io/flavor/go/flavor/pkg/psp/format_2025/execution_slots.go:63.16,67.3 3 0
github.com/provide-io/flavor/go/flavor/pkg/psp/format_2025/execution_slots.go:68.2,68.71 1 6
github.com/provide-io/flavor/go/flavor/pkg/psp/format_2025/execution_slots.go:68.71,72.3 3 0
github.com/provide-io/flavor/go/flavor/pkg/psp/format_2025/execution_slots.go:73.2,80.16 4 6
github.com/provide-io/flavor/go/flavor/pkg/psp/format_2025/execution_slots.go:80.16,84.3 3 0
github.com/provide-io/flavor/go/flavor/pkg/psp/format_2025/execution_slots.go:88.2,88.48 1 6
github.com/provide-io/flavor/go/flavor/pkg/psp/format_2025/execution_slots.go:88.48,94.88 4 2
github.com/provide-io/flavor/go/flavor/pkg/psp/format_2025/execution_slots.go:94.89,96.4 0 0
github.com/provide-io/flavor/go/flavor/pkg/psp/format_2025/execution_slots.go:96.9,98.4 1 2
github.com/provide-io/flavor/go/flavor/pkg/psp/format_2025/execution_slots.go:99.3,99.88 1 2
github.com/provide-io/flavor/go/flavor/pkg/psp/format_2025/execution_slots.go:99.89,101.4 0 0
github.com/provide-io/flavor/go/flavor/pkg/psp/format_2025/execution_slots.go:101.9,103.4 1 2
github.com/provide-io/flavor/go/flavor/pkg/psp/format_2025/execution_slots.go:106.3,106.31 1 2
github.com/provide-io/flavor/go/flavor/pkg/psp/format_2025/execution_slots.go:106.31,108.4 1 0
github.com/provide-io/flavor/go/flavor/pkg/psp/format_2025/execution_slots.go:110.3,110.17 1 2
github.com/provide-io/flavor/go/flavor/pkg/psp/format_2025/execution_slots.go:110.17,112.4 1 0
github.com/provide-io/flavor/go/flavor/pkg/psp/format_2025/execution_slots.go:113.3,113.17 1 2
github.com/provide-io/flavor/go/flavor/pkg/psp/format_2025/execution_slots.go:113.17,115.4 1 0
github.com/provide-io/flavor/go/flavor/pkg/psp/format_2025/execution_slots.go:117.3,117.15 1 2
github.com/provide-io/flavor/go/flavor/pkg/psp/format_2025/execution_slots.go:120.2,120.32 1 6
github.com/provide-io/flavor/go/flavor/pkg/psp/format_2025/execution_slots.go:120.32,125.62 3 5
github.com/provide-io/flavor/go/flavor/pkg/psp/format_2025/execution_slots.go:125.62,129.18 3 0
github.com/provide-io/flavor/go/flavor/pkg/psp/format_2025/execution_slots.go:129.18,133.5 3 0
github.com/provide-io/flavor/go/flavor/pkg/psp/format_2025/execution_slots.go:136.4,136.42 1 0
github.com/provide-io/flavor/go/flavor/pkg/psp/format_2025/execution_slots.go:136.42,143.26 4 0
github.com/provide-io/flavor/go/flavor/pkg/psp/format_2025/execution_slots.go:143.26,145.61 1 0
github.com/provide-io/flavor/go/flavor/pkg/psp/format_2025/execution_slots.go:145.61,149.7 3 0
github.com/provide-io/flavor/go/flavor/pkg/psp/format_2025/execution_slots.go:150.6,150.30 1 0
github.com/provide-io/flavor/go/flavor/pkg/psp/format_2025/execution_slots.go:151.11,154.60 2 0
github.com/provide-io/flavor/go/flavor/pkg/psp/format_2025/execution_slots.go:154.60,157.60 2 0
github.com/provide-io/flavor/go/flavor/pkg/psp/format_2025/execution_slots.go:157.60,161.8 3 0
github.com/provide-io/flavor/go/flavor/pkg/psp/format_2025/execution_slots.go:162.7,162.28 1 0
github.com/provide-io/flavor/go/flavor/pkg/psp/format_2025/execution_slots.go:167.4,167.24 1 0
github.com/provide-io/flavor/go/flavor/pkg/psp/format_2025/execution_slots.go:168.9,168.67 1 5
github.com/provide-io/flavor/go/flavor/pkg/psp/format_2025/execution_slots.go:168.67,173.18 3 0
github.com/provide-io/flavor/go/flavor/pkg/psp/format_2025/execution_slots.go:173.18,177.5 3 0
github.com/provide-io/flavor/go/flavor/pkg/psp/format_2025/execution_slots.go:180.4,180.42 1 0
github.com/provide-io/flavor/go/flavor/pkg/psp/format_2025/execution_slots.go:180.42,187.26 4 0
github.com/provide-io/flavor/go/flavor/pkg/psp/format_2025/execution_slots.go:187.26,189.61 1 0
github.com/provide-io/flavor/go/flavor/pkg/psp/format_2025/execution_slots.go:189.61,193.7 3 0
github.com/provide-io/flavor/go/flavor/pkg/psp/format_2025/execution_slots.go:194.6,194.30 1 0
github.com/provide-io/flavor/go/flavor/pkg/psp/format_2025/execution_slots.go:195.11,198.60 2 0
github.com/provide-io/flavor/go/flavor/pkg/psp/format_2025/execution_slots.go:198.60,201.60 2 0
github.com/provide-io/flavor/go/flavor/pkg/psp/format_2025/execution_slots.go:201.60,205.8 3 0
github.com/provide-io/flavor/go/flavor/pkg/psp/format_2025/execution_slots.go:206.7,206.28 1 0
github.com/provide-io/flavor/go/flavor/pkg/psp/format_2025/execution_slots.go:211.4,211.24 1 0
github.com/provide-io/flavor/go/flavor/pkg/psp/format_2025/execution_slots.go:212.9,218.21 3 5
github.com/provide-io/flavor/go/flavor/pkg/psp/format_2025/execution_slots.go:218.21,220.52 1 3
github.com/provide-io/flavor/go/flavor/pkg/psp/format_2025/execution_slots.go:220.52,224.6 3 0
github.com/provide-io/flavor/go/flavor/pkg/psp/format_2025/execution_slots.go:225.5,225.25 1 3
github.com/provide-io/flavor/go/flavor/pkg/psp/format_2025/execution_slots.go:226.10,228.51 1 2
github.com/provide-io/flavor/go/flavor/pkg/psp/format_2025/execution_slots.go:228.51,231.51 2 0
github.com/provide-io/flavor/go/flavor/pkg/psp/format_2025/execution_slots.go:231.51,235.7 3 0
github.com/provide-io/flavor/go/flavor/pkg/psp/format_2025/execution_slots.go:236.6,236.23 1 0
github.com/provide-io/flavor/go/flavor/pkg/psp/format_2025/execution_slots.go:243.2,244.43 2 6
github.com/provide-io/flavor/go/flavor/pkg/psp/format_2025/execution_slots.go:244.43,246.81 2 1
github.com/provide-io/flavor/go/flavor/pkg/psp/format_2025/execution_slots.go:246.81,248.4 1 0
github.com/provide-io/flavor/go/flavor/pkg/psp/format_2025/execution_slots.go:252.2,252.53 1 6
github.com/provide-io/flavor/go/flavor/pkg/psp/format_2025/execution_slots.go:252.53,254.3 1 0
github.com/provide-io/flavor/go/flavor/pkg/psp/format_2025/execution_slots.go:257.2,257.64 1 6
github.com/provide-io/flavor/go/flavor/pkg/psp/format_2025/execution_slots.go:257.64,259.3 1 0
github.com/provide-io/flavor/go/flavor/pkg/psp/format_2025/execution_slots.go:262.2,262.62 1 6
github.com/provide-io/flavor/go/flavor/pkg/psp/format_2025/execution_slots.go:262.62,264.3 1 0
github.com/provide-io/flavor/go/flavor/pkg/psp/format_2025/execution_slots.go:266.2,266.23 1 6
github.com/provide-io/flavor/go/flavor/pkg/psp/format_2025/execution_utils.go:13.38,15.16 2 6
github.com/provide-io/flavor/go/flavor/pkg/psp/format_2025/execution_utils.go:15.16,17.3 1 0
github.com/provide-io/flavor/go/flavor/pkg/psp/format_2025/execution_utils.go:18.2,21.16 3 6
github.com/provide-io/flavor/go/flavor/pkg/psp/format_2025/execution_utils.go:21.16,23.3 1 0
github.com/provide-io/flavor/go/flavor/pkg/psp/format_2025/execution_utils.go:24.2,26.57 2 6
github.com/provide-io/flavor/go/flavor/pkg/psp/format_2025/execution_utils.go:26.57,28.3 1 0
github.com/provide-io/flavor/go/flavor/pkg/psp/format_2025/execution_utils.go:31.2,32.16 2 6
github.com/provide-io/flavor/go/flavor/pkg/psp/format_2025/execution_utils.go:32.16,34.3 1 0
github.com/provide-io/flavor/go/flavor/pkg/psp/format_2025/execution_utils.go:35.2,35.41 1 6
[...]
github.com/provide-io/flavor/go/flavor/pkg/psp/format_2025/runtime.go:68.11,70.49 1 1
github.com/provide-io/flavor/go/flavor/pkg/psp/format_2025/runtime.go:70.49,73.7 2 1
github.com/provide-io/flavor/go/flavor/pkg/psp/format_2025/runtime.go:79.2,79.62 1 2
github.com/provide-io/flavor/go/flavor/pkg/psp/format_2025/runtime.go:79.62,81.37 2 1
github.com/provide-io/flavor/go/flavor/pkg/psp/format_2025/runtime.go:81.37,82.46 1 2
github.com/provide-io/flavor/go/flavor/pkg/psp/format_2025/runtime.go:82.46,83.26 1 2
github.com/provide-io/flavor/go/flavor/pkg/psp/format_2025/runtime.go:83.26,87.30 3 1
github.com/provide-io/flavor/go/flavor/pkg/psp/format_2025/runtime.go:87.30,88.29 1 5
github.com/provide-io/flavor/go/flavor/pkg/psp/format_2025/runtime.go:88.29,90.8 1 2
github.com/provide-io/flavor/go/flavor/pkg/psp/format_2025/runtime.go:92.6,92.35 1 1
github.com/provide-io/flavor/go/flavor/pkg/psp/format_2025/runtime.go:92.35,95.7 2 2
github.com/provide-io/flavor/go/flavor/pkg/psp/format_2025/runtime.go:96.6,96.97 1 1
github.com/provide-io/flavor/go/flavor/pkg/psp/format_2025/runtime.go:97.11,97.86 1 1
github.com/provide-io/flavor/go/flavor/pkg/psp/format_2025/runtime.go:97.86,100.30 2 0
github.com/provide-io/flavor/go/flavor/pkg/psp/format_2025/runtime.go:100.30,101.87 1 0
github.com/provide-io/flavor/go/flavor/pkg/psp/format_2025/runtime.go:101.87,103.8 1 0
github.com/provide-io/flavor/go/flavor/pkg/psp/format_2025/runtime.go:105.6,105.35 1 0
github.com/provide-io/flavor/go/flavor/pkg/psp/format_2025/runtime.go:105.35,108.7 2 0
github.com/provide-io/flavor/go/flavor/pkg/psp/format_2025/runtime.go:109.11,111.78 1 1
github.com/provide-io/flavor/go/flavor/pkg/psp/format_2025/runtime.go:111.78,114.7 2 0
github.com/provide-io/flavor/go/flavor/pkg/psp/format_2025/runtime.go:120.2,120.66 1 2
github.com/provide-io/flavor/go/flavor/pkg/psp/format_2025/runtime.go:120.66,122.32 2 1
github.com/provide-io/flavor/go/flavor/pkg/psp/format_2025/runtime.go:122.32,123.36 1 1
github.com/provide-io/flavor/go/flavor/pkg/psp/format_2025/runtime.go:123.36,124.46 1 1
github.com/provide-io/flavor/go/flavor/pkg/psp/format_2025/runtime.go:124.46,126.23 2 0
github.com/provide-io/flavor/go/flavor/pkg/psp/format_2025/runtime.go:126.23,129.7 2 0
github.com/provide-io/flavor/go/flavor/pkg/psp/format_2025/runtime.go:135.2,135.66 1 2
github.com/provide-io/flavor/go/flavor/pkg/psp/format_2025/runtime.go:135.66,137.34 2 2
github.com/provide-io/flavor/go/flavor/pkg/psp/format_2025/runtime.go:137.34,138.42 1 2
github.com/provide-io/flavor/go/flavor/pkg/psp/format_2025/runtime.go:138.42,141.5 2 2
github.com/provide-io/flavor/go/flavor/pkg/psp/format_2025/runtime.go:146.2,146.60 1 2
github.com/provide-io/flavor/go/flavor/pkg/psp/format_2025/runtime.go:146.60,148.36 2 1
github.com/provide-io/flavor/go/flavor/pkg/psp/format_2025/runtime.go:148.36,149.46 1 2
github.com/provide-io/flavor/go/flavor/pkg/psp/format_2025/runtime.go:149.46,150.79 1 2
github.com/provide-io/flavor/go/flavor/pkg/psp/format_2025/runtime.go:150.79,153.30 2 1
github.com/provide-io/flavor/go/flavor/pkg/psp/format_2025/runtime.go:153.30,154.65 1 1
github.com/provide-io/flavor/go/flavor/pkg/psp/format_2025/runtime.go:154.65,156.13 2 1
github.com/provide-io/flavor/go/flavor/pkg/psp/format_2025/runtime.go:159.6,159.16 1 1
github.com/provide-io/flavor/go/flavor/pkg/psp/format_2025/runtime.go:159.16,161.7 1 0
github.com/provide-io/flavor/go/flavor/pkg/psp/format_2025/runtime.go:161.12,163.7 1 1
github.com/provide-io/flavor/go/flavor/pkg/psp/format_2025/runtime.go:164.11,166.50 1 1
github.com/provide-io/flavor/go/flavor/pkg/psp/format_2025/runtime.go:166.50,168.7 1 0
github.com/provide-io/flavor/go/flavor/pkg/psp/format_2025/runtime.go:168.12,170.7 1 1
github.com/provide-io/flavor/go/flavor/pkg/psp/format_2025/runtime.go:176.2,177.27 2 2
github.com/provide-io/flavor/go/flavor/pkg/psp/format_2025/runtime.go:177.27,179.3 1 74
github.com/provide-io/flavor/go/flavor/pkg/psp/format_2025/runtime.go:181.2,181.15 1 2
github.com/provide-io/flavor/go/flavor/pkg/psp/format_2025/security_helpers.go:11.70,12.27 1 24
github.com/provide-io/flavor/go/flavor/pkg/psp/format_2025/security_helpers.go:12.27,14.3 1 1
github.com/provide-io/flavor/go/flavor/pkg/psp/format_2025/security_helpers.go:15.2,15.26 1 23
github.com/provide-io/flavor/go/flavor/pkg/psp/format_2025/security_helpers.go:18.70,19.41 1 5
github.com/provide-io/flavor/go/flavor/pkg/psp/format_2025/security_helpers.go:19.41,21.3 1 3
github.com/provide-io/flavor/go/flavor/pkg/psp/format_2025/security_helpers.go:22.2,22.27 1 2
github.com/provide-io/flavor/go/flavor/pkg/psp/format_2025/security_helpers.go:25.66,26.15 1 21
github.com/provide-io/flavor/go/flavor/pkg/psp/format_2025/security_helpers.go:26.15,28.3 1 1
github.com/provide-io/flavor/go/flavor/pkg/psp/format_2025/security_helpers.go:29.2,29.27 1 20
github.com/provide-io/flavor/go/flavor/pkg/psp/format_2025/security_helpers.go:32.72,34.16 2 2
github.com/provide-io/flavor/go/flavor/pkg/psp/format_2025/security_helpers.go:34.16,36.3 1 1
github.com/provide-io/flavor/go/flavor/pkg/psp/format_2025/security_helpers.go:37.2,37.26 1 1
github.com/provide-io/flavor/go/flavor/pkg/psp/format_2025/security_helpers.go:40.66,43.107 3 2
github.com/provide-io/flavor/go/flavor/pkg/psp/format_2025/security_helpers.go:43.107,45.3 1 1
github.com/provide-io/flavor/go/flavor/pkg/psp/format_2025/security_helpers.go:46.2,46.28 1 1
github.com/provide-io/flavor/go/flavor/pkg/psp/format_2025/security_helpers.go:49.59,51.2 1 2
github.com/provide-io/flavor/go/flavor/pkg/psp/format_2025/security_helpers.go:53.36,56.39 2 1
github.com/provide-io/flavor/go/flavor/pkg/psp/format_2025/security_helpers.go:56.39,58.3 1 0
github.com/provide-io/flavor/go/flavor/pkg/psp/format_2025/security_helpers.go:59.2,59.12 1 1
github.com/provide-io/flavor/go/flavor/pkg/psp/format_2025/security_helpers.go:62.39,65.39 2 1
github.com/provide-io/flavor/go/flavor/pkg/psp/format_2025/security_helpers.go:65.39,67.3 1 0
github.com/provide-io/flavor/go/flavor/pkg/psp/format_2025/security_helpers.go:68.2,68.12 1 1
github.com/provide-io/flavor/go/flavor/pkg/psp/format_2025/security_helpers.go:71.61,74.2 1 1
github.com/provide-io/flavor/go/flavor/pkg/psp/format_2025/security_helpers.go:76.83,79.2 1 8
github.com/provide-io/flavor/go/flavor/pkg/psp/format_2025/security_helpers.go:81.54,84.2 1 1
github.com/provide-io/flavor/go/flavor/pkg/psp/format_2025/security_helpers.go:86.53,89.2 1 15
github.com/provide-io/flavor/go/flavor/pkg/psp/format_2025/security_helpers.go:91.75,94.2 1 1
github.com/provide-io/flavor/go/flavor/pkg/psp/format_2025/slot_processor.go:18.46,21.2 2 2
github.com/provide-io/flavor/go/flavor/pkg/psp/format_2025/slot_processor.go:24.44,26.2 1 2
github.com/provide-io/flavor/go/flavor/pkg/psp/format_2025/slot_processor.go:66.73,74.2 1 13
github.com/provide-io/flavor/go/flavor/pkg/psp/format_2025/slot_processor.go:84.47,88.40 3 12
github.com/provide-io/flavor/go/flavor/pkg/psp/format_2025/slot_processor.go:88.40,89.50 1 6
github.com/provide-io/flavor/go/flavor/pkg/psp/format_2025/slot_processor.go:89.50,91.4 1 4
github.com/provide-io/flavor/go/flavor/pkg/psp/format_2025/slot_processor.go:94.2,94.12 1 8
github.com/provide-io/flavor/go/flavor/pkg/psp/format_2025/slot_processor.go:98.46,99.17 1 2
github.com/provide-io/flavor/go/flavor/pkg/psp/format_2025/slot_processor.go:100.17,101.11 1 0
github.com/provide-io/flavor/go/flavor/pkg/psp/format_2025/slot_processor.go:102.17,103.11 1 1
github.com/provide-io/flavor/go/flavor/pkg/psp/format_2025/slot_processor.go:104.14,105.11 1 1
github.com/provide-io/flavor/go/flavor/pkg/psp/format_2025/slot_processor.go:106.10,107.11 1 0
github.com/provide-io/flavor/go/flavor/pkg/psp/format_2025/slot_processor.go:112.50,113.19 1 2
github.com/provide-io/flavor/go/flavor/pkg/psp/format_2025/slot_processor.go:115.14,116.11 1 0
github.com/provide-io/flavor/go/flavor/pkg/psp/format_2025/slot_processor.go:117.17,118.11 1 1
github.com/provide-io/flavor/go/flavor/pkg/psp/format_2025/slot_processor.go:119.17,120.11 1 0
github.com/provide-io/flavor/go/flavor/pkg/psp/format_2025/slot_processor.go:121.18,122.11 1 0
github.com/provide-io/flavor/go/flavor/pkg/psp/format_2025/slot_processor.go:124.15,125.11 1 1
github.com/provide-io/flavor/go/flavor/pkg/psp/format_2025/slot_processor.go:126.19,127.11 1 0
github.com/provide-io/flavor/go/flavor/pkg/psp/format_2025/slot_processor.go:129.14,130.11 1 0
github.com/provide-io/flavor/go/flavor/pkg/psp/format_2025/slot_processor.go:131.15,132.11 1 0
github.com/provide-io/flavor/go/flavor/pkg/psp/format_2025/slot_processor.go:134.13,135.11 1 0
github.com/provide-io/flavor/go/flavor/pkg/psp/format_2025/slot_processor.go:136.16,137.11 1 0
github.com/provide-io/flavor/go/flavor/pkg/psp/format_2025/slot_processor.go:138.18,139.12 1 0
github.com/provide-io/flavor/go/flavor/pkg/psp/format_2025/slot_processor.go:140.10,141.11 1 0
github.com/provide-io/flavor/go/flavor/pkg/psp/format_2025/slot_processor.go:146.46,147.19 1 4
github.com/provide-io/flavor/go/flavor/pkg/psp/format_2025/slot_processor.go:147.19,149.3 1 0
github.com/provide-io/flavor/go/flavor/pkg/psp/format_2025/slot_processor.go:152.2,153.66 2 4
github.com/provide-io/flavor/go/flavor/pkg/psp/format_2025/slot_processor.go:153.66,155.3 1 4
github.com/provide-io/flavor/go/flavor/pkg/psp/format_2025/slot_processor.go:157.2,157.26 1 0
github.com/provide-io/flavor/go/flavor/pkg/psp/format_2025/slot_processor.go:178.67,180.19 1 6
github.com/provide-io/flavor/go/flavor/pkg/psp/format_2025/slot_processor.go:180.19,182.3 1 1
github.com/provide-io/flavor/go/flavor/pkg/psp/format_2025/slot_processor.go:183.2,183.23 1 5
github.com/provide-io/flavor/go/flavor/pkg/psp/format_2025/slot_processor.go:183.23,185.3 1 1
github.com/provide-io/flavor/go/flavor/pkg/psp/format_2025/slot_processor.go:186.2,186.23 1 4
github.com/provide-io/flavor/go/flavor/pkg/psp/format_2025/slot_processor.go:186.23,188.3 1 1
github.com/provide-io/flavor/go/flavor/pkg/psp/format_2025/slot_processor.go:191.2,191.27 1 3
github.com/provide-io/flavor/go/flavor/pkg/psp/format_2025/slot_processor.go:191.27,193.3 1 2
github.com/provide-io/flavor/go/flavor/pkg/psp/format_2025/slot_processor.go:194.2,194.28 1 3
github.com/provide-io/flavor/go/flavor/pkg/psp/format_2025/slot_processor.go:194.28,196.3 1 2
github.com/provide-io/flavor/go/flavor/pkg/psp/format_2025/slot_processor.go:199.2,199.45 1 3
github.com/provide-io/flavor/go/flavor/pkg/psp/format_2025/slot_processor.go:199.45,202.3 1 1
github.com/provide-io/flavor/go/flavor/pkg/psp/format_2025/slot_processor.go:204.2,208.36 2 2
github.com/provide-io/flavor/go/flavor/pkg/psp/format_2025/slot_processor.go:208.36,255.3 9 1
github.com/provide-io/flavor/go/flavor/pkg/psp/format_2025/slot_processor.go:258.2,259.16 2 1
github.com/provide-io/flavor/go/flavor/pkg/psp/format_2025/slot_processor.go:259.16,261.3 1 0
github.com/provide-io/flavor/go/flavor/pkg/psp/format_2025/slot_processor.go:264.2,285.25 5 1
github.com/provide-io/flavor/go/flavor/pkg/psp/format_2025/slot_processor.go:286.14,287.48 1 0
github.com/provide-io/flavor/go/flavor/pkg/psp/format_2025/slot_processor.go:288.23,289.56 1 1
github.com/provide-io/flavor/go/flavor/pkg/psp/format_2025/slot_processor.go:290.13,291.47 1 0
github.com/provide-io/flavor/go/flavor/pkg/psp/format_2025/slot_processor.go:292.10,293.17 1 0
github.com/provide-io/flavor/go/flavor/pkg/psp/format_2025/slot_processor.go:297.2,323.12 6 1
github.com/provide-io/flavor/go/flavor/pkg/psp/format_2025/slot_processor.go:341.82,344.45 2 2
github.com/provide-io/flavor/go/flavor/pkg/psp/format_2025/slot_processor.go:344.45,346.20 2 1
github.com/provide-io/flavor/go/flavor/pkg/psp/format_2025/slot_processor.go:346.20,348.4 1 0
github.com/provide-io/flavor/go/flavor/pkg/psp/format_2025/slot_processor.go:349.3,351.42 2 1
github.com/provide-io/flavor/go/flavor/pkg/psp/format_2025/slot_processor.go:355.2,356.16 2 2
github.com/provide-io/flavor/go/flavor/pkg/psp/format_2025/slot_processor.go:356.16,358.3 1 0
github.com/provide-io/flavor/go/flavor/pkg/psp/format_2025/slot_processor.go:360.2,366.37 3 2
github.com/provide-io/flavor/go/flavor/pkg/psp/format_2025/slot_processor.go:370.60,372.2 1 8
github.com/provide-io/flavor/go/flavor/pkg/psp/format_2025/slot_processor.go:375.55,377.2 1 8
github.com/provide-io/flavor/go/flavor/pkg/psp/format_2025/slot_processor.go:380.49,382.2 1 8
github.com/provide-io/flavor/go/flavor/pkg/psp/format_2025/slots.go:14.35,17.2 2 33
github.com/provide-io/flavor/go/flavor/pkg/psp/format_2025/slots.go:65.40,97.2 19 41
github.com/provide-io/flavor/go/flavor/pkg/psp/format_2025/slots.go:100.65,101.37 1 55
github.com/provide-io/flavor/go/flavor/pkg/psp/format_2025/slots.go:101.37,107.3 2 0
github.com/provide-io/flavor/go/flavor/pkg/psp/format_2025/slots.go:109.2,137.15 4 55
github.com/provide-io/flavor/go/flavor/pkg/psp/format_2025/slots.go:141.50,143.2 1 9
github.com/provide-io/flavor/go/flavor/pkg/psp/format_2025/slots.go:146.55,149.2 2 24
github.com/provide-io/flavor/go/flavor/pkg/psp/format_2025/trust.go:29.33,30.52 1 8
github.com/provide-io/flavor/go/flavor/pkg/psp/format_2025/trust.go:30.52,32.3 1 8
github.com/provide-io/flavor/go/flavor/pkg/psp/format_2025/trust.go:33.2,33.63 1 0
github.com/provide-io/flavor/go/flavor/pkg/psp/format_2025/trust.go:38.65,39.48 1 8
github.com/provide-io/flavor/go/flavor/pkg/psp/format_2025/trust.go:39.48,41.3 1 1
github.com/provide-io/flavor/go/flavor/pkg/psp/format_2025/trust.go:42.2,43.41 2 7
github.com/provide-io/flavor/go/flavor/pkg/psp/format_2025/trust.go:48.45,50.21 2 3
github.com/provide-io/flavor/go/flavor/pkg/psp/format_2025/trust.go:50.21,52.41 2 3
github.com/provide-io/flavor/go/flavor/pkg/psp/format_2025/trust.go:52.41,54.4 1 1
github.com/provide-io/flavor/go/flavor/pkg/psp/format_2025/trust.go:56.3,56.44 1 2
github.com/provide-io/flavor/go/flavor/pkg/psp/format_2025/trust.go:56.44,57.9 1 2
github.com/provide-io/flavor/go/flavor/pkg/psp/format_2025/trust.go:60.2,60.11 1 2
github.com/provide-io/flavor/go/flavor/pkg/psp/format_2025/trust.go:64.44,67.21 3 3
github.com/provide-io/flavor/go/flavor/pkg/psp/format_2025/trust.go:67.21,69.36 2 10
github.com/provide-io/flavor/go/flavor/pkg/psp/format_2025/trust.go:69.36,71.4 1 9
github.com/provide-io/flavor/go/flavor/pkg/psp/format_2025/trust.go:73.2,73.42 1 3
github.com/provide-io/flavor/go/flavor/pkg/psp/format_2025/trust.go:78.55,80.16 2 3
github.com/provide-io/flavor/go/flavor/pkg/psp/format_2025/trust.go:80.16,82.3 1 0
github.com/provide-io/flavor/go/flavor/pkg/psp/format_2025/trust.go:84.2,88.18 4 3
github.com/provide-io/flavor/go/flavor/pkg/psp/format_2025/trust.go:88.18,90.3 1 0
github.com/provide-io/flavor/go/flavor/pkg/psp/format_2025/trust.go:92.2,93.16 2 3
github.com/provide-io/flavor/go/flavor/pkg/psp/format_2025/trust.go:93.16,95.3 1 0
github.com/provide-io/flavor/go/flavor/pkg/psp/format_2025/trust.go:97.2,98.9 2 3
github.com/provide-io/flavor/go/flavor/pkg/psp/format_2025/trust.go:98.9,100.3 1 0
github.com/provide-io/flavor/go/flavor/pkg/psp/format_2025/trust.go:102.2,103.16 2 3
github.com/provide-io/flavor/go/flavor/pkg/psp/format_2025/trust.go:103.16,105.3 1 0
github.com/provide-io/flavor/go/flavor/pkg/psp/format_2025/trust.go:107.2,111.8 1 3
github.com/provide-io/flavor/go/flavor/pkg/psp/format_2025/trust.go:117.76,119.16 2 5
github.com/provide-io/flavor/go/flavor/pkg/psp/format_2025/trust.go:119.16,120.25 1 1
github.com/provide-io/flavor/go/flavor/pkg/psp/format_2025/trust.go:120.25,122.4 1 1
github.com/provide-io/flavor/go/flavor/pkg/psp/format_2025/trust.go:123.3,123.71 1 0
github.com/provide-io/flavor/go/flavor/pkg/psp/format_2025/trust.go:126.2,126.32 1 4
github.com/provide-io/flavor/go/flavor/pkg/psp/format_2025/trust.go:126.32,127.20 1 3
github.com/provide-io/flavor/go/flavor/pkg/psp/format_2025/trust.go:127.20,128.12 1 0
github.com/provide-io/flavor/go/flavor/pkg/psp/format_2025/trust.go:130.3,131.39 2 3
github.com/provide-io/flavor/go/flavor/pkg/psp/format_2025/trust.go:131.39,132.12 1 0
github.com/provide-io/flavor/go/flavor/pkg/psp/format_2025/trust.go:134.3,136.17 3 3
github.com/provide-io/flavor/go/flavor/pkg/psp/format_2025/trust.go:136.17,138.12 2 0
github.com/provide-io/flavor/go/flavor/pkg/psp/format_2025/trust.go:140.3,140.28 1 3
github.com/provide-io/flavor/go/flavor/pkg/psp/format_2025/trust.go:142.2,142.18 1 4
github.com/provide-io/flavor/go/flavor/pkg/psp/format_2025/trust.go:147.73,150.70 2 5
github.com/provide-io/flavor/go/flavor/pkg/psp/format_2025/trust.go:150.70,152.3 1 0
github.com/provide-io/flavor/go/flavor/pkg/psp/format_2025/trust.go:154.2,154.19 1 5
github.com/provide-io/flavor/go/flavor/pkg/psp/format_2025/trust.go:154.19,156.58 2 0
github.com/provide-io/flavor/go/flavor/pkg/psp/format_2025/trust.go:156.58,158.4 1 0
github.com/provide-io/flavor/go/flavor/pkg/psp/format_2025/trust.go:161.2,161.18 1 5
github.com/provide-io/flavor/go/flavor/pkg/psp/format_2025/trust.go:166.74,169.44 3 3
github.com/provide-io/flavor/go/flavor/pkg/psp/format_2025/trust.go:169.44,171.3 1 2
github.com/provide-io/flavor/go/flavor/pkg/psp/format_2025/trust.go:173.2,174.19 2 3
github.com/provide-io/flavor/go/flavor/pkg/psp/format_2025/trust.go:174.19,176.44 2 0
github.com/provide-io/flavor/go/flavor/pkg/psp/format_2025/trust.go:176.44,178.4 1 0
github.com/provide-io/flavor/go/flavor/pkg/psp/format_2025/trust.go:181.2,181.31 1 3
github.com/provide-io/flavor/go/flavor/pkg/psp/format_2025/trust.go:181.31,183.3 1 1
github.com/provide-io/flavor/go/flavor/pkg/psp/format_2025/trust.go:185.2,186.16 2 2
github.com/provide-io/flavor/go/flavor/pkg/psp/format_2025/trust.go:186.16,188.3 1 0
github.com/provide-io/flavor/go/flavor/pkg/psp/format_2025/trust.go:190.2,192.21 3 2
github.com/provide-io/flavor/go/flavor/pkg/psp/format_2025/utils.go:5.44,7.65 1 3
github.com/provide-io/flavor/go/flavor/pkg/psp/format_2025/utils.go:7.65,9.3 1 2
github.com/provide-io/flavor/go/flavor/pkg/psp/format_2025/utils.go:12.2,12.11 1 1
github.com/provide-io/flavor/go/flavor/pkg/psp/format_2025/utils.go:15.55,17.2 1 12
github.com/provide-io/flavor/go/flavor/pkg/api.go:7.65,9.2 1 1
github.com/provide-io/flavor/go/flavor/pkg/api.go:11.116,13.2 1 1
github.com/provide-io/flavor/go/flavor/pkg/api.go:15.127,17.2 1 1
github.com/provide-io/flavor/go/flavor/pkg/verification.go:13.66,15.16 2 1
github.com/provide-io/flavor/go/flavor/pkg/verification.go:15.16,18.3 2 0
github.com/provide-io/flavor/go/flavor/pkg/verification.go:19.2,19.15 1 1
github.com/provide-io/flavor/go/flavor/pkg/verification.go:19.15,20.40 1 0
github.com/provide-io/flavor/go/flavor/pkg/verification.go:20.40,22.4 1 0
github.com/provide-io/flavor/go/flavor/pkg/verification.go:25.2,30.16 4 1
github.com/provide-io/flavor/go/flavor/pkg/verification.go:30.16,33.3 2 1
github.com/provide-io/flavor/go/flavor/pkg/verification.go:33.8,35.3 1 0
github.com/provide-io/flavor/go/flavor/pkg/verification.go:37.2,38.16 2 1
github.com/provide-io/flavor/go/flavor/pkg/verification.go:38.16,41.3 2 1
github.com/provide-io/flavor/go/flavor/pkg/verification.go:41.8,43.3 1 0
github.com/provide-io/flavor/go/flavor/pkg/verification.go:45.2,46.16 2 1
github.com/provide-io/flavor/go/flavor/pkg/verification.go:46.16,49.3 2 1
github.com/provide-io/flavor/go/flavor/pkg/verification.go:49.8,52.39 2 0
github.com/provide-io/flavor/go/flavor/pkg/verification.go:52.39,54.18 2 0
github.com/provide-io/flavor/go/flavor/pkg/verification.go:54.18,57.5 2 0
github.com/provide-io/flavor/go/flavor/pkg/verification.go:57.10,59.5 1 0
github.com/provide-io/flavor/go/flavor/pkg/verification.go:63.2,63.22 1 1
github.com/provide-io/flavor/go/flavor/pkg/verification.go:63.22,65.3 1 0
github.com/provide-io/flavor/go/flavor/pkg/verification.go:65.8,67.30 2 1
github.com/provide-io/flavor/go/flavor/pkg/verification.go:67.30,69.4 1 3
github.com/provide-io/flavor/go/flavor/pkg/verification.go:70.3,70.13 1 1
github.com/provide-io/flavor/go/flavor/pkg/verification.go:75.35,78.2 2 1
