mode: atomic
github.com/provide-io/flavor/go/flavor/pkg/utils/shellparse/parser.go:39.44,40.17 1 62
github.com/provide-io/flavor/go/flavor/pkg/utils/shellparse/parser.go:40.17,42.3 1 2
github.com/provide-io/flavor/go/flavor/pkg/utils/shellparse/parser.go:44.2,52.30 7 60
github.com/provide-io/flavor/go/flavor/pkg/utils/shellparse/parser.go:52.30,56.35 2 1157
github.com/provide-io/flavor/go/flavor/pkg/utils/shellparse/parser.go:56.35,58.21 1 12
github.com/provide-io/flavor/go/flavor/pkg/utils/shellparse/parser.go:58.21,60.5 1 2
github.com/provide-io/flavor/go/flavor/pkg/utils/shellparse/parser.go:61.4,65.21 3 10
github.com/provide-io/flavor/go/flavor/pkg/utils/shellparse/parser.go:65.21,66.19 1 4
github.com/provide-io/flavor/go/flavor/pkg/utils/shellparse/parser.go:67.30,68.31 1 3
github.com/provide-io/flavor/go/flavor/pkg/utils/shellparse/parser.go:69.13,72.31 2 1
github.com/provide-io/flavor/go/flavor/pkg/utils/shellparse/parser.go:74.10,77.5 1 6
github.com/provide-io/flavor/go/flavor/pkg/utils/shellparse/parser.go:78.4,78.12 1 10
github.com/provide-io/flavor/go/flavor/pkg/utils/shellparse/parser.go:82.3,82.35 1 1145
github.com/provide-io/flavor/go/flavor/pkg/utils/shellparse/parser.go:82.35,83.21 1 25
github.com/provide-io/flavor/go/flavor/pkg/utils/shellparse/parser.go:83.21,87.5 2 12
github.com/provide-io/flavor/go/flavor/pkg/utils/shellparse/parser.go:87.10,90.5 1 13
github.com/provide-io/flavor/go/flavor/pkg/utils/shellparse/parser.go:91.4,91.12 1 25
github.com/provide-io/flavor/go/flavor/pkg/utils/shellparse/parser.go:95.3,95.34 1 1120
github.com/provide-io/flavor/go/flavor/pkg/utils/shellparse/parser.go:95.34,96.21 1 61
github.com/provide-io/flavor/go/flavor/pkg/utils/shellparse/parser.go:96.21,100.5 2 29
github.com/provide-io/flavor/go/flavor/pkg/utils/shellparse/parser.go:100.10,103.5 1 32
github.com/provide-io/flavor/go/flavor/pkg/utils/shellparse/parser.go:104.4,104.12 1 61
github.com/provide-io/flavor/go/flavor/pkg/utils/shellparse/parser.go:108.3,108.62 1 1059
github.com/provide-io/flavor/go/flavor/pkg/utils/shellparse/parser.go:108.62,110.38 1 98
github.com/provide-io/flavor/go/flavor/pkg/utils/shellparse/parser.go:110.38,114.5 3 88
github.com/provide-io/flavor/go/flavor/pkg/utils/shellparse/parser.go:115.4,115.12 1 98
github.com/provide-io/flavor/go/flavor/pkg/utils/shellparse/parser.go:119.3,119.24 1 961
github.com/provide-io/flavor/go/flavor/pkg/utils/shellparse/parser.go:123.2,123.36 1 58
github.com/provide-io/flavor/go/flavor/pkg/utils/shellparse/parser.go:123.36,125.20 2 4
github.com/provide-io/flavor/go/flavor/pkg/utils/shellparse/parser.go:125.20,127.4 1 3
github.com/provide-io/flavor/go/flavor/pkg/utils/shellparse/parser.go:128.3,128.79 1 4
github.com/provide-io/flavor/go/flavor/pkg/utils/shellparse/parser.go:132.2,132.36 1 54
github.com/provide-io/flavor/go/flavor/pkg/utils/shellparse/parser.go:132.36,134.3 1 53
github.com/provide-io/flavor/go/flavor/pkg/utils/shellparse/parser.go:136.2,136.20 1 54
github.com/provide-io/flavor/go/flavor/pkg/utils/shellparse/parser.go:141.39,143.16 2 2
github.com/provide-io/flavor/go/flavor/pkg/utils/shellparse/parser.go:143.16,144.54 1 1
github.com/provide-io/flavor/go/flavor/pkg/utils/shellparse/parser.go:146.2,146.15 1 1
github.com/provide-io/flavor/go/flavor/pkg/utils/shellparse/parser.go:151.33,152.20 1 11
github.com/provide-io/flavor/go/flavor/pkg/utils/shellparse/parser.go:152.20,154.3 1 1
github.com/provide-io/flavor/go/flavor/pkg/utils/shellparse/parser.go:156.2,157.27 2 10
github.com/provide-io/flavor/go/flavor/pkg/utils/shellparse/parser.go:157.27,159.3 1 28
github.com/provide-io/flavor/go/flavor/pkg/utils/shellparse/parser.go:161.2,161.33 1 10
github.com/provide-io/flavor/go/flavor/pkg/utils/shellparse/parser.go:165.31,166.15 1 28
github.com/provide-io/flavor/go/flavor/pkg/utils/shellparse/parser.go:166.15,168.3 1 1
github.com/provide-io/flavor/go/flavor/pkg/utils/shellparse/parser.go:171.2,172.25 2 27
github.com/provide-io/flavor/go/flavor/pkg/utils/shellparse/parser.go:172.25,173.93 1 119
github.com/provide-io/flavor/go/flavor/pkg/utils/shellparse/parser.go:173.93,175.9 2 7
github.com/provide-io/flavor/go/flavor/pkg/utils/shellparse/parser.go:179.2,179.17 1 27
github.com/provide-io/flavor/go/flavor/pkg/utils/shellparse/parser.go:179.17,181.3 1 20
github.com/provide-io/flavor/go/flavor/pkg/utils/shellparse/parser.go:184.2,184.33 1 7
github.com/provide-io/flavor/go/flavor/pkg/utils/shellparse/parser.go:184.33,186.3 1 4
github.com/provide-io/flavor/go/flavor/pkg/utils/shellparse/parser.go:189.2,191.25 3 3
github.com/provide-io/flavor/go/flavor/pkg/utils/shellparse/parser.go:191.25,192.56 1 42
github.com/provide-io/flavor/go/flavor/pkg/utils/shellparse/parser.go:192.56,194.4 1 0
github.com/provide-io/flavor/go/flavor/pkg/utils/shellparse/parser.go:195.3,195.23 1 42
github.com/provide-io/flavor/go/flavor/pkg/utils/shellparse/parser.go:197.2,199.24 2 3
github.com/provide-io/flavor/go/flavor/pkg/logging/logger.go:13.74,14.19 1 2
github.com/provide-io/flavor/go/flavor/pkg/logging/logger.go:14.19,16.3 1 0
github.com/provide-io/flavor/go/flavor/pkg/logging/logger.go:19.2,22.17 2 2
github.com/provide-io/flavor/go/flavor/pkg/logging/logger.go:22.17,24.3 1 1
github.com/provide-io/flavor/go/flavor/pkg/logging/logger.go:26.2,32.28 1 2
github.com/provide-io/flavor/go/flavor/pkg/logging/logger.go:32.28,34.4 1 2
github.com/provide-io/flavor/go/flavor/pkg/logging/logger.go:37.2,37.24 1 2
github.com/provide-io/flavor/go/flavor/pkg/logging/logger.go:41.27,43.17 2 2
github.com/provide-io/flavor/go/flavor/pkg/logging/logger.go:43.17,45.3 1 1
github.com/provide-io/flavor/go/flavor/pkg/logging/logger.go:46.2,46.14 1 2
github.com/provide-io/flavor/go/flavor/pkg/logging/prefix_writer.go:16.64,21.2 1 3
github.com/provide-io/flavor/go/flavor/pkg/logging/prefix_writer.go:25.54,27.46 2 4
github.com/provide-io/flavor/go/flavor/pkg/logging/prefix_writer.go:27.46,29.3 1 0
github.com/provide-io/flavor/go/flavor/pkg/logging/prefix_writer.go:31.2,31.6 1 4
github.com/provide-io/flavor/go/flavor/pkg/logging/prefix_writer.go:31.6,33.17 2 8
github.com/provide-io/flavor/go/flavor/pkg/logging/prefix_writer.go:33.17,35.21 1 4
github.com/provide-io/flavor/go/flavor/pkg/logging/prefix_writer.go:35.21,37.54 1 1
github.com/provide-io/flavor/go/flavor/pkg/logging/prefix_writer.go:37.54,39.6 1 0
github.com/provide-io/flavor/go/flavor/pkg/logging/prefix_writer.go:41.4,41.9 1 4
github.com/provide-io/flavor/go/flavor/pkg/logging/prefix_writer.go:44.3,44.63 1 4
github.com/provide-io/flavor/go/flavor/pkg/logging/prefix_writer.go:44.63,46.4 1 0
github.com/provide-io/flavor/go/flavor/pkg/logging/prefix_writer.go:47.3,47.50 1 4
github.com/provide-io/flavor/go/flavor/pkg/logging/prefix_writer.go:47.50,49.4 1 0
github.com/provide-io/flavor/go/flavor/pkg/logging/prefix_writer.go:52.2,52.15 1 4
github.com/provide-io/flavor/go/flavor/internal/workenv/validation.go:20.71,25.16 3 6
github.com/provide-io/flavor/go/flavor/internal/workenv/validation.go:25.16,27.3 1 0
github.com/provide-io/flavor/go/flavor/internal/workenv/validation.go:30.2,31.54 2 6
github.com/provide-io/flavor/go/flavor/internal/workenv/validation.go:31.54,33.3 1 1
github.com/provide-io/flavor/go/flavor/internal/workenv/validation.go:36.2,36.68 1 5
github.com/provide-io/flavor/go/flavor/internal/workenv/validation.go:36.68,38.3 1 0
github.com/provide-io/flavor/go/flavor/internal/workenv/validation.go:41.2,41.51 1 5
github.com/provide-io/flavor/go/flavor/internal/workenv/validation.go:41.51,43.3 1 1
github.com/provide-io/flavor/go/flavor/internal/workenv/validation.go:46.2,46.52 1 4
github.com/provide-io/flavor/go/flavor/internal/workenv/validation.go:46.52,48.3 1 1
github.com/provide-io/flavor/go/flavor/internal/workenv/validation.go:51.2,52.36 2 3
github.com/provide-io/flavor/go/flavor/internal/workenv/validation.go:52.36,54.65 2 5
github.com/provide-io/flavor/go/flavor/internal/workenv/validation.go:54.65,56.4 1 1
github.com/provide-io/flavor/go/flavor/internal/workenv/validation.go:59.2,59.13 1 2
github.com/provide-io/flavor/go/flavor/internal/workenv/validation.go:63.77,74.16 4 1
github.com/provide-io/flavor/go/flavor/internal/workenv/validation.go:74.16,76.3 1 0
github.com/provide-io/flavor/go/flavor/internal/workenv/validation.go:78.2,78.45 1 1
github.com/provide-io/flavor/go/flavor/internal/workenv/validation.go:82.55,91.16 4 1
github.com/provide-io/flavor/go/flavor/internal/workenv/validation.go:91.16,93.3 1 0
github.com/provide-io/flavor/go/flavor/internal/workenv/validation.go:96.2,98.45 2 1
github.com/provide-io/flavor/go/flavor/internal/workenv/validation.go:102.31,116.2 4 1
github.com/provide-io/flavor/go/flavor/internal/workenv/workenv.go:16.67,19.20 2 3
github.com/provide-io/flavor/go/flavor/internal/workenv/workenv.go:19.20,21.25 1 2
github.com/provide-io/flavor/go/flavor/internal/workenv/workenv.go:21.25,23.4 1 1
github.com/provide-io/flavor/go/flavor/internal/workenv/workenv.go:23.9,25.4 1 1
github.com/provide-io/flavor/go/flavor/internal/workenv/workenv.go:26.8,32.3 4 1
github.com/provide-io/flavor/go/flavor/internal/workenv/workenv.go:34.2,34.50 1 3
github.com/provide-io/flavor/go/flavor/internal/workenv/workenv.go:38.28,40.64 1 7
github.com/provide-io/flavor/go/flavor/internal/workenv/workenv.go:40.64,42.3 1 4
github.com/provide-io/flavor/go/flavor/internal/workenv/workenv.go:45.2,45.22 1 3
github.com/provide-io/flavor/go/flavor/internal/workenv/workenv.go:46.16,47.44 1 3
github.com/provide-io/flavor/go/flavor/internal/workenv/workenv.go:47.44,49.4 1 2
github.com/provide-io/flavor/go/flavor/internal/workenv/workenv.go:50.15,51.62 1 0
github.com/provide-io/flavor/go/flavor/internal/workenv/workenv.go:51.62,53.4 1 0
github.com/provide-io/flavor/go/flavor/internal/workenv/workenv.go:54.3,54.44 1 0
github.com/provide-io/flavor/go/flavor/internal/workenv/workenv.go:54.44,56.4 1 0
github.com/provide-io/flavor/go/flavor/internal/workenv/workenv.go:57.17,58.68 1 0
github.com/provide-io/flavor/go/flavor/internal/workenv/workenv.go:58.68,60.4 1 0
github.com/provide-io/flavor/go/flavor/internal/workenv/workenv.go:64.2,64.55 1 1
github.com/provide-io/flavor/go/flavor/internal/workenv/workenv.go:70.29,71.67 1 4
github.com/provide-io/flavor/go/flavor/internal/workenv/workenv.go:71.67,73.3 1 1
github.com/provide-io/flavor/go/flavor/internal/workenv/workenv.go:74.2,74.64 1 3
github.com/provide-io/flavor/go/flavor/internal/workenv/workenv.go:74.64,76.3 1 1
github.com/provide-io/flavor/go/flavor/internal/workenv/workenv.go:77.2,77.22 1 2
github.com/provide-io/flavor/go/flavor/internal/workenv/workenv.go:78.17,79.53 1 0
github.com/provide-io/flavor/go/flavor/internal/workenv/workenv.go:79.53,81.4 1 0
github.com/provide-io/flavor/go/flavor/internal/workenv/workenv.go:82.10,83.44 1 2
github.com/provide-io/flavor/go/flavor/internal/workenv/workenv.go:83.44,85.4 1 1
github.com/provide-io/flavor/go/flavor/internal/workenv/workenv.go:87.2,87.56 1 1
github.com/provide-io/flavor/go/flavor/internal/workenv/workenv.go:93.35,94.31 1 1
github.com/provide-io/flavor/go/flavor/internal/workenv/workenv.go:94.31,95.65 1 0
github.com/provide-io/flavor/go/flavor/internal/workenv/workenv.go:95.65,97.4 1 0
github.com/provide-io/flavor/go/flavor/internal/workenv/workenv.go:98.3,98.52 1 0
github.com/provide-io/flavor/go/flavor/internal/workenv/workenv.go:100.2,100.22 1 1
github.com/provide-io/flavor/go/flavor/internal/workenv/workenv.go:104.61,106.48 1 1
github.com/provide-io/flavor/go/flavor/internal/workenv/workenv.go:106.48,108.3 1 0
github.com/provide-io/flavor/go/flavor/internal/workenv/workenv.go:111.2,111.27 1 1
github.com/provide-io/flavor/go/flavor/internal/workenv/workenv.go:111.27,114.16 3 2
github.com/provide-io/flavor/go/flavor/internal/workenv/workenv.go:114.16,116.4 1 1
github.com/provide-io/flavor/go/flavor/internal/workenv/workenv.go:118.3,118.65 1 2
github.com/provide-io/flavor/go/flavor/internal/workenv/workenv.go:118.65,120.4 1 0
github.com/provide-io/flavor/go/flavor/internal/workenv/workenv.go:123.2,123.12 1 1
github.com/provide-io/flavor/go/flavor/cmd/flavor-go-launcher/main.go:13.13,15.15 1 1
github.com/provide-io/flavor/go/flavor/cmd/flavor-go-launcher/main.go:15.15,16.31 1 0
github.com/provide-io/flavor/go/flavor/cmd/flavor-go-launcher/main.go:16.31,20.4 3 0
github.com/provide-io/flavor/go/flavor/cmd/flavor-go-launcher/main.go:23.2,24.16 2 1
github.com/provide-io/flavor/go/flavor/cmd/flavor-go-launcher/main.go:24.16,27.3 2 1
github.com/provide-io/flavor/go/flavor/cmd/flavor-go-launcher/main.go:32.2,32.62 1 0
github.com/provide-io/flavor/go/flavor/cmd/flavor-go-builder/main.go:29.35,31.43 1 2
github.com/provide-io/flavor/go/flavor/cmd/flavor-go-builder/main.go:31.43,32.41 1 2
github.com/provide-io/flavor/go/flavor/cmd/flavor-go-builder/main.go:32.41,33.33 1 24
github.com/provide-io/flavor/go/flavor/cmd/flavor-go-builder/main.go:33.33,34.70 1 0
github.com/provide-io/flavor/go/flavor/cmd/flavor-go-builder/main.go:34.70,36.6 1 0
github.com/provide-io/flavor/go/flavor/cmd/flavor-go-builder/main.go:41.2,41.49 1 2
github.com/provide-io/flavor/go/flavor/cmd/flavor-go-builder/main.go:41.49,42.48 1 2
github.com/provide-io/flavor/go/flavor/cmd/flavor-go-builder/main.go:42.48,44.4 1 2
github.com/provide-io/flavor/go/flavor/cmd/flavor-go-builder/main.go:46.2,46.46 1 0
github.com/provide-io/flavor/go/flavor/cmd/flavor-go-builder/main.go:49.13,67.61 11 3
github.com/provide-io/flavor/go/flavor/cmd/flavor-go-builder/main.go:67.61,68.13 1 0
github.com/provide-io/flavor/go/flavor/cmd/flavor-go-builder/main.go:70.2,70.59 1 3
github.com/provide-io/flavor/go/flavor/cmd/flavor-go-builder/main.go:70.59,71.13 1 0
github.com/provide-io/flavor/go/flavor/cmd/flavor-go-builder/main.go:75.13,77.75 1 1
github.com/provide-io/flavor/go/flavor/cmd/flavor-go-builder/main.go:77.75,81.3 3 1
github.com/provide-io/flavor/go/flavor/cmd/flavor-go-builder/main.go:83.2,83.42 1 0
github.com/provide-io/flavor/go/flavor/cmd/flavor-go-builder/main.go:83.42,86.3 2 0
github.com/provide-io/flavor/go/flavor/cmd/flavor-go-builder/main.go:89.53,90.17 1 1
github.com/provide-io/flavor/go/flavor/cmd/flavor-go-builder/main.go:90.17,94.3 3 1
github.com/provide-io/flavor/go/flavor/cmd/flavor-go-builder/main.go:96.2,96.23 1 0
github.com/provide-io/flavor/go/flavor/cmd/flavor-go-builder/main.go:96.23,98.3 1 0
github.com/provide-io/flavor/go/flavor/cmd/flavor-go-builder/main.go:99.2,99.119 1 0
github.com/provide-io/flavor/go/flavor/pkg/api.go:7.65,9.2 1 1
github.com/provide-io/flavor/go/flavor/pkg/api.go:11.116,13.2 1 1
github.com/provide-io/flavor/go/flavor/pkg/api.go:15.127,17.2 1 1
github.com/provide-io/flavor/go/flavor/pkg/verification.go:13.66,15.16 2 1
github.com/provide-io/flavor/go/flavor/pkg/verification.go:15.16,18.3 2 0
github.com/provide-io/flavor/go/flavor/pkg/verification.go:19.2,19.15 1 1
github.com/provide-io/flavor/go/flavor/pkg/verification.go:19.15,20.40 1 0
github.com/provide-io/flavor/go/flavor/pkg/verification.go:20.40,22.4 1 0
github.com/provide-io/flavor/go/flavor/pkg/verification.go:25.2,30.16 4 1
github.com/provide-io/flavor/go/flavor/pkg/verification.go:30.16,33.3 2 1
github.com/provide-io/flavor/go/flavor/pkg/verification.go:33.8,35.3 1 0
github.com/provide-io/flavor/go/flavor/pkg/verification.go:37.2,38.16 2 1
github.com/provide-io/flavor/go/flavor/pkg/verification.go:38.16,41.3 2 1
github.com/provide-io/flavor/go/flavor/pkg/verification.go:41.8,43.3 1 0
github.com/provide-io/flavor/go/flavor/pkg/verification.go:45.2,46.16 2 1
github.com/provide-io/flavor/go/flavor/pkg/verification.go:46.16,49.3 2 1
github.com/provide-io/flavor/go/flavor/pkg/verification.go:49.8,52.39 2 0
github.com/provide-io/flavor/go/flavor/pkg/verification.go:52.39,54.18 2 0
github.com/provide-io/flavor/go/flavor/pkg/verification.go:54.18,57.5 2 0
github.com/provide-io/flavor/go/flavor/pkg/verification.go:57.10,59.5 1 0
github.com/provide-io/flavor/go/flavor/pkg/verification.go:63.2,63.22 1 1
github.com/provide-io/flavor/go/flavor/pkg/verification.go:63.22,65.3 1 0
github.com/provide-io/flavor/go/flavor/pkg/verification.go:65.8,67.30 2 1
github.com/provide-io/flavor/go/flavor/pkg/verification.go:67.30,69.4 1 3
github.com/provide-io/flavor/go/flavor/pkg/verification.go:70.3,70.13 1 1
github.com/provide-io/flavor/go/flavor/pkg/verification.go:75.35,78.2 2 1
github.com/provide-io/flavor/go/flavor/pkg/psp/format_2025/builder.go:32.123,37.23 3 13
github.com/provide-io/flavor/go/flavor/pkg/psp/format_2025/builder.go:37.23,40.3 2 2
github.com/provide-io/flavor/go/flavor/pkg/psp/format_2025/builder.go:40.8,40.70 1 11
github.com/provide-io/flavor/go/flavor/pkg/psp/format_2025/builder.go:40.70,43.3 2 1
github.com/provide-io/flavor/go/flavor/pkg/psp/format_2025/builder.go:43.8,43.63 1 10
github.com/provide-io/flavor/go/flavor/pkg/psp/format_2025/builder.go:43.63,46.3 2 1
github.com/provide-io/flavor/go/flavor/pkg/psp/format_2025/builder.go:46.8,49.3 2 9
github.com/provide-io/flavor/go/flavor/pkg/psp/format_2025/builder.go:52.2,54.41 3 13
github.com/provide-io/flavor/go/flavor/pkg/psp/format_2025/builder.go:54.41,57.21 3 2
github.com/provide-io/flavor/go/flavor/pkg/psp/format_2025/builder.go:57.21,59.4 1 2
github.com/provide-io/flavor/go/flavor/pkg/psp/format_2025/builder.go:59.9,61.4 1 0
github.com/provide-io/flavor/go/flavor/pkg/psp/format_2025/builder.go:65.2,68.53 2 13
github.com/provide-io/flavor/go/flavor/pkg/psp/format_2025/builder.go:68.53,69.119 1 3
github.com/provide-io/flavor/go/flavor/pkg/psp/format_2025/builder.go:69.119,72.4 2 3
github.com/provide-io/flavor/go/flavor/pkg/psp/format_2025/builder.go:76.2,76.17 1 13
github.com/provide-io/flavor/go/flavor/pkg/psp/format_2025/builder.go:76.17,78.3 1 11
github.com/provide-io/flavor/go/flavor/pkg/psp/format_2025/builder.go:80.2,86.28 1 13
github.com/provide-io/flavor/go/flavor/pkg/psp/format_2025/builder.go:86.28,88.4 1 62
github.com/provide-io/flavor/go/flavor/pkg/psp/format_2025/builder.go:92.2,97.98 4 13
github.com/provide-io/flavor/go/flavor/pkg/psp/format_2025/builder.go:101.109,103.2 1 9
github.com/provide-io/flavor/go/flavor/pkg/psp/format_2025/builder.go:108.121,112.16 2 11
github.com/provide-io/flavor/go/flavor/pkg/psp/format_2025/builder.go:112.16,115.3 2 0
github.com/provide-io/flavor/go/flavor/pkg/psp/format_2025/builder.go:117.2,118.62 2 11
github.com/provide-io/flavor/go/flavor/pkg/psp/format_2025/builder.go:118.62,121.3 2 0
github.com/provide-io/flavor/go/flavor/pkg/psp/format_2025/builder.go:125.2,126.24 2 11
github.com/provide-io/flavor/go/flavor/pkg/psp/format_2025/builder.go:126.24,128.3 1 0
github.com/provide-io/flavor/go/flavor/pkg/psp/format_2025/builder.go:129.2,129.24 1 11
github.com/provide-io/flavor/go/flavor/pkg/psp/format_2025/builder.go:129.24,132.3 2 0
github.com/provide-io/flavor/go/flavor/pkg/psp/format_2025/builder.go:133.2,138.16 4 11
github.com/provide-io/flavor/go/flavor/pkg/psp/format_2025/builder.go:138.16,140.3 1 1
github.com/provide-io/flavor/go/flavor/pkg/psp/format_2025/builder.go:140.8,143.3 2 10
github.com/provide-io/flavor/go/flavor/pkg/psp/format_2025/builder.go:145.2,147.16 3 11
github.com/provide-io/flavor/go/flavor/pkg/psp/format_2025/builder.go:147.16,150.3 2 0
github.com/provide-io/flavor/go/flavor/pkg/psp/format_2025/builder.go:151.2,155.16 3 11
github.com/provide-io/flavor/go/flavor/pkg/psp/format_2025/builder.go:155.16,158.3 2 0
github.com/provide-io/flavor/go/flavor/pkg/psp/format_2025/builder.go:159.2,164.70 4 11
github.com/provide-io/flavor/go/flavor/pkg/psp/format_2025/builder.go:164.70,167.3 2 0
github.com/provide-io/flavor/go/flavor/pkg/psp/format_2025/builder.go:170.2,172.16 3 11
github.com/provide-io/flavor/go/flavor/pkg/psp/format_2025/builder.go:172.16,175.3 2 0
github.com/provide-io/flavor/go/flavor/pkg/psp/format_2025/builder.go:180.2,181.51 2 11
github.com/provide-io/flavor/go/flavor/pkg/psp/format_2025/builder.go:181.51,184.3 2 0
github.com/provide-io/flavor/go/flavor/pkg/psp/format_2025/builder.go:185.2,199.26 7 11
github.com/provide-io/flavor/go/flavor/pkg/psp/format_2025/builder.go:199.26,203.17 3 1
github.com/provide-io/flavor/go/flavor/pkg/psp/format_2025/builder.go:203.17,206.4 2 0
github.com/provide-io/flavor/go/flavor/pkg/psp/format_2025/builder.go:207.3,207.42 1 1
github.com/provide-io/flavor/go/flavor/pkg/psp/format_2025/builder.go:208.8,208.26 1 10
github.com/provide-io/flavor/go/flavor/pkg/psp/format_2025/builder.go:208.26,214.23 3 2
github.com/provide-io/flavor/go/flavor/pkg/psp/format_2025/builder.go:214.23,216.24 2 1
github.com/provide-io/flavor/go/flavor/pkg/psp/format_2025/builder.go:216.24,219.5 2 0
github.com/provide-io/flavor/go/flavor/pkg/psp/format_2025/builder.go:222.3,225.96 4 2
github.com/provide-io/flavor/go/flavor/pkg/psp/format_2025/builder.go:226.8,230.17 3 8
github.com/provide-io/flavor/go/flavor/pkg/psp/format_2025/builder.go:230.17,233.4 2 0
github.com/provide-io/flavor/go/flavor/pkg/psp/format_2025/builder.go:234.3,234.51 1 8
github.com/provide-io/flavor/go/flavor/pkg/psp/format_2025/builder.go:236.2,243.64 4 11
github.com/provide-io/flavor/go/flavor/pkg/psp/format_2025/builder.go:243.64,244.70 1 2
github.com/provide-io/flavor/go/flavor/pkg/psp/format_2025/builder.go:244.70,246.4 1 1
github.com/provide-io/flavor/go/flavor/pkg/psp/format_2025/builder.go:246.9,248.4 1 1
github.com/provide-io/flavor/go/flavor/pkg/psp/format_2025/builder.go:249.3,249.65 1 2
github.com/provide-io/flavor/go/flavor/pkg/psp/format_2025/builder.go:250.8,253.17 3 9
github.com/provide-io/flavor/go/flavor/pkg/psp/format_2025/builder.go:253.17,256.4 2 0
github.com/provide-io/flavor/go/flavor/pkg/psp/format_2025/builder.go:256.9,258.4 1 9
github.com/provide-io/flavor/go/flavor/pkg/psp/format_2025/builder.go:262.2,263.35 2 11
github.com/provide-io/flavor/go/flavor/pkg/psp/format_2025/builder.go:263.35,268.3 1 1
github.com/provide-io/flavor/go/flavor/pkg/psp/format_2025/builder.go:271.2,272.27 2 11
github.com/provide-io/flavor/go/flavor/pkg/psp/format_2025/builder.go:272.27,276.3 1 1
github.com/provide-io/flavor/go/flavor/pkg/psp/format_2025/builder.go:278.2,315.53 3 11
github.com/provide-io/flavor/go/flavor/pkg/psp/format_2025/builder.go:315.53,318.3 2 0
github.com/provide-io/flavor/go/flavor/pkg/psp/format_2025/builder.go:321.2,330.16 6 11
github.com/provide-io/flavor/go/flavor/pkg/psp/format_2025/builder.go:330.16,333.3 2 0
github.com/provide-io/flavor/go/flavor/pkg/psp/format_2025/builder.go:334.2,336.16 3 11
github.com/provide-io/flavor/go/flavor/pkg/psp/format_2025/builder.go:336.16,339.3 2 0
github.com/provide-io/flavor/go/flavor/pkg/psp/format_2025/builder.go:340.2,343.16 3 11
github.com/provide-io/flavor/go/flavor/pkg/psp/format_2025/builder.go:343.16,346.3 2 0
github.com/provide-io/flavor/go/flavor/pkg/psp/format_2025/builder.go:347.2,348.16 2 11
github.com/provide-io/flavor/go/flavor/pkg/psp/format_2025/builder.go:348.16,351.3 2 0
github.com/provide-io/flavor/go/flavor/pkg/psp/format_2025/builder.go:354.2,355.16 2 11
github.com/provide-io/flavor/go/flavor/pkg/psp/format_2025/builder.go:355.16,358.3 2 0
github.com/provide-io/flavor/go/flavor/pkg/psp/format_2025/builder.go:359.2,360.56 2 11
github.com/provide-io/flavor/go/flavor/pkg/psp/format_2025/builder.go:360.56,363.3 2 0
github.com/provide-io/flavor/go/flavor/pkg/psp/format_2025/builder.go:365.2,366.16 2 11
github.com/provide-io/flavor/go/flavor/pkg/psp/format_2025/builder.go:366.16,369.3 2 0
github.com/provide-io/flavor/go/flavor/pkg/psp/format_2025/builder.go:370.2,371.16 2 11
github.com/provide-io/flavor/go/flavor/pkg/psp/format_2025/builder.go:371.16,374.3 2 0
github.com/provide-io/flavor/go/flavor/pkg/psp/format_2025/builder.go:375.2,376.16 2 11
github.com/provide-io/flavor/go/flavor/pkg/psp/format_2025/builder.go:376.16,379.3 2 0
github.com/provide-io/flavor/go/flavor/pkg/psp/format_2025/builder.go:380.2,381.16 2 11
github.com/provide-io/flavor/go/flavor/pkg/psp/format_2025/builder.go:381.16,384.3 2 0
github.com/provide-io/flavor/go/flavor/pkg/psp/format_2025/builder.go:387.2,388.16 2 11
github.com/provide-io/flavor/go/flavor/pkg/psp/format_2025/builder.go:388.16,391.3 2 0
github.com/provide-io/flavor/go/flavor/pkg/psp/format_2025/builder.go:392.2,392.75 1 11
github.com/provide-io/flavor/go/flavor/pkg/psp/format_2025/builder.go:392.75,395.3 2 0
github.com/provide-io/flavor/go/flavor/pkg/psp/format_2025/builder.go:398.2,398.45 1 11
github.com/provide-io/flavor/go/flavor/pkg/psp/format_2025/builder.go:398.45,400.27 1 3
github.com/provide-io/flavor/go/flavor/pkg/psp/format_2025/builder.go:400.27,403.12 3 0
github.com/provide-io/flavor/go/flavor/pkg/psp/format_2025/builder.go:407.3,408.17 2 3
github.com/provide-io/flavor/go/flavor/pkg/psp/format_2025/builder.go:408.17,411.4 2 0
github.com/provide-io/flavor/go/flavor/pkg/psp/format_2025/builder.go:412.3,413.30 2 3
github.com/provide-io/flavor/go/flavor/pkg/psp/format_2025/builder.go:413.30,415.48 2 0
github.com/provide-io/flavor/go/flavor/pkg/psp/format_2025/builder.go:415.48,418.5 2 0
github.com/provide-io/flavor/go/flavor/pkg/psp/format_2025/builder.go:422.3,424.17 3 3
github.com/provide-io/flavor/go/flavor/pkg/psp/format_2025/builder.go:424.17,427.4 2 0
github.com/provide-io/flavor/go/flavor/pkg/psp/format_2025/builder.go:428.3,430.50 3 3
github.com/provide-io/flavor/go/flavor/pkg/psp/format_2025/builder.go:430.50,433.4 2 0
github.com/provide-io/flavor/go/flavor/pkg/psp/format_2025/builder.go:437.2,438.16 2 11
github.com/provide-io/flavor/go/flavor/pkg/psp/format_2025/builder.go:438.16,441.3 2 0
github.com/provide-io/flavor/go/flavor/pkg/psp/format_2025/builder.go:442.2,442.56 1 11
github.com/provide-io/flavor/go/flavor/pkg/psp/format_2025/builder.go:442.56,445.3 2 0
github.com/provide-io/flavor/go/flavor/pkg/psp/format_2025/builder.go:448.2,448.39 1 11
github.com/provide-io/flavor/go/flavor/pkg/psp/format_2025/builder.go:448.39,449.70 1 3
github.com/provide-io/flavor/go/flavor/pkg/psp/format_2025/builder.go:449.70,452.4 2 0
github.com/provide-io/flavor/go/flavor/pkg/psp/format_2025/builder.go:456.2,456.51 1 11
github.com/provide-io/flavor/go/flavor/pkg/psp/format_2025/builder.go:456.51,459.3 2 0
github.com/provide-io/flavor/go/flavor/pkg/psp/format_2025/builder.go:462.2,467.16 3 11
github.com/provide-io/flavor/go/flavor/pkg/psp/format_2025/builder.go:467.16,470.3 2 0
github.com/provide-io/flavor/go/flavor/pkg/psp/format_2025/builder.go:471.2,471.59 1 11
github.com/provide-io/flavor/go/flavor/pkg/psp/format_2025/builder.go:471.59,474.3 2 0
github.com/provide-io/flavor/go/flavor/pkg/psp/format_2025/builder.go:475.2,476.52 2 11
github.com/provide-io/flavor/go/flavor/pkg/psp/format_2025/builder.go:476.52,479.3 2 0
github.com/provide-io/flavor/go/flavor/pkg/psp/format_2025/builder.go:480.2,480.49 1 11
github.com/provide-io/flavor/go/flavor/pkg/psp/format_2025/builder.go:480.49,483.3 2 0
github.com/provide-io/flavor/go/flavor/pkg/psp/format_2025/builder.go:486.2,492.16 4 11
github.com/provide-io/flavor/go/flavor/pkg/psp/format_2025/builder.go:492.16,495.3 2 0
github.com/provide-io/flavor/go/flavor/pkg/psp/format_2025/builder.go:496.2,497.16 2 11
github.com/provide-io/flavor/go/flavor/pkg/psp/format_2025/builder.go:497.16,500.3 2 0
github.com/provide-io/flavor/go/flavor/pkg/psp/format_2025/builder.go:501.2,502.16 2 11
github.com/provide-io/flavor/go/flavor/pkg/psp/format_2025/builder.go:502.16,505.3 2 0
github.com/provide-io/flavor/go/flavor/pkg/psp/format_2025/builder.go:508.2,519.56 7 11
github.com/provide-io/flavor/go/flavor/pkg/psp/format_2025/builder.go:519.56,522.3 2 0
github.com/provide-io/flavor/go/flavor/pkg/psp/format_2025/builder.go:525.2,525.51 1 11
github.com/provide-io/flavor/go/flavor/pkg/psp/format_2025/builder.go:525.51,528.3 2 0
github.com/provide-io/flavor/go/flavor/pkg/psp/format_2025/builder.go:531.2,531.58 1 11
github.com/provide-io/flavor/go/flavor/pkg/psp/format_2025/builder.go:531.58,534.3 2 0
github.com/provide-io/flavor/go/flavor/pkg/psp/format_2025/builder.go:536.2,549.75 3 11
github.com/provide-io/flavor/go/flavor/pkg/psp/format_2025/builder.go:549.75,552.3 2 0
github.com/provide-io/flavor/go/flavor/pkg/psp/format_2025/builder.go:553.2,558.36 2 11
github.com/provide-io/flavor/go/flavor/pkg/psp/format_2025/builder.go:558.36,561.3 2 0
github.com/provide-io/flavor/go/flavor/pkg/psp/format_2025/builder.go:562.2,567.54 2 11
github.com/provide-io/flavor/go/flavor/pkg/psp/format_2025/builder.go:567.54,570.86 2 0
github.com/provide-io/flavor/go/flavor/pkg/psp/format_2025/builder.go:570.86,573.4 2 0
github.com/provide-io/flavor/go/flavor/pkg/psp/format_2025/builder.go:575.3,575.63 1 0
github.com/provide-io/flavor/go/flavor/pkg/psp/format_2025/builder.go:584.80,586.2 1 12
github.com/provide-io/flavor/go/flavor/pkg/psp/format_2025/builder.go:588.98,590.2 1 15
github.com/provide-io/flavor/go/flavor/pkg/psp/format_2025/builder.go:592.97,594.23 1 15
github.com/provide-io/flavor/go/flavor/pkg/psp/format_2025/builder.go:594.23,597.3 2 13
github.com/provide-io/flavor/go/flavor/pkg/psp/format_2025/builder.go:599.2,602.26 2 2
github.com/provide-io/flavor/go/flavor/pkg/psp/format_2025/builder.go:602.26,605.3 2 1
github.com/provide-io/flavor/go/flavor/pkg/psp/format_2025/builder.go:607.2,608.14 2 1
github.com/provide-io/flavor/go/flavor/pkg/psp/format_2025/builder.go:616.98,617.45 1 6
github.com/provide-io/flavor/go/flavor/pkg/psp/format_2025/builder.go:617.45,619.3 1 1
github.com/provide-io/flavor/go/flavor/pkg/psp/format_2025/builder.go:621.2,627.50 5 5
github.com/provide-io/flavor/go/flavor/pkg/psp/format_2025/builder.go:627.50,629.3 1 1
github.com/provide-io/flavor/go/flavor/pkg/psp/format_2025/builder.go:630.2,630.69 1 4
github.com/provide-io/flavor/go/flavor/pkg/psp/format_2025/builder.go:630.69,632.3 1 0
github.com/provide-io/flavor/go/flavor/pkg/psp/format_2025/builder.go:634.2,635.63 2 4
github.com/provide-io/flavor/go/flavor/pkg/psp/format_2025/builder.go:635.63,637.3 1 0
github.com/provide-io/flavor/go/flavor/pkg/psp/format_2025/builder.go:639.2,646.16 3 4
github.com/provide-io/flavor/go/flavor/pkg/psp/format_2025/builder.go:646.16,648.3 1 0
github.com/provide-io/flavor/go/flavor/pkg/psp/format_2025/builder.go:649.2,649.36 1 4
github.com/provide-io/flavor/go/flavor/pkg/psp/format_2025/builder.go:649.36,651.3 1 1
github.com/provide-io/flavor/go/flavor/pkg/psp/format_2025/builder.go:652.2,653.16 2 3
github.com/provide-io/flavor/go/flavor/pkg/psp/format_2025/builder.go:653.16,655.3 1 0
github.com/provide-io/flavor/go/flavor/pkg/psp/format_2025/builder.go:656.2,657.44 2 3
github.com/provide-io/flavor/go/flavor/pkg/psp/format_2025/builder.go:657.44,659.78 2 3
github.com/provide-io/flavor/go/flavor/pkg/psp/format_2025/builder.go:659.78,661.4 1 0
github.com/provide-io/flavor/go/flavor/pkg/psp/format_2025/builder.go:662.3,663.17 2 3
github.com/provide-io/flavor/go/flavor/pkg/psp/format_2025/builder.go:663.17,665.4 1 0
github.com/provide-io/flavor/go/flavor/pkg/psp/format_2025/builder.go:666.3,666.22 1 3
github.com/provide-io/flavor/go/flavor/pkg/psp/format_2025/builder.go:666.22,668.18 2 3
github.com/provide-io/flavor/go/flavor/pkg/psp/format_2025/builder.go:668.18,670.5 1 0
github.com/provide-io/flavor/go/flavor/pkg/psp/format_2025/builder.go:672.3,672.38 1 3
github.com/provide-io/flavor/go/flavor/pkg/psp/format_2025/builder.go:676.2,677.16 2 3
github.com/provide-io/flavor/go/flavor/pkg/psp/format_2025/builder.go:677.16,679.3 1 0
github.com/provide-io/flavor/go/flavor/pkg/psp/format_2025/builder.go:680.2,681.16 2 3
github.com/provide-io/flavor/go/flavor/pkg/psp/format_2025/builder.go:681.16,683.3 1 0
github.com/provide-io/flavor/go/flavor/pkg/psp/format_2025/builder.go:684.2,685.16 2 3
github.com/provide-io/flavor/go/flavor/pkg/psp/format_2025/builder.go:685.16,687.3 1 0
github.com/provide-io/flavor/go/flavor/pkg/psp/format_2025/builder.go:688.2,695.18 4 3
github.com/provide-io/flavor/go/flavor/pkg/psp/format_2025/builder.go:702.97,707.16 3 2
github.com/provide-io/flavor/go/flavor/pkg/psp/format_2025/builder.go:707.16,709.3 1 0
github.com/provide-io/flavor/go/flavor/pkg/psp/format_2025/builder.go:711.2,715.31 3 2
github.com/provide-io/flavor/go/flavor/pkg/psp/format_2025/builder.go:715.31,717.3 1 1
github.com/provide-io/flavor/go/flavor/pkg/psp/format_2025/builder.go:719.2,725.16 4 1
github.com/provide-io/flavor/go/flavor/pkg/psp/format_2025/builder.go:725.16,727.3 1 0
github.com/provide-io/flavor/go/flavor/pkg/psp/format_2025/builder.go:731.2,738.16 6 1
github.com/provide-io/flavor/go/flavor/pkg/psp/format_2025/builder.go:738.16,740.3 1 0
github.com/provide-io/flavor/go/flavor/pkg/psp/format_2025/builder.go:741.2,741.63 1 1
github.com/provide-io/flavor/go/flavor/pkg/psp/format_2025/builder.go:741.63,742.52 1 0
github.com/provide-io/flavor/go/flavor/pkg/psp/format_2025/builder.go:742.52,744.4 1 0
github.com/provide-io/flavor/go/flavor/pkg/psp/format_2025/builder.go:745.3,745.58 1 0
github.com/provide-io/flavor/go/flavor/pkg/psp/format_2025/builder.go:747.2,747.41 1 1
github.com/provide-io/flavor/go/flavor/pkg/psp/format_2025/builder.go:747.41,749.3 1 0
github.com/provide-io/flavor/go/flavor/pkg/psp/format_2025/builder.go:752.2,753.15 2 1
github.com/provide-io/flavor/go/flavor/pkg/psp/format_2025/builder.go:753.15,754.22 1 1
github.com/provide-io/flavor/go/flavor/pkg/psp/format_2025/builder.go:754.22,755.47 1 0
github.com/provide-io/flavor/go/flavor/pkg/psp/format_2025/builder.go:755.47,757.5 1 0
github.com/provide-io/flavor/go/flavor/pkg/psp/format_2025/builder.go:757.10,759.5 1 0
github.com/provide-io/flavor/go/flavor/pkg/psp/format_2025/builder.go:764.2,765.21 2 1
github.com/provide-io/flavor/go/flavor/pkg/psp/format_2025/builder.go:765.21,767.3 1 0
github.com/provide-io/flavor/go/flavor/pkg/psp/format_2025/builder.go:770.2,771.21 2 1
github.com/provide-io/flavor/go/flavor/pkg/psp/format_2025/builder.go:771.21,773.3 1 0
github.com/provide-io/flavor/go/flavor/pkg/psp/format_2025/builder.go:775.2,779.16 3 1
github.com/provide-io/flavor/go/flavor/pkg/psp/format_2025/builder.go:779.16,781.3 1 0
github.com/provide-io/flavor/go/flavor/pkg/psp/format_2025/builder.go:781.8,787.3 1 1
github.com/provide-io/flavor/go/flavor/pkg/psp/format_2025/builder.go:789.2,789.12 1 1
github.com/provide-io/flavor/go/flavor/pkg/psp/format_2025/builder.go:793.46,795.16 2 2
github.com/provide-io/flavor/go/flavor/pkg/psp/format_2025/builder.go:795.16,797.3 1 0
github.com/provide-io/flavor/go/flavor/pkg/psp/format_2025/builder.go:798.2,798.25 1 2
github.com/provide-io/flavor/go/flavor/pkg/psp/format_2025/builder.go:801.70,802.15 1 41
github.com/provide-io/flavor/go/flavor/pkg/psp/format_2025/builder.go:802.15,804.3 1 1
github.com/provide-io/flavor/go/flavor/pkg/psp/format_2025/builder.go:805.2,805.27 1 40
github.com/provide-io/flavor/go/flavor/pkg/psp/format_2025/builder.go:808.66,809.41 1 13
github.com/provide-io/flavor/go/flavor/pkg/psp/format_2025/builder.go:809.41,811.3 1 1
github.com/provide-io/flavor/go/flavor/pkg/psp/format_2025/builder.go:812.2,812.27 1 12
github.com/provide-io/flavor/go/flavor/pkg/psp/format_2025/builder.go:815.74,816.34 1 13
github.com/provide-io/flavor/go/flavor/pkg/psp/format_2025/builder.go:816.34,818.3 1 1
github.com/provide-io/flavor/go/flavor/pkg/psp/format_2025/builder.go:819.2,819.27 1 12
github.com/provide-io/flavor/go/flavor/pkg/psp/format_2025/builder.go:822.82,823.22 1 11
github.com/provide-io/flavor/go/flavor/pkg/psp/format_2025/builder.go:823.22,825.3 1 1
github.com/provide-io/flavor/go/flavor/pkg/psp/format_2025/builder.go:826.2,826.30 1 10
github.com/provide-io/flavor/go/flavor/pkg/psp/format_2025/builder.go:829.84,830.58 1 13
github.com/provide-io/flavor/go/flavor/pkg/psp/format_2025/builder.go:830.58,832.3 1 1
github.com/provide-io/flavor/go/flavor/pkg/psp/format_2025/builder.go:833.2,833.32 1 12
github.com/provide-io/flavor/go/flavor/pkg/psp/format_2025/builder_unix.go:15.76,20.56 2 1
github.com/provide-io/flavor/go/flavor/pkg/psp/format_2025/builder_unix.go:20.56,22.3 1 0
github.com/provide-io/flavor/go/flavor/pkg/psp/format_2025/builder_unix.go:24.2,28.12 2 1
github.com/provide-io/flavor/go/flavor/pkg/psp/format_2025/crypto.go:15.104,18.16 2 13
github.com/provide-io/flavor/go/flavor/pkg/psp/format_2025/crypto.go:18.16,20.3 1 0
github.com/provide-io/flavor/go/flavor/pkg/psp/format_2025/crypto.go:23.2,28.50 4 13
github.com/provide-io/flavor/go/flavor/pkg/psp/format_2025/crypto.go:28.50,30.3 1 0
github.com/provide-io/flavor/go/flavor/pkg/psp/format_2025/crypto.go:31.2,31.35 1 13
github.com/provide-io/flavor/go/flavor/pkg/psp/format_2025/crypto.go:31.35,33.3 1 0
github.com/provide-io/flavor/go/flavor/pkg/psp/format_2025/crypto.go:36.2,37.26 2 13
github.com/provide-io/flavor/go/flavor/pkg/psp/format_2025/crypto.go:41.109,44.16 2 8
github.com/provide-io/flavor/go/flavor/pkg/psp/format_2025/crypto.go:44.16,46.3 1 1
github.com/provide-io/flavor/go/flavor/pkg/psp/format_2025/crypto.go:48.2,49.18 2 7
github.com/provide-io/flavor/go/flavor/pkg/psp/format_2025/crypto.go:49.18,51.3 1 0
github.com/provide-io/flavor/go/flavor/pkg/psp/format_2025/crypto.go:53.2,56.68 2 7
github.com/provide-io/flavor/go/flavor/pkg/psp/format_2025/crypto.go:56.68,59.10 3 4
github.com/provide-io/flavor/go/flavor/pkg/psp/format_2025/crypto.go:59.10,61.4 1 0
github.com/provide-io/flavor/go/flavor/pkg/psp/format_2025/crypto.go:62.8,62.55 1 3
github.com/provide-io/flavor/go/flavor/pkg/psp/format_2025/crypto.go:62.55,65.3 1 2
github.com/provide-io/flavor/go/flavor/pkg/psp/format_2025/crypto.go:65.8,67.3 1 1
github.com/provide-io/flavor/go/flavor/pkg/psp/format_2025/crypto.go:70.2,71.25 2 6
github.com/provide-io/flavor/go/flavor/pkg/psp/format_2025/crypto.go:71.25,74.17 2 5
github.com/provide-io/flavor/go/flavor/pkg/psp/format_2025/crypto.go:74.17,76.4 1 1
github.com/provide-io/flavor/go/flavor/pkg/psp/format_2025/crypto.go:78.3,79.19 2 4
github.com/provide-io/flavor/go/flavor/pkg/psp/format_2025/crypto.go:79.19,81.4 1 0
github.com/provide-io/flavor/go/flavor/pkg/psp/format_2025/crypto.go:84.3,84.67 1 4
github.com/provide-io/flavor/go/flavor/pkg/psp/format_2025/crypto.go:84.67,87.11 3 2
github.com/provide-io/flavor/go/flavor/pkg/psp/format_2025/crypto.go:87.11,89.5 1 0
github.com/provide-io/flavor/go/flavor/pkg/psp/format_2025/crypto.go:90.9,90.55 1 2
github.com/provide-io/flavor/go/flavor/pkg/psp/format_2025/crypto.go:90.55,93.4 1 1
github.com/provide-io/flavor/go/flavor/pkg/psp/format_2025/crypto.go:93.9,95.4 1 1
github.com/provide-io/flavor/go/flavor/pkg/psp/format_2025/crypto.go:96.8,99.3 1 1
github.com/provide-io/flavor/go/flavor/pkg/psp/format_2025/crypto.go:101.2,101.35 1 4
github.com/provide-io/flavor/go/flavor/pkg/psp/format_2025/diskspace_unix.go:10.56,12.52 2 20
github.com/provide-io/flavor/go/flavor/pkg/psp/format_2025/diskspace_unix.go:12.52,14.3 1 0
github.com/provide-io/flavor/go/flavor/pkg/psp/format_2025/diskspace_unix.go:15.2,16.23 2 20
github.com/provide-io/flavor/go/flavor/pkg/psp/format_2025/execution.go:25.67,26.40 1 1
github.com/provide-io/flavor/go/flavor/pkg/psp/format_2025/execution.go:26.40,28.3 1 0
github.com/provide-io/flavor/go/flavor/pkg/psp/format_2025/execution.go:31.66,32.43 1 1
github.com/provide-io/flavor/go/flavor/pkg/psp/format_2025/execution.go:32.43,34.3 1 0
github.com/provide-io/flavor/go/flavor/pkg/psp/format_2025/execution.go:37.71,40.97 3 7
github.com/provide-io/flavor/go/flavor/pkg/psp/format_2025/execution.go:40.97,42.3 1 3
github.com/provide-io/flavor/go/flavor/pkg/psp/format_2025/execution.go:43.2,43.12 1 4
github.com/provide-io/flavor/go/flavor/pkg/psp/format_2025/execution.go:53.85,58.38 3 51
github.com/provide-io/flavor/go/flavor/pkg/psp/format_2025/execution.go:58.38,65.17 5 0
github.com/provide-io/flavor/go/flavor/pkg/psp/format_2025/execution.go:65.17,68.4 2 0
github.com/provide-io/flavor/go/flavor/pkg/psp/format_2025/execution.go:69.3,74.17 4 0
github.com/provide-io/flavor/go/flavor/pkg/psp/format_2025/execution.go:74.17,77.4 2 0
github.com/provide-io/flavor/go/flavor/pkg/psp/format_2025/execution.go:78.3,84.17 5 0
github.com/provide-io/flavor/go/flavor/pkg/psp/format_2025/execution.go:84.17,90.4 5 0
github.com/provide-io/flavor/go/flavor/pkg/psp/format_2025/execution.go:91.3,93.36 2 0
github.com/provide-io/flavor/go/flavor/pkg/psp/format_2025/execution.go:93.36,98.4 4 0
github.com/provide-io/flavor/go/flavor/pkg/psp/format_2025/execution.go:100.3,101.41 2 0
github.com/provide-io/flavor/go/flavor/pkg/psp/format_2025/execution.go:101.41,106.4 4 0
github.com/provide-io/flavor/go/flavor/pkg/psp/format_2025/execution.go:107.3,112.21 3 0
github.com/provide-io/flavor/go/flavor/pkg/psp/format_2025/execution.go:112.21,114.45 2 0
github.com/provide-io/flavor/go/flavor/pkg/psp/format_2025/execution.go:114.45,116.5 1 0
github.com/provide-io/flavor/go/flavor/pkg/psp/format_2025/execution.go:116.10,118.5 1 0
github.com/provide-io/flavor/go/flavor/pkg/psp/format_2025/execution.go:120.3,120.31 1 0
github.com/provide-io/flavor/go/flavor/pkg/psp/format_2025/execution.go:124.2,126.26 3 51
github.com/provide-io/flavor/go/flavor/pkg/psp/format_2025/execution.go:129.110,132.16 2 30
github.com/provide-io/flavor/go/flavor/pkg/psp/format_2025/execution.go:132.16,135.3 2 0
github.com/provide-io/flavor/go/flavor/pkg/psp/format_2025/execution.go:136.2,136.20 1 30
github.com/provide-io/flavor/go/flavor/pkg/psp/format_2025/execution.go:136.20,138.3 1 0
github.com/provide-io/flavor/go/flavor/pkg/psp/format_2025/execution.go:140.2,141.16 2 30
github.com/provide-io/flavor/go/flavor/pkg/psp/format_2025/execution.go:141.16,144.3 2 0
github.com/provide-io/flavor/go/flavor/pkg/psp/format_2025/execution.go:145.2,145.15 1 30
github.com/provide-io/flavor/go/flavor/pkg/psp/format_2025/execution.go:145.15,146.40 1 30
github.com/provide-io/flavor/go/flavor/pkg/psp/format_2025/execution.go:146.40,148.4 1 0
github.com/provide-io/flavor/go/flavor/pkg/psp/format_2025/execution.go:152.2,153.16 2 30
github.com/provide-io/flavor/go/flavor/pkg/psp/format_2025/execution.go:153.16,156.3 2 3
github.com/provide-io/flavor/go/flavor/pkg/psp/format_2025/execution.go:161.2,162.82 2 27
github.com/provide-io/flavor/go/flavor/pkg/psp/format_2025/execution.go:162.82,164.17 2 0
github.com/provide-io/flavor/go/flavor/pkg/psp/format_2025/execution.go:164.17,166.4 1 0
github.com/provide-io/flavor/go/flavor/pkg/psp/format_2025/execution.go:166.9,166.41 1 0
github.com/provide-io/flavor/go/flavor/pkg/psp/format_2025/execution.go:166.41,172.4 5 0
github.com/provide-io/flavor/go/flavor/pkg/psp/format_2025/execution.go:175.2,177.25 2 27
github.com/provide-io/flavor/go/flavor/pkg/psp/format_2025/execution.go:178.22,181.103 3 24
github.com/provide-io/flavor/go/flavor/pkg/psp/format_2025/execution.go:182.10,185.17 3 3
github.com/provide-io/flavor/go/flavor/pkg/psp/format_2025/execution.go:185.17,186.27 1 2
github.com/provide-io/flavor/go/flavor/pkg/psp/format_2025/execution.go:187.46,190.110 3 1
github.com/provide-io/flavor/go/flavor/pkg/psp/format_2025/execution.go:191.12,193.71 2 1
github.com/provide-io/flavor/go/flavor/pkg/psp/format_2025/execution.go:195.9,195.20 1 1
github.com/provide-io/flavor/go/flavor/pkg/psp/format_2025/execution.go:195.20,196.27 1 0
github.com/provide-io/flavor/go/flavor/pkg/psp/format_2025/execution.go:197.46,201.102 4 0
github.com/provide-io/flavor/go/flavor/pkg/psp/format_2025/execution.go:202.28,206.101 4 0
github.com/provide-io/flavor/go/flavor/pkg/psp/format_2025/execution.go:207.12,209.68 2 0
github.com/provide-io/flavor/go/flavor/pkg/psp/format_2025/execution.go:211.9,213.4 1 1
github.com/provide-io/flavor/go/flavor/pkg/psp/format_2025/execution.go:216.3,217.62 2 2
github.com/provide-io/flavor/go/flavor/pkg/psp/format_2025/execution.go:217.62,218.27 1 0
github.com/provide-io/flavor/go/flavor/pkg/psp/format_2025/execution.go:219.46,222.119 3 0
github.com/provide-io/flavor/go/flavor/pkg/psp/format_2025/execution.go:223.12,225.80 2 0
github.com/provide-io/flavor/go/flavor/pkg/psp/format_2025/execution.go:227.9,229.4 1 2
github.com/provide-io/flavor/go/flavor/pkg/psp/format_2025/execution.go:232.3,233.62 2 2
github.com/provide-io/flavor/go/flavor/pkg/psp/format_2025/execution.go:233.62,234.27 1 0
github.com/provide-io/flavor/go/flavor/pkg/psp/format_2025/execution.go:235.46,238.119 3 0
github.com/provide-io/flavor/go/flavor/pkg/psp/format_2025/execution.go:239.12,241.80 2 0
github.com/provide-io/flavor/go/flavor/pkg/psp/format_2025/execution.go:243.9,245.4 1 2
github.com/provide-io/flavor/go/flavor/pkg/psp/format_2025/execution.go:248.2,249.16 2 26
github.com/provide-io/flavor/go/flavor/pkg/psp/format_2025/execution.go:249.16,252.3 2 0
github.com/provide-io/flavor/go/flavor/pkg/psp/format_2025/execution.go:254.2,255.31 2 26
github.com/provide-io/flavor/go/flavor/pkg/psp/format_2025/execution.go:255.31,258.3 2 25
github.com/provide-io/flavor/go/flavor/pkg/psp/format_2025/execution.go:258.8,260.3 1 1
github.com/provide-io/flavor/go/flavor/pkg/psp/format_2025/execution.go:263.2,264.22 2 26
github.com/provide-io/flavor/go/flavor/pkg/psp/format_2025/execution.go:264.22,267.3 2 0
github.com/provide-io/flavor/go/flavor/pkg/psp/format_2025/execution.go:269.2,270.28 2 26
github.com/provide-io/flavor/go/flavor/pkg/psp/format_2025/execution.go:270.28,272.3 1 1
github.com/provide-io/flavor/go/flavor/pkg/psp/format_2025/execution.go:274.2,277.38 3 26
github.com/provide-io/flavor/go/flavor/pkg/psp/format_2025/execution.go:277.38,278.38 1 25
github.com/provide-io/flavor/go/flavor/pkg/psp/format_2025/execution.go:278.38,280.9 2 0
github.com/provide-io/flavor/go/flavor/pkg/psp/format_2025/execution.go:284.2,284.113 1 26
github.com/provide-io/flavor/go/flavor/pkg/psp/format_2025/execution.go:284.113,287.3 2 1
github.com/provide-io/flavor/go/flavor/pkg/psp/format_2025/execution.go:288.2,292.65 3 25
github.com/provide-io/flavor/go/flavor/pkg/psp/format_2025/execution.go:292.65,298.3 3 1
github.com/provide-io/flavor/go/flavor/pkg/psp/format_2025/execution.go:298.8,302.3 2 24
github.com/provide-io/flavor/go/flavor/pkg/psp/format_2025/execution.go:304.2,309.71 3 25
github.com/provide-io/flavor/go/flavor/pkg/psp/format_2025/execution.go:309.71,312.3 2 0
github.com/provide-io/flavor/go/flavor/pkg/psp/format_2025/execution.go:313.2,316.68 2 25
github.com/provide-io/flavor/go/flavor/pkg/psp/format_2025/execution.go:316.68,317.56 1 2
github.com/provide-io/flavor/go/flavor/pkg/psp/format_2025/execution.go:317.56,321.85 2 3
github.com/provide-io/flavor/go/flavor/pkg/psp/format_2025/execution.go:321.85,323.5 1 1
github.com/provide-io/flavor/go/flavor/pkg/psp/format_2025/execution.go:324.4,325.70 2 2
github.com/provide-io/flavor/go/flavor/pkg/psp/format_2025/execution.go:325.70,328.5 2 0
github.com/provide-io/flavor/go/flavor/pkg/psp/format_2025/execution.go:331.4,331.26 1 2
github.com/provide-io/flavor/go/flavor/pkg/psp/format_2025/execution.go:331.26,334.19 2 2
github.com/provide-io/flavor/go/flavor/pkg/psp/format_2025/execution.go:334.19,335.65 1 2
github.com/provide-io/flavor/go/flavor/pkg/psp/format_2025/execution.go:335.65,337.7 1 0
github.com/provide-io/flavor/go/flavor/pkg/psp/format_2025/execution.go:337.12,339.7 1 2
github.com/provide-io/flavor/go/flavor/pkg/psp/format_2025/execution.go:346.2,349.14 3 24
github.com/provide-io/flavor/go/flavor/pkg/psp/format_2025/execution.go:349.14,352.17 3 7
github.com/provide-io/flavor/go/flavor/pkg/psp/format_2025/execution.go:352.17,355.4 1 0
github.com/provide-io/flavor/go/flavor/pkg/psp/format_2025/execution.go:356.3,357.19 2 7
github.com/provide-io/flavor/go/flavor/pkg/psp/format_2025/execution.go:357.19,359.4 1 4
github.com/provide-io/flavor/go/flavor/pkg/psp/format_2025/execution.go:359.9,361.4 1 3
github.com/provide-io/flavor/go/flavor/pkg/psp/format_2025/execution.go:362.8,364.3 1 17
github.com/provide-io/flavor/go/flavor/pkg/psp/format_2025/execution.go:366.2,368.19 2 24
github.com/provide-io/flavor/go/flavor/pkg/psp/format_2025/execution.go:368.19,370.65 1 20
github.com/provide-io/flavor/go/flavor/pkg/psp/format_2025/execution.go:370.65,372.4 1 0
github.com/provide-io/flavor/go/flavor/pkg/psp/format_2025/execution.go:375.3,376.17 2 20
github.com/provide-io/flavor/go/flavor/pkg/psp/format_2025/execution.go:376.17,379.4 2 0
github.com/provide-io/flavor/go/flavor/pkg/psp/format_2025/execution.go:380.3,380.20 1 20
github.com/provide-io/flavor/go/flavor/pkg/psp/format_2025/execution.go:380.20,383.63 2 0
github.com/provide-io/flavor/go/flavor/pkg/psp/format_2025/execution.go:383.63,385.5 1 0
github.com/provide-io/flavor/go/flavor/pkg/psp/format_2025/execution.go:387.4,388.18 2 0
github.com/provide-io/flavor/go/flavor/pkg/psp/format_2025/execution.go:388.18,390.5 1 0
github.com/provide-io/flavor/go/flavor/pkg/psp/format_2025/execution.go:391.4,391.14 1 0
github.com/provide-io/flavor/go/flavor/pkg/psp/format_2025/execution.go:391.14,393.5 1 0
github.com/provide-io/flavor/go/flavor/pkg/psp/format_2025/execution.go:394.4,394.23 1 0
github.com/provide-io/flavor/go/flavor/pkg/psp/format_2025/execution.go:396.3,400.17 3 20
github.com/provide-io/flavor/go/flavor/pkg/psp/format_2025/execution.go:400.17,402.4 1 1
github.com/provide-io/flavor/go/flavor/pkg/psp/format_2025/execution.go:405.3,405.81 1 19
github.com/provide-io/flavor/go/flavor/pkg/psp/format_2025/execution.go:405.81,407.4 1 0
github.com/provide-io/flavor/go/flavor/pkg/psp/format_2025/execution.go:408.8,410.39 2 4
github.com/provide-io/flavor/go/flavor/pkg/psp/format_2025/execution.go:410.39,412.4 1 4
github.com/provide-io/flavor/go/flavor/pkg/psp/format_2025/execution.go:416.2,416.54 1 23
github.com/provide-io/flavor/go/flavor/pkg/psp/format_2025/execution.go:416.54,419.73 3 7
github.com/provide-io/flavor/go/flavor/pkg/psp/format_2025/execution.go:419.73,422.4 2 1
github.com/provide-io/flavor/go/flavor/pkg/psp/format_2025/execution.go:424.3,424.60 1 6
github.com/provide-io/flavor/go/flavor/pkg/psp/format_2025/execution.go:424.60,429.43 4 10
github.com/provide-io/flavor/go/flavor/pkg/psp/format_2025/execution.go:430.16,431.19 1 3
github.com/provide-io/flavor/go/flavor/pkg/psp/format_2025/execution.go:432.32,440.43 6 5
github.com/provide-io/flavor/go/flavor/pkg/psp/format_2025/execution.go:440.43,441.72 1 2
github.com/provide-io/flavor/go/flavor/pkg/psp/format_2025/execution.go:441.72,446.77 4 2
github.com/provide-io/flavor/go/flavor/pkg/psp/format_2025/execution.go:446.77,449.8 2 1
github.com/provide-io/flavor/go/flavor/pkg/psp/format_2025/execution.go:451.7,452.21 2 1
github.com/provide-io/flavor/go/flavor/pkg/psp/format_2025/execution.go:452.21,454.8 1 0
github.com/provide-io/flavor/go/flavor/pkg/psp/format_2025/execution.go:456.7,457.45 2 1
github.com/provide-io/flavor/go/flavor/pkg/psp/format_2025/execution.go:457.45,460.8 2 1
github.com/provide-io/flavor/go/flavor/pkg/psp/format_2025/execution.go:460.13,462.8 1 0
github.com/provide-io/flavor/go/flavor/pkg/psp/format_2025/execution.go:464.11,464.39 1 3
github.com/provide-io/flavor/go/flavor/pkg/psp/format_2025/execution.go:464.39,469.76 4 2
github.com/provide-io/flavor/go/flavor/pkg/psp/format_2025/execution.go:469.76,472.7 2 1
github.com/provide-io/flavor/go/flavor/pkg/psp/format_2025/execution.go:473.6,481.52 7 1
github.com/provide-io/flavor/go/flavor/pkg/psp/format_2025/execution.go:481.52,483.7 1 1
github.com/provide-io/flavor/go/flavor/pkg/psp/format_2025/execution.go:485.6,485.75 1 1
github.com/provide-io/flavor/go/flavor/pkg/psp/format_2025/execution.go:485.75,488.7 2 0
github.com/provide-io/flavor/go/flavor/pkg/psp/format_2025/execution.go:490.6,490.14 1 1
github.com/provide-io/flavor/go/flavor/pkg/psp/format_2025/execution.go:491.11,493.6 1 1
github.com/provide-io/flavor/go/flavor/pkg/psp/format_2025/execution.go:494.12,496.13 2 2
github.com/provide-io/flavor/go/flavor/pkg/psp/format_2025/execution.go:499.4,499.22 1 5
github.com/provide-io/flavor/go/flavor/pkg/psp/format_2025/execution.go:499.22,500.26 1 4
github.com/provide-io/flavor/go/flavor/pkg/psp/format_2025/execution.go:500.26,504.6 3 3
github.com/provide-io/flavor/go/flavor/pkg/psp/format_2025/execution.go:506.5,507.25 2 4
github.com/provide-io/flavor/go/flavor/pkg/psp/format_2025/execution.go:507.25,511.6 2 1
github.com/provide-io/flavor/go/flavor/pkg/psp/format_2025/execution.go:511.11,514.20 2 3
github.com/provide-io/flavor/go/flavor/pkg/psp/format_2025/execution.go:514.20,517.7 2 1
github.com/provide-io/flavor/go/flavor/pkg/psp/format_2025/execution.go:518.6,518.25 1 2
github.com/provide-io/flavor/go/flavor/pkg/psp/format_2025/execution.go:518.25,519.15 1 0
github.com/provide-io/flavor/go/flavor/pkg/psp/format_2025/execution.go:522.6,523.58 2 2
github.com/provide-io/flavor/go/flavor/pkg/psp/format_2025/execution.go:526.5,531.39 4 3
github.com/provide-io/flavor/go/flavor/pkg/psp/format_2025/execution.go:531.39,532.41 1 156
github.com/provide-io/flavor/go/flavor/pkg/psp/format_2025/execution.go:532.41,534.36 2 3
github.com/provide-io/flavor/go/flavor/pkg/psp/format_2025/execution.go:534.36,536.8 1 0
github.com/provide-io/flavor/go/flavor/pkg/psp/format_2025/execution.go:537.7,538.12 2 3
github.com/provide-io/flavor/go/flavor/pkg/psp/format_2025/execution.go:542.5,543.62 2 3
github.com/provide-io/flavor/go/flavor/pkg/psp/format_2025/execution.go:543.62,546.6 2 1
github.com/provide-io/flavor/go/flavor/pkg/psp/format_2025/execution.go:551.3,552.65 2 2
github.com/provide-io/flavor/go/flavor/pkg/psp/format_2025/execution.go:555.2,555.31 1 18
github.com/provide-io/flavor/go/flavor/pkg/psp/format_2025/execution.go:555.31,558.3 2 1
github.com/provide-io/flavor/go/flavor/pkg/psp/format_2025/execution.go:560.2,561.35 2 17
github.com/provide-io/flavor/go/flavor/pkg/psp/format_2025/execution.go:561.35,565.3 2 16
github.com/provide-io/flavor/go/flavor/pkg/psp/format_2025/execution.go:566.2,570.41 4 17
github.com/provide-io/flavor/go/flavor/pkg/psp/format_2025/execution.go:570.41,571.44 1 1
github.com/provide-io/flavor/go/flavor/pkg/psp/format_2025/execution.go:571.44,573.46 2 1
github.com/provide-io/flavor/go/flavor/pkg/psp/format_2025/execution.go:573.46,576.5 2 0
github.com/provide-io/flavor/go/flavor/pkg/psp/format_2025/execution.go:581.2,582.16 2 17
github.com/provide-io/flavor/go/flavor/pkg/psp/format_2025/execution.go:582.16,585.3 2 1
github.com/provide-io/flavor/go/flavor/pkg/psp/format_2025/execution.go:586.2,586.21 1 16
github.com/provide-io/flavor/go/flavor/pkg/psp/format_2025/execution.go:586.21,589.3 2 1
github.com/provide-io/flavor/go/flavor/pkg/psp/format_2025/execution.go:591.2,592.19 2 15
github.com/provide-io/flavor/go/flavor/pkg/psp/format_2025/execution.go:592.19,594.3 1 5
github.com/provide-io/flavor/go/flavor/pkg/psp/format_2025/execution.go:597.2,627.30 16 15
github.com/provide-io/flavor/go/flavor/pkg/psp/format_2025/execution.go:627.30,628.38 1 780
github.com/provide-io/flavor/go/flavor/pkg/psp/format_2025/execution.go:628.38,630.33 2 15
github.com/provide-io/flavor/go/flavor/pkg/psp/format_2025/execution.go:630.33,632.5 1 0
github.com/provide-io/flavor/go/flavor/pkg/psp/format_2025/execution.go:633.4,635.9 3 15
github.com/provide-io/flavor/go/flavor/pkg/psp/format_2025/execution.go:638.2,638.16 1 15
github.com/provide-io/flavor/go/flavor/pkg/psp/format_2025/execution.go:638.16,640.32 2 0
github.com/provide-io/flavor/go/flavor/pkg/psp/format_2025/execution.go:640.32,642.4 1 0
github.com/provide-io/flavor/go/flavor/pkg/psp/format_2025/execution.go:643.3,643.87 1 0
github.com/provide-io/flavor/go/flavor/pkg/psp/format_2025/execution.go:647.2,647.60 1 15
github.com/provide-io/flavor/go/flavor/pkg/psp/format_2025/execution.go:647.60,650.3 2 1
github.com/provide-io/flavor/go/flavor/pkg/psp/format_2025/execution.go:653.2,653.43 1 15
github.com/provide-io/flavor/go/flavor/pkg/psp/format_2025/execution.go:653.43,655.52 2 2
github.com/provide-io/flavor/go/flavor/pkg/psp/format_2025/execution.go:655.52,656.37 1 2
github.com/provide-io/flavor/go/flavor/pkg/psp/format_2025/execution.go:656.37,659.5 2 3
github.com/provide-io/flavor/go/flavor/pkg/psp/format_2025/execution.go:660.4,661.67 2 2
github.com/provide-io/flavor/go/flavor/pkg/psp/format_2025/execution.go:665.2,678.17 10 15
github.com/provide-io/flavor/go/flavor/pkg/psp/format_2025/execution_cache.go:13.89,16.38 2 23
github.com/provide-io/flavor/go/flavor/pkg/psp/format_2025/execution_cache.go:16.38,18.3 1 22
github.com/provide-io/flavor/go/flavor/pkg/psp/format_2025/execution_cache.go:21.2,23.16 3 23
github.com/provide-io/flavor/go/flavor/pkg/psp/format_2025/execution_cache.go:23.16,26.3 2 1
github.com/provide-io/flavor/go/flavor/pkg/psp/format_2025/execution_cache.go:29.2,34.33 4 22
github.com/provide-io/flavor/go/flavor/pkg/psp/format_2025/execution_cache.go:34.33,39.3 2 1
github.com/provide-io/flavor/go/flavor/pkg/psp/format_2025/execution_cache.go:41.2,42.12 2 21
github.com/provide-io/flavor/go/flavor/pkg/psp/format_2025/execution_cache.go:46.110,51.16 3 15
github.com/provide-io/flavor/go/flavor/pkg/psp/format_2025/execution_cache.go:51.16,52.25 1 1
github.com/provide-io/flavor/go/flavor/pkg/psp/format_2025/execution_cache.go:52.25,54.4 1 1
github.com/provide-io/flavor/go/flavor/pkg/psp/format_2025/execution_cache.go:54.9,56.4 1 0
github.com/provide-io/flavor/go/flavor/pkg/psp/format_2025/execution_cache.go:57.3,57.20 1 1
github.com/provide-io/flavor/go/flavor/pkg/psp/format_2025/execution_cache.go:60.2,63.42 3 14
github.com/provide-io/flavor/go/flavor/pkg/psp/format_2025/execution_cache.go:63.42,66.3 2 8
github.com/provide-io/flavor/go/flavor/pkg/psp/format_2025/execution_cache.go:69.2,70.25 2 6
github.com/provide-io/flavor/go/flavor/pkg/psp/format_2025/execution_cache.go:71.41,75.20 4 2
github.com/provide-io/flavor/go/flavor/pkg/psp/format_2025/execution_cache.go:76.25,80.20 4 1
github.com/provide-io/flavor/go/flavor/pkg/psp/format_2025/execution_cache.go:81.26,86.20 5 1
github.com/provide-io/flavor/go/flavor/pkg/psp/format_2025/execution_cache.go:87.10,91.115 4 2
github.com/provide-io/flavor/go/flavor/pkg/psp/format_2025/execution_cache.go:96.91,98.72 2 22
github.com/provide-io/flavor/go/flavor/pkg/psp/format_2025/execution_cache.go:98.72,100.3 1 1
github.com/provide-io/flavor/go/flavor/pkg/psp/format_2025/execution_cache.go:102.2,107.16 4 21
github.com/provide-io/flavor/go/flavor/pkg/psp/format_2025/execution_cache.go:107.16,110.3 2 0
github.com/provide-io/flavor/go/flavor/pkg/psp/format_2025/execution_cache.go:111.2,113.57 2 21
github.com/provide-io/flavor/go/flavor/pkg/psp/format_2025/execution_cache.go:113.57,116.3 2 0
github.com/provide-io/flavor/go/flavor/pkg/psp/format_2025/execution_cache.go:119.2,119.36 1 21
github.com/provide-io/flavor/go/flavor/pkg/psp/format_2025/execution_cache.go:119.36,122.3 2 0
github.com/provide-io/flavor/go/flavor/pkg/psp/format_2025/execution_cache.go:124.2,125.12 2 21
github.com/provide-io/flavor/go/flavor/pkg/psp/format_2025/execution_cache.go:148.90,150.72 2 27
github.com/provide-io/flavor/go/flavor/pkg/psp/format_2025/execution_cache.go:150.72,152.3 1 0
github.com/provide-io/flavor/go/flavor/pkg/psp/format_2025/execution_cache.go:155.2,175.16 4 27
github.com/provide-io/flavor/go/flavor/pkg/psp/format_2025/execution_cache.go:175.16,177.3 1 0
github.com/provide-io/flavor/go/flavor/pkg/psp/format_2025/execution_cache.go:179.2,179.64 1 27
github.com/provide-io/flavor/go/flavor/pkg/psp/format_2025/execution_cache.go:179.64,182.3 2 1
github.com/provide-io/flavor/go/flavor/pkg/psp/format_2025/execution_cache.go:184.2,185.12 2 26
github.com/provide-io/flavor/go/flavor/pkg/psp/format_2025/execution_cache.go:189.121,192.49 2 12
github.com/provide-io/flavor/go/flavor/pkg/psp/format_2025/execution_cache.go:192.49,195.3 2 1
github.com/provide-io/flavor/go/flavor/pkg/psp/format_2025/execution_cache.go:198.2,200.16 3 11
github.com/provide-io/flavor/go/flavor/pkg/psp/format_2025/execution_cache.go:200.16,203.3 2 1
github.com/provide-io/flavor/go/flavor/pkg/psp/format_2025/execution_cache.go:204.2,204.23 1 10
github.com/provide-io/flavor/go/flavor/pkg/psp/format_2025/execution_cache.go:204.23,207.3 2 4
github.com/provide-io/flavor/go/flavor/pkg/psp/format_2025/execution_cache.go:210.2,210.68 1 6
github.com/provide-io/flavor/go/flavor/pkg/psp/format_2025/execution_env.go:17.78,19.27 1 17
github.com/provide-io/flavor/go/flavor/pkg/psp/format_2025/execution_env.go:19.27,22.3 2 1
github.com/provide-io/flavor/go/flavor/pkg/psp/format_2025/execution_env.go:25.2,28.12 4 16
github.com/provide-io/flavor/go/flavor/pkg/psp/format_2025/execution_env.go:32.65,34.24 2 4
github.com/provide-io/flavor/go/flavor/pkg/psp/format_2025/execution_env.go:34.24,35.35 1 7
github.com/provide-io/flavor/go/flavor/pkg/psp/format_2025/execution_env.go:35.35,37.4 1 3
github.com/provide-io/flavor/go/flavor/pkg/psp/format_2025/execution_env.go:39.2,39.19 1 1
github.com/provide-io/flavor/go/flavor/pkg/psp/format_2025/execution_env.go:43.44,45.24 2 20
github.com/provide-io/flavor/go/flavor/pkg/psp/format_2025/execution_env.go:45.24,46.35 1 860
github.com/provide-io/flavor/go/flavor/pkg/psp/format_2025/execution_env.go:46.35,48.4 1 3
github.com/provide-io/flavor/go/flavor/pkg/psp/format_2025/execution_env.go:50.2,50.14 1 17
github.com/provide-io/flavor/go/flavor/pkg/psp/format_2025/execution_env.go:54.61,55.23 1 16
github.com/provide-io/flavor/go/flavor/pkg/psp/format_2025/execution_env.go:55.23,57.3 1 11
github.com/provide-io/flavor/go/flavor/pkg/psp/format_2025/execution_env.go:59.2,60.24 2 5
github.com/provide-io/flavor/go/flavor/pkg/psp/format_2025/execution_env.go:60.24,62.22 2 250
github.com/provide-io/flavor/go/flavor/pkg/psp/format_2025/execution_env.go:62.22,64.32 2 250
github.com/provide-io/flavor/go/flavor/pkg/psp/format_2025/execution_env.go:64.32,66.5 1 9
github.com/provide-io/flavor/go/flavor/pkg/psp/format_2025/execution_env.go:67.4,67.58 1 250
github.com/provide-io/flavor/go/flavor/pkg/psp/format_2025/execution_env.go:73.38,83.2 2 252
github.com/provide-io/flavor/go/flavor/pkg/psp/format_2025/execution_helpers.go:12.66,14.16 2 2
github.com/provide-io/flavor/go/flavor/pkg/psp/format_2025/execution_helpers.go:14.16,16.3 1 1
github.com/provide-io/flavor/go/flavor/pkg/psp/format_2025/execution_helpers.go:17.2,17.16 1 1
github.com/provide-io/flavor/go/flavor/pkg/psp/format_2025/execution_helpers.go:20.65,21.55 1 7
github.com/provide-io/flavor/go/flavor/pkg/psp/format_2025/execution_helpers.go:21.55,23.3 1 2
github.com/provide-io/flavor/go/flavor/pkg/psp/format_2025/execution_helpers.go:24.2,24.57 1 5
github.com/provide-io/flavor/go/flavor/pkg/psp/format_2025/execution_helpers.go:24.57,26.3 1 2
github.com/provide-io/flavor/go/flavor/pkg/psp/format_2025/execution_helpers.go:27.2,28.16 2 3
github.com/provide-io/flavor/go/flavor/pkg/psp/format_2025/execution_helpers.go:28.16,30.3 1 0
github.com/provide-io/flavor/go/flavor/pkg/psp/format_2025/execution_helpers.go:31.2,31.31 1 3
github.com/provide-io/flavor/go/flavor/pkg/psp/format_2025/execution_helpers.go:34.71,39.16 5 2
github.com/provide-io/flavor/go/flavor/pkg/psp/format_2025/execution_helpers.go:39.16,41.3 1 0
github.com/provide-io/flavor/go/flavor/pkg/psp/format_2025/execution_helpers.go:42.2,42.16 1 2
github.com/provide-io/flavor/go/flavor/pkg/psp/format_2025/execution_helpers.go:42.16,44.3 1 0
github.com/provide-io/flavor/go/flavor/pkg/psp/format_2025/execution_helpers.go:45.2,45.74 1 2
github.com/provide-io/flavor/go/flavor/pkg/psp/format_2025/execution_helpers.go:45.74,47.3 1 1
github.com/provide-io/flavor/go/flavor/pkg/psp/format_2025/execution_helpers.go:48.2,48.25 1 1
github.com/provide-io/flavor/go/flavor/pkg/psp/format_2025/execution_helpers.go:51.71,54.32 3 3
github.com/provide-io/flavor/go/flavor/pkg/psp/format_2025/execution_helpers.go:54.32,56.3 1 2
github.com/provide-io/flavor/go/flavor/pkg/psp/format_2025/execution_helpers.go:57.2,59.16 3 3
github.com/provide-io/flavor/go/flavor/pkg/psp/format_2025/execution_helpers.go:59.16,61.3 1 0
github.com/provide-io/flavor/go/flavor/pkg/psp/format_2025/execution_helpers.go:62.2,62.91 1 3
github.com/provide-io/flavor/go/flavor/pkg/psp/format_2025/execution_helpers.go:62.91,64.3 1 2
github.com/provide-io/flavor/go/flavor/pkg/psp/format_2025/execution_helpers.go:65.2,65.82 1 1
github.com/provide-io/flavor/go/flavor/pkg/psp/format_2025/execution_policy.go:46.51,54.29 3 29
github.com/provide-io/flavor/go/flavor/pkg/psp/format_2025/execution_policy.go:54.29,55.17 1 58
github.com/provide-io/flavor/go/flavor/pkg/psp/format_2025/execution_policy.go:55.17,56.12 1 0
github.com/provide-io/flavor/go/flavor/pkg/psp/format_2025/execution_policy.go:58.3,59.25 2 58
github.com/provide-io/flavor/go/flavor/pkg/psp/format_2025/execution_policy.go:59.25,60.12 1 56
github.com/provide-io/flavor/go/flavor/pkg/psp/format_2025/execution_policy.go:62.3,62.17 1 2
github.com/provide-io/flavor/go/flavor/pkg/psp/format_2025/execution_policy.go:62.17,64.4 1 1
github.com/provide-io/flavor/go/flavor/pkg/psp/format_2025/execution_policy.go:65.3,65.34 1 1
github.com/provide-io/flavor/go/flavor/pkg/psp/format_2025/execution_policy.go:67.2,67.20 1 28
github.com/provide-io/flavor/go/flavor/pkg/psp/format_2025/execution_policy.go:70.35,71.31 1 29
github.com/provide-io/flavor/go/flavor/pkg/psp/format_2025/execution_policy.go:71.31,72.47 1 0
github.com/provide-io/flavor/go/flavor/pkg/psp/format_2025/execution_policy.go:72.47,74.4 1 0
github.com/provide-io/flavor/go/flavor/pkg/psp/format_2025/execution_policy.go:75.3,75.67 1 0
github.com/provide-io/flavor/go/flavor/pkg/psp/format_2025/execution_policy.go:77.2,77.34 1 29
github.com/provide-io/flavor/go/flavor/pkg/psp/format_2025/execution_policy.go:80.33,81.59 1 32
github.com/provide-io/flavor/go/flavor/pkg/psp/format_2025/execution_policy.go:81.59,83.3 1 3
github.com/provide-io/flavor/go/flavor/pkg/psp/format_2025/execution_policy.go:84.2,84.64 1 29
github.com/provide-io/flavor/go/flavor/pkg/psp/format_2025/execution_policy.go:84.64,86.3 1 1
github.com/provide-io/flavor/go/flavor/pkg/psp/format_2025/execution_policy.go:87.2,87.43 1 28
github.com/provide-io/flavor/go/flavor/pkg/psp/format_2025/execution_policy.go:87.43,89.3 1 27
github.com/provide-io/flavor/go/flavor/pkg/psp/format_2025/execution_policy.go:90.2,90.11 1 1
github.com/provide-io/flavor/go/flavor/pkg/psp/format_2025/execution_policy.go:95.60,97.60 2 7
github.com/provide-io/flavor/go/flavor/pkg/psp/format_2025/execution_policy.go:97.60,99.49 2 30
github.com/provide-io/flavor/go/flavor/pkg/psp/format_2025/execution_policy.go:99.49,100.12 1 9
github.com/provide-io/flavor/go/flavor/pkg/psp/format_2025/execution_policy.go:102.3,102.67 1 21
github.com/provide-io/flavor/go/flavor/pkg/psp/format_2025/execution_policy.go:102.67,104.12 2 10
github.com/provide-io/flavor/go/flavor/pkg/psp/format_2025/execution_policy.go:106.3,107.22 2 11
github.com/provide-io/flavor/go/flavor/pkg/psp/format_2025/execution_policy.go:107.22,108.12 1 0
github.com/provide-io/flavor/go/flavor/pkg/psp/format_2025/execution_policy.go:110.3,113.48 3 11
github.com/provide-io/flavor/go/flavor/pkg/psp/format_2025/execution_policy.go:113.48,115.4 1 1
github.com/provide-io/flavor/go/flavor/pkg/psp/format_2025/execution_policy.go:117.3,117.30 1 11
github.com/provide-io/flavor/go/flavor/pkg/psp/format_2025/execution_policy.go:118.36,119.44 1 2
github.com/provide-io/flavor/go/flavor/pkg/psp/format_2025/execution_policy.go:120.32,121.40 1 1
github.com/provide-io/flavor/go/flavor/pkg/psp/format_2025/execution_policy.go:122.32,123.37 1 2
github.com/provide-io/flavor/go/flavor/pkg/psp/format_2025/execution_policy.go:124.33,126.55 2 2
github.com/provide-io/flavor/go/flavor/pkg/psp/format_2025/execution_policy.go:126.55,128.5 1 1
github.com/provide-io/flavor/go/flavor/pkg/psp/format_2025/execution_policy.go:129.36,131.52 1 2
github.com/provide-io/flavor/go/flavor/pkg/psp/format_2025/execution_policy.go:132.35,133.38 1 2
github.com/provide-io/flavor/go/flavor/pkg/psp/format_2025/execution_policy.go:139.47,141.66 2 3
github.com/provide-io/flavor/go/flavor/pkg/psp/format_2025/execution_policy.go:141.66,143.3 1 1
github.com/provide-io/flavor/go/flavor/pkg/psp/format_2025/execution_policy.go:144.2,146.49 3 2
github.com/provide-io/flavor/go/flavor/pkg/psp/format_2025/execution_policy.go:146.49,149.17 3 4
github.com/provide-io/flavor/go/flavor/pkg/psp/format_2025/execution_policy.go:149.17,151.4 1 4
github.com/provide-io/flavor/go/flavor/pkg/psp/format_2025/execution_policy.go:153.2,153.15 1 2
github.com/provide-io/flavor/go/flavor/pkg/psp/format_2025/execution_policy.go:157.72,161.58 2 32
github.com/provide-io/flavor/go/flavor/pkg/psp/format_2025/execution_policy.go:161.58,163.39 2 2
github.com/provide-io/flavor/go/flavor/pkg/psp/format_2025/execution_policy.go:163.39,165.4 1 3
github.com/provide-io/flavor/go/flavor/pkg/psp/format_2025/execution_policy.go:166.3,166.35 1 2
github.com/provide-io/flavor/go/flavor/pkg/psp/format_2025/execution_policy.go:166.35,167.16 1 3
github.com/provide-io/flavor/go/flavor/pkg/psp/format_2025/execution_policy.go:167.16,169.5 1 1
github.com/provide-io/flavor/go/flavor/pkg/psp/format_2025/execution_policy.go:171.8,171.39 1 30
github.com/provide-io/flavor/go/flavor/pkg/psp/format_2025/execution_policy.go:171.39,173.3 1 1
github.com/provide-io/flavor/go/flavor/pkg/psp/format_2025/execution_policy.go:173.8,175.3 1 29
github.com/provide-io/flavor/go/flavor/pkg/psp/format_2025/execution_policy.go:178.2,181.51 2 32
github.com/provide-io/flavor/go/flavor/pkg/psp/format_2025/execution_policy.go:181.51,182.39 1 2
github.com/provide-io/flavor/go/flavor/pkg/psp/format_2025/execution_policy.go:182.39,184.4 1 1
github.com/provide-io/flavor/go/flavor/pkg/psp/format_2025/execution_policy.go:184.9,186.4 1 1
github.com/provide-io/flavor/go/flavor/pkg/psp/format_2025/execution_policy.go:187.8,187.34 1 30
github.com/provide-io/flavor/go/flavor/pkg/psp/format_2025/execution_policy.go:187.34,189.3 1 0
github.com/provide-io/flavor/go/flavor/pkg/psp/format_2025/execution_policy.go:189.8,191.3 1 30
github.com/provide-io/flavor/go/flavor/pkg/psp/format_2025/execution_policy.go:193.2,197.18 4 32
github.com/provide-io/flavor/go/flavor/pkg/psp/format_2025/execution_policy.go:203.103,207.31 2 36
github.com/provide-io/flavor/go/flavor/pkg/psp/format_2025/execution_policy.go:207.31,209.38 2 1
github.com/provide-io/flavor/go/flavor/pkg/psp/format_2025/execution_policy.go:209.38,210.28 1 1
github.com/provide-io/flavor/go/flavor/pkg/psp/format_2025/execution_policy.go:210.28,212.10 2 0
github.com/provide-io/flavor/go/flavor/pkg/psp/format_2025/execution_policy.go:215.3,215.13 1 1
github.com/provide-io/flavor/go/flavor/pkg/psp/format_2025/execution_policy.go:215.13,217.4 1 1
github.com/provide-io/flavor/go/flavor/pkg/psp/format_2025/execution_policy.go:221.2,221.45 1 35
github.com/provide-io/flavor/go/flavor/pkg/psp/format_2025/execution_policy.go:221.45,223.3 1 0
github.com/provide-io/flavor/go/flavor/pkg/psp/format_2025/execution_policy.go:226.2,226.52 1 35
github.com/provide-io/flavor/go/flavor/pkg/psp/format_2025/execution_policy.go:226.52,228.35 2 1
github.com/provide-io/flavor/go/flavor/pkg/psp/format_2025/execution_policy.go:228.35,230.4 1 1
github.com/provide-io/flavor/go/flavor/pkg/psp/format_2025/execution_policy.go:234.2,234.43 1 34
github.com/provide-io/flavor/go/flavor/pkg/psp/format_2025/execution_policy.go:234.43,235.30 1 3
github.com/provide-io/flavor/go/flavor/pkg/psp/format_2025/execution_policy.go:235.30,237.4 1 2
github.com/provide-io/flavor/go/flavor/pkg/psp/format_2025/execution_policy.go:241.2,241.36 1 32
github.com/provide-io/flavor/go/flavor/pkg/psp/format_2025/execution_policy.go:241.36,243.3 1 1
github.com/provide-io/flavor/go/flavor/pkg/psp/format_2025/execution_policy.go:246.2,246.45 1 31
github.com/provide-io/flavor/go/flavor/pkg/psp/format_2025/execution_policy.go:246.45,248.3 1 1
github.com/provide-io/flavor/go/flavor/pkg/psp/format_2025/execution_policy.go:250.2,250.12 1 30
github.com/provide-io/flavor/go/flavor/pkg/psp/format_2025/execution_policy.go:253.34,255.22 2 37
github.com/provide-io/flavor/go/flavor/pkg/psp/format_2025/execution_policy.go:256.16,257.20 1 37
github.com/provide-io/flavor/go/flavor/pkg/psp/format_2025/execution_policy.go:258.17,259.21 1 0
github.com/provide-io/flavor/go/flavor/pkg/psp/format_2025/execution_policy.go:261.2,262.31 2 37
github.com/provide-io/flavor/go/flavor/pkg/psp/format_2025/execution_policy.go:262.31,264.3 1 37
github.com/provide-io/flavor/go/flavor/pkg/psp/format_2025/execution_policy.go:265.2,265.28 1 37
github.com/provide-io/flavor/go/flavor/pkg/psp/format_2025/execution_policy.go:269.64,271.19 2 2
github.com/provide-io/flavor/go/flavor/pkg/psp/format_2025/execution_policy.go:271.19,273.3 1 1
github.com/provide-io/flavor/go/flavor/pkg/psp/format_2025/execution_policy.go:274.2,275.20 2 1
github.com/provide-io/flavor/go/flavor/pkg/psp/format_2025/execution_resolve.go:24.71,29.40 1 21
github.com/provide-io/flavor/go/flavor/pkg/psp/format_2025/execution_resolve.go:29.40,30.64 1 20
github.com/provide-io/flavor/go/flavor/pkg/psp/format_2025/execution_resolve.go:30.64,33.4 2 2
github.com/provide-io/flavor/go/flavor/pkg/psp/format_2025/execution_resolve.go:38.2,39.40 2 19
github.com/provide-io/flavor/go/flavor/pkg/psp/format_2025/execution_resolve.go:39.40,42.3 2 18
github.com/provide-io/flavor/go/flavor/pkg/psp/format_2025/execution_resolve.go:45.2,45.58 1 19
github.com/provide-io/flavor/go/flavor/pkg/psp/format_2025/execution_resolve.go:45.58,48.3 2 15
github.com/provide-io/flavor/go/flavor/pkg/psp/format_2025/execution_resolve.go:51.2,51.31 1 4
github.com/provide-io/flavor/go/flavor/pkg/psp/format_2025/execution_resolve.go:51.31,53.19 2 0
github.com/provide-io/flavor/go/flavor/pkg/psp/format_2025/execution_resolve.go:54.33,56.27 1 0
github.com/provide-io/flavor/go/flavor/pkg/psp/format_2025/execution_resolve.go:57.23,59.25 1 0
github.com/provide-io/flavor/go/flavor/pkg/psp/format_2025/execution_resolve.go:62.3,62.21 1 0
github.com/provide-io/flavor/go/flavor/pkg/psp/format_2025/execution_resolve.go:62.21,63.60 1 0
github.com/provide-io/flavor/go/flavor/pkg/psp/format_2025/execution_resolve.go:63.60,69.5 2 0
github.com/provide-io/flavor/go/flavor/pkg/psp/format_2025/execution_resolve.go:75.2,75.28 1 4
github.com/provide-io/flavor/go/flavor/pkg/psp/format_2025/execution_resolve.go:75.28,80.3 2 3
github.com/provide-io/flavor/go/flavor/pkg/psp/format_2025/execution_resolve.go:82.2,83.19 2 1
github.com/provide-io/flavor/go/flavor/pkg/psp/format_2025/execution_resolve.go:90.63,92.24 2 4
github.com/provide-io/flavor/go/flavor/pkg/psp/format_2025/execution_resolve.go:92.24,93.36 1 55
github.com/provide-io/flavor/go/flavor/pkg/psp/format_2025/execution_resolve.go:93.36,95.9 2 3
github.com/provide-io/flavor/go/flavor/pkg/psp/format_2025/execution_resolve.go:98.2,98.19 1 4
github.com/provide-io/flavor/go/flavor/pkg/psp/format_2025/execution_resolve.go:98.19,100.3 1 1
github.com/provide-io/flavor/go/flavor/pkg/psp/format_2025/execution_resolve.go:102.2,102.50 1 3
github.com/provide-io/flavor/go/flavor/pkg/psp/format_2025/execution_resolve.go:102.50,103.16 1 3
github.com/provide-io/flavor/go/flavor/pkg/psp/format_2025/execution_resolve.go:103.16,105.4 1 1
github.com/provide-io/flavor/go/flavor/pkg/psp/format_2025/execution_resolve.go:106.3,107.63 2 3
github.com/provide-io/flavor/go/flavor/pkg/psp/format_2025/execution_resolve.go:107.63,109.4 1 3
github.com/provide-io/flavor/go/flavor/pkg/psp/format_2025/execution_resolve.go:111.2,111.64 1 0
github.com/provide-io/flavor/go/flavor/pkg/psp/format_2025/execution_slots.go:22.27,28.75 4 30
github.com/provide-io/flavor/go/flavor/pkg/psp/format_2025/execution_slots.go:28.75,31.3 2 2
github.com/provide-io/flavor/go/flavor/pkg/psp/format_2025/execution_slots.go:32.2,38.38 3 28
github.com/provide-io/flavor/go/flavor/pkg/psp/format_2025/execution_slots.go:38.38,44.17 4 31
github.com/provide-io/flavor/go/flavor/pkg/psp/format_2025/execution_slots.go:44.17,48.4 3 2
github.com/provide-io/flavor/go/flavor/pkg/psp/format_2025/execution_slots.go:49.3,50.34 2 29
github.com/provide-io/flavor/go/flavor/pkg/psp/format_2025/execution_slots.go:55.2,56.79 2 26
github.com/provide-io/flavor/go/flavor/pkg/psp/format_2025/execution_slots.go:56.79,60.3 3 0
github.com/provide-io/flavor/go/flavor/pkg/psp/format_2025/execution_slots.go:61.2,63.16 3 26
github.com/provide-io/flavor/go/flavor/pkg/psp/format_2025/execution_slots.go:63.16,67.3 3 0
github.com/provide-io/flavor/go/flavor/pkg/psp/format_2025/execution_slots.go:68.2,68.71 1 26
github.com/provide-io/flavor/go/flavor/pkg/psp/format_2025/execution_slots.go:68.71,72.3 3 0
github.com/provide-io/flavor/go/flavor/pkg/psp/format_2025/execution_slots.go:73.2,80.16 4 26
github.com/provide-io/flavor/go/flavor/pkg/psp/format_2025/execution_slots.go:80.16,84.3 3 0
github.com/provide-io/flavor/go/flavor/pkg/psp/format_2025/execution_slots.go:88.2,88.48 1 26
github.com/provide-io/flavor/go/flavor/pkg/psp/format_2025/execution_slots.go:88.48,94.88 4 4
github.com/provide-io/flavor/go/flavor/pkg/psp/format_2025/execution_slots.go:94.89,96.4 0 0
github.com/provide-io/flavor/go/flavor/pkg/psp/format_2025/execution_slots.go:96.9,98.4 1 4
github.com/provide-io/flavor/go/flavor/pkg/psp/format_2025/execution_slots.go:99.3,99.88 1 4
github.com/provide-io/flavor/go/flavor/pkg/psp/format_2025/execution_slots.go:99.89,101.4 0 0
github.com/provide-io/flavor/go/flavor/pkg/psp/format_2025/execution_slots.go:101.9,103.4 1 4
github.com/provide-io/flavor/go/flavor/pkg/psp/format_2025/execution_slots.go:106.3,106.31 1 4
github.com/provide-io/flavor/go/flavor/pkg/psp/format_2025/execution_slots.go:106.31,108.4 1 0
github.com/provide-io/flavor/go/flavor/pkg/psp/format_2025/execution_slots.go:110.3,110.17 1 4
github.com/provide-io/flavor/go/flavor/pkg/psp/format_2025/execution_slots.go:110.17,112.4 1 0
github.com/provide-io/flavor/go/flavor/pkg/psp/format_2025/execution_slots.go:113.3,113.17 1 4
github.com/provide-io/flavor/go/flavor/pkg/psp/format_2025/execution_slots.go:113.17,115.4 1 0
github.com/provide-io/flavor/go/flavor/pkg/psp/format_2025/execution_slots.go:117.3,117.15 1 4
github.com/provide-io/flavor/go/flavor/pkg/psp/format_2025/execution_slots.go:120.2,120.32 1 26
github.com/provide-io/flavor/go/flavor/pkg/psp/format_2025/execution_slots.go:120.32,125.62 3 27
github.com/provide-io/flavor/go/flavor/pkg/psp/format_2025/execution_slots.go:125.62,129.18 3 0
github.com/provide-io/flavor/go/flavor/pkg/psp/format_2025/execution_slots.go:129.18,133.5 3 0
github.com/provide-io/flavor/go/flavor/pkg/psp/format_2025/execution_slots.go:136.4,136.42 1 0
github.com/provide-io/flavor/go/flavor/pkg/psp/format_2025/execution_slots.go:136.42,143.26 4 0
github.com/provide-io/flavor/go/flavor/pkg/psp/format_2025/execution_slots.go:143.26,145.61 1 0
github.com/provide-io/flavor/go/flavor/pkg/psp/format_2025/execution_slots.go:145.61,149.7 3 0
github.com/provide-io/flavor/go/flavor/pkg/psp/format_2025/execution_slots.go:150.6,150.30 1 0
github.com/provide-io/flavor/go/flavor/pkg/psp/format_2025/execution_slots.go:151.11,154.60 2 0
github.com/provide-io/flavor/go/flavor/pkg/psp/format_2025/execution_slots.go:154.60,157.60 2 0
github.com/provide-io/flavor/go/flavor/pkg/psp/format_2025/execution_slots.go:157.60,161.8 3 0
github.com/provide-io/flavor/go/flavor/pkg/psp/format_2025/execution_slots.go:162.7,162.28 1 0
github.com/provide-io/flavor/go/flavor/pkg/psp/format_2025/execution_slots.go:167.4,167.24 1 0
github.com/provide-io/flavor/go/flavor/pkg/psp/format_2025/execution_slots.go:168.9,168.67 1 27
github.com/provide-io/flavor/go/flavor/pkg/psp/format_2025/execution_slots.go:168.67,173.18 3 0
github.com/provide-io/flavor/go/flavor/pkg/psp/format_2025/execution_slots.go:173.18,177.5 3 0
github.com/provide-io/flavor/go/flavor/pkg/psp/format_2025/execution_slots.go:180.4,180.42 1 0
github.com/provide-io/flavor/go/flavor/pkg/psp/format_2025/execution_slots.go:180.42,187.26 4 0
github.com/provide-io/flavor/go/flavor/pkg/psp/format_2025/execution_slots.go:187.26,189.61 1 0
github.com/provide-io/flavor/go/flavor/pkg/psp/format_2025/execution_slots.go:189.61,193.7 3 0
github.com/provide-io/flavor/go/flavor/pkg/psp/format_2025/execution_slots.go:194.6,194.30 1 0
[...]
github.com/provide-io/flavor/go/flavor/pkg/psp/format_2025/runtime.go:12.103,14.24 2 4
github.com/provide-io/flavor/go/flavor/pkg/psp/format_2025/runtime.go:14.24,16.22 2 73
github.com/provide-io/flavor/go/flavor/pkg/psp/format_2025/runtime.go:16.22,18.4 1 73
github.com/provide-io/flavor/go/flavor/pkg/psp/format_2025/runtime.go:23.2,23.31 1 4
github.com/provide-io/flavor/go/flavor/pkg/psp/format_2025/runtime.go:23.31,26.61 2 0
github.com/provide-io/flavor/go/flavor/pkg/psp/format_2025/runtime.go:26.61,29.37 2 0
github.com/provide-io/flavor/go/flavor/pkg/psp/format_2025/runtime.go:29.37,30.47 1 0
github.com/provide-io/flavor/go/flavor/pkg/psp/format_2025/runtime.go:30.47,32.6 1 0
github.com/provide-io/flavor/go/flavor/pkg/psp/format_2025/runtime.go:36.4,36.52 1 0
github.com/provide-io/flavor/go/flavor/pkg/psp/format_2025/runtime.go:36.52,37.39 1 0
github.com/provide-io/flavor/go/flavor/pkg/psp/format_2025/runtime.go:37.39,40.6 2 0
github.com/provide-io/flavor/go/flavor/pkg/psp/format_2025/runtime.go:42.4,42.33 1 0
github.com/provide-io/flavor/go/flavor/pkg/psp/format_2025/runtime.go:43.9,47.42 3 0
github.com/provide-io/flavor/go/flavor/pkg/psp/format_2025/runtime.go:47.42,49.5 1 0
github.com/provide-io/flavor/go/flavor/pkg/psp/format_2025/runtime.go:50.4,50.42 1 0
github.com/provide-io/flavor/go/flavor/pkg/psp/format_2025/runtime.go:55.2,56.60 2 4
github.com/provide-io/flavor/go/flavor/pkg/psp/format_2025/runtime.go:56.60,58.36 2 2
github.com/provide-io/flavor/go/flavor/pkg/psp/format_2025/runtime.go:58.36,59.46 1 5
github.com/provide-io/flavor/go/flavor/pkg/psp/format_2025/runtime.go:59.46,60.79 1 5
github.com/provide-io/flavor/go/flavor/pkg/psp/format_2025/runtime.go:60.79,62.30 1 3
github.com/provide-io/flavor/go/flavor/pkg/psp/format_2025/runtime.go:62.30,63.65 1 13
github.com/provide-io/flavor/go/flavor/pkg/psp/format_2025/runtime.go:63.65,66.8 2 3
github.com/provide-io/flavor/go/flavor/pkg/psp/format_2025/runtime.go:68.11,70.49 1 2
github.com/provide-io/flavor/go/flavor/pkg/psp/format_2025/runtime.go:70.49,73.7 2 1
github.com/provide-io/flavor/go/flavor/pkg/psp/format_2025/runtime.go:79.2,79.62 1 4
github.com/provide-io/flavor/go/flavor/pkg/psp/format_2025/runtime.go:79.62,81.37 2 3
github.com/provide-io/flavor/go/flavor/pkg/psp/format_2025/runtime.go:81.37,82.46 1 4
github.com/provide-io/flavor/go/flavor/pkg/psp/format_2025/runtime.go:82.46,83.26 1 4
github.com/provide-io/flavor/go/flavor/pkg/psp/format_2025/runtime.go:83.26,87.30 3 1
github.com/provide-io/flavor/go/flavor/pkg/psp/format_2025/runtime.go:87.30,88.29 1 5
github.com/provide-io/flavor/go/flavor/pkg/psp/format_2025/runtime.go:88.29,90.8 1 2
github.com/provide-io/flavor/go/flavor/pkg/psp/format_2025/runtime.go:92.6,92.35 1 1
github.com/provide-io/flavor/go/flavor/pkg/psp/format_2025/runtime.go:92.35,95.7 2 2
github.com/provide-io/flavor/go/flavor/pkg/psp/format_2025/runtime.go:96.6,96.97 1 1
github.com/provide-io/flavor/go/flavor/pkg/psp/format_2025/runtime.go:97.11,97.86 1 3
github.com/provide-io/flavor/go/flavor/pkg/psp/format_2025/runtime.go:97.86,100.30 2 1
github.com/provide-io/flavor/go/flavor/pkg/psp/format_2025/runtime.go:100.30,101.87 1 4
github.com/provide-io/flavor/go/flavor/pkg/psp/format_2025/runtime.go:101.87,103.8 1 2
github.com/provide-io/flavor/go/flavor/pkg/psp/format_2025/runtime.go:105.6,105.35 1 1
github.com/provide-io/flavor/go/flavor/pkg/psp/format_2025/runtime.go:105.35,108.7 2 2
github.com/provide-io/flavor/go/flavor/pkg/psp/format_2025/runtime.go:109.11,111.78 1 2
github.com/provide-io/flavor/go/flavor/pkg/psp/format_2025/runtime.go:111.78,114.7 2 1
github.com/provide-io/flavor/go/flavor/pkg/psp/format_2025/runtime.go:120.2,120.66 1 4
github.com/provide-io/flavor/go/flavor/pkg/psp/format_2025/runtime.go:120.66,122.32 2 3
github.com/provide-io/flavor/go/flavor/pkg/psp/format_2025/runtime.go:122.32,123.36 1 3
github.com/provide-io/flavor/go/flavor/pkg/psp/format_2025/runtime.go:123.36,124.46 1 3
github.com/provide-io/flavor/go/flavor/pkg/psp/format_2025/runtime.go:124.46,126.23 2 2
github.com/provide-io/flavor/go/flavor/pkg/psp/format_2025/runtime.go:126.23,129.7 2 1
github.com/provide-io/flavor/go/flavor/pkg/psp/format_2025/runtime.go:135.2,135.66 1 4
github.com/provide-io/flavor/go/flavor/pkg/psp/format_2025/runtime.go:135.66,137.34 2 4
github.com/provide-io/flavor/go/flavor/pkg/psp/format_2025/runtime.go:137.34,138.42 1 4
github.com/provide-io/flavor/go/flavor/pkg/psp/format_2025/runtime.go:138.42,141.5 2 4
github.com/provide-io/flavor/go/flavor/pkg/psp/format_2025/runtime.go:146.2,146.60 1 4
github.com/provide-io/flavor/go/flavor/pkg/psp/format_2025/runtime.go:146.60,148.36 2 2
github.com/provide-io/flavor/go/flavor/pkg/psp/format_2025/runtime.go:148.36,149.46 1 5
github.com/provide-io/flavor/go/flavor/pkg/psp/format_2025/runtime.go:149.46,150.79 1 5
github.com/provide-io/flavor/go/flavor/pkg/psp/format_2025/runtime.go:150.79,153.30 2 3
github.com/provide-io/flavor/go/flavor/pkg/psp/format_2025/runtime.go:153.30,154.65 1 5
github.com/provide-io/flavor/go/flavor/pkg/psp/format_2025/runtime.go:154.65,156.13 2 2
github.com/provide-io/flavor/go/flavor/pkg/psp/format_2025/runtime.go:159.6,159.16 1 3
github.com/provide-io/flavor/go/flavor/pkg/psp/format_2025/runtime.go:159.16,161.7 1 1
github.com/provide-io/flavor/go/flavor/pkg/psp/format_2025/runtime.go:161.12,163.7 1 2
github.com/provide-io/flavor/go/flavor/pkg/psp/format_2025/runtime.go:164.11,166.50 1 2
github.com/provide-io/flavor/go/flavor/pkg/psp/format_2025/runtime.go:166.50,168.7 1 1
github.com/provide-io/flavor/go/flavor/pkg/psp/format_2025/runtime.go:168.12,170.7 1 1
github.com/provide-io/flavor/go/flavor/pkg/psp/format_2025/runtime.go:176.2,177.27 2 4
github.com/provide-io/flavor/go/flavor/pkg/psp/format_2025/runtime.go:177.27,179.3 1 72
github.com/provide-io/flavor/go/flavor/pkg/psp/format_2025/runtime.go:181.2,181.15 1 4
github.com/provide-io/flavor/go/flavor/pkg/psp/format_2025/security_helpers.go:11.70,12.27 1 33
github.com/provide-io/flavor/go/flavor/pkg/psp/format_2025/security_helpers.go:12.27,14.3 1 1
github.com/provide-io/flavor/go/flavor/pkg/psp/format_2025/security_helpers.go:15.2,15.26 1 32
github.com/provide-io/flavor/go/flavor/pkg/psp/format_2025/security_helpers.go:18.70,19.41 1 5
github.com/provide-io/flavor/go/flavor/pkg/psp/format_2025/security_helpers.go:19.41,21.3 1 3
github.com/provide-io/flavor/go/flavor/pkg/psp/format_2025/security_helpers.go:22.2,22.27 1 2
github.com/provide-io/flavor/go/flavor/pkg/psp/format_2025/security_helpers.go:25.66,26.15 1 32
github.com/provide-io/flavor/go/flavor/pkg/psp/format_2025/security_helpers.go:26.15,28.3 1 1
github.com/provide-io/flavor/go/flavor/pkg/psp/format_2025/security_helpers.go:29.2,29.27 1 31
github.com/provide-io/flavor/go/flavor/pkg/psp/format_2025/security_helpers.go:32.72,34.16 2 2
github.com/provide-io/flavor/go/flavor/pkg/psp/format_2025/security_helpers.go:34.16,36.3 1 1
github.com/provide-io/flavor/go/flavor/pkg/psp/format_2025/security_helpers.go:37.2,37.26 1 1
github.com/provide-io/flavor/go/flavor/pkg/psp/format_2025/security_helpers.go:40.66,43.107 3 2
github.com/provide-io/flavor/go/flavor/pkg/psp/format_2025/security_helpers.go:43.107,45.3 1 1
github.com/provide-io/flavor/go/flavor/pkg/psp/format_2025/security_helpers.go:46.2,46.28 1 1
github.com/provide-io/flavor/go/flavor/pkg/psp/format_2025/security_helpers.go:49.59,51.2 1 2
github.com/provide-io/flavor/go/flavor/pkg/psp/format_2025/security_helpers.go:53.36,56.39 2 1
github.com/provide-io/flavor/go/flavor/pkg/psp/format_2025/security_helpers.go:56.39,58.3 1 0
github.com/provide-io/flavor/go/flavor/pkg/psp/format_2025/security_helpers.go:59.2,59.12 1 1
github.com/provide-io/flavor/go/flavor/pkg/psp/format_2025/security_helpers.go:62.39,65.39 2 1
github.com/provide-io/flavor/go/flavor/pkg/psp/format_2025/security_helpers.go:65.39,67.3 1 0
github.com/provide-io/flavor/go/flavor/pkg/psp/format_2025/security_helpers.go:68.2,68.12 1 1
github.com/provide-io/flavor/go/flavor/pkg/psp/format_2025/security_helpers.go:71.61,74.2 1 1
github.com/provide-io/flavor/go/flavor/pkg/psp/format_2025/security_helpers.go:76.83,79.2 1 16
github.com/provide-io/flavor/go/flavor/pkg/psp/format_2025/security_helpers.go:81.54,84.2 1 1
github.com/provide-io/flavor/go/flavor/pkg/psp/format_2025/security_helpers.go:86.53,89.2 1 25
github.com/provide-io/flavor/go/flavor/pkg/psp/format_2025/security_helpers.go:91.75,94.2 1 1
github.com/provide-io/flavor/go/flavor/pkg/psp/format_2025/slot_processor.go:18.46,21.2 2 5
github.com/provide-io/flavor/go/flavor/pkg/psp/format_2025/slot_processor.go:24.44,26.2 1 5
github.com/provide-io/flavor/go/flavor/pkg/psp/format_2025/slot_processor.go:66.73,74.2 1 18
github.com/provide-io/flavor/go/flavor/pkg/psp/format_2025/slot_processor.go:84.47,88.40 3 17
github.com/provide-io/flavor/go/flavor/pkg/psp/format_2025/slot_processor.go:88.40,89.50 1 9
github.com/provide-io/flavor/go/flavor/pkg/psp/format_2025/slot_processor.go:89.50,91.4 1 4
github.com/provide-io/flavor/go/flavor/pkg/psp/format_2025/slot_processor.go:94.2,94.12 1 13
github.com/provide-io/flavor/go/flavor/pkg/psp/format_2025/slot_processor.go:98.46,99.17 1 5
github.com/provide-io/flavor/go/flavor/pkg/psp/format_2025/slot_processor.go:100.17,101.11 1 0
github.com/provide-io/flavor/go/flavor/pkg/psp/format_2025/slot_processor.go:102.17,103.11 1 1
github.com/provide-io/flavor/go/flavor/pkg/psp/format_2025/slot_processor.go:104.14,105.11 1 1
github.com/provide-io/flavor/go/flavor/pkg/psp/format_2025/slot_processor.go:106.10,107.11 1 3
github.com/provide-io/flavor/go/flavor/pkg/psp/format_2025/slot_processor.go:112.50,113.19 1 5
github.com/provide-io/flavor/go/flavor/pkg/psp/format_2025/slot_processor.go:115.14,116.11 1 0
github.com/provide-io/flavor/go/flavor/pkg/psp/format_2025/slot_processor.go:117.17,118.11 1 1
github.com/provide-io/flavor/go/flavor/pkg/psp/format_2025/slot_processor.go:119.17,120.11 1 0
github.com/provide-io/flavor/go/flavor/pkg/psp/format_2025/slot_processor.go:121.18,122.11 1 0
github.com/provide-io/flavor/go/flavor/pkg/psp/format_2025/slot_processor.go:124.15,125.11 1 1
github.com/provide-io/flavor/go/flavor/pkg/psp/format_2025/slot_processor.go:126.19,127.11 1 0
github.com/provide-io/flavor/go/flavor/pkg/psp/format_2025/slot_processor.go:129.14,130.11 1 0
github.com/provide-io/flavor/go/flavor/pkg/psp/format_2025/slot_processor.go:131.15,132.11 1 0
github.com/provide-io/flavor/go/flavor/pkg/psp/format_2025/slot_processor.go:134.13,135.11 1 0
github.com/provide-io/flavor/go/flavor/pkg/psp/format_2025/slot_processor.go:136.16,137.11 1 0
github.com/provide-io/flavor/go/flavor/pkg/psp/format_2025/slot_processor.go:138.18,139.12 1 0
github.com/provide-io/flavor/go/flavor/pkg/psp/format_2025/slot_processor.go:140.10,141.11 1 3
github.com/provide-io/flavor/go/flavor/pkg/psp/format_2025/slot_processor.go:146.46,147.19 1 10
github.com/provide-io/flavor/go/flavor/pkg/psp/format_2025/slot_processor.go:147.19,149.3 1 0
github.com/provide-io/flavor/go/flavor/pkg/psp/format_2025/slot_processor.go:152.2,153.66 2 10
github.com/provide-io/flavor/go/flavor/pkg/psp/format_2025/slot_processor.go:153.66,155.3 1 10
github.com/provide-io/flavor/go/flavor/pkg/psp/format_2025/slot_processor.go:157.2,157.26 1 0
github.com/provide-io/flavor/go/flavor/pkg/psp/format_2025/slot_processor.go:178.67,180.19 1 9
github.com/provide-io/flavor/go/flavor/pkg/psp/format_2025/slot_processor.go:180.19,182.3 1 1
github.com/provide-io/flavor/go/flavor/pkg/psp/format_2025/slot_processor.go:183.2,183.23 1 8
github.com/provide-io/flavor/go/flavor/pkg/psp/format_2025/slot_processor.go:183.23,185.3 1 1
github.com/provide-io/flavor/go/flavor/pkg/psp/format_2025/slot_processor.go:186.2,186.23 1 7
github.com/provide-io/flavor/go/flavor/pkg/psp/format_2025/slot_processor.go:186.23,188.3 1 1
github.com/provide-io/flavor/go/flavor/pkg/psp/format_2025/slot_processor.go:191.2,191.27 1 6
github.com/provide-io/flavor/go/flavor/pkg/psp/format_2025/slot_processor.go:191.27,193.3 1 5
github.com/provide-io/flavor/go/flavor/pkg/psp/format_2025/slot_processor.go:194.2,194.28 1 6
github.com/provide-io/flavor/go/flavor/pkg/psp/format_2025/slot_processor.go:194.28,196.3 1 5
github.com/provide-io/flavor/go/flavor/pkg/psp/format_2025/slot_processor.go:199.2,199.45 1 6
github.com/provide-io/flavor/go/flavor/pkg/psp/format_2025/slot_processor.go:199.45,202.3 1 1
github.com/provide-io/flavor/go/flavor/pkg/psp/format_2025/slot_processor.go:204.2,208.36 2 5
github.com/provide-io/flavor/go/flavor/pkg/psp/format_2025/slot_processor.go:208.36,255.3 9 1
github.com/provide-io/flavor/go/flavor/pkg/psp/format_2025/slot_processor.go:258.2,259.16 2 4
github.com/provide-io/flavor/go/flavor/pkg/psp/format_2025/slot_processor.go:259.16,261.3 1 0
github.com/provide-io/flavor/go/flavor/pkg/psp/format_2025/slot_processor.go:264.2,285.25 5 4
github.com/provide-io/flavor/go/flavor/pkg/psp/format_2025/slot_processor.go:286.14,287.48 1 0
github.com/provide-io/flavor/go/flavor/pkg/psp/format_2025/slot_processor.go:288.23,289.56 1 1
github.com/provide-io/flavor/go/flavor/pkg/psp/format_2025/slot_processor.go:290.13,291.47 1 0
github.com/provide-io/flavor/go/flavor/pkg/psp/format_2025/slot_processor.go:292.10,293.17 1 3
github.com/provide-io/flavor/go/flavor/pkg/psp/format_2025/slot_processor.go:297.2,323.12 6 4
github.com/provide-io/flavor/go/flavor/pkg/psp/format_2025/slot_processor.go:341.82,344.45 2 5
github.com/provide-io/flavor/go/flavor/pkg/psp/format_2025/slot_processor.go:344.45,346.20 2 1
github.com/provide-io/flavor/go/flavor/pkg/psp/format_2025/slot_processor.go:346.20,348.4 1 0
github.com/provide-io/flavor/go/flavor/pkg/psp/format_2025/slot_processor.go:349.3,351.42 2 1
github.com/provide-io/flavor/go/flavor/pkg/psp/format_2025/slot_processor.go:355.2,356.16 2 5
github.com/provide-io/flavor/go/flavor/pkg/psp/format_2025/slot_processor.go:356.16,358.3 1 0
github.com/provide-io/flavor/go/flavor/pkg/psp/format_2025/slot_processor.go:360.2,366.37 3 5
github.com/provide-io/flavor/go/flavor/pkg/psp/format_2025/slot_processor.go:370.60,372.2 1 13
github.com/provide-io/flavor/go/flavor/pkg/psp/format_2025/slot_processor.go:375.55,377.2 1 13
github.com/provide-io/flavor/go/flavor/pkg/psp/format_2025/slot_processor.go:380.49,382.2 1 13
github.com/provide-io/flavor/go/flavor/pkg/psp/format_2025/slots.go:14.35,17.2 2 68
github.com/provide-io/flavor/go/flavor/pkg/psp/format_2025/slots.go:65.40,97.2 19 73
github.com/provide-io/flavor/go/flavor/pkg/psp/format_2025/slots.go:100.65,101.37 1 81
github.com/provide-io/flavor/go/flavor/pkg/psp/format_2025/slots.go:101.37,107.3 2 0
github.com/provide-io/flavor/go/flavor/pkg/psp/format_2025/slots.go:109.2,137.15 4 81
github.com/provide-io/flavor/go/flavor/pkg/psp/format_2025/slots.go:141.50,143.2 1 9
github.com/provide-io/flavor/go/flavor/pkg/psp/format_2025/slots.go:146.55,149.2 2 56
github.com/provide-io/flavor/go/flavor/pkg/psp/format_2025/trust.go:29.33,30.52 1 8
github.com/provide-io/flavor/go/flavor/pkg/psp/format_2025/trust.go:30.52,32.3 1 8
github.com/provide-io/flavor/go/flavor/pkg/psp/format_2025/trust.go:33.2,33.63 1 0
github.com/provide-io/flavor/go/flavor/pkg/psp/format_2025/trust.go:38.65,39.48 1 8
github.com/provide-io/flavor/go/flavor/pkg/psp/format_2025/trust.go:39.48,41.3 1 1
github.com/provide-io/flavor/go/flavor/pkg/psp/format_2025/trust.go:42.2,43.41 2 7
github.com/provide-io/flavor/go/flavor/pkg/psp/format_2025/trust.go:48.45,50.21 2 3
github.com/provide-io/flavor/go/flavor/pkg/psp/format_2025/trust.go:50.21,52.41 2 3
github.com/provide-io/flavor/go/flavor/pkg/psp/format_2025/trust.go:52.41,54.4 1 1
github.com/provide-io/flavor/go/flavor/pkg/psp/format_2025/trust.go:56.3,56.44 1 2
github.com/provide-io/flavor/go/flavor/pkg/psp/format_2025/trust.go:56.44,57.9 1 2
github.com/provide-io/flavor/go/flavor/pkg/psp/format_2025/trust.go:60.2,60.11 1 2
github.com/provide-io/flavor/go/flavor/pkg/psp/format_2025/trust.go:64.44,67.21 3 3
github.com/provide-io/flavor/go/flavor/pkg/psp/format_2025/trust.go:67.21,69.36 2 10
github.com/provide-io/flavor/go/flavor/pkg/psp/format_2025/trust.go:69.36,71.4 1 9
github.com/provide-io/flavor/go/flavor/pkg/psp/format_2025/trust.go:73.2,73.42 1 3
github.com/provide-io/flavor/go/flavor/pkg/psp/format_2025/trust.go:78.55,80.16 2 3
github.com/provide-io/flavor/go/flavor/pkg/psp/format_2025/trust.go:80.16,82.3 1 0
github.com/provide-io/flavor/go/flavor/pkg/psp/format_2025/trust.go:84.2,88.18 4 3
github.com/provide-io/flavor/go/flavor/pkg/psp/format_2025/trust.go:88.18,90.3 1 0
github.com/provide-io/flavor/go/flavor/pkg/psp/format_2025/trust.go:92.2,93.16 2 3
github.com/provide-io/flavor/go/flavor/pkg/psp/format_2025/trust.go:93.16,95.3 1 0
github.com/provide-io/flavor/go/flavor/pkg/psp/format_2025/trust.go:97.2,98.9 2 3
github.com/provide-io/flavor/go/flavor/pkg/psp/format_2025/trust.go:98.9,100.3 1 0
github.com/provide-io/flavor/go/flavor/pkg/psp/format_2025/trust.go:102.2,103.16 2 3
github.com/provide-io/flavor/go/flavor/pkg/psp/format_2025/trust.go:103.16,105.3 1 0
github.com/provide-io/flavor/go/flavor/pkg/psp/format_2025/trust.go:107.2,111.8 1 3
github.com/provide-io/flavor/go/flavor/pkg/psp/format_2025/trust.go:117.76,119.16 2 5
github.com/provide-io/flavor/go/flavor/pkg/psp/format_2025/trust.go:119.16,120.25 1 1
github.com/provide-io/flavor/go/flavor/pkg/psp/format_2025/trust.go:120.25,122.4 1 1
github.com/provide-io/flavor/go/flavor/pkg/psp/format_2025/trust.go:123.3,123.71 1 0
github.com/provide-io/flavor/go/flavor/pkg/psp/format_2025/trust.go:126.2,126.32 1 4
github.com/provide-io/flavor/go/flavor/pkg/psp/format_2025/trust.go:126.32,127.20 1 3
github.com/provide-io/flavor/go/flavor/pkg/psp/format_2025/trust.go:127.20,128.12 1 0
github.com/provide-io/flavor/go/flavor/pkg/psp/format_2025/trust.go:130.3,131.39 2 3
github.com/provide-io/flavor/go/flavor/pkg/psp/format_2025/trust.go:131.39,132.12 1 0
github.com/provide-io/flavor/go/flavor/pkg/psp/format_2025/trust.go:134.3,136.17 3 3
github.com/provide-io/flavor/go/flavor/pkg/psp/format_2025/trust.go:136.17,138.12 2 0
github.com/provide-io/flavor/go/flavor/pkg/psp/format_2025/trust.go:140.3,140.28 1 3
github.com/provide-io/flavor/go/flavor/pkg/psp/format_2025/trust.go:142.2,142.18 1 4
github.com/provide-io/flavor/go/flavor/pkg/psp/format_2025/trust.go:147.73,150.70 2 5
github.com/provide-io/flavor/go/flavor/pkg/psp/format_2025/trust.go:150.70,152.3 1 0
github.com/provide-io/flavor/go/flavor/pkg/psp/format_2025/trust.go:154.2,154.19 1 5
github.com/provide-io/flavor/go/flavor/pkg/psp/format_2025/trust.go:154.19,156.58 2 0
github.com/provide-io/flavor/go/flavor/pkg/psp/format_2025/trust.go:156.58,158.4 1 0
github.com/provide-io/flavor/go/flavor/pkg/psp/format_2025/trust.go:161.2,161.18 1 5
github.com/provide-io/flavor/go/flavor/pkg/psp/format_2025/trust.go:166.74,169.44 3 3
github.com/provide-io/flavor/go/flavor/pkg/psp/format_2025/trust.go:169.44,171.3 1 2
github.com/provide-io/flavor/go/flavor/pkg/psp/format_2025/trust.go:173.2,174.19 2 3
github.com/provide-io/flavor/go/flavor/pkg/psp/format_2025/trust.go:174.19,176.44 2 0
github.com/provide-io/flavor/go/flavor/pkg/psp/format_2025/trust.go:176.44,178.4 1 0
github.com/provide-io/flavor/go/flavor/pkg/psp/format_2025/trust.go:181.2,181.31 1 3
github.com/provide-io/flavor/go/flavor/pkg/psp/format_2025/trust.go:181.31,183.3 1 1
github.com/provide-io/flavor/go/flavor/pkg/psp/format_2025/trust.go:185.2,186.16 2 2
github.com/provide-io/flavor/go/flavor/pkg/psp/format_2025/trust.go:186.16,188.3 1 0
github.com/provide-io/flavor/go/flavor/pkg/psp/format_2025/trust.go:190.2,192.21 3 2
github.com/provide-io/flavor/go/flavor/pkg/psp/format_2025/utils.go:5.44,7.65 1 3
github.com/provide-io/flavor/go/flavor/pkg/psp/format_2025/utils.go:7.65,9.3 1 2
github.com/provide-io/flavor/go/flavor/pkg/psp/format_2025/utils.go:12.2,12.11 1 1
github.com/provide-io/flavor/go/flavor/pkg/psp/format_2025/utils.go:15.55,17.2 1 20
