mode: atomic
github.com/provide-io/flavor/go/flavor/pkg/utils/permissions/parser.go:19.49,20.13 1 0
github.com/provide-io/flavor/go/flavor/pkg/utils/permissions/parser.go:20.13,22.3 1 0
github.com/provide-io/flavor/go/flavor/pkg/utils/permissions/parser.go:25.2,30.16 4 0
github.com/provide-io/flavor/go/flavor/pkg/utils/permissions/parser.go:30.16,32.3 1 0
github.com/provide-io/flavor/go/flavor/pkg/utils/permissions/parser.go:34.2,34.25 1 0
github.com/provide-io/flavor/go/flavor/pkg/utils/permissions/parser.go:38.38,40.2 1 0
github.com/provide-io/flavor/go/flavor/pkg/utils/permissions/parser.go:43.37,45.2 1 0
github.com/provide-io/flavor/go/flavor/pkg/utils/permissions/parser.go:48.36,51.2 1 0
github.com/provide-io/flavor/go/flavor/pkg/utils/xor.go:7.48,8.33 1 0
github.com/provide-io/flavor/go/flavor/pkg/utils/xor.go:8.33,10.3 1 0
github.com/provide-io/flavor/go/flavor/pkg/utils/xor.go:11.2,12.22 2 0
github.com/provide-io/flavor/go/flavor/pkg/utils/xor.go:12.22,14.3 1 0
github.com/provide-io/flavor/go/flavor/pkg/utils/xor.go:15.2,15.15 1 0
github.com/provide-io/flavor/go/flavor/pkg/utils/xor.go:19.48,21.2 1 0
github.com/provide-io/flavor/go/flavor/pkg/utils/xor.go:24.43,26.2 1 0
github.com/provide-io/flavor/go/flavor/pkg/utils/xor.go:29.43,31.2 1 0
github.com/provide-io/flavor/go/flavor/cmd/flavor-go-launcher/main.go:14.35,16.43 1 0
github.com/provide-io/flavor/go/flavor/cmd/flavor-go-launcher/main.go:16.43,17.41 1 0
github.com/provide-io/flavor/go/flavor/cmd/flavor-go-launcher/main.go:17.41,18.33 1 0
github.com/provide-io/flavor/go/flavor/cmd/flavor-go-launcher/main.go:18.33,19.70 1 0
github.com/provide-io/flavor/go/flavor/cmd/flavor-go-launcher/main.go:19.70,21.6 1 0
github.com/provide-io/flavor/go/flavor/cmd/flavor-go-launcher/main.go:26.2,26.49 1 0
github.com/provide-io/flavor/go/flavor/cmd/flavor-go-launcher/main.go:26.49,27.48 1 0
github.com/provide-io/flavor/go/flavor/cmd/flavor-go-launcher/main.go:27.48,29.4 1 0
github.com/provide-io/flavor/go/flavor/cmd/flavor-go-launcher/main.go:31.2,31.46 1 0
github.com/provide-io/flavor/go/flavor/cmd/flavor-go-launcher/main.go:34.13,36.15 1 0
github.com/provide-io/flavor/go/flavor/cmd/flavor-go-launcher/main.go:36.15,37.31 1 0
github.com/provide-io/flavor/go/flavor/cmd/flavor-go-launcher/main.go:37.31,41.4 3 0
github.com/provide-io/flavor/go/flavor/cmd/flavor-go-launcher/main.go:44.2,45.16 2 0
github.com/provide-io/flavor/go/flavor/cmd/flavor-go-launcher/main.go:45.16,48.3 2 0
github.com/provide-io/flavor/go/flavor/cmd/flavor-go-launcher/main.go:51.2,51.51 1 0
github.com/provide-io/flavor/go/flavor/cmd/flavor-go-launcher/main.go:51.51,55.3 3 0
github.com/provide-io/flavor/go/flavor/cmd/flavor-go-launcher/main.go:58.2,62.53 4 0
github.com/provide-io/flavor/go/flavor/cmd/flavor-go-launcher/main.go:62.53,66.3 3 0
github.com/provide-io/flavor/go/flavor/cmd/flavor-go-launcher/main.go:66.8,68.3 1 0
github.com/provide-io/flavor/go/flavor/cmd/flavor-go-launcher/main.go:72.2,72.68 1 0
github.com/provide-io/flavor/go/flavor/pkg/logging/prefix_writer.go:16.64,21.2 1 0
github.com/provide-io/flavor/go/flavor/pkg/logging/prefix_writer.go:25.54,27.46 2 0
github.com/provide-io/flavor/go/flavor/pkg/logging/prefix_writer.go:27.46,29.3 1 0
github.com/provide-io/flavor/go/flavor/pkg/logging/prefix_writer.go:31.2,31.6 1 0
github.com/provide-io/flavor/go/flavor/pkg/logging/prefix_writer.go:31.6,33.17 2 0
github.com/provide-io/flavor/go/flavor/pkg/logging/prefix_writer.go:33.17,35.21 1 0
github.com/provide-io/flavor/go/flavor/pkg/logging/prefix_writer.go:35.21,37.54 1 0
github.com/provide-io/flavor/go/flavor/pkg/logging/prefix_writer.go:37.54,39.6 1 0
github.com/provide-io/flavor/go/flavor/pkg/logging/prefix_writer.go:41.4,41.9 1 0
github.com/provide-io/flavor/go/flavor/pkg/logging/prefix_writer.go:44.3,44.63 1 0
github.com/provide-io/flavor/go/flavor/pkg/logging/prefix_writer.go:44.63,46.4 1 0
github.com/provide-io/flavor/go/flavor/pkg/logging/prefix_writer.go:47.3,47.50 1 0
github.com/provide-io/flavor/go/flavor/pkg/logging/prefix_writer.go:47.50,49.4 1 0
github.com/provide-io/flavor/go/flavor/pkg/logging/prefix_writer.go:52.2,52.15 1 0
github.com/provide-io/flavor/go/flavor/pkg/api.go:7.65,9.2 1 0
github.com/provide-io/flavor/go/flavor/pkg/api.go:11.116,13.2 1 0
github.com/provide-io/flavor/go/flavor/pkg/api.go:15.127,17.2 1 0
github.com/provide-io/flavor/go/flavor/pkg/api.go:19.54,21.2 1 0
github.com/provide-io/flavor/go/flavor/pkg/api.go:23.68,25.2 1 0
github.com/provide-io/flavor/go/flavor/pkg/verification.go:10.35,12.16 2 0
github.com/provide-io/flavor/go/flavor/pkg/verification.go:12.16,15.3 2 0
github.com/provide-io/flavor/go/flavor/pkg/verification.go:16.2,16.15 1 0
github.com/provide-io/flavor/go/flavor/pkg/verification.go:16.15,17.40 1 0
github.com/provide-io/flavor/go/flavor/pkg/verification.go:17.40,19.4 1 0
github.com/provide-io/flavor/go/flavor/pkg/verification.go:22.2,27.16 4 0
github.com/provide-io/flavor/go/flavor/pkg/verification.go:27.16,29.3 1 0
github.com/provide-io/flavor/go/flavor/pkg/verification.go:29.8,31.3 1 0
github.com/provide-io/flavor/go/flavor/pkg/verification.go:33.2,34.16 2 0
github.com/provide-io/flavor/go/flavor/pkg/verification.go:34.16,36.3 1 0
github.com/provide-io/flavor/go/flavor/pkg/verification.go:36.8,38.3 1 0
github.com/provide-io/flavor/go/flavor/pkg/verification.go:40.2,41.16 2 0
github.com/provide-io/flavor/go/flavor/pkg/verification.go:41.16,43.3 1 0
github.com/provide-io/flavor/go/flavor/pkg/verification.go:43.8,46.39 2 0
github.com/provide-io/flavor/go/flavor/pkg/verification.go:46.39,48.18 2 0
github.com/provide-io/flavor/go/flavor/pkg/verification.go:48.18,50.5 1 0
github.com/provide-io/flavor/go/flavor/pkg/verification.go:50.10,52.5 1 0
github.com/provide-io/flavor/go/flavor/pkg/verification.go:56.2,56.22 1 0
github.com/provide-io/flavor/go/flavor/pkg/verification.go:56.22,58.3 1 0
github.com/provide-io/flavor/go/flavor/pkg/verification.go:58.8,60.30 2 0
github.com/provide-io/flavor/go/flavor/pkg/verification.go:60.30,62.4 1 0
github.com/provide-io/flavor/go/flavor/pkg/verification.go:63.3,63.13 1 0
github.com/provide-io/flavor/go/flavor/internal/workenv/validation.go:20.71,25.16 3 0
github.com/provide-io/flavor/go/flavor/internal/workenv/validation.go:25.16,27.3 1 0
github.com/provide-io/flavor/go/flavor/internal/workenv/validation.go:30.2,31.54 2 0
github.com/provide-io/flavor/go/flavor/internal/workenv/validation.go:31.54,33.3 1 0
github.com/provide-io/flavor/go/flavor/internal/workenv/validation.go:36.2,36.68 1 0
github.com/provide-io/flavor/go/flavor/internal/workenv/validation.go:36.68,38.3 1 0
github.com/provide-io/flavor/go/flavor/internal/workenv/validation.go:41.2,41.51 1 0
github.com/provide-io/flavor/go/flavor/internal/workenv/validation.go:41.51,43.3 1 0
github.com/provide-io/flavor/go/flavor/internal/workenv/validation.go:46.2,46.52 1 0
github.com/provide-io/flavor/go/flavor/internal/workenv/validation.go:46.52,48.3 1 0
github.com/provide-io/flavor/go/flavor/internal/workenv/validation.go:51.2,52.36 2 0
github.com/provide-io/flavor/go/flavor/internal/workenv/validation.go:52.36,54.65 2 0
github.com/provide-io/flavor/go/flavor/internal/workenv/validation.go:54.65,56.4 1 0
github.com/provide-io/flavor/go/flavor/internal/workenv/validation.go:59.2,59.13 1 0
github.com/provide-io/flavor/go/flavor/internal/workenv/validation.go:63.77,74.16 4 0
github.com/provide-io/flavor/go/flavor/internal/workenv/validation.go:74.16,76.3 1 0
github.com/provide-io/flavor/go/flavor/internal/workenv/validation.go:78.2,78.45 1 0
github.com/provide-io/flavor/go/flavor/internal/workenv/validation.go:82.55,91.16 4 0
github.com/provide-io/flavor/go/flavor/internal/workenv/validation.go:91.16,93.3 1 0
github.com/provide-io/flavor/go/flavor/internal/workenv/validation.go:96.2,98.45 2 0
github.com/provide-io/flavor/go/flavor/internal/workenv/validation.go:102.31,116.2 4 0
github.com/provide-io/flavor/go/flavor/internal/workenv/workenv.go:14.67,17.20 2 0
github.com/provide-io/flavor/go/flavor/internal/workenv/workenv.go:17.20,19.25 1 0
github.com/provide-io/flavor/go/flavor/internal/workenv/workenv.go:19.25,21.4 1 0
github.com/provide-io/flavor/go/flavor/internal/workenv/workenv.go:21.9,23.4 1 0
github.com/provide-io/flavor/go/flavor/internal/workenv/workenv.go:24.8,30.3 4 0
github.com/provide-io/flavor/go/flavor/internal/workenv/workenv.go:32.2,32.50 1 0
github.com/provide-io/flavor/go/flavor/internal/workenv/workenv.go:36.28,38.63 1 0
github.com/provide-io/flavor/go/flavor/internal/workenv/workenv.go:38.63,40.3 1 0
github.com/provide-io/flavor/go/flavor/internal/workenv/workenv.go:43.2,43.22 1 0
github.com/provide-io/flavor/go/flavor/internal/workenv/workenv.go:44.16,45.44 1 0
github.com/provide-io/flavor/go/flavor/internal/workenv/workenv.go:45.44,47.4 1 0
github.com/provide-io/flavor/go/flavor/internal/workenv/workenv.go:48.15,49.62 1 0
github.com/provide-io/flavor/go/flavor/internal/workenv/workenv.go:49.62,51.4 1 0
github.com/provide-io/flavor/go/flavor/internal/workenv/workenv.go:52.3,52.44 1 0
github.com/provide-io/flavor/go/flavor/internal/workenv/workenv.go:52.44,54.4 1 0
github.com/provide-io/flavor/go/flavor/internal/workenv/workenv.go:55.17,56.68 1 0
github.com/provide-io/flavor/go/flavor/internal/workenv/workenv.go:56.68,58.4 1 0
github.com/provide-io/flavor/go/flavor/internal/workenv/workenv.go:62.2,62.55 1 0
github.com/provide-io/flavor/go/flavor/internal/workenv/workenv.go:66.61,68.48 1 0
github.com/provide-io/flavor/go/flavor/internal/workenv/workenv.go:68.48,70.3 1 0
github.com/provide-io/flavor/go/flavor/internal/workenv/workenv.go:73.2,73.27 1 0
github.com/provide-io/flavor/go/flavor/internal/workenv/workenv.go:73.27,76.16 3 0
github.com/provide-io/flavor/go/flavor/internal/workenv/workenv.go:76.16,78.4 1 0
github.com/provide-io/flavor/go/flavor/internal/workenv/workenv.go:80.3,80.65 1 0
github.com/provide-io/flavor/go/flavor/internal/workenv/workenv.go:80.65,82.4 1 0
github.com/provide-io/flavor/go/flavor/internal/workenv/workenv.go:85.2,85.12 1 0
github.com/provide-io/flavor/go/flavor/cmd/flavor-go-builder/main.go:28.35,30.43 1 0
github.com/provide-io/flavor/go/flavor/cmd/flavor-go-builder/main.go:30.43,31.41 1 0
github.com/provide-io/flavor/go/flavor/cmd/flavor-go-builder/main.go:31.41,32.33 1 0
github.com/provide-io/flavor/go/flavor/cmd/flavor-go-builder/main.go:32.33,33.70 1 0
github.com/provide-io/flavor/go/flavor/cmd/flavor-go-builder/main.go:33.70,35.6 1 0
github.com/provide-io/flavor/go/flavor/cmd/flavor-go-builder/main.go:40.2,40.49 1 0
github.com/provide-io/flavor/go/flavor/cmd/flavor-go-builder/main.go:40.49,41.48 1 0
github.com/provide-io/flavor/go/flavor/cmd/flavor-go-builder/main.go:41.48,43.4 1 0
github.com/provide-io/flavor/go/flavor/cmd/flavor-go-builder/main.go:45.2,45.46 1 0
github.com/provide-io/flavor/go/flavor/cmd/flavor-go-builder/main.go:48.13,66.61 11 0
github.com/provide-io/flavor/go/flavor/cmd/flavor-go-builder/main.go:66.61,67.13 1 0
github.com/provide-io/flavor/go/flavor/cmd/flavor-go-builder/main.go:69.2,69.59 1 0
github.com/provide-io/flavor/go/flavor/cmd/flavor-go-builder/main.go:69.59,70.13 1 0
github.com/provide-io/flavor/go/flavor/cmd/flavor-go-builder/main.go:74.13,76.75 1 0
github.com/provide-io/flavor/go/flavor/cmd/flavor-go-builder/main.go:76.75,80.3 3 0
github.com/provide-io/flavor/go/flavor/cmd/flavor-go-builder/main.go:82.2,82.42 1 0
github.com/provide-io/flavor/go/flavor/cmd/flavor-go-builder/main.go:82.42,85.3 2 0
github.com/provide-io/flavor/go/flavor/cmd/flavor-go-builder/main.go:88.53,89.17 1 0
github.com/provide-io/flavor/go/flavor/cmd/flavor-go-builder/main.go:89.17,93.3 3 0
github.com/provide-io/flavor/go/flavor/cmd/flavor-go-builder/main.go:95.2,95.23 1 0
github.com/provide-io/flavor/go/flavor/cmd/flavor-go-builder/main.go:95.23,97.3 1 0
github.com/provide-io/flavor/go/flavor/cmd/flavor-go-builder/main.go:98.2,98.119 1 0
github.com/provide-io/flavor/go/flavor/pkg/psp/format_2025/builder.go:76.39,79.2 2 0
github.com/provide-io/flavor/go/flavor/pkg/psp/format_2025/builder.go:82.35,84.43 1 0
github.com/provide-io/flavor/go/flavor/pkg/psp/format_2025/builder.go:84.43,86.41 1 0
github.com/provide-io/flavor/go/flavor/pkg/psp/format_2025/builder.go:86.41,87.33 1 0
github.com/provide-io/flavor/go/flavor/pkg/psp/format_2025/builder.go:87.33,89.70 1 0
github.com/provide-io/flavor/go/flavor/pkg/psp/format_2025/builder.go:89.70,91.6 1 0
github.com/provide-io/flavor/go/flavor/pkg/psp/format_2025/builder.go:92.5,92.25 1 0
github.com/provide-io/flavor/go/flavor/pkg/psp/format_2025/builder.go:98.2,98.49 1 0
github.com/provide-io/flavor/go/flavor/pkg/psp/format_2025/builder.go:98.49,99.48 1 0
github.com/provide-io/flavor/go/flavor/pkg/psp/format_2025/builder.go:99.48,101.4 1 0
github.com/provide-io/flavor/go/flavor/pkg/psp/format_2025/builder.go:105.2,105.46 1 0
github.com/provide-io/flavor/go/flavor/pkg/psp/format_2025/builder.go:109.123,114.23 3 0
github.com/provide-io/flavor/go/flavor/pkg/psp/format_2025/builder.go:114.23,117.3 2 0
github.com/provide-io/flavor/go/flavor/pkg/psp/format_2025/builder.go:117.8,117.78 1 0
github.com/provide-io/flavor/go/flavor/pkg/psp/format_2025/builder.go:117.78,120.3 2 0
github.com/provide-io/flavor/go/flavor/pkg/psp/format_2025/builder.go:120.8,120.70 1 0
github.com/provide-io/flavor/go/flavor/pkg/psp/format_2025/builder.go:120.70,123.3 2 0
github.com/provide-io/flavor/go/flavor/pkg/psp/format_2025/builder.go:123.8,126.3 2 0
github.com/provide-io/flavor/go/flavor/pkg/psp/format_2025/builder.go:129.2,131.41 3 0
github.com/provide-io/flavor/go/flavor/pkg/psp/format_2025/builder.go:131.41,134.21 3 0
github.com/provide-io/flavor/go/flavor/pkg/psp/format_2025/builder.go:134.21,136.4 1 0
github.com/provide-io/flavor/go/flavor/pkg/psp/format_2025/builder.go:136.9,138.4 1 0
github.com/provide-io/flavor/go/flavor/pkg/psp/format_2025/builder.go:142.2,145.60 2 0
github.com/provide-io/flavor/go/flavor/pkg/psp/format_2025/builder.go:145.60,146.95 1 0
github.com/provide-io/flavor/go/flavor/pkg/psp/format_2025/builder.go:146.95,148.4 1 0
github.com/provide-io/flavor/go/flavor/pkg/psp/format_2025/builder.go:152.2,152.17 1 0
github.com/provide-io/flavor/go/flavor/pkg/psp/format_2025/builder.go:152.17,154.3 1 0
github.com/provide-io/flavor/go/flavor/pkg/psp/format_2025/builder.go:156.2,162.28 1 0
github.com/provide-io/flavor/go/flavor/pkg/psp/format_2025/builder.go:162.28,164.4 1 0
github.com/provide-io/flavor/go/flavor/pkg/psp/format_2025/builder.go:168.2,173.96 4 0
github.com/provide-io/flavor/go/flavor/pkg/psp/format_2025/builder.go:177.109,179.2 1 0
github.com/provide-io/flavor/go/flavor/pkg/psp/format_2025/builder.go:182.121,186.16 2 0
github.com/provide-io/flavor/go/flavor/pkg/psp/format_2025/builder.go:186.16,189.3 2 0
github.com/provide-io/flavor/go/flavor/pkg/psp/format_2025/builder.go:191.2,192.62 2 0
github.com/provide-io/flavor/go/flavor/pkg/psp/format_2025/builder.go:192.62,195.3 2 0
github.com/provide-io/flavor/go/flavor/pkg/psp/format_2025/builder.go:199.2,200.24 2 0
github.com/provide-io/flavor/go/flavor/pkg/psp/format_2025/builder.go:200.24,202.3 1 0
github.com/provide-io/flavor/go/flavor/pkg/psp/format_2025/builder.go:203.2,203.24 1 0
github.com/provide-io/flavor/go/flavor/pkg/psp/format_2025/builder.go:203.24,206.3 2 0
github.com/provide-io/flavor/go/flavor/pkg/psp/format_2025/builder.go:207.2,212.16 4 0
github.com/provide-io/flavor/go/flavor/pkg/psp/format_2025/builder.go:212.16,214.3 1 0
github.com/provide-io/flavor/go/flavor/pkg/psp/format_2025/builder.go:214.8,217.3 2 0
github.com/provide-io/flavor/go/flavor/pkg/psp/format_2025/builder.go:219.2,221.16 3 0
github.com/provide-io/flavor/go/flavor/pkg/psp/format_2025/builder.go:221.16,224.3 2 0
github.com/provide-io/flavor/go/flavor/pkg/psp/format_2025/builder.go:225.2,230.77 4 0
github.com/provide-io/flavor/go/flavor/pkg/psp/format_2025/builder.go:230.77,233.3 2 0
github.com/provide-io/flavor/go/flavor/pkg/psp/format_2025/builder.go:236.2,238.16 3 0
github.com/provide-io/flavor/go/flavor/pkg/psp/format_2025/builder.go:238.16,241.3 2 0
github.com/provide-io/flavor/go/flavor/pkg/psp/format_2025/builder.go:242.2,242.15 1 0
github.com/provide-io/flavor/go/flavor/pkg/psp/format_2025/builder.go:242.15,243.37 1 0
github.com/provide-io/flavor/go/flavor/pkg/psp/format_2025/builder.go:243.37,245.4 1 0
github.com/provide-io/flavor/go/flavor/pkg/psp/format_2025/builder.go:249.2,250.51 2 0
github.com/provide-io/flavor/go/flavor/pkg/psp/format_2025/builder.go:250.51,253.3 2 0
github.com/provide-io/flavor/go/flavor/pkg/psp/format_2025/builder.go:254.2,268.26 7 0
github.com/provide-io/flavor/go/flavor/pkg/psp/format_2025/builder.go:268.26,272.17 3 0
github.com/provide-io/flavor/go/flavor/pkg/psp/format_2025/builder.go:272.17,275.4 2 0
github.com/provide-io/flavor/go/flavor/pkg/psp/format_2025/builder.go:276.3,276.42 1 0
github.com/provide-io/flavor/go/flavor/pkg/psp/format_2025/builder.go:277.8,277.26 1 0
github.com/provide-io/flavor/go/flavor/pkg/psp/format_2025/builder.go:277.26,283.23 3 0
github.com/provide-io/flavor/go/flavor/pkg/psp/format_2025/builder.go:283.23,285.24 2 0
github.com/provide-io/flavor/go/flavor/pkg/psp/format_2025/builder.go:285.24,288.5 2 0
github.com/provide-io/flavor/go/flavor/pkg/psp/format_2025/builder.go:291.3,294.96 4 0
github.com/provide-io/flavor/go/flavor/pkg/psp/format_2025/builder.go:295.8,299.17 3 0
github.com/provide-io/flavor/go/flavor/pkg/psp/format_2025/builder.go:299.17,302.4 2 0
github.com/provide-io/flavor/go/flavor/pkg/psp/format_2025/builder.go:303.3,303.51 1 0
github.com/provide-io/flavor/go/flavor/pkg/psp/format_2025/builder.go:305.2,309.62 3 0
github.com/provide-io/flavor/go/flavor/pkg/psp/format_2025/builder.go:309.62,312.3 2 0
github.com/provide-io/flavor/go/flavor/pkg/psp/format_2025/builder.go:315.2,319.64 3 0
github.com/provide-io/flavor/go/flavor/pkg/psp/format_2025/builder.go:319.64,320.82 1 0
github.com/provide-io/flavor/go/flavor/pkg/psp/format_2025/builder.go:320.82,322.4 1 0
github.com/provide-io/flavor/go/flavor/pkg/psp/format_2025/builder.go:322.9,322.82 1 0
github.com/provide-io/flavor/go/flavor/pkg/psp/format_2025/builder.go:322.82,324.4 1 0
github.com/provide-io/flavor/go/flavor/pkg/psp/format_2025/builder.go:324.9,326.4 1 0
github.com/provide-io/flavor/go/flavor/pkg/psp/format_2025/builder.go:327.3,327.65 1 0
github.com/provide-io/flavor/go/flavor/pkg/psp/format_2025/builder.go:328.8,332.3 3 0
github.com/provide-io/flavor/go/flavor/pkg/psp/format_2025/builder.go:335.2,336.35 2 0
github.com/provide-io/flavor/go/flavor/pkg/psp/format_2025/builder.go:336.35,341.3 1 0
github.com/provide-io/flavor/go/flavor/pkg/psp/format_2025/builder.go:344.2,345.27 2 0
github.com/provide-io/flavor/go/flavor/pkg/psp/format_2025/builder.go:345.27,349.3 1 0
github.com/provide-io/flavor/go/flavor/pkg/psp/format_2025/builder.go:351.2,390.36 5 0
github.com/provide-io/flavor/go/flavor/pkg/psp/format_2025/builder.go:390.36,392.20 1 0
github.com/provide-io/flavor/go/flavor/pkg/psp/format_2025/builder.go:392.20,395.4 2 0
github.com/provide-io/flavor/go/flavor/pkg/psp/format_2025/builder.go:396.3,396.24 1 0
github.com/provide-io/flavor/go/flavor/pkg/psp/format_2025/builder.go:396.24,399.4 2 0
github.com/provide-io/flavor/go/flavor/pkg/psp/format_2025/builder.go:400.3,400.24 1 0
github.com/provide-io/flavor/go/flavor/pkg/psp/format_2025/builder.go:400.24,403.4 2 0
github.com/provide-io/flavor/go/flavor/pkg/psp/format_2025/builder.go:406.3,406.28 1 0
github.com/provide-io/flavor/go/flavor/pkg/psp/format_2025/builder.go:406.28,408.4 1 0
github.com/provide-io/flavor/go/flavor/pkg/psp/format_2025/builder.go:409.3,409.29 1 0
github.com/provide-io/flavor/go/flavor/pkg/psp/format_2025/builder.go:409.29,411.4 1 0
github.com/provide-io/flavor/go/flavor/pkg/psp/format_2025/builder.go:414.3,414.42 1 0
github.com/provide-io/flavor/go/flavor/pkg/psp/format_2025/builder.go:414.42,417.4 2 0
github.com/provide-io/flavor/go/flavor/pkg/psp/format_2025/builder.go:420.3,430.46 4 0
github.com/provide-io/flavor/go/flavor/pkg/psp/format_2025/builder.go:430.46,433.21 2 0
github.com/provide-io/flavor/go/flavor/pkg/psp/format_2025/builder.go:433.21,435.5 1 0
github.com/provide-io/flavor/go/flavor/pkg/psp/format_2025/builder.go:436.4,437.102 2 0
github.com/provide-io/flavor/go/flavor/pkg/psp/format_2025/builder.go:440.3,441.17 2 0
github.com/provide-io/flavor/go/flavor/pkg/psp/format_2025/builder.go:441.17,444.4 2 0
github.com/provide-io/flavor/go/flavor/pkg/psp/format_2025/builder.go:445.3,467.24 6 0
github.com/provide-io/flavor/go/flavor/pkg/psp/format_2025/builder.go:468.15,471.105 3 0
github.com/provide-io/flavor/go/flavor/pkg/psp/format_2025/builder.go:472.24,475.102 3 0
github.com/provide-io/flavor/go/flavor/pkg/psp/format_2025/builder.go:476.14,479.102 3 0
github.com/provide-io/flavor/go/flavor/pkg/psp/format_2025/builder.go:480.19,483.102 3 0
github.com/provide-io/flavor/go/flavor/pkg/psp/format_2025/builder.go:484.11,487.118 3 0
github.com/provide-io/flavor/go/flavor/pkg/psp/format_2025/builder.go:491.3,498.30 6 0
github.com/provide-io/flavor/go/flavor/pkg/psp/format_2025/builder.go:498.30,500.48 2 0
github.com/provide-io/flavor/go/flavor/pkg/psp/format_2025/builder.go:500.48,503.5 2 0
github.com/provide-io/flavor/go/flavor/pkg/psp/format_2025/builder.go:504.4,504.112 1 0
github.com/provide-io/flavor/go/flavor/pkg/psp/format_2025/builder.go:508.3,510.50 3 0
github.com/provide-io/flavor/go/flavor/pkg/psp/format_2025/builder.go:510.50,513.4 2 0
github.com/provide-io/flavor/go/flavor/pkg/psp/format_2025/builder.go:516.3,517.23 2 0
github.com/provide-io/flavor/go/flavor/pkg/psp/format_2025/builder.go:518.18,519.20 1 0
github.com/provide-io/flavor/go/flavor/pkg/psp/format_2025/builder.go:520.18,521.20 1 0
github.com/provide-io/flavor/go/flavor/pkg/psp/format_2025/builder.go:522.15,523.20 1 0
github.com/provide-io/flavor/go/flavor/pkg/psp/format_2025/builder.go:524.11,525.20 1 0
github.com/provide-io/flavor/go/flavor/pkg/psp/format_2025/builder.go:529.3,530.25 2 0
github.com/provide-io/flavor/go/flavor/pkg/psp/format_2025/builder.go:532.15,533.22 1 0
github.com/provide-io/flavor/go/flavor/pkg/psp/format_2025/builder.go:534.18,535.22 1 0
github.com/provide-io/flavor/go/flavor/pkg/psp/format_2025/builder.go:536.18,537.22 1 0
github.com/provide-io/flavor/go/flavor/pkg/psp/format_2025/builder.go:538.19,539.22 1 0
github.com/provide-io/flavor/go/flavor/pkg/psp/format_2025/builder.go:541.16,542.22 1 0
github.com/provide-io/flavor/go/flavor/pkg/psp/format_2025/builder.go:543.15,544.22 1 0
github.com/provide-io/flavor/go/flavor/pkg/psp/format_2025/builder.go:546.15,547.22 1 0
github.com/provide-io/flavor/go/flavor/pkg/psp/format_2025/builder.go:548.16,549.22 1 0
github.com/provide-io/flavor/go/flavor/pkg/psp/format_2025/builder.go:551.14,552.22 1 0
github.com/provide-io/flavor/go/flavor/pkg/psp/format_2025/builder.go:553.17,554.22 1 0
github.com/provide-io/flavor/go/flavor/pkg/psp/format_2025/builder.go:555.19,556.23 1 0
github.com/provide-io/flavor/go/flavor/pkg/psp/format_2025/builder.go:557.11,558.22 1 0
github.com/provide-io/flavor/go/flavor/pkg/psp/format_2025/builder.go:562.3,563.29 2 0
github.com/provide-io/flavor/go/flavor/pkg/psp/format_2025/builder.go:563.29,566.68 2 0
github.com/provide-io/flavor/go/flavor/pkg/psp/format_2025/builder.go:566.68,568.5 1 0
github.com/provide-io/flavor/go/flavor/pkg/psp/format_2025/builder.go:568.10,570.5 1 0
github.com/provide-io/flavor/go/flavor/pkg/psp/format_2025/builder.go:571.9,573.4 1 0
github.com/provide-io/flavor/go/flavor/pkg/psp/format_2025/builder.go:575.3,593.5 1 0
github.com/provide-io/flavor/go/flavor/pkg/psp/format_2025/builder.go:597.2,599.56 3 0
github.com/provide-io/flavor/go/flavor/pkg/psp/format_2025/builder.go:599.56,602.3 2 0
github.com/provide-io/flavor/go/flavor/pkg/psp/format_2025/builder.go:604.2,608.39 3 0
github.com/provide-io/flavor/go/flavor/pkg/psp/format_2025/builder.go:608.39,610.70 1 0
github.com/provide-io/flavor/go/flavor/pkg/psp/format_2025/builder.go:610.70,613.4 2 0
github.com/provide-io/flavor/go/flavor/pkg/psp/format_2025/builder.go:616.2,622.16 5 0
github.com/provide-io/flavor/go/flavor/pkg/psp/format_2025/builder.go:622.16,625.3 2 0
github.com/provide-io/flavor/go/flavor/pkg/psp/format_2025/builder.go:626.2,663.56 20 0
github.com/provide-io/flavor/go/flavor/pkg/psp/format_2025/builder.go:663.56,666.3 2 0
github.com/provide-io/flavor/go/flavor/pkg/psp/format_2025/builder.go:669.2,669.51 1 0
github.com/provide-io/flavor/go/flavor/pkg/psp/format_2025/builder.go:669.51,672.3 2 0
github.com/provide-io/flavor/go/flavor/pkg/psp/format_2025/builder.go:675.2,675.58 1 0
github.com/provide-io/flavor/go/flavor/pkg/psp/format_2025/builder.go:675.58,678.3 2 0
github.com/provide-io/flavor/go/flavor/pkg/psp/format_2025/builder.go:680.2,693.82 3 0
github.com/provide-io/flavor/go/flavor/pkg/psp/format_2025/builder.go:693.82,696.3 2 0
github.com/provide-io/flavor/go/flavor/pkg/psp/format_2025/builder.go:697.2,697.64 1 0
github.com/provide-io/flavor/go/flavor/pkg/psp/format_2025/checksums.go:26.44,27.11 1 0
github.com/provide-io/flavor/go/flavor/pkg/psp/format_2025/checksums.go:28.22,29.18 1 0
github.com/provide-io/flavor/go/flavor/pkg/psp/format_2025/checksums.go:30.22,31.18 1 0
github.com/provide-io/flavor/go/flavor/pkg/psp/format_2025/checksums.go:32.23,33.19 1 0
github.com/provide-io/flavor/go/flavor/pkg/psp/format_2025/checksums.go:34.23,35.19 1 0
github.com/provide-io/flavor/go/flavor/pkg/psp/format_2025/checksums.go:36.10,37.19 1 0
github.com/provide-io/flavor/go/flavor/pkg/psp/format_2025/checksums.go:42.75,43.40 1 0
github.com/provide-io/flavor/go/flavor/pkg/psp/format_2025/checksums.go:43.40,46.22 2 0
github.com/provide-io/flavor/go/flavor/pkg/psp/format_2025/checksums.go:46.22,48.4 1 0
github.com/provide-io/flavor/go/flavor/pkg/psp/format_2025/checksums.go:50.3,51.19 2 0
github.com/provide-io/flavor/go/flavor/pkg/psp/format_2025/checksums.go:52.17,53.25 1 0
github.com/provide-io/flavor/go/flavor/pkg/psp/format_2025/checksums.go:54.17,55.25 1 0
github.com/provide-io/flavor/go/flavor/pkg/psp/format_2025/checksums.go:56.18,57.26 1 0
github.com/provide-io/flavor/go/flavor/pkg/psp/format_2025/checksums.go:58.18,59.26 1 0
github.com/provide-io/flavor/go/flavor/pkg/psp/format_2025/checksums.go:60.11,61.85 1 0
github.com/provide-io/flavor/go/flavor/pkg/psp/format_2025/checksums.go:64.3,64.29 1 0
github.com/provide-io/flavor/go/flavor/pkg/psp/format_2025/checksums.go:68.2,69.26 2 0
github.com/provide-io/flavor/go/flavor/pkg/psp/format_2025/checksums.go:70.10,71.24 1 0
github.com/provide-io/flavor/go/flavor/pkg/psp/format_2025/checksums.go:72.11,73.24 1 0
github.com/provide-io/flavor/go/flavor/pkg/psp/format_2025/checksums.go:74.9,75.25 1 0
github.com/provide-io/flavor/go/flavor/pkg/psp/format_2025/checksums.go:76.10,77.24 1 0
github.com/provide-io/flavor/go/flavor/pkg/psp/format_2025/checksums.go:80.2,80.31 1 0
github.com/provide-io/flavor/go/flavor/pkg/psp/format_2025/checksums.go:84.73,88.19 3 0
github.com/provide-io/flavor/go/flavor/pkg/psp/format_2025/checksums.go:89.22,91.21 2 0
github.com/provide-io/flavor/go/flavor/pkg/psp/format_2025/checksums.go:92.22,94.21 2 0
github.com/provide-io/flavor/go/flavor/pkg/psp/format_2025/checksums.go:95.23,97.22 2 0
github.com/provide-io/flavor/go/flavor/pkg/psp/format_2025/checksums.go:98.23,100.35 1 0
github.com/provide-io/flavor/go/flavor/pkg/psp/format_2025/checksums.go:101.10,103.21 2 0
github.com/provide-io/flavor/go/flavor/pkg/psp/format_2025/checksums.go:106.2,108.47 3 0
github.com/provide-io/flavor/go/flavor/pkg/psp/format_2025/checksums.go:112.68,114.16 2 0
github.com/provide-io/flavor/go/flavor/pkg/psp/format_2025/checksums.go:114.16,116.3 1 0
github.com/provide-io/flavor/go/flavor/pkg/psp/format_2025/checksums.go:118.2,124.35 4 0
github.com/provide-io/flavor/go/flavor/pkg/psp/format_2025/compression.go:9.63,10.18 1 0
github.com/provide-io/flavor/go/flavor/pkg/psp/format_2025/compression.go:11.14,13.17 2 0
github.com/provide-io/flavor/go/flavor/pkg/psp/format_2025/compression.go:13.17,15.4 1 0
github.com/provide-io/flavor/go/flavor/pkg/psp/format_2025/compression.go:16.3,16.16 1 0
github.com/provide-io/flavor/go/flavor/pkg/psp/format_2025/compression.go:16.16,17.37 1 0
github.com/provide-io/flavor/go/flavor/pkg/psp/format_2025/compression.go:17.37,20.5 1 0
github.com/provide-io/flavor/go/flavor/pkg/psp/format_2025/compression.go:22.3,22.24 1 0
github.com/provide-io/flavor/go/flavor/pkg/psp/format_2025/compression.go:23.18,24.19 1 0
github.com/provide-io/flavor/go/flavor/pkg/psp/format_2025/compression.go:25.10,26.19 1 0
github.com/provide-io/flavor/go/flavor/pkg/psp/format_2025/crypto.go:15.104,18.16 2 0
github.com/provide-io/flavor/go/flavor/pkg/psp/format_2025/crypto.go:18.16,20.3 1 0
github.com/provide-io/flavor/go/flavor/pkg/psp/format_2025/crypto.go:23.2,28.50 4 0
github.com/provide-io/flavor/go/flavor/pkg/psp/format_2025/crypto.go:28.50,30.3 1 0
github.com/provide-io/flavor/go/flavor/pkg/psp/format_2025/crypto.go:31.2,31.35 1 0
github.com/provide-io/flavor/go/flavor/pkg/psp/format_2025/crypto.go:31.35,33.3 1 0
github.com/provide-io/flavor/go/flavor/pkg/psp/format_2025/crypto.go:36.2,37.26 2 0
github.com/provide-io/flavor/go/flavor/pkg/psp/format_2025/crypto.go:41.109,44.16 2 0
github.com/provide-io/flavor/go/flavor/pkg/psp/format_2025/crypto.go:44.16,46.3 1 0
github.com/provide-io/flavor/go/flavor/pkg/psp/format_2025/crypto.go:48.2,49.18 2 0
github.com/provide-io/flavor/go/flavor/pkg/psp/format_2025/crypto.go:49.18,51.3 1 0
github.com/provide-io/flavor/go/flavor/pkg/psp/format_2025/crypto.go:53.2,56.68 2 0
github.com/provide-io/flavor/go/flavor/pkg/psp/format_2025/crypto.go:56.68,59.10 3 0
github.com/provide-io/flavor/go/flavor/pkg/psp/format_2025/crypto.go:59.10,61.4 1 0
github.com/provide-io/flavor/go/flavor/pkg/psp/format_2025/crypto.go:62.8,62.55 1 0
github.com/provide-io/flavor/go/flavor/pkg/psp/format_2025/crypto.go:62.55,65.3 1 0
github.com/provide-io/flavor/go/flavor/pkg/psp/format_2025/crypto.go:65.8,67.3 1 0
github.com/provide-io/flavor/go/flavor/pkg/psp/format_2025/crypto.go:70.2,71.25 2 0
github.com/provide-io/flavor/go/flavor/pkg/psp/format_2025/crypto.go:71.25,74.17 2 0
github.com/provide-io/flavor/go/flavor/pkg/psp/format_2025/crypto.go:74.17,76.4 1 0
github.com/provide-io/flavor/go/flavor/pkg/psp/format_2025/crypto.go:78.3,79.19 2 0
github.com/provide-io/flavor/go/flavor/pkg/psp/format_2025/crypto.go:79.19,81.4 1 0
github.com/provide-io/flavor/go/flavor/pkg/psp/format_2025/crypto.go:84.3,84.67 1 0
github.com/provide-io/flavor/go/flavor/pkg/psp/format_2025/crypto.go:84.67,87.11 3 0
github.com/provide-io/flavor/go/flavor/pkg/psp/format_2025/crypto.go:87.11,89.5 1 0
github.com/provide-io/flavor/go/flavor/pkg/psp/format_2025/crypto.go:90.9,90.55 1 0
github.com/provide-io/flavor/go/flavor/pkg/psp/format_2025/crypto.go:90.55,93.4 1 0
github.com/provide-io/flavor/go/flavor/pkg/psp/format_2025/crypto.go:93.9,95.4 1 0
github.com/provide-io/flavor/go/flavor/pkg/psp/format_2025/crypto.go:96.8,99.3 1 0
github.com/provide-io/flavor/go/flavor/pkg/psp/format_2025/crypto.go:101.2,101.35 1 0
github.com/provide-io/flavor/go/flavor/pkg/psp/format_2025/crypto.go:104.53,110.2 1 0
github.com/provide-io/flavor/go/flavor/pkg/psp/format_2025/execution.go:26.38,28.16 2 0
github.com/provide-io/flavor/go/flavor/pkg/psp/format_2025/execution.go:28.16,30.3 1 0
github.com/provide-io/flavor/go/flavor/pkg/psp/format_2025/execution.go:31.2,34.16 3 0
github.com/provide-io/flavor/go/flavor/pkg/psp/format_2025/execution.go:34.16,36.3 1 0
github.com/provide-io/flavor/go/flavor/pkg/psp/format_2025/execution.go:37.2,39.57 2 0
github.com/provide-io/flavor/go/flavor/pkg/psp/format_2025/execution.go:39.57,41.3 1 0
github.com/provide-io/flavor/go/flavor/pkg/psp/format_2025/execution.go:44.2,45.16 2 0
github.com/provide-io/flavor/go/flavor/pkg/psp/format_2025/execution.go:45.16,47.3 1 0
github.com/provide-io/flavor/go/flavor/pkg/psp/format_2025/execution.go:48.2,48.41 1 0
github.com/provide-io/flavor/go/flavor/pkg/psp/format_2025/execution.go:52.40,54.16 2 0
github.com/provide-io/flavor/go/flavor/pkg/psp/format_2025/execution.go:54.16,56.3 1 0
github.com/provide-io/flavor/go/flavor/pkg/psp/format_2025/execution.go:58.2,58.60 1 0
github.com/provide-io/flavor/go/flavor/pkg/psp/format_2025/execution.go:58.60,60.3 1 0
github.com/provide-io/flavor/go/flavor/pkg/psp/format_2025/execution.go:62.2,63.16 2 0
github.com/provide-io/flavor/go/flavor/pkg/psp/format_2025/execution.go:63.16,65.3 1 0
github.com/provide-io/flavor/go/flavor/pkg/psp/format_2025/execution.go:67.2,67.32 1 0
github.com/provide-io/flavor/go/flavor/pkg/psp/format_2025/execution.go:67.32,71.20 3 0
github.com/provide-io/flavor/go/flavor/pkg/psp/format_2025/execution.go:71.20,72.55 1 0
github.com/provide-io/flavor/go/flavor/pkg/psp/format_2025/execution.go:72.55,74.5 1 0
github.com/provide-io/flavor/go/flavor/pkg/psp/format_2025/execution.go:75.9,76.53 1 0
github.com/provide-io/flavor/go/flavor/pkg/psp/format_2025/execution.go:76.53,78.5 1 0
github.com/provide-io/flavor/go/flavor/pkg/psp/format_2025/execution.go:81.2,81.12 1 0
github.com/provide-io/flavor/go/flavor/pkg/psp/format_2025/execution.go:85.82,86.51 1 0
github.com/provide-io/flavor/go/flavor/pkg/psp/format_2025/execution.go:86.51,88.3 1 0
github.com/provide-io/flavor/go/flavor/pkg/psp/format_2025/execution.go:90.2,91.16 2 0
github.com/provide-io/flavor/go/flavor/pkg/psp/format_2025/execution.go:91.16,93.3 1 0
github.com/provide-io/flavor/go/flavor/pkg/psp/format_2025/execution.go:95.2,95.32 1 0
github.com/provide-io/flavor/go/flavor/pkg/psp/format_2025/execution.go:95.32,96.20 1 0
github.com/provide-io/flavor/go/flavor/pkg/psp/format_2025/execution.go:96.20,97.12 1 0
github.com/provide-io/flavor/go/flavor/pkg/psp/format_2025/execution.go:100.3,104.17 3 0
github.com/provide-io/flavor/go/flavor/pkg/psp/format_2025/execution.go:104.17,105.12 1 0
github.com/provide-io/flavor/go/flavor/pkg/psp/format_2025/execution.go:108.3,109.46 2 0
github.com/provide-io/flavor/go/flavor/pkg/psp/format_2025/execution.go:109.46,111.12 2 0
github.com/provide-io/flavor/go/flavor/pkg/psp/format_2025/execution.go:113.3,115.29 2 0
github.com/provide-io/flavor/go/flavor/pkg/psp/format_2025/execution.go:115.29,116.12 1 0
github.com/provide-io/flavor/go/flavor/pkg/psp/format_2025/execution.go:120.3,121.17 2 0
github.com/provide-io/flavor/go/flavor/pkg/psp/format_2025/execution.go:121.17,122.12 1 0
github.com/provide-io/flavor/go/flavor/pkg/psp/format_2025/execution.go:126.3,127.21 2 0
github.com/provide-io/flavor/go/flavor/pkg/psp/format_2025/execution.go:127.21,128.12 1 0
github.com/provide-io/flavor/go/flavor/pkg/psp/format_2025/execution.go:131.3,132.45 2 0
github.com/provide-io/flavor/go/flavor/pkg/psp/format_2025/execution.go:132.45,138.22 3 0
github.com/provide-io/flavor/go/flavor/pkg/psp/format_2025/execution.go:138.22,140.5 1 0
github.com/provide-io/flavor/go/flavor/pkg/psp/format_2025/execution.go:140.10,142.5 1 0
github.com/provide-io/flavor/go/flavor/pkg/psp/format_2025/execution.go:145.4,145.92 1 0
github.com/provide-io/flavor/go/flavor/pkg/psp/format_2025/execution.go:145.92,147.5 1 0
github.com/provide-io/flavor/go/flavor/pkg/psp/format_2025/execution.go:147.10,149.5 1 0
github.com/provide-io/flavor/go/flavor/pkg/psp/format_2025/execution.go:153.2,153.12 1 0
github.com/provide-io/flavor/go/flavor/pkg/psp/format_2025/execution.go:158.89,161.38 2 0
github.com/provide-io/flavor/go/flavor/pkg/psp/format_2025/execution.go:161.38,163.3 1 0
github.com/provide-io/flavor/go/flavor/pkg/psp/format_2025/execution.go:166.2,168.59 3 0
github.com/provide-io/flavor/go/flavor/pkg/psp/format_2025/execution.go:168.59,171.3 2 0
github.com/provide-io/flavor/go/flavor/pkg/psp/format_2025/execution.go:173.2,181.33 5 0
github.com/provide-io/flavor/go/flavor/pkg/psp/format_2025/execution.go:181.33,186.3 2 0
github.com/provide-io/flavor/go/flavor/pkg/psp/format_2025/execution.go:188.2,189.12 2 0
github.com/provide-io/flavor/go/flavor/pkg/psp/format_2025/execution.go:193.110,198.16 3 0
github.com/provide-io/flavor/go/flavor/pkg/psp/format_2025/execution.go:198.16,199.25 1 0
github.com/provide-io/flavor/go/flavor/pkg/psp/format_2025/execution.go:199.25,201.4 1 0
github.com/provide-io/flavor/go/flavor/pkg/psp/format_2025/execution.go:201.9,203.4 1 0
github.com/provide-io/flavor/go/flavor/pkg/psp/format_2025/execution.go:204.3,204.20 1 0
github.com/provide-io/flavor/go/flavor/pkg/psp/format_2025/execution.go:207.2,210.42 3 0
github.com/provide-io/flavor/go/flavor/pkg/psp/format_2025/execution.go:210.42,213.3 2 0
github.com/provide-io/flavor/go/flavor/pkg/psp/format_2025/execution.go:216.2,217.18 2 0
github.com/provide-io/flavor/go/flavor/pkg/psp/format_2025/execution.go:217.18,222.3 4 0
github.com/provide-io/flavor/go/flavor/pkg/psp/format_2025/execution.go:222.8,227.3 4 0
github.com/provide-io/flavor/go/flavor/pkg/psp/format_2025/execution.go:231.91,233.79 2 0
github.com/provide-io/flavor/go/flavor/pkg/psp/format_2025/execution.go:233.79,235.3 1 0
github.com/provide-io/flavor/go/flavor/pkg/psp/format_2025/execution.go:237.2,240.78 3 0
github.com/provide-io/flavor/go/flavor/pkg/psp/format_2025/execution.go:240.78,243.3 2 0
github.com/provide-io/flavor/go/flavor/pkg/psp/format_2025/execution.go:245.2,246.12 2 0
github.com/provide-io/flavor/go/flavor/pkg/psp/format_2025/execution.go:269.90,271.79 2 0
github.com/provide-io/flavor/go/flavor/pkg/psp/format_2025/execution.go:271.79,273.3 1 0
github.com/provide-io/flavor/go/flavor/pkg/psp/format_2025/execution.go:276.2,296.16 4 0
github.com/provide-io/flavor/go/flavor/pkg/psp/format_2025/execution.go:296.16,298.3 1 0
github.com/provide-io/flavor/go/flavor/pkg/psp/format_2025/execution.go:300.2,300.64 1 0
github.com/provide-io/flavor/go/flavor/pkg/psp/format_2025/execution.go:300.64,303.3 2 0
github.com/provide-io/flavor/go/flavor/pkg/psp/format_2025/execution.go:305.2,306.12 2 0
github.com/provide-io/flavor/go/flavor/pkg/psp/format_2025/execution.go:310.121,313.49 2 0
github.com/provide-io/flavor/go/flavor/pkg/psp/format_2025/execution.go:313.49,316.3 2 0
github.com/provide-io/flavor/go/flavor/pkg/psp/format_2025/execution.go:319.2,319.68 1 0
github.com/provide-io/flavor/go/flavor/pkg/psp/format_2025/execution.go:322.110,324.16 2 0
github.com/provide-io/flavor/go/flavor/pkg/psp/format_2025/execution.go:324.16,327.3 2 0
github.com/provide-io/flavor/go/flavor/pkg/psp/format_2025/execution.go:328.2,328.15 1 0
github.com/provide-io/flavor/go/flavor/pkg/psp/format_2025/execution.go:328.15,329.40 1 0
github.com/provide-io/flavor/go/flavor/pkg/psp/format_2025/execution.go:329.40,331.4 1 0
github.com/provide-io/flavor/go/flavor/pkg/psp/format_2025/execution.go:335.2,336.16 2 0
github.com/provide-io/flavor/go/flavor/pkg/psp/format_2025/execution.go:336.16,339.3 2 0
github.com/provide-io/flavor/go/flavor/pkg/psp/format_2025/execution.go:341.2,343.23 2 0
github.com/provide-io/flavor/go/flavor/pkg/psp/format_2025/execution.go:343.23,346.17 3 0
github.com/provide-io/flavor/go/flavor/pkg/psp/format_2025/execution.go:346.17,349.4 2 0
github.com/provide-io/flavor/go/flavor/pkg/psp/format_2025/execution.go:350.3,350.13 1 0
github.com/provide-io/flavor/go/flavor/pkg/psp/format_2025/execution.go:350.13,353.4 2 0
github.com/provide-io/flavor/go/flavor/pkg/psp/format_2025/execution.go:354.3,354.49 1 0
github.com/provide-io/flavor/go/flavor/pkg/psp/format_2025/execution.go:355.8,357.3 1 0
github.com/provide-io/flavor/go/flavor/pkg/psp/format_2025/execution.go:359.2,360.16 2 0
github.com/provide-io/flavor/go/flavor/pkg/psp/format_2025/execution.go:360.16,363.3 2 0
github.com/provide-io/flavor/go/flavor/pkg/psp/format_2025/execution.go:365.2,371.71 5 0
github.com/provide-io/flavor/go/flavor/pkg/psp/format_2025/execution.go:371.71,377.3 3 0
github.com/provide-io/flavor/go/flavor/pkg/psp/format_2025/execution.go:377.8,380.21 2 0
github.com/provide-io/flavor/go/flavor/pkg/psp/format_2025/execution.go:380.21,383.4 2 0
github.com/provide-io/flavor/go/flavor/pkg/psp/format_2025/execution.go:384.3,385.45 2 0
github.com/provide-io/flavor/go/flavor/pkg/psp/format_2025/execution.go:388.2,389.78 2 0
github.com/provide-io/flavor/go/flavor/pkg/psp/format_2025/execution.go:389.78,392.3 2 0
github.com/provide-io/flavor/go/flavor/pkg/psp/format_2025/execution.go:393.2,396.68 2 0
github.com/provide-io/flavor/go/flavor/pkg/psp/format_2025/execution.go:396.68,397.56 1 0
github.com/provide-io/flavor/go/flavor/pkg/psp/format_2025/execution.go:397.56,401.77 3 0
github.com/provide-io/flavor/go/flavor/pkg/psp/format_2025/execution.go:401.77,404.5 2 0
github.com/provide-io/flavor/go/flavor/pkg/psp/format_2025/execution.go:407.4,407.26 1 0
github.com/provide-io/flavor/go/flavor/pkg/psp/format_2025/execution.go:407.26,410.19 2 0
github.com/provide-io/flavor/go/flavor/pkg/psp/format_2025/execution.go:410.19,411.65 1 0
github.com/provide-io/flavor/go/flavor/pkg/psp/format_2025/execution.go:411.65,413.7 1 0
github.com/provide-io/flavor/go/flavor/pkg/psp/format_2025/execution.go:413.12,415.7 1 0
github.com/provide-io/flavor/go/flavor/pkg/psp/format_2025/execution.go:422.2,425.14 3 0
github.com/provide-io/flavor/go/flavor/pkg/psp/format_2025/execution.go:425.14,428.17 3 0
github.com/provide-io/flavor/go/flavor/pkg/psp/format_2025/execution.go:428.17,431.4 1 0
github.com/provide-io/flavor/go/flavor/pkg/psp/format_2025/execution.go:432.3,433.19 2 0
github.com/provide-io/flavor/go/flavor/pkg/psp/format_2025/execution.go:433.19,435.4 1 0
github.com/provide-io/flavor/go/flavor/pkg/psp/format_2025/execution.go:435.9,437.4 1 0
github.com/provide-io/flavor/go/flavor/pkg/psp/format_2025/execution.go:438.8,440.3 1 0
github.com/provide-io/flavor/go/flavor/pkg/psp/format_2025/execution.go:442.2,444.19 2 0
github.com/provide-io/flavor/go/flavor/pkg/psp/format_2025/execution.go:444.19,446.65 1 0
github.com/provide-io/flavor/go/flavor/pkg/psp/format_2025/execution.go:446.65,448.4 1 0
github.com/provide-io/flavor/go/flavor/pkg/psp/format_2025/execution.go:451.3,452.17 2 0
github.com/provide-io/flavor/go/flavor/pkg/psp/format_2025/execution.go:452.17,455.4 2 0
github.com/provide-io/flavor/go/flavor/pkg/psp/format_2025/execution.go:456.3,456.20 1 0
github.com/provide-io/flavor/go/flavor/pkg/psp/format_2025/execution.go:456.20,459.63 2 0
github.com/provide-io/flavor/go/flavor/pkg/psp/format_2025/execution.go:459.63,461.5 1 0
github.com/provide-io/flavor/go/flavor/pkg/psp/format_2025/execution.go:463.4,464.18 2 0
github.com/provide-io/flavor/go/flavor/pkg/psp/format_2025/execution.go:464.18,466.5 1 0
github.com/provide-io/flavor/go/flavor/pkg/psp/format_2025/execution.go:467.4,467.14 1 0
github.com/provide-io/flavor/go/flavor/pkg/psp/format_2025/execution.go:467.14,469.5 1 0
github.com/provide-io/flavor/go/flavor/pkg/psp/format_2025/execution.go:470.4,470.23 1 0
github.com/provide-io/flavor/go/flavor/pkg/psp/format_2025/execution.go:472.3,476.83 3 0
github.com/provide-io/flavor/go/flavor/pkg/psp/format_2025/execution.go:476.83,479.4 2 0
github.com/provide-io/flavor/go/flavor/pkg/psp/format_2025/execution.go:480.3,486.39 3 0
github.com/provide-io/flavor/go/flavor/pkg/psp/format_2025/execution.go:486.39,492.18 4 0
github.com/provide-io/flavor/go/flavor/pkg/psp/format_2025/execution.go:492.18,496.5 3 0
github.com/provide-io/flavor/go/flavor/pkg/psp/format_2025/execution.go:497.4,498.35 2 0
github.com/provide-io/flavor/go/flavor/pkg/psp/format_2025/execution.go:503.3,504.87 2 0
github.com/provide-io/flavor/go/flavor/pkg/psp/format_2025/execution.go:504.87,508.4 3 0
github.com/provide-io/flavor/go/flavor/pkg/psp/format_2025/execution.go:509.3,511.17 3 0
github.com/provide-io/flavor/go/flavor/pkg/psp/format_2025/execution.go:511.17,515.4 3 0
github.com/provide-io/flavor/go/flavor/pkg/psp/format_2025/execution.go:516.3,516.72 1 0
github.com/provide-io/flavor/go/flavor/pkg/psp/format_2025/execution.go:516.72,520.4 3 0
github.com/provide-io/flavor/go/flavor/pkg/psp/format_2025/execution.go:521.3,528.17 4 0
github.com/provide-io/flavor/go/flavor/pkg/psp/format_2025/execution.go:528.17,532.4 3 0
github.com/provide-io/flavor/go/flavor/pkg/psp/format_2025/execution.go:534.3,534.33 1 0
github.com/provide-io/flavor/go/flavor/pkg/psp/format_2025/execution.go:534.33,540.43 4 0
github.com/provide-io/flavor/go/flavor/pkg/psp/format_2025/execution.go:540.43,541.22 1 0
github.com/provide-io/flavor/go/flavor/pkg/psp/format_2025/execution.go:541.22,543.6 1 0
github.com/provide-io/flavor/go/flavor/pkg/psp/format_2025/execution.go:543.11,545.6 1 0
github.com/provide-io/flavor/go/flavor/pkg/psp/format_2025/execution.go:549.4,550.50 2 0
github.com/provide-io/flavor/go/flavor/pkg/psp/format_2025/execution.go:550.50,553.22 2 0
github.com/provide-io/flavor/go/flavor/pkg/psp/format_2025/execution.go:553.22,555.53 1 0
github.com/provide-io/flavor/go/flavor/pkg/psp/format_2025/execution.go:555.53,559.7 3 0
github.com/provide-io/flavor/go/flavor/pkg/psp/format_2025/execution.go:560.6,560.26 1 0
github.com/provide-io/flavor/go/flavor/pkg/psp/format_2025/execution.go:561.11,562.51 1 0
github.com/provide-io/flavor/go/flavor/pkg/psp/format_2025/execution.go:562.51,566.7 3 0
github.com/provide-io/flavor/go/flavor/pkg/psp/format_2025/execution.go:567.6,567.23 1 0
github.com/provide-io/flavor/go/flavor/pkg/psp/format_2025/execution.go:573.3,574.44 2 0
github.com/provide-io/flavor/go/flavor/pkg/psp/format_2025/execution.go:574.44,576.82 2 0
github.com/provide-io/flavor/go/flavor/pkg/psp/format_2025/execution.go:576.82,578.5 1 0
github.com/provide-io/flavor/go/flavor/pkg/psp/format_2025/execution.go:582.3,582.54 1 0
github.com/provide-io/flavor/go/flavor/pkg/psp/format_2025/execution.go:582.54,584.4 1 0
github.com/provide-io/flavor/go/flavor/pkg/psp/format_2025/execution.go:587.3,587.65 1 0
github.com/provide-io/flavor/go/flavor/pkg/psp/format_2025/execution.go:587.65,589.4 1 0
github.com/provide-io/flavor/go/flavor/pkg/psp/format_2025/execution.go:592.3,592.63 1 0
github.com/provide-io/flavor/go/flavor/pkg/psp/format_2025/execution.go:592.63,594.4 1 0
github.com/provide-io/flavor/go/flavor/pkg/psp/format_2025/execution.go:597.3,597.81 1 0
github.com/provide-io/flavor/go/flavor/pkg/psp/format_2025/execution.go:597.81,599.4 1 0
github.com/provide-io/flavor/go/flavor/pkg/psp/format_2025/execution.go:600.8,602.39 2 0
github.com/provide-io/flavor/go/flavor/pkg/psp/format_2025/execution.go:602.39,603.36 1 0
github.com/provide-io/flavor/go/flavor/pkg/psp/format_2025/execution.go:603.36,606.19 3 0
github.com/provide-io/flavor/go/flavor/pkg/psp/format_2025/execution.go:606.19,609.6 2 0
github.com/provide-io/flavor/go/flavor/pkg/psp/format_2025/execution.go:610.5,610.36 1 0
github.com/provide-io/flavor/go/flavor/pkg/psp/format_2025/execution.go:611.10,613.5 1 0
github.com/provide-io/flavor/go/flavor/pkg/psp/format_2025/execution.go:617.2,617.54 1 0
github.com/provide-io/flavor/go/flavor/pkg/psp/format_2025/execution.go:617.54,620.80 3 0
github.com/provide-io/flavor/go/flavor/pkg/psp/format_2025/execution.go:620.80,623.4 2 0
github.com/provide-io/flavor/go/flavor/pkg/psp/format_2025/execution.go:625.3,625.60 1 0
github.com/provide-io/flavor/go/flavor/pkg/psp/format_2025/execution.go:625.60,630.43 4 0
github.com/provide-io/flavor/go/flavor/pkg/psp/format_2025/execution.go:631.16,632.19 1 0
github.com/provide-io/flavor/go/flavor/pkg/psp/format_2025/execution.go:633.32,641.43 6 0
github.com/provide-io/flavor/go/flavor/pkg/psp/format_2025/execution.go:641.43,642.72 1 0
github.com/provide-io/flavor/go/flavor/pkg/psp/format_2025/execution.go:642.72,649.21 5 0
github.com/provide-io/flavor/go/flavor/pkg/psp/format_2025/execution.go:649.21,651.8 1 0
github.com/provide-io/flavor/go/flavor/pkg/psp/format_2025/execution.go:653.7,654.45 2 0
github.com/provide-io/flavor/go/flavor/pkg/psp/format_2025/execution.go:654.45,657.8 2 0
github.com/provide-io/flavor/go/flavor/pkg/psp/format_2025/execution.go:657.13,659.8 1 0
github.com/provide-io/flavor/go/flavor/pkg/psp/format_2025/execution.go:661.11,661.39 1 0
github.com/provide-io/flavor/go/flavor/pkg/psp/format_2025/execution.go:661.39,674.52 10 0
github.com/provide-io/flavor/go/flavor/pkg/psp/format_2025/execution.go:674.52,676.7 1 0
github.com/provide-io/flavor/go/flavor/pkg/psp/format_2025/execution.go:678.6,678.75 1 0
github.com/provide-io/flavor/go/flavor/pkg/psp/format_2025/execution.go:678.75,681.7 2 0
github.com/provide-io/flavor/go/flavor/pkg/psp/format_2025/execution.go:683.6,683.14 1 0
github.com/provide-io/flavor/go/flavor/pkg/psp/format_2025/execution.go:684.11,686.6 1 0
github.com/provide-io/flavor/go/flavor/pkg/psp/format_2025/execution.go:687.12,689.13 2 0
github.com/provide-io/flavor/go/flavor/pkg/psp/format_2025/execution.go:692.4,692.22 1 0
github.com/provide-io/flavor/go/flavor/pkg/psp/format_2025/execution.go:692.22,693.26 1 0
github.com/provide-io/flavor/go/flavor/pkg/psp/format_2025/execution.go:693.26,697.6 3 0
github.com/provide-io/flavor/go/flavor/pkg/psp/format_2025/execution.go:699.5,700.25 2 0
github.com/provide-io/flavor/go/flavor/pkg/psp/format_2025/execution.go:700.25,702.6 1 0
github.com/provide-io/flavor/go/flavor/pkg/psp/format_2025/execution.go:702.11,704.25 2 0
github.com/provide-io/flavor/go/flavor/pkg/psp/format_2025/execution.go:704.25,705.15 1 0
github.com/provide-io/flavor/go/flavor/pkg/psp/format_2025/execution.go:707.6,707.54 1 0
github.com/provide-io/flavor/go/flavor/pkg/psp/format_2025/execution.go:710.5,715.39 4 0
github.com/provide-io/flavor/go/flavor/pkg/psp/format_2025/execution.go:715.39,716.41 1 0
github.com/provide-io/flavor/go/flavor/pkg/psp/format_2025/execution.go:716.41,718.12 2 0
github.com/provide-io/flavor/go/flavor/pkg/psp/format_2025/execution.go:722.5,723.62 2 0
github.com/provide-io/flavor/go/flavor/pkg/psp/format_2025/execution.go:723.62,726.6 2 0
github.com/provide-io/flavor/go/flavor/pkg/psp/format_2025/execution.go:731.2,731.31 1 0
github.com/provide-io/flavor/go/flavor/pkg/psp/format_2025/execution.go:731.31,734.3 2 0
github.com/provide-io/flavor/go/flavor/pkg/psp/format_2025/execution.go:736.2,737.35 2 0
github.com/provide-io/flavor/go/flavor/pkg/psp/format_2025/execution.go:737.35,740.3 2 0
github.com/provide-io/flavor/go/flavor/pkg/psp/format_2025/execution.go:741.2,745.41 4 0
github.com/provide-io/flavor/go/flavor/pkg/psp/format_2025/execution.go:745.41,746.44 1 0
github.com/provide-io/flavor/go/flavor/pkg/psp/format_2025/execution.go:746.44,748.46 2 0
github.com/provide-io/flavor/go/flavor/pkg/psp/format_2025/execution.go:748.46,751.5 2 0
github.com/provide-io/flavor/go/flavor/pkg/psp/format_2025/execution.go:755.2,756.21 2 0
github.com/provide-io/flavor/go/flavor/pkg/psp/format_2025/execution.go:756.21,759.3 2 0
github.com/provide-io/flavor/go/flavor/pkg/psp/format_2025/execution.go:761.2,762.19 2 0
github.com/provide-io/flavor/go/flavor/pkg/psp/format_2025/execution.go:762.19,764.3 1 0
github.com/provide-io/flavor/go/flavor/pkg/psp/format_2025/execution.go:766.2,788.30 14 0
github.com/provide-io/flavor/go/flavor/pkg/psp/format_2025/execution.go:788.30,789.38 1 0
github.com/provide-io/flavor/go/flavor/pkg/psp/format_2025/execution.go:789.38,792.9 3 0
github.com/provide-io/flavor/go/flavor/pkg/psp/format_2025/execution.go:795.2,795.16 1 0
github.com/provide-io/flavor/go/flavor/pkg/psp/format_2025/execution.go:795.16,797.3 1 0
github.com/provide-io/flavor/go/flavor/pkg/psp/format_2025/execution.go:799.2,799.60 1 0
github.com/provide-io/flavor/go/flavor/pkg/psp/format_2025/execution.go:799.60,802.3 2 0
github.com/provide-io/flavor/go/flavor/pkg/psp/format_2025/execution.go:804.2,804.43 1 0
github.com/provide-io/flavor/go/flavor/pkg/psp/format_2025/execution.go:804.43,806.52 2 0
github.com/provide-io/flavor/go/flavor/pkg/psp/format_2025/execution.go:806.52,807.37 1 0
github.com/provide-io/flavor/go/flavor/pkg/psp/format_2025/execution.go:807.37,810.5 2 0
github.com/provide-io/flavor/go/flavor/pkg/psp/format_2025/execution.go:811.4,812.67 2 0
github.com/provide-io/flavor/go/flavor/pkg/psp/format_2025/execution.go:816.2,827.22 9 0
github.com/provide-io/flavor/go/flavor/pkg/psp/format_2025/execution.go:827.22,829.31 2 0
github.com/provide-io/flavor/go/flavor/pkg/psp/format_2025/execution.go:829.31,831.23 2 0
github.com/provide-io/flavor/go/flavor/pkg/psp/format_2025/execution.go:831.23,833.5 1 0
github.com/provide-io/flavor/go/flavor/pkg/psp/format_2025/execution.go:837.2,837.17 1 0
github.com/provide-io/flavor/go/flavor/pkg/psp/format_2025/index.go:68.37,119.2 40 0
github.com/provide-io/flavor/go/flavor/pkg/psp/format_2025/index.go:122.49,123.28 1 0
github.com/provide-io/flavor/go/flavor/pkg/psp/format_2025/index.go:123.28,125.3 1 0
github.com/provide-io/flavor/go/flavor/pkg/psp/format_2025/index.go:127.2,174.12 39 0
github.com/provide-io/flavor/go/flavor/pkg/psp/format_2025/launcher.go:30.33,32.15 2 0
github.com/provide-io/flavor/go/flavor/pkg/psp/format_2025/launcher.go:32.15,34.3 1 0
github.com/provide-io/flavor/go/flavor/pkg/psp/format_2025/launcher.go:36.2,37.43 2 0
github.com/provide-io/flavor/go/flavor/pkg/psp/format_2025/launcher.go:37.43,39.3 1 0
github.com/provide-io/flavor/go/flavor/pkg/psp/format_2025/launcher.go:41.2,42.29 2 0
github.com/provide-io/flavor/go/flavor/pkg/psp/format_2025/launcher.go:46.90,51.23 3 0
github.com/provide-io/flavor/go/flavor/pkg/psp/format_2025/launcher.go:51.23,54.3 2 0
github.com/provide-io/flavor/go/flavor/pkg/psp/format_2025/launcher.go:54.8,54.79 1 0
github.com/provide-io/flavor/go/flavor/pkg/psp/format_2025/launcher.go:54.79,57.3 2 0
github.com/provide-io/flavor/go/flavor/pkg/psp/format_2025/launcher.go:57.8,57.70 1 0
github.com/provide-io/flavor/go/flavor/pkg/psp/format_2025/launcher.go:57.70,60.3 2 0
github.com/provide-io/flavor/go/flavor/pkg/psp/format_2025/launcher.go:60.8,63.3 2 0
github.com/provide-io/flavor/go/flavor/pkg/psp/format_2025/launcher.go:66.2,68.41 3 0
github.com/provide-io/flavor/go/flavor/pkg/psp/format_2025/launcher.go:68.41,71.21 3 0
github.com/provide-io/flavor/go/flavor/pkg/psp/format_2025/launcher.go:71.21,73.4 1 0
github.com/provide-io/flavor/go/flavor/pkg/psp/format_2025/launcher.go:73.9,75.4 1 0
github.com/provide-io/flavor/go/flavor/pkg/psp/format_2025/launcher.go:79.2,82.60 2 0
github.com/provide-io/flavor/go/flavor/pkg/psp/format_2025/launcher.go:82.60,83.95 1 0
github.com/provide-io/flavor/go/flavor/pkg/psp/format_2025/launcher.go:83.95,85.4 1 0
github.com/provide-io/flavor/go/flavor/pkg/psp/format_2025/launcher.go:89.2,89.17 1 0
github.com/provide-io/flavor/go/flavor/pkg/psp/format_2025/launcher.go:89.17,91.3 1 0
github.com/provide-io/flavor/go/flavor/pkg/psp/format_2025/launcher.go:93.2,99.28 1 0
github.com/provide-io/flavor/go/flavor/pkg/psp/format_2025/launcher.go:99.28,101.4 1 0
github.com/provide-io/flavor/go/flavor/pkg/psp/format_2025/launcher.go:104.2,107.38 2 0
github.com/provide-io/flavor/go/flavor/pkg/psp/format_2025/launcher.go:107.38,111.3 3 0
github.com/provide-io/flavor/go/flavor/pkg/psp/format_2025/launcher.go:112.2,117.22 4 0
github.com/provide-io/flavor/go/flavor/pkg/psp/format_2025/launcher.go:117.22,118.31 1 0
github.com/provide-io/flavor/go/flavor/pkg/psp/format_2025/launcher.go:118.31,120.23 2 0
github.com/provide-io/flavor/go/flavor/pkg/psp/format_2025/launcher.go:120.23,122.5 1 0
github.com/provide-io/flavor/go/flavor/pkg/psp/format_2025/launcher.go:126.2,127.16 2 0
github.com/provide-io/flavor/go/flavor/pkg/psp/format_2025/launcher.go:127.16,130.3 2 0
github.com/provide-io/flavor/go/flavor/pkg/psp/format_2025/launcher.go:131.2,133.38 2 0
github.com/provide-io/flavor/go/flavor/pkg/psp/format_2025/launcher.go:133.38,135.20 2 0
github.com/provide-io/flavor/go/flavor/pkg/psp/format_2025/launcher.go:135.20,139.4 2 0
github.com/provide-io/flavor/go/flavor/pkg/psp/format_2025/launcher.go:141.3,141.18 1 0
github.com/provide-io/flavor/go/flavor/pkg/psp/format_2025/launcher.go:142.15,143.35 1 0
github.com/provide-io/flavor/go/flavor/pkg/psp/format_2025/launcher.go:144.17,145.33 1 0
github.com/provide-io/flavor/go/flavor/pkg/psp/format_2025/launcher.go:146.19,147.33 1 0
github.com/provide-io/flavor/go/flavor/pkg/psp/format_2025/launcher.go:148.18,149.21 1 0
github.com/provide-io/flavor/go/flavor/pkg/psp/format_2025/launcher.go:149.21,153.5 3 0
github.com/provide-io/flavor/go/flavor/pkg/psp/format_2025/launcher.go:154.4,154.50 1 0
github.com/provide-io/flavor/go/flavor/pkg/psp/format_2025/launcher.go:155.14,157.73 1 0
github.com/provide-io/flavor/go/flavor/pkg/psp/format_2025/launcher.go:157.73,160.5 2 0
github.com/provide-io/flavor/go/flavor/pkg/psp/format_2025/launcher.go:162.4,162.31 1 0
github.com/provide-io/flavor/go/flavor/pkg/psp/format_2025/launcher.go:163.11,166.28 3 0
github.com/provide-io/flavor/go/flavor/pkg/psp/format_2025/launcher.go:168.3,168.9 1 0
github.com/provide-io/flavor/go/flavor/pkg/psp/format_2025/launcher.go:171.2,171.67 1 0
github.com/provide-io/flavor/go/flavor/pkg/psp/format_2025/launcher.go:171.67,175.76 3 0
github.com/provide-io/flavor/go/flavor/pkg/psp/format_2025/launcher.go:175.76,177.4 1 0
github.com/provide-io/flavor/go/flavor/pkg/psp/format_2025/launcher.go:177.9,177.85 1 0
github.com/provide-io/flavor/go/flavor/pkg/psp/format_2025/launcher.go:177.85,179.4 1 0
github.com/provide-io/flavor/go/flavor/pkg/psp/format_2025/launcher.go:179.9,179.81 1 0
github.com/provide-io/flavor/go/flavor/pkg/psp/format_2025/launcher.go:179.81,181.4 1 0
github.com/provide-io/flavor/go/flavor/pkg/psp/format_2025/launcher.go:182.3,182.30 1 0
github.com/provide-io/flavor/go/flavor/pkg/psp/format_2025/launcher.go:185.2,185.29 1 0
github.com/provide-io/flavor/go/flavor/pkg/psp/format_2025/launcher.go:189.44,191.2 1 0
github.com/provide-io/flavor/go/flavor/pkg/psp/format_2025/launcher.go:194.91,199.14 3 0
github.com/provide-io/flavor/go/flavor/pkg/psp/format_2025/launcher.go:199.14,202.3 2 0
github.com/provide-io/flavor/go/flavor/pkg/psp/format_2025/launcher.go:204.2,205.58 2 0
github.com/provide-io/flavor/go/flavor/pkg/psp/format_2025/launcher.go:209.98,213.16 3 0
github.com/provide-io/flavor/go/flavor/pkg/psp/format_2025/launcher.go:213.16,215.3 1 0
github.com/provide-io/flavor/go/flavor/pkg/psp/format_2025/launcher.go:218.2,220.35 3 0
github.com/provide-io/flavor/go/flavor/pkg/psp/format_2025/launcher.go:220.35,222.3 1 0
github.com/provide-io/flavor/go/flavor/pkg/psp/format_2025/launcher.go:225.2,226.17 2 0
github.com/provide-io/flavor/go/flavor/pkg/psp/format_2025/launcher.go:226.17,228.3 1 0
github.com/provide-io/flavor/go/flavor/pkg/psp/format_2025/launcher.go:230.2,234.16 3 0
github.com/provide-io/flavor/go/flavor/pkg/psp/format_2025/launcher.go:234.16,236.3 1 0
github.com/provide-io/flavor/go/flavor/pkg/psp/format_2025/launcher.go:239.2,239.57 1 0
github.com/provide-io/flavor/go/flavor/pkg/psp/format_2025/launcher.go:246.58,248.16 2 0
github.com/provide-io/flavor/go/flavor/pkg/psp/format_2025/launcher.go:248.16,251.3 2 0
github.com/provide-io/flavor/go/flavor/pkg/psp/format_2025/launcher.go:252.2,252.15 1 0
github.com/provide-io/flavor/go/flavor/pkg/psp/format_2025/launcher.go:252.15,253.40 1 0
github.com/provide-io/flavor/go/flavor/pkg/psp/format_2025/launcher.go:253.40,255.4 1 0
github.com/provide-io/flavor/go/flavor/pkg/psp/format_2025/launcher.go:258.2,259.16 2 0
github.com/provide-io/flavor/go/flavor/pkg/psp/format_2025/launcher.go:259.16,262.3 2 0
github.com/provide-io/flavor/go/flavor/pkg/psp/format_2025/launcher.go:264.2,265.16 2 0
github.com/provide-io/flavor/go/flavor/pkg/psp/format_2025/launcher.go:265.16,268.3 2 0
github.com/provide-io/flavor/go/flavor/pkg/psp/format_2025/launcher.go:270.2,276.38 5 0
github.com/provide-io/flavor/go/flavor/pkg/psp/format_2025/launcher.go:276.38,278.53 2 0
github.com/provide-io/flavor/go/flavor/pkg/psp/format_2025/launcher.go:278.53,280.4 1 0
github.com/provide-io/flavor/go/flavor/pkg/psp/format_2025/launcher.go:283.2,284.28 2 0
github.com/provide-io/flavor/go/flavor/pkg/psp/format_2025/launcher.go:284.28,286.32 2 0
github.com/provide-io/flavor/go/flavor/pkg/psp/format_2025/launcher.go:286.32,288.4 1 0
github.com/provide-io/flavor/go/flavor/pkg/psp/format_2025/launcher.go:289.3,289.43 1 0
github.com/provide-io/flavor/go/flavor/pkg/psp/format_2025/launcher.go:292.2,294.16 3 0
github.com/provide-io/flavor/go/flavor/pkg/psp/format_2025/launcher.go:294.16,296.3 1 0
github.com/provide-io/flavor/go/flavor/pkg/psp/format_2025/launcher.go:298.2,314.69 5 0
github.com/provide-io/flavor/go/flavor/pkg/psp/format_2025/launcher.go:317.75,319.16 2 0
github.com/provide-io/flavor/go/flavor/pkg/psp/format_2025/launcher.go:319.16,322.3 2 0
github.com/provide-io/flavor/go/flavor/pkg/psp/format_2025/launcher.go:324.2,325.16 2 0
github.com/provide-io/flavor/go/flavor/pkg/psp/format_2025/launcher.go:325.16,328.3 2 0
github.com/provide-io/flavor/go/flavor/pkg/psp/format_2025/launcher.go:329.2,329.15 1 0
github.com/provide-io/flavor/go/flavor/pkg/psp/format_2025/launcher.go:329.15,330.40 1 0
github.com/provide-io/flavor/go/flavor/pkg/psp/format_2025/launcher.go:330.40,332.4 1 0
github.com/provide-io/flavor/go/flavor/pkg/psp/format_2025/launcher.go:335.2,336.16 2 0
github.com/provide-io/flavor/go/flavor/pkg/psp/format_2025/launcher.go:336.16,339.3 2 0
github.com/provide-io/flavor/go/flavor/pkg/psp/format_2025/launcher.go:341.2,341.55 1 0
github.com/provide-io/flavor/go/flavor/pkg/psp/format_2025/launcher.go:341.55,344.3 2 0
github.com/provide-io/flavor/go/flavor/pkg/psp/format_2025/launcher.go:346.2,348.16 3 0
github.com/provide-io/flavor/go/flavor/pkg/psp/format_2025/launcher.go:348.16,351.3 2 0
github.com/provide-io/flavor/go/flavor/pkg/psp/format_2025/launcher.go:353.2,353.78 1 0
github.com/provide-io/flavor/go/flavor/pkg/psp/format_2025/launcher.go:356.48,357.97 1 0
github.com/provide-io/flavor/go/flavor/pkg/psp/format_2025/launcher.go:357.97,359.3 1 0
github.com/provide-io/flavor/go/flavor/pkg/psp/format_2025/launcher.go:360.2,360.95 1 0
github.com/provide-io/flavor/go/flavor/pkg/psp/format_2025/launcher.go:360.95,362.3 1 0
github.com/provide-io/flavor/go/flavor/pkg/psp/format_2025/launcher.go:363.2,363.95 1 0
github.com/provide-io/flavor/go/flavor/pkg/psp/format_2025/launcher.go:363.95,365.3 1 0
github.com/provide-io/flavor/go/flavor/pkg/psp/format_2025/launcher.go:366.2,366.99 1 0
github.com/provide-io/flavor/go/flavor/pkg/psp/format_2025/launcher.go:366.99,368.3 1 0
github.com/provide-io/flavor/go/flavor/pkg/psp/format_2025/launcher.go:370.2,371.16 2 0
github.com/provide-io/flavor/go/flavor/pkg/psp/format_2025/launcher.go:371.16,373.3 1 0
github.com/provide-io/flavor/go/flavor/pkg/psp/format_2025/launcher.go:375.2,376.18 2 0
github.com/provide-io/flavor/go/flavor/pkg/psp/format_2025/launcher.go:376.18,378.3 1 0
github.com/provide-io/flavor/go/flavor/pkg/psp/format_2025/launcher.go:379.2,382.94 3 0
github.com/provide-io/flavor/go/flavor/pkg/psp/format_2025/launcher.go:382.94,384.3 1 0
github.com/provide-io/flavor/go/flavor/pkg/psp/format_2025/launcher.go:386.2,386.85 1 0
github.com/provide-io/flavor/go/flavor/pkg/psp/format_2025/launcher.go:386.85,388.3 1 0
github.com/provide-io/flavor/go/flavor/pkg/psp/format_2025/launcher.go:390.2,390.112 1 0
github.com/provide-io/flavor/go/flavor/pkg/psp/format_2025/launcher.go:390.112,392.3 1 0
github.com/provide-io/flavor/go/flavor/pkg/psp/format_2025/launcher.go:394.2,394.108 1 0
github.com/provide-io/flavor/go/flavor/pkg/psp/format_2025/launcher.go:394.108,396.3 1 0
github.com/provide-io/flavor/go/flavor/pkg/psp/format_2025/launcher.go:398.2,398.18 1 0
github.com/provide-io/flavor/go/flavor/pkg/psp/format_2025/launcher.go:401.56,403.16 2 0
github.com/provide-io/flavor/go/flavor/pkg/psp/format_2025/launcher.go:403.16,406.3 2 0
github.com/provide-io/flavor/go/flavor/pkg/psp/format_2025/launcher.go:407.2,407.15 1 0
github.com/provide-io/flavor/go/flavor/pkg/psp/format_2025/launcher.go:407.15,408.40 1 0
github.com/provide-io/flavor/go/flavor/pkg/psp/format_2025/launcher.go:408.40,410.4 1 0
github.com/provide-io/flavor/go/flavor/pkg/psp/format_2025/launcher.go:413.2,414.16 2 0
github.com/provide-io/flavor/go/flavor/pkg/psp/format_2025/launcher.go:414.16,417.3 2 0
github.com/provide-io/flavor/go/flavor/pkg/psp/format_2025/launcher.go:420.2,422.49 3 0
github.com/provide-io/flavor/go/flavor/pkg/psp/format_2025/launcher.go:422.49,425.3 2 0
github.com/provide-io/flavor/go/flavor/pkg/psp/format_2025/launcher.go:428.56,430.16 2 0
github.com/provide-io/flavor/go/flavor/pkg/psp/format_2025/launcher.go:430.16,433.3 2 0
github.com/provide-io/flavor/go/flavor/pkg/psp/format_2025/launcher.go:434.2,434.15 1 0
github.com/provide-io/flavor/go/flavor/pkg/psp/format_2025/launcher.go:434.15,435.40 1 0
github.com/provide-io/flavor/go/flavor/pkg/psp/format_2025/launcher.go:435.40,437.4 1 0
github.com/provide-io/flavor/go/flavor/pkg/psp/format_2025/launcher.go:440.2,445.16 4 0
github.com/provide-io/flavor/go/flavor/pkg/psp/format_2025/launcher.go:445.16,447.3 1 0
github.com/provide-io/flavor/go/flavor/pkg/psp/format_2025/launcher.go:447.8,449.3 1 0
github.com/provide-io/flavor/go/flavor/pkg/psp/format_2025/launcher.go:451.2,452.16 2 0
github.com/provide-io/flavor/go/flavor/pkg/psp/format_2025/launcher.go:452.16,454.3 1 0
github.com/provide-io/flavor/go/flavor/pkg/psp/format_2025/launcher.go:454.8,456.3 1 0
github.com/provide-io/flavor/go/flavor/pkg/psp/format_2025/launcher.go:458.2,459.16 2 0
github.com/provide-io/flavor/go/flavor/pkg/psp/format_2025/launcher.go:459.16,461.3 1 0
github.com/provide-io/flavor/go/flavor/pkg/psp/format_2025/launcher.go:461.8,464.39 2 0
github.com/provide-io/flavor/go/flavor/pkg/psp/format_2025/launcher.go:464.39,466.18 2 0
github.com/provide-io/flavor/go/flavor/pkg/psp/format_2025/launcher.go:466.18,468.5 1 0
github.com/provide-io/flavor/go/flavor/pkg/psp/format_2025/launcher.go:468.10,470.5 1 0
github.com/provide-io/flavor/go/flavor/pkg/psp/format_2025/launcher.go:474.2,474.22 1 0
github.com/provide-io/flavor/go/flavor/pkg/psp/format_2025/launcher.go:474.22,476.3 1 0
github.com/provide-io/flavor/go/flavor/pkg/psp/format_2025/launcher.go:476.8,478.30 2 0
github.com/provide-io/flavor/go/flavor/pkg/psp/format_2025/launcher.go:478.30,480.4 1 0
github.com/provide-io/flavor/go/flavor/pkg/psp/format_2025/launcher.go:481.3,481.13 1 0
github.com/provide-io/flavor/go/flavor/pkg/psp/format_2025/launcher.go:485.51,486.56 1 0
github.com/provide-io/flavor/go/flavor/pkg/psp/format_2025/launcher.go:486.56,488.3 1 0
github.com/provide-io/flavor/go/flavor/pkg/psp/format_2025/launcher.go:489.2,489.33 1 0
github.com/provide-io/flavor/go/flavor/pkg/psp/format_2025/launcher.go:493.92,496.16 2 0
github.com/provide-io/flavor/go/flavor/pkg/psp/format_2025/launcher.go:496.16,498.3 1 0
github.com/provide-io/flavor/go/flavor/pkg/psp/format_2025/launcher.go:501.2,508.36 5 0
github.com/provide-io/flavor/go/flavor/pkg/psp/format_2025/launcher.go:508.36,510.3 1 0
github.com/provide-io/flavor/go/flavor/pkg/psp/format_2025/launcher.go:515.2,515.35 1 0
github.com/provide-io/flavor/go/flavor/pkg/psp/format_2025/launcher.go:515.35,516.47 1 0
github.com/provide-io/flavor/go/flavor/pkg/psp/format_2025/launcher.go:516.47,518.60 1 0
github.com/provide-io/flavor/go/flavor/pkg/psp/format_2025/launcher.go:518.60,522.5 1 0
github.com/provide-io/flavor/go/flavor/pkg/psp/format_2025/launcher.go:524.3,524.47 1 0
github.com/provide-io/flavor/go/flavor/pkg/psp/format_2025/launcher.go:530.2,530.12 1 0
github.com/provide-io/flavor/go/flavor/pkg/psp/format_2025/locking.go:25.37,27.16 2 0
github.com/provide-io/flavor/go/flavor/pkg/psp/format_2025/locking.go:27.16,29.3 1 0
github.com/provide-io/flavor/go/flavor/pkg/psp/format_2025/locking.go:31.2,32.19 2 0
github.com/provide-io/flavor/go/flavor/pkg/psp/format_2025/locking.go:37.77,40.78 2 0
github.com/provide-io/flavor/go/flavor/pkg/psp/format_2025/locking.go:40.78,42.3 1 0
github.com/provide-io/flavor/go/flavor/pkg/psp/format_2025/locking.go:44.2,48.45 3 0
github.com/provide-io/flavor/go/flavor/pkg/psp/format_2025/locking.go:48.45,52.53 2 0
github.com/provide-io/flavor/go/flavor/pkg/psp/format_2025/locking.go:52.53,54.57 2 0
github.com/provide-io/flavor/go/flavor/pkg/psp/format_2025/locking.go:54.57,55.34 1 0
github.com/provide-io/flavor/go/flavor/pkg/psp/format_2025/locking.go:55.34,58.6 2 0
github.com/provide-io/flavor/go/flavor/pkg/psp/format_2025/locking.go:58.11,61.6 2 0
github.com/provide-io/flavor/go/flavor/pkg/psp/format_2025/locking.go:62.10,66.5 2 0
github.com/provide-io/flavor/go/flavor/pkg/psp/format_2025/locking.go:67.9,71.4 2 0
github.com/provide-io/flavor/go/flavor/pkg/psp/format_2025/locking.go:75.2,76.16 2 0
github.com/provide-io/flavor/go/flavor/pkg/psp/format_2025/locking.go:76.16,77.22 1 0
github.com/provide-io/flavor/go/flavor/pkg/psp/format_2025/locking.go:77.22,80.4 2 0
github.com/provide-io/flavor/go/flavor/pkg/psp/format_2025/locking.go:81.3,81.20 1 0
github.com/provide-io/flavor/go/flavor/pkg/psp/format_2025/locking.go:83.2,86.58 2 0
github.com/provide-io/flavor/go/flavor/pkg/psp/format_2025/locking.go:86.58,89.3 2 0
github.com/provide-io/flavor/go/flavor/pkg/psp/format_2025/locking.go:91.2,93.18 3 0
github.com/provide-io/flavor/go/flavor/pkg/psp/format_2025/locking.go:97.60,99.44 2 0
github.com/provide-io/flavor/go/flavor/pkg/psp/format_2025/locking.go:99.44,101.3 1 0
github.com/provide-io/flavor/go/flavor/pkg/psp/format_2025/locking.go:101.8,103.3 1 0
github.com/provide-io/flavor/go/flavor/pkg/psp/format_2025/locking.go:104.2,104.37 1 0
github.com/provide-io/flavor/go/flavor/pkg/psp/format_2025/locking.go:108.89,112.53 3 0
github.com/provide-io/flavor/go/flavor/pkg/psp/format_2025/locking.go:112.53,113.54 1 0
github.com/provide-io/flavor/go/flavor/pkg/psp/format_2025/locking.go:113.54,118.4 3 0
github.com/provide-io/flavor/go/flavor/pkg/psp/format_2025/locking.go:120.3,120.22 1 0
github.com/provide-io/flavor/go/flavor/pkg/psp/format_2025/locking.go:120.22,123.4 1 0
github.com/provide-io/flavor/go/flavor/pkg/psp/format_2025/locking.go:125.3,125.37 1 0
github.com/provide-io/flavor/go/flavor/pkg/psp/format_2025/locking.go:128.2,128.71 1 0
github.com/provide-io/flavor/go/flavor/pkg/psp/format_2025/locking.go:132.77,134.78 2 0
github.com/provide-io/flavor/go/flavor/pkg/psp/format_2025/locking.go:134.78,136.3 1 0
github.com/provide-io/flavor/go/flavor/pkg/psp/format_2025/locking.go:137.2,139.16 3 0
github.com/provide-io/flavor/go/flavor/pkg/psp/format_2025/locking.go:139.16,141.3 1 0
github.com/provide-io/flavor/go/flavor/pkg/psp/format_2025/locking.go:142.2,144.66 2 0
github.com/provide-io/flavor/go/flavor/pkg/psp/format_2025/locking.go:144.66,146.3 1 0
github.com/provide-io/flavor/go/flavor/pkg/psp/format_2025/locking.go:147.2,148.12 2 0
github.com/provide-io/flavor/go/flavor/pkg/psp/format_2025/locking.go:152.53,155.2 2 0
github.com/provide-io/flavor/go/flavor/pkg/psp/format_2025/locking.go:158.73,164.2 4 0
github.com/provide-io/flavor/go/flavor/pkg/psp/format_2025/locking.go:167.28,169.2 1 0
github.com/provide-io/flavor/go/flavor/pkg/psp/format_2025/locking.go:172.78,176.51 2 0
github.com/provide-io/flavor/go/flavor/pkg/psp/format_2025/locking.go:176.51,178.3 1 0
github.com/provide-io/flavor/go/flavor/pkg/psp/format_2025/locking.go:181.2,182.16 2 0
github.com/provide-io/flavor/go/flavor/pkg/psp/format_2025/locking.go:182.16,184.3 1 0
github.com/provide-io/flavor/go/flavor/pkg/psp/format_2025/locking.go:186.2,186.32 1 0
github.com/provide-io/flavor/go/flavor/pkg/psp/format_2025/locking.go:186.32,187.20 1 0
github.com/provide-io/flavor/go/flavor/pkg/psp/format_2025/locking.go:187.20,189.58 1 0
github.com/provide-io/flavor/go/flavor/pkg/psp/format_2025/locking.go:189.58,191.31 1 0
github.com/provide-io/flavor/go/flavor/pkg/psp/format_2025/locking.go:191.31,194.51 3 0
github.com/provide-io/flavor/go/flavor/pkg/psp/format_2025/locking.go:194.51,196.7 1 0
github.com/provide-io/flavor/go/flavor/pkg/psp/format_2025/locking.go:202.2,202.12 1 0
github.com/provide-io/flavor/go/flavor/pkg/psp/format_2025/paths.go:18.73,23.44 2 0
github.com/provide-io/flavor/go/flavor/pkg/psp/format_2025/paths.go:23.44,25.3 1 0
github.com/provide-io/flavor/go/flavor/pkg/psp/format_2025/paths.go:25.8,25.52 1 0
github.com/provide-io/flavor/go/flavor/pkg/psp/format_2025/paths.go:25.52,27.3 1 0
github.com/provide-io/flavor/go/flavor/pkg/psp/format_2025/paths.go:29.2,32.3 1 0
github.com/provide-io/flavor/go/flavor/pkg/psp/format_2025/paths.go:38.41,40.2 1 0
github.com/provide-io/flavor/go/flavor/pkg/psp/format_2025/paths.go:45.42,48.2 2 0
github.com/provide-io/flavor/go/flavor/pkg/psp/format_2025/paths.go:51.42,53.2 1 0
github.com/provide-io/flavor/go/flavor/pkg/psp/format_2025/paths.go:56.49,58.2 1 0
github.com/provide-io/flavor/go/flavor/pkg/psp/format_2025/paths.go:61.37,63.2 1 0
github.com/provide-io/flavor/go/flavor/pkg/psp/format_2025/paths.go:66.55,68.2 1 0
github.com/provide-io/flavor/go/flavor/pkg/psp/format_2025/paths.go:73.41,75.2 1 0
github.com/provide-io/flavor/go/flavor/pkg/psp/format_2025/paths.go:78.37,80.2 1 0
github.com/provide-io/flavor/go/flavor/pkg/psp/format_2025/paths.go:83.42,85.2 1 0
github.com/provide-io/flavor/go/flavor/pkg/psp/format_2025/paths.go:88.46,90.2 1 0
github.com/provide-io/flavor/go/flavor/pkg/psp/format_2025/paths.go:93.46,95.2 1 0
github.com/provide-io/flavor/go/flavor/pkg/psp/format_2025/paths.go:98.51,100.2 1 0
github.com/provide-io/flavor/go/flavor/pkg/psp/format_2025/paths.go:105.49,107.2 1 0
github.com/provide-io/flavor/go/flavor/pkg/psp/format_2025/paths.go:112.38,114.2 1 0
github.com/provide-io/flavor/go/flavor/pkg/psp/format_2025/paths.go:117.45,120.2 2 0
github.com/provide-io/flavor/go/flavor/pkg/psp/format_2025/paths.go:123.46,126.2 2 0
github.com/provide-io/flavor/go/flavor/pkg/psp/format_2025/paths.go:129.64,133.51 2 0
github.com/provide-io/flavor/go/flavor/pkg/psp/format_2025/paths.go:133.51,135.3 1 0
github.com/provide-io/flavor/go/flavor/pkg/psp/format_2025/paths.go:137.2,138.16 2 0
github.com/provide-io/flavor/go/flavor/pkg/psp/format_2025/paths.go:138.16,140.3 1 0
github.com/provide-io/flavor/go/flavor/pkg/psp/format_2025/paths.go:142.2,143.32 2 0
github.com/provide-io/flavor/go/flavor/pkg/psp/format_2025/paths.go:143.32,144.20 1 0
github.com/provide-io/flavor/go/flavor/pkg/psp/format_2025/paths.go:144.20,146.4 1 0
github.com/provide-io/flavor/go/flavor/pkg/psp/format_2025/paths.go:149.2,149.18 1 0
github.com/provide-io/flavor/go/flavor/pkg/psp/format_2025/reader.go:44.52,46.2 1 0
github.com/provide-io/flavor/go/flavor/pkg/psp/format_2025/reader.go:49.83,50.19 1 0
github.com/provide-io/flavor/go/flavor/pkg/psp/format_2025/reader.go:50.19,52.3 1 0
github.com/provide-io/flavor/go/flavor/pkg/psp/format_2025/reader.go:53.2,56.8 1 0
github.com/provide-io/flavor/go/flavor/pkg/psp/format_2025/reader.go:60.31,61.19 1 0
github.com/provide-io/flavor/go/flavor/pkg/psp/format_2025/reader.go:61.19,63.3 1 0
github.com/provide-io/flavor/go/flavor/pkg/psp/format_2025/reader.go:65.2,66.16 2 0
github.com/provide-io/flavor/go/flavor/pkg/psp/format_2025/reader.go:66.16,68.3 1 0
github.com/provide-io/flavor/go/flavor/pkg/psp/format_2025/reader.go:70.2,71.12 2 0
github.com/provide-io/flavor/go/flavor/pkg/psp/format_2025/reader.go:75.32,76.19 1 0
github.com/provide-io/flavor/go/flavor/pkg/psp/format_2025/reader.go:76.19,80.3 3 0
github.com/provide-io/flavor/go/flavor/pkg/psp/format_2025/reader.go:81.2,81.12 1 0
github.com/provide-io/flavor/go/flavor/pkg/psp/format_2025/reader.go:85.46,86.33 1 0
github.com/provide-io/flavor/go/flavor/pkg/psp/format_2025/reader.go:86.33,88.3 1 0
github.com/provide-io/flavor/go/flavor/pkg/psp/format_2025/reader.go:91.2,92.16 2 0
github.com/provide-io/flavor/go/flavor/pkg/psp/format_2025/reader.go:92.16,94.3 1 0
github.com/provide-io/flavor/go/flavor/pkg/psp/format_2025/reader.go:97.2,98.80 2 0
github.com/provide-io/flavor/go/flavor/pkg/psp/format_2025/reader.go:98.80,100.3 1 0
github.com/provide-io/flavor/go/flavor/pkg/psp/format_2025/reader.go:103.2,103.50 1 0
github.com/provide-io/flavor/go/flavor/pkg/psp/format_2025/reader.go:103.50,105.3 1 0
github.com/provide-io/flavor/go/flavor/pkg/psp/format_2025/reader.go:106.2,106.69 1 0
github.com/provide-io/flavor/go/flavor/pkg/psp/format_2025/reader.go:106.69,108.3 1 0
github.com/provide-io/flavor/go/flavor/pkg/psp/format_2025/reader.go:109.2,109.18 1 0
github.com/provide-io/flavor/go/flavor/pkg/psp/format_2025/reader.go:113.53,114.33 1 0
github.com/provide-io/flavor/go/flavor/pkg/psp/format_2025/reader.go:114.33,116.3 1 0
github.com/provide-io/flavor/go/flavor/pkg/psp/format_2025/reader.go:119.2,120.16 2 0
github.com/provide-io/flavor/go/flavor/pkg/psp/format_2025/reader.go:120.16,122.3 1 0
github.com/provide-io/flavor/go/flavor/pkg/psp/format_2025/reader.go:125.2,126.80 2 0
github.com/provide-io/flavor/go/flavor/pkg/psp/format_2025/reader.go:126.80,128.3 1 0
github.com/provide-io/flavor/go/flavor/pkg/psp/format_2025/reader.go:131.2,131.50 1 0
github.com/provide-io/flavor/go/flavor/pkg/psp/format_2025/reader.go:131.50,133.3 1 0
github.com/provide-io/flavor/go/flavor/pkg/psp/format_2025/reader.go:134.2,134.69 1 0
github.com/provide-io/flavor/go/flavor/pkg/psp/format_2025/reader.go:134.69,136.3 1 0
github.com/provide-io/flavor/go/flavor/pkg/psp/format_2025/reader.go:139.2,143.23 3 0
github.com/provide-io/flavor/go/flavor/pkg/psp/format_2025/reader.go:147.50,148.20 1 0
github.com/provide-io/flavor/go/flavor/pkg/psp/format_2025/reader.go:148.20,150.3 1 0
github.com/provide-io/flavor/go/flavor/pkg/psp/format_2025/reader.go:152.2,152.33 1 0
github.com/provide-io/flavor/go/flavor/pkg/psp/format_2025/reader.go:152.33,154.3 1 0
github.com/provide-io/flavor/go/flavor/pkg/psp/format_2025/reader.go:157.2,158.16 2 0
github.com/provide-io/flavor/go/flavor/pkg/psp/format_2025/reader.go:158.16,160.3 1 0
github.com/provide-io/flavor/go/flavor/pkg/psp/format_2025/reader.go:163.2,167.48 3 0
github.com/provide-io/flavor/go/flavor/pkg/psp/format_2025/reader.go:167.48,169.3 1 0
github.com/provide-io/flavor/go/flavor/pkg/psp/format_2025/reader.go:172.2,172.40 1 0
github.com/provide-io/flavor/go/flavor/pkg/psp/format_2025/reader.go:172.40,174.3 1 0
github.com/provide-io/flavor/go/flavor/pkg/psp/format_2025/reader.go:176.2,177.19 2 0
github.com/provide-io/flavor/go/flavor/pkg/psp/format_2025/reader.go:181.52,182.23 1 0
github.com/provide-io/flavor/go/flavor/pkg/psp/format_2025/reader.go:182.23,184.3 1 0
github.com/provide-io/flavor/go/flavor/pkg/psp/format_2025/reader.go:186.2,187.16 2 0
github.com/provide-io/flavor/go/flavor/pkg/psp/format_2025/reader.go:187.16,189.3 1 0
github.com/provide-io/flavor/go/flavor/pkg/psp/format_2025/reader.go:192.2,192.82 1 0
github.com/provide-io/flavor/go/flavor/pkg/psp/format_2025/reader.go:192.82,194.3 1 0
github.com/provide-io/flavor/go/flavor/pkg/psp/format_2025/reader.go:197.2,198.52 2 0
github.com/provide-io/flavor/go/flavor/pkg/psp/format_2025/reader.go:198.52,200.3 1 0
github.com/provide-io/flavor/go/flavor/pkg/psp/format_2025/reader.go:203.2,204.16 2 0
github.com/provide-io/flavor/go/flavor/pkg/psp/format_2025/reader.go:204.16,206.3 1 0
github.com/provide-io/flavor/go/flavor/pkg/psp/format_2025/reader.go:207.2,207.15 1 0
github.com/provide-io/flavor/go/flavor/pkg/psp/format_2025/reader.go:207.15,208.36 1 0
github.com/provide-io/flavor/go/flavor/pkg/psp/format_2025/reader.go:208.36,211.4 1 0
github.com/provide-io/flavor/go/flavor/pkg/psp/format_2025/reader.go:215.2,216.62 2 0
github.com/provide-io/flavor/go/flavor/pkg/psp/format_2025/reader.go:216.62,218.3 1 0
github.com/provide-io/flavor/go/flavor/pkg/psp/format_2025/reader.go:220.2,221.23 2 0
github.com/provide-io/flavor/go/flavor/pkg/psp/format_2025/reader.go:225.56,227.16 2 0
github.com/provide-io/flavor/go/flavor/pkg/psp/format_2025/reader.go:227.16,229.3 1 0
github.com/provide-io/flavor/go/flavor/pkg/psp/format_2025/reader.go:232.2,232.82 1 0
github.com/provide-io/flavor/go/flavor/pkg/psp/format_2025/reader.go:232.82,234.3 1 0
github.com/provide-io/flavor/go/flavor/pkg/psp/format_2025/reader.go:236.2,237.53 2 0
github.com/provide-io/flavor/go/flavor/pkg/psp/format_2025/reader.go:237.53,239.3 1 0
github.com/provide-io/flavor/go/flavor/pkg/psp/format_2025/reader.go:242.2,244.40 3 0
github.com/provide-io/flavor/go/flavor/pkg/psp/format_2025/reader.go:244.40,246.3 1 0
github.com/provide-io/flavor/go/flavor/pkg/psp/format_2025/reader.go:248.2,248.26 1 0
github.com/provide-io/flavor/go/flavor/pkg/psp/format_2025/reader.go:252.58,254.16 2 0
github.com/provide-io/flavor/go/flavor/pkg/psp/format_2025/reader.go:254.16,256.3 1 0
github.com/provide-io/flavor/go/flavor/pkg/psp/format_2025/reader.go:258.2,258.39 1 0
github.com/provide-io/flavor/go/flavor/pkg/psp/format_2025/reader.go:258.39,260.3 1 0
github.com/provide-io/flavor/go/flavor/pkg/psp/format_2025/reader.go:263.2,264.75 2 0
github.com/provide-io/flavor/go/flavor/pkg/psp/format_2025/reader.go:264.75,266.3 1 0
github.com/provide-io/flavor/go/flavor/pkg/psp/format_2025/reader.go:269.2,270.53 2 0
github.com/provide-io/flavor/go/flavor/pkg/psp/format_2025/reader.go:270.53,272.3 1 0
github.com/provide-io/flavor/go/flavor/pkg/psp/format_2025/reader.go:275.2,301.74 2 0
github.com/provide-io/flavor/go/flavor/pkg/psp/format_2025/reader.go:301.74,303.3 1 0
github.com/provide-io/flavor/go/flavor/pkg/psp/format_2025/reader.go:306.2,307.49 2 0
github.com/provide-io/flavor/go/flavor/pkg/psp/format_2025/reader.go:307.49,309.3 1 0
github.com/provide-io/flavor/go/flavor/pkg/psp/format_2025/reader.go:312.2,312.50 1 0
github.com/provide-io/flavor/go/flavor/pkg/psp/format_2025/reader.go:312.50,314.3 1 0
github.com/provide-io/flavor/go/flavor/pkg/psp/format_2025/reader.go:317.2,317.24 1 0
github.com/provide-io/flavor/go/flavor/pkg/psp/format_2025/reader.go:318.19,319.23 1 0
github.com/provide-io/flavor/go/flavor/pkg/psp/format_2025/reader.go:320.19,322.23 1 0
github.com/provide-io/flavor/go/flavor/pkg/psp/format_2025/reader.go:323.20,325.17 2 0
github.com/provide-io/flavor/go/flavor/pkg/psp/format_2025/reader.go:325.17,327.4 1 0
github.com/provide-io/flavor/go/flavor/pkg/psp/format_2025/reader.go:328.3,331.17 3 0
github.com/provide-io/flavor/go/flavor/pkg/psp/format_2025/reader.go:331.17,333.4 1 0
github.com/provide-io/flavor/go/flavor/pkg/psp/format_2025/reader.go:334.3,334.27 1 0
github.com/provide-io/flavor/go/flavor/pkg/psp/format_2025/reader.go:335.19,338.17 2 0
github.com/provide-io/flavor/go/flavor/pkg/psp/format_2025/reader.go:338.17,340.4 1 0
github.com/provide-io/flavor/go/flavor/pkg/psp/format_2025/reader.go:341.3,344.17 3 0
github.com/provide-io/flavor/go/flavor/pkg/psp/format_2025/reader.go:344.17,346.4 1 0
github.com/provide-io/flavor/go/flavor/pkg/psp/format_2025/reader.go:348.3,348.27 1 0
github.com/provide-io/flavor/go/flavor/pkg/psp/format_2025/reader.go:349.10,350.74 1 0
github.com/provide-io/flavor/go/flavor/pkg/psp/format_2025/reader.go:355.34,357.22 1 0
github.com/provide-io/flavor/go/flavor/pkg/psp/format_2025/reader.go:357.22,359.39 1 0
github.com/provide-io/flavor/go/flavor/pkg/psp/format_2025/reader.go:359.39,361.4 1 0
github.com/provide-io/flavor/go/flavor/pkg/psp/format_2025/reader.go:363.3,364.45 2 0
github.com/provide-io/flavor/go/flavor/pkg/psp/format_2025/reader.go:364.45,365.20 1 0
github.com/provide-io/flavor/go/flavor/pkg/psp/format_2025/reader.go:365.20,366.10 1 0
github.com/provide-io/flavor/go/flavor/pkg/psp/format_2025/reader.go:368.4,368.37 1 0
github.com/provide-io/flavor/go/flavor/pkg/psp/format_2025/reader.go:368.37,370.10 2 0
github.com/provide-io/flavor/go/flavor/pkg/psp/format_2025/reader.go:374.3,374.37 1 0
github.com/provide-io/flavor/go/flavor/pkg/psp/format_2025/reader.go:376.2,376.14 1 0
github.com/provide-io/flavor/go/flavor/pkg/psp/format_2025/reader.go:380.77,382.16 2 0
github.com/provide-io/flavor/go/flavor/pkg/psp/format_2025/reader.go:382.16,384.3 1 0
github.com/provide-io/flavor/go/flavor/pkg/psp/format_2025/reader.go:386.2,386.38 1 0
github.com/provide-io/flavor/go/flavor/pkg/psp/format_2025/reader.go:386.38,388.3 1 0
github.com/provide-io/flavor/go/flavor/pkg/psp/format_2025/reader.go:390.2,393.16 3 0
github.com/provide-io/flavor/go/flavor/pkg/psp/format_2025/reader.go:393.16,395.3 1 0
github.com/provide-io/flavor/go/flavor/pkg/psp/format_2025/reader.go:398.2,399.16 2 0
github.com/provide-io/flavor/go/flavor/pkg/psp/format_2025/reader.go:399.16,401.3 1 0
github.com/provide-io/flavor/go/flavor/pkg/psp/format_2025/reader.go:404.2,405.75 2 0
github.com/provide-io/flavor/go/flavor/pkg/psp/format_2025/reader.go:405.75,407.3 1 0
github.com/provide-io/flavor/go/flavor/pkg/psp/format_2025/reader.go:409.2,410.53 2 0
github.com/provide-io/flavor/go/flavor/pkg/psp/format_2025/reader.go:410.53,412.3 1 0
github.com/provide-io/flavor/go/flavor/pkg/psp/format_2025/reader.go:415.2,420.47 3 0
github.com/provide-io/flavor/go/flavor/pkg/psp/format_2025/reader.go:420.47,424.3 2 0
github.com/provide-io/flavor/go/flavor/pkg/psp/format_2025/reader.go:427.2,428.22 2 0
github.com/provide-io/flavor/go/flavor/pkg/psp/format_2025/reader.go:428.22,432.3 2 0
github.com/provide-io/flavor/go/flavor/pkg/psp/format_2025/reader.go:432.8,436.3 2 0
github.com/provide-io/flavor/go/flavor/pkg/psp/format_2025/reader.go:439.2,439.29 1 0
github.com/provide-io/flavor/go/flavor/pkg/psp/format_2025/reader.go:439.29,442.79 1 0
github.com/provide-io/flavor/go/flavor/pkg/psp/format_2025/reader.go:442.79,444.4 1 0
github.com/provide-io/flavor/go/flavor/pkg/psp/format_2025/reader.go:446.3,447.7 2 0
github.com/provide-io/flavor/go/flavor/pkg/psp/format_2025/reader.go:447.7,449.21 2 0
github.com/provide-io/flavor/go/flavor/pkg/psp/format_2025/reader.go:449.21,450.10 1 0
github.com/provide-io/flavor/go/flavor/pkg/psp/format_2025/reader.go:452.4,452.18 1 0
github.com/provide-io/flavor/go/flavor/pkg/psp/format_2025/reader.go:452.18,454.5 1 0
github.com/provide-io/flavor/go/flavor/pkg/psp/format_2025/reader.go:456.4,458.24 2 0
github.com/provide-io/flavor/go/flavor/pkg/psp/format_2025/reader.go:459.21,460.70 1 0
github.com/provide-io/flavor/go/flavor/pkg/psp/format_2025/reader.go:460.70,462.6 1 0
github.com/provide-io/flavor/go/flavor/pkg/psp/format_2025/reader.go:463.21,465.91 1 0
github.com/provide-io/flavor/go/flavor/pkg/psp/format_2025/reader.go:465.91,467.6 1 0
github.com/provide-io/flavor/go/flavor/pkg/psp/format_2025/reader.go:469.5,470.19 2 0
github.com/provide-io/flavor/go/flavor/pkg/psp/format_2025/reader.go:470.19,472.6 1 0
github.com/provide-io/flavor/go/flavor/pkg/psp/format_2025/reader.go:474.5,474.47 1 0
github.com/provide-io/flavor/go/flavor/pkg/psp/format_2025/reader.go:474.47,475.50 1 0
github.com/provide-io/flavor/go/flavor/pkg/psp/format_2025/reader.go:475.50,478.7 1 0
github.com/provide-io/flavor/go/flavor/pkg/psp/format_2025/reader.go:479.6,479.20 1 0
github.com/provide-io/flavor/go/flavor/pkg/psp/format_2025/reader.go:481.5,481.39 1 0
github.com/provide-io/flavor/go/flavor/pkg/psp/format_2025/reader.go:481.39,483.6 1 0
github.com/provide-io/flavor/go/flavor/pkg/psp/format_2025/reader.go:486.5,486.27 1 0
github.com/provide-io/flavor/go/flavor/pkg/psp/format_2025/reader.go:486.27,487.68 1 0
github.com/provide-io/flavor/go/flavor/pkg/psp/format_2025/reader.go:487.68,490.7 1 0
github.com/provide-io/flavor/go/flavor/pkg/psp/format_2025/reader.go:492.25,494.91 1 0
github.com/provide-io/flavor/go/flavor/pkg/psp/format_2025/reader.go:494.91,496.6 1 0
github.com/provide-io/flavor/go/flavor/pkg/psp/format_2025/reader.go:499.5,499.68 1 0
github.com/provide-io/flavor/go/flavor/pkg/psp/format_2025/reader.go:499.68,502.6 1 0
github.com/provide-io/flavor/go/flavor/pkg/psp/format_2025/reader.go:505.5,505.60 1 0
github.com/provide-io/flavor/go/flavor/pkg/psp/format_2025/reader.go:505.60,507.6 1 0
github.com/provide-io/flavor/go/flavor/pkg/psp/format_2025/reader.go:512.3,512.25 1 0
github.com/provide-io/flavor/go/flavor/pkg/psp/format_2025/reader.go:518.2,518.64 1 0
github.com/provide-io/flavor/go/flavor/pkg/psp/format_2025/reader.go:518.64,522.3 1 0
github.com/provide-io/flavor/go/flavor/pkg/psp/format_2025/reader.go:524.2,524.90 1 0
github.com/provide-io/flavor/go/flavor/pkg/psp/format_2025/reader.go:524.90,526.3 1 0
github.com/provide-io/flavor/go/flavor/pkg/psp/format_2025/reader.go:529.2,530.26 2 0
github.com/provide-io/flavor/go/flavor/pkg/psp/format_2025/reader.go:530.26,532.3 1 0
github.com/provide-io/flavor/go/flavor/pkg/psp/format_2025/reader.go:532.8,534.3 1 0
github.com/provide-io/flavor/go/flavor/pkg/psp/format_2025/reader.go:536.2,536.67 1 0
github.com/provide-io/flavor/go/flavor/pkg/psp/format_2025/reader.go:536.67,538.3 1 0
github.com/provide-io/flavor/go/flavor/pkg/psp/format_2025/reader.go:540.2,540.22 1 0
github.com/provide-io/flavor/go/flavor/pkg/psp/format_2025/reader.go:544.45,546.16 2 0
github.com/provide-io/flavor/go/flavor/pkg/psp/format_2025/reader.go:546.16,548.3 1 0
github.com/provide-io/flavor/go/flavor/pkg/psp/format_2025/reader.go:550.2,550.44 1 0
github.com/provide-io/flavor/go/flavor/pkg/psp/format_2025/reader.go:550.44,551.42 1 0
github.com/provide-io/flavor/go/flavor/pkg/psp/format_2025/reader.go:551.42,553.4 1 0
github.com/provide-io/flavor/go/flavor/pkg/psp/format_2025/reader.go:556.2,556.12 1 0
github.com/provide-io/flavor/go/flavor/pkg/psp/format_2025/reader.go:560.51,561.20 1 0
github.com/provide-io/flavor/go/flavor/pkg/psp/format_2025/reader.go:561.20,563.3 1 0
github.com/provide-io/flavor/go/flavor/pkg/psp/format_2025/reader.go:565.2,566.16 2 0
github.com/provide-io/flavor/go/flavor/pkg/psp/format_2025/reader.go:566.16,568.3 1 0
github.com/provide-io/flavor/go/flavor/pkg/psp/format_2025/reader.go:571.2,571.69 1 0
github.com/provide-io/flavor/go/flavor/pkg/psp/format_2025/reader.go:571.69,573.3 1 0
github.com/provide-io/flavor/go/flavor/pkg/psp/format_2025/reader.go:575.2,576.12 2 0
github.com/provide-io/flavor/go/flavor/pkg/psp/format_2025/reader.go:580.54,582.16 2 0
github.com/provide-io/flavor/go/flavor/pkg/psp/format_2025/reader.go:582.16,584.3 1 0
github.com/provide-io/flavor/go/flavor/pkg/psp/format_2025/reader.go:587.2,587.82 1 0
github.com/provide-io/flavor/go/flavor/pkg/psp/format_2025/reader.go:587.82,589.3 1 0
github.com/provide-io/flavor/go/flavor/pkg/psp/format_2025/reader.go:591.2,592.52 2 0
github.com/provide-io/flavor/go/flavor/pkg/psp/format_2025/reader.go:592.52,594.3 1 0
github.com/provide-io/flavor/go/flavor/pkg/psp/format_2025/reader.go:598.2,599.16 2 0
github.com/provide-io/flavor/go/flavor/pkg/psp/format_2025/reader.go:599.16,601.3 1 0
github.com/provide-io/flavor/go/flavor/pkg/psp/format_2025/reader.go:602.2,602.15 1 0
github.com/provide-io/flavor/go/flavor/pkg/psp/format_2025/reader.go:602.15,603.36 1 0
github.com/provide-io/flavor/go/flavor/pkg/psp/format_2025/reader.go:603.36,606.4 1 0
github.com/provide-io/flavor/go/flavor/pkg/psp/format_2025/reader.go:610.2,611.16 2 0
github.com/provide-io/flavor/go/flavor/pkg/psp/format_2025/reader.go:611.16,613.3 1 0
github.com/provide-io/flavor/go/flavor/pkg/psp/format_2025/reader.go:616.2,620.30 3 0
github.com/provide-io/flavor/go/flavor/pkg/psp/format_2025/reader.go:620.30,621.13 1 0
github.com/provide-io/flavor/go/flavor/pkg/psp/format_2025/reader.go:621.13,623.9 2 0
github.com/provide-io/flavor/go/flavor/pkg/psp/format_2025/reader.go:626.2,626.14 1 0
github.com/provide-io/flavor/go/flavor/pkg/psp/format_2025/reader.go:626.14,628.3 1 0
github.com/provide-io/flavor/go/flavor/pkg/psp/format_2025/reader.go:631.2,632.53 2 0
github.com/provide-io/flavor/go/flavor/pkg/psp/format_2025/reader.go:632.53,634.3 1 0
github.com/provide-io/flavor/go/flavor/pkg/psp/format_2025/reader.go:635.2,635.18 1 0
github.com/provide-io/flavor/go/flavor/pkg/psp/format_2025/runtime.go:11.103,13.24 2 0
github.com/provide-io/flavor/go/flavor/pkg/psp/format_2025/runtime.go:13.24,15.22 2 0
github.com/provide-io/flavor/go/flavor/pkg/psp/format_2025/runtime.go:15.22,17.4 1 0
github.com/provide-io/flavor/go/flavor/pkg/psp/format_2025/runtime.go:21.2,22.60 2 0
github.com/provide-io/flavor/go/flavor/pkg/psp/format_2025/runtime.go:22.60,24.36 2 0
github.com/provide-io/flavor/go/flavor/pkg/psp/format_2025/runtime.go:24.36,25.46 1 0
github.com/provide-io/flavor/go/flavor/pkg/psp/format_2025/runtime.go:25.46,26.79 1 0
github.com/provide-io/flavor/go/flavor/pkg/psp/format_2025/runtime.go:26.79,28.30 1 0
github.com/provide-io/flavor/go/flavor/pkg/psp/format_2025/runtime.go:28.30,29.65 1 0
github.com/provide-io/flavor/go/flavor/pkg/psp/format_2025/runtime.go:29.65,32.8 2 0
github.com/provide-io/flavor/go/flavor/pkg/psp/format_2025/runtime.go:34.11,36.49 1 0
github.com/provide-io/flavor/go/flavor/pkg/psp/format_2025/runtime.go:36.49,39.7 2 0
github.com/provide-io/flavor/go/flavor/pkg/psp/format_2025/runtime.go:45.2,45.62 1 0
github.com/provide-io/flavor/go/flavor/pkg/psp/format_2025/runtime.go:45.62,47.37 2 0
github.com/provide-io/flavor/go/flavor/pkg/psp/format_2025/runtime.go:47.37,48.46 1 0
github.com/provide-io/flavor/go/flavor/pkg/psp/format_2025/runtime.go:48.46,49.26 1 0
github.com/provide-io/flavor/go/flavor/pkg/psp/format_2025/runtime.go:49.26,53.30 3 0
github.com/provide-io/flavor/go/flavor/pkg/psp/format_2025/runtime.go:53.30,54.29 1 0
github.com/provide-io/flavor/go/flavor/pkg/psp/format_2025/runtime.go:54.29,56.8 1 0
github.com/provide-io/flavor/go/flavor/pkg/psp/format_2025/runtime.go:58.6,58.35 1 0
github.com/provide-io/flavor/go/flavor/pkg/psp/format_2025/runtime.go:58.35,61.7 2 0
github.com/provide-io/flavor/go/flavor/pkg/psp/format_2025/runtime.go:62.6,62.97 1 0
github.com/provide-io/flavor/go/flavor/pkg/psp/format_2025/runtime.go:63.11,63.86 1 0
github.com/provide-io/flavor/go/flavor/pkg/psp/format_2025/runtime.go:63.86,66.30 2 0
github.com/provide-io/flavor/go/flavor/pkg/psp/format_2025/runtime.go:66.30,67.87 1 0
github.com/provide-io/flavor/go/flavor/pkg/psp/format_2025/runtime.go:67.87,69.8 1 0
github.com/provide-io/flavor/go/flavor/pkg/psp/format_2025/runtime.go:71.6,71.35 1 0
github.com/provide-io/flavor/go/flavor/pkg/psp/format_2025/runtime.go:71.35,74.7 2 0
github.com/provide-io/flavor/go/flavor/pkg/psp/format_2025/runtime.go:75.11,77.78 1 0
github.com/provide-io/flavor/go/flavor/pkg/psp/format_2025/runtime.go:77.78,80.7 2 0
github.com/provide-io/flavor/go/flavor/pkg/psp/format_2025/runtime.go:86.2,86.66 1 0
github.com/provide-io/flavor/go/flavor/pkg/psp/format_2025/runtime.go:86.66,88.32 2 0
github.com/provide-io/flavor/go/flavor/pkg/psp/format_2025/runtime.go:88.32,89.36 1 0
github.com/provide-io/flavor/go/flavor/pkg/psp/format_2025/runtime.go:89.36,90.46 1 0
github.com/provide-io/flavor/go/flavor/pkg/psp/format_2025/runtime.go:90.46,92.23 2 0
github.com/provide-io/flavor/go/flavor/pkg/psp/format_2025/runtime.go:92.23,95.7 2 0
github.com/provide-io/flavor/go/flavor/pkg/psp/format_2025/runtime.go:101.2,101.66 1 0
github.com/provide-io/flavor/go/flavor/pkg/psp/format_2025/runtime.go:101.66,103.34 2 0
github.com/provide-io/flavor/go/flavor/pkg/psp/format_2025/runtime.go:103.34,104.42 1 0
github.com/provide-io/flavor/go/flavor/pkg/psp/format_2025/runtime.go:104.42,107.5 2 0
github.com/provide-io/flavor/go/flavor/pkg/psp/format_2025/runtime.go:112.2,112.60 1 0
github.com/provide-io/flavor/go/flavor/pkg/psp/format_2025/runtime.go:112.60,114.36 2 0
github.com/provide-io/flavor/go/flavor/pkg/psp/format_2025/runtime.go:114.36,115.46 1 0
github.com/provide-io/flavor/go/flavor/pkg/psp/format_2025/runtime.go:115.46,116.79 1 0
github.com/provide-io/flavor/go/flavor/pkg/psp/format_2025/runtime.go:116.79,119.30 2 0
github.com/provide-io/flavor/go/flavor/pkg/psp/format_2025/runtime.go:119.30,120.65 1 0
github.com/provide-io/flavor/go/flavor/pkg/psp/format_2025/runtime.go:120.65,122.13 2 0
github.com/provide-io/flavor/go/flavor/pkg/psp/format_2025/runtime.go:125.6,125.16 1 0
github.com/provide-io/flavor/go/flavor/pkg/psp/format_2025/runtime.go:125.16,127.7 1 0
github.com/provide-io/flavor/go/flavor/pkg/psp/format_2025/runtime.go:127.12,129.7 1 0
github.com/provide-io/flavor/go/flavor/pkg/psp/format_2025/runtime.go:130.11,132.50 1 0
github.com/provide-io/flavor/go/flavor/pkg/psp/format_2025/runtime.go:132.50,134.7 1 0
github.com/provide-io/flavor/go/flavor/pkg/psp/format_2025/runtime.go:134.12,136.7 1 0
github.com/provide-io/flavor/go/flavor/pkg/psp/format_2025/runtime.go:142.2,143.27 2 0
github.com/provide-io/flavor/go/flavor/pkg/psp/format_2025/runtime.go:143.27,145.3 1 0
github.com/provide-io/flavor/go/flavor/pkg/psp/format_2025/runtime.go:147.2,147.15 1 0
github.com/provide-io/flavor/go/flavor/pkg/psp/format_2025/utils.go:5.44,7.72 1 0
github.com/provide-io/flavor/go/flavor/pkg/psp/format_2025/utils.go:7.72,9.3 1 0
github.com/provide-io/flavor/go/flavor/pkg/psp/format_2025/utils.go:12.2,12.11 1 0
github.com/provide-io/flavor/go/flavor/pkg/psp/format_2025/utils.go:15.55,17.2 1 0
