mode: atomic
github.com/provide-io/flavor/go/flavor/pkg/logging/logger.go:13.74,14.19 1 3
github.com/provide-io/flavor/go/flavor/pkg/logging/logger.go:14.19,16.3 1 1
github.com/provide-io/flavor/go/flavor/pkg/logging/logger.go:19.2,22.17 2 3
github.com/provide-io/flavor/go/flavor/pkg/logging/logger.go:22.17,24.3 1 2
github.com/provide-io/flavor/go/flavor/pkg/logging/logger.go:26.2,32.28 1 3
github.com/provide-io/flavor/go/flavor/pkg/logging/logger.go:32.28,34.4 1 2
github.com/provide-io/flavor/go/flavor/pkg/logging/logger.go:37.2,37.24 1 3
github.com/provide-io/flavor/go/flavor/pkg/logging/logger.go:41.27,43.17 2 2
github.com/provide-io/flavor/go/flavor/pkg/logging/logger.go:43.17,45.3 1 1
github.com/provide-io/flavor/go/flavor/pkg/logging/logger.go:46.2,46.14 1 2
github.com/provide-io/flavor/go/flavor/pkg/logging/prefix_writer.go:16.64,21.2 1 6
github.com/provide-io/flavor/go/flavor/pkg/logging/prefix_writer.go:25.54,27.46 2 6
github.com/provide-io/flavor/go/flavor/pkg/logging/prefix_writer.go:27.46,29.3 1 0
github.com/provide-io/flavor/go/flavor/pkg/logging/prefix_writer.go:31.2,31.6 1 6
github.com/provide-io/flavor/go/flavor/pkg/logging/prefix_writer.go:31.6,33.17 2 10
github.com/provide-io/flavor/go/flavor/pkg/logging/prefix_writer.go:33.17,35.21 1 4
github.com/provide-io/flavor/go/flavor/pkg/logging/prefix_writer.go:35.21,37.54 1 1
github.com/provide-io/flavor/go/flavor/pkg/logging/prefix_writer.go:37.54,39.6 1 0
github.com/provide-io/flavor/go/flavor/pkg/logging/prefix_writer.go:41.4,41.9 1 4
github.com/provide-io/flavor/go/flavor/pkg/logging/prefix_writer.go:44.3,44.63 1 6
github.com/provide-io/flavor/go/flavor/pkg/logging/prefix_writer.go:44.63,46.4 1 1
github.com/provide-io/flavor/go/flavor/pkg/logging/prefix_writer.go:47.3,47.50 1 5
github.com/provide-io/flavor/go/flavor/pkg/logging/prefix_writer.go:47.50,49.4 1 1
github.com/provide-io/flavor/go/flavor/pkg/logging/prefix_writer.go:52.2,52.15 1 4
github.com/provide-io/flavor/go/flavor/internal/workenv/validation.go:20.71,25.16 3 8
github.com/provide-io/flavor/go/flavor/internal/workenv/validation.go:25.16,27.3 1 0
github.com/provide-io/flavor/go/flavor/internal/workenv/validation.go:30.2,31.54 2 8
github.com/provide-io/flavor/go/flavor/internal/workenv/validation.go:31.54,33.3 1 1
github.com/provide-io/flavor/go/flavor/internal/workenv/validation.go:36.2,36.68 1 7
github.com/provide-io/flavor/go/flavor/internal/workenv/validation.go:36.68,38.3 1 1
github.com/provide-io/flavor/go/flavor/internal/workenv/validation.go:41.2,41.51 1 6
github.com/provide-io/flavor/go/flavor/internal/workenv/validation.go:41.51,43.3 1 1
github.com/provide-io/flavor/go/flavor/internal/workenv/validation.go:46.2,46.52 1 5
github.com/provide-io/flavor/go/flavor/internal/workenv/validation.go:46.52,48.3 1 1
github.com/provide-io/flavor/go/flavor/internal/workenv/validation.go:51.2,52.36 2 4
github.com/provide-io/flavor/go/flavor/internal/workenv/validation.go:52.36,54.65 2 6
github.com/provide-io/flavor/go/flavor/internal/workenv/validation.go:54.65,56.4 1 2
github.com/provide-io/flavor/go/flavor/internal/workenv/validation.go:59.2,59.13 1 2
github.com/provide-io/flavor/go/flavor/internal/workenv/validation.go:63.77,74.16 4 1
github.com/provide-io/flavor/go/flavor/internal/workenv/validation.go:74.16,76.3 1 0
github.com/provide-io/flavor/go/flavor/internal/workenv/validation.go:78.2,78.45 1 1
github.com/provide-io/flavor/go/flavor/internal/workenv/validation.go:82.55,91.16 4 1
github.com/provide-io/flavor/go/flavor/internal/workenv/validation.go:91.16,93.3 1 0
github.com/provide-io/flavor/go/flavor/internal/workenv/validation.go:96.2,98.45 2 1
github.com/provide-io/flavor/go/flavor/internal/workenv/validation.go:102.31,116.2 4 1
github.com/provide-io/flavor/go/flavor/internal/workenv/workenv.go:16.67,19.20 2 3
github.com/provide-io/flavor/go/flavor/internal/workenv/workenv.go:19.20,21.25 1 2
github.com/provide-io/flavor/go/flavor/internal/workenv/workenv.go:21.25,23.4 1 1
github.com/provide-io/flavor/go/flavor/internal/workenv/workenv.go:23.9,25.4 1 1
github.com/provide-io/flavor/go/flavor/internal/workenv/workenv.go:26.8,32.3 4 1
github.com/provide-io/flavor/go/flavor/internal/workenv/workenv.go:34.2,34.50 1 3
github.com/provide-io/flavor/go/flavor/internal/workenv/workenv.go:38.28,40.64 1 7
github.com/provide-io/flavor/go/flavor/internal/workenv/workenv.go:40.64,42.3 1 4
github.com/provide-io/flavor/go/flavor/internal/workenv/workenv.go:45.2,45.22 1 3
github.com/provide-io/flavor/go/flavor/internal/workenv/workenv.go:46.16,47.44 1 3
github.com/provide-io/flavor/go/flavor/internal/workenv/workenv.go:47.44,49.4 1 2
github.com/provide-io/flavor/go/flavor/internal/workenv/workenv.go:50.15,51.62 1 0
github.com/provide-io/flavor/go/flavor/internal/workenv/workenv.go:51.62,53.4 1 0
github.com/provide-io/flavor/go/flavor/internal/workenv/workenv.go:54.3,54.44 1 0
github.com/provide-io/flavor/go/flavor/internal/workenv/workenv.go:54.44,56.4 1 0
github.com/provide-io/flavor/go/flavor/internal/workenv/workenv.go:57.17,58.68 1 0
github.com/provide-io/flavor/go/flavor/internal/workenv/workenv.go:58.68,60.4 1 0
github.com/provide-io/flavor/go/flavor/internal/workenv/workenv.go:64.2,64.55 1 1
github.com/provide-io/flavor/go/flavor/internal/workenv/workenv.go:70.29,71.67 1 4
github.com/provide-io/flavor/go/flavor/internal/workenv/workenv.go:71.67,73.3 1 1
github.com/provide-io/flavor/go/flavor/internal/workenv/workenv.go:74.2,74.64 1 3
github.com/provide-io/flavor/go/flavor/internal/workenv/workenv.go:74.64,76.3 1 1
github.com/provide-io/flavor/go/flavor/internal/workenv/workenv.go:77.2,77.22 1 2
github.com/provide-io/flavor/go/flavor/internal/workenv/workenv.go:78.17,79.53 1 0
github.com/provide-io/flavor/go/flavor/internal/workenv/workenv.go:79.53,81.4 1 0
github.com/provide-io/flavor/go/flavor/internal/workenv/workenv.go:82.10,83.44 1 2
github.com/provide-io/flavor/go/flavor/internal/workenv/workenv.go:83.44,85.4 1 1
github.com/provide-io/flavor/go/flavor/internal/workenv/workenv.go:87.2,87.56 1 1
github.com/provide-io/flavor/go/flavor/internal/workenv/workenv.go:93.35,94.31 1 1
github.com/provide-io/flavor/go/flavor/internal/workenv/workenv.go:94.31,95.65 1 0
github.com/provide-io/flavor/go/flavor/internal/workenv/workenv.go:95.65,97.4 1 0
github.com/provide-io/flavor/go/flavor/internal/workenv/workenv.go:98.3,98.52 1 0
github.com/provide-io/flavor/go/flavor/internal/workenv/workenv.go:100.2,100.22 1 1
github.com/provide-io/flavor/go/flavor/internal/workenv/workenv.go:104.61,106.48 1 1
github.com/provide-io/flavor/go/flavor/internal/workenv/workenv.go:106.48,108.3 1 0
github.com/provide-io/flavor/go/flavor/internal/workenv/workenv.go:111.2,111.27 1 1
github.com/provide-io/flavor/go/flavor/internal/workenv/workenv.go:111.27,114.16 3 2
github.com/provide-io/flavor/go/flavor/internal/workenv/workenv.go:114.16,116.4 1 1
github.com/provide-io/flavor/go/flavor/internal/workenv/workenv.go:118.3,118.65 1 2
github.com/provide-io/flavor/go/flavor/internal/workenv/workenv.go:118.65,120.4 1 0
github.com/provide-io/flavor/go/flavor/internal/workenv/workenv.go:123.2,123.12 1 1
github.com/provide-io/flavor/go/flavor/cmd/flavor-go-launcher/main.go:13.13,15.15 1 1
github.com/provide-io/flavor/go/flavor/cmd/flavor-go-launcher/main.go:15.15,16.31 1 0
github.com/provide-io/flavor/go/flavor/cmd/flavor-go-launcher/main.go:16.31,20.4 3 0
github.com/provide-io/flavor/go/flavor/cmd/flavor-go-launcher/main.go:23.2,24.16 2 1
github.com/provide-io/flavor/go/flavor/cmd/flavor-go-launcher/main.go:24.16,27.3 2 1
github.com/provide-io/flavor/go/flavor/cmd/flavor-go-launcher/main.go:32.2,32.62 1 0
github.com/provide-io/flavor/go/flavor/cmd/flavor-go-builder/main.go:29.35,31.43 1 3
github.com/provide-io/flavor/go/flavor/cmd/flavor-go-builder/main.go:31.43,32.41 1 3
github.com/provide-io/flavor/go/flavor/cmd/flavor-go-builder/main.go:32.41,33.33 1 36
github.com/provide-io/flavor/go/flavor/cmd/flavor-go-builder/main.go:33.33,34.70 1 0
github.com/provide-io/flavor/go/flavor/cmd/flavor-go-builder/main.go:34.70,36.6 1 0
github.com/provide-io/flavor/go/flavor/cmd/flavor-go-builder/main.go:41.2,41.49 1 3
github.com/provide-io/flavor/go/flavor/cmd/flavor-go-builder/main.go:41.49,42.48 1 3
github.com/provide-io/flavor/go/flavor/cmd/flavor-go-builder/main.go:42.48,44.4 1 3
github.com/provide-io/flavor/go/flavor/cmd/flavor-go-builder/main.go:46.2,46.46 1 0
github.com/provide-io/flavor/go/flavor/cmd/flavor-go-builder/main.go:49.13,67.61 11 3
github.com/provide-io/flavor/go/flavor/cmd/flavor-go-builder/main.go:67.61,68.13 1 0
github.com/provide-io/flavor/go/flavor/cmd/flavor-go-builder/main.go:70.2,70.59 1 3
github.com/provide-io/flavor/go/flavor/cmd/flavor-go-builder/main.go:70.59,71.13 1 0
github.com/provide-io/flavor/go/flavor/cmd/flavor-go-builder/main.go:75.13,77.75 1 1
github.com/provide-io/flavor/go/flavor/cmd/flavor-go-builder/main.go:77.75,81.3 3 1
github.com/provide-io/flavor/go/flavor/cmd/flavor-go-builder/main.go:83.2,83.42 1 0
github.com/provide-io/flavor/go/flavor/cmd/flavor-go-builder/main.go:83.42,86.3 2 0
github.com/provide-io/flavor/go/flavor/cmd/flavor-go-builder/main.go:89.53,90.17 1 1
github.com/provide-io/flavor/go/flavor/cmd/flavor-go-builder/main.go:90.17,94.3 3 1
github.com/provide-io/flavor/go/flavor/cmd/flavor-go-builder/main.go:96.2,96.23 1 0
github.com/provide-io/flavor/go/flavor/cmd/flavor-go-builder/main.go:96.23,97.72 1 0
github.com/provide-io/flavor/go/flavor/cmd/flavor-go-builder/main.go:97.72,100.4 2 0
github.com/provide-io/flavor/go/flavor/cmd/flavor-go-builder/main.go:102.2,102.119 1 0
github.com/provide-io/flavor/go/flavor/pkg/api.go:7.65,9.2 1 1
github.com/provide-io/flavor/go/flavor/pkg/api.go:11.116,13.2 1 1
github.com/provide-io/flavor/go/flavor/pkg/api.go:15.127,17.2 1 1
github.com/provide-io/flavor/go/flavor/pkg/verification.go:13.66,15.16 2 2
github.com/provide-io/flavor/go/flavor/pkg/verification.go:15.16,18.3 2 0
github.com/provide-io/flavor/go/flavor/pkg/verification.go:19.2,19.15 1 2
github.com/provide-io/flavor/go/flavor/pkg/verification.go:19.15,20.40 1 1
github.com/provide-io/flavor/go/flavor/pkg/verification.go:20.40,22.4 1 0
github.com/provide-io/flavor/go/flavor/pkg/verification.go:25.2,30.16 4 2
github.com/provide-io/flavor/go/flavor/pkg/verification.go:30.16,33.3 2 1
github.com/provide-io/flavor/go/flavor/pkg/verification.go:33.8,35.3 1 1
github.com/provide-io/flavor/go/flavor/pkg/verification.go:37.2,38.16 2 2
github.com/provide-io/flavor/go/flavor/pkg/verification.go:38.16,41.3 2 1
github.com/provide-io/flavor/go/flavor/pkg/verification.go:41.8,43.3 1 1
github.com/provide-io/flavor/go/flavor/pkg/verification.go:45.2,46.16 2 2
github.com/provide-io/flavor/go/flavor/pkg/verification.go:46.16,49.3 2 1
github.com/provide-io/flavor/go/flavor/pkg/verification.go:49.8,52.39 2 1
github.com/provide-io/flavor/go/flavor/pkg/verification.go:52.39,54.18 2 0
github.com/provide-io/flavor/go/flavor/pkg/verification.go:54.18,57.5 2 0
github.com/provide-io/flavor/go/flavor/pkg/verification.go:57.10,59.5 1 0
github.com/provide-io/flavor/go/flavor/pkg/verification.go:63.2,63.22 1 2
github.com/provide-io/flavor/go/flavor/pkg/verification.go:63.22,65.3 1 1
github.com/provide-io/flavor/go/flavor/pkg/verification.go:65.8,67.30 2 1
github.com/provide-io/flavor/go/flavor/pkg/verification.go:67.30,69.4 1 3
github.com/provide-io/flavor/go/flavor/pkg/verification.go:70.3,70.13 1 1
github.com/provide-io/flavor/go/flavor/pkg/verification.go:75.35,78.2 2 1
github.com/provide-io/flavor/go/flavor/pkg/utils/shellparse/parser.go:39.44,40.17 1 62
github.com/provide-io/flavor/go/flavor/pkg/utils/shellparse/parser.go:40.17,42.3 1 2
github.com/provide-io/flavor/go/flavor/pkg/utils/shellparse/parser.go:44.2,52.30 7 60
github.com/provide-io/flavor/go/flavor/pkg/utils/shellparse/parser.go:52.30,56.35 2 1157
github.com/provide-io/flavor/go/flavor/pkg/utils/shellparse/parser.go:56.35,58.21 1 12
github.com/provide-io/flavor/go/flavor/pkg/utils/shellparse/parser.go:58.21,60.5 1 2
github.com/provide-io/flavor/go/flavor/pkg/utils/shellparse/parser.go:61.4,65.21 3 10
github.com/provide-io/flavor/go/flavor/pkg/utils/shellparse/parser.go:65.21,66.19 1 4
github.com/provide-io/flavor/go/flavor/pkg/utils/shellparse/parser.go:67.30,68.31 1 3
github.com/provide-io/flavor/go/flavor/pkg/utils/shellparse/parser.go:69.13,72.31 2 1
github.com/provide-io/flavor/go/flavor/pkg/utils/shellparse/parser.go:74.10,77.5 1 6
github.com/provide-io/flavor/go/flavor/pkg/utils/shellparse/parser.go:78.4,78.12 1 10
github.com/provide-io/flavor/go/flavor/pkg/utils/shellparse/parser.go:82.3,82.35 1 1145
github.com/provide-io/flavor/go/flavor/pkg/utils/shellparse/parser.go:82.35,83.21 1 25
github.com/provide-io/flavor/go/flavor/pkg/utils/shellparse/parser.go:83.21,87.5 2 12
github.com/provide-io/flavor/go/flavor/pkg/utils/shellparse/parser.go:87.10,90.5 1 13
github.com/provide-io/flavor/go/flavor/pkg/utils/shellparse/parser.go:91.4,91.12 1 25
github.com/provide-io/flavor/go/flavor/pkg/utils/shellparse/parser.go:95.3,95.34 1 1120
github.com/provide-io/flavor/go/flavor/pkg/utils/shellparse/parser.go:95.34,96.21 1 61
github.com/provide-io/flavor/go/flavor/pkg/utils/shellparse/parser.go:96.21,100.5 2 29
github.com/provide-io/flavor/go/flavor/pkg/utils/shellparse/parser.go:100.10,103.5 1 32
github.com/provide-io/flavor/go/flavor/pkg/utils/shellparse/parser.go:104.4,104.12 1 61
github.com/provide-io/flavor/go/flavor/pkg/utils/shellparse/parser.go:108.3,108.62 1 1059
github.com/provide-io/flavor/go/flavor/pkg/utils/shellparse/parser.go:108.62,110.38 1 98
github.com/provide-io/flavor/go/flavor/pkg/utils/shellparse/parser.go:110.38,114.5 3 88
github.com/provide-io/flavor/go/flavor/pkg/utils/shellparse/parser.go:115.4,115.12 1 98
github.com/provide-io/flavor/go/flavor/pkg/utils/shellparse/parser.go:119.3,119.24 1 961
github.com/provide-io/flavor/go/flavor/pkg/utils/shellparse/parser.go:123.2,123.36 1 58
github.com/provide-io/flavor/go/flavor/pkg/utils/shellparse/parser.go:123.36,125.20 2 4
github.com/provide-io/flavor/go/flavor/pkg/utils/shellparse/parser.go:125.20,127.4 1 3
github.com/provide-io/flavor/go/flavor/pkg/utils/shellparse/parser.go:128.3,128.79 1 4
github.com/provide-io/flavor/go/flavor/pkg/utils/shellparse/parser.go:132.2,132.36 1 54
github.com/provide-io/flavor/go/flavor/pkg/utils/shellparse/parser.go:132.36,134.3 1 53
github.com/provide-io/flavor/go/flavor/pkg/utils/shellparse/parser.go:136.2,136.20 1 54
github.com/provide-io/flavor/go/flavor/pkg/utils/shellparse/parser.go:141.39,143.16 2 2
github.com/provide-io/flavor/go/flavor/pkg/utils/shellparse/parser.go:143.16,144.54 1 1
github.com/provide-io/flavor/go/flavor/pkg/utils/shellparse/parser.go:146.2,146.15 1 1
github.com/provide-io/flavor/go/flavor/pkg/utils/shellparse/parser.go:151.33,152.20 1 11
github.com/provide-io/flavor/go/flavor/pkg/utils/shellparse/parser.go:152.20,154.3 1 1
github.com/provide-io/flavor/go/flavor/pkg/utils/shellparse/parser.go:156.2,157.27 2 10
github.com/provide-io/flavor/go/flavor/pkg/utils/shellparse/parser.go:157.27,159.3 1 28
github.com/provide-io/flavor/go/flavor/pkg/utils/shellparse/parser.go:161.2,161.33 1 10
github.com/provide-io/flavor/go/flavor/pkg/utils/shellparse/parser.go:165.31,166.15 1 28
github.com/provide-io/flavor/go/flavor/pkg/utils/shellparse/parser.go:166.15,168.3 1 1
github.com/provide-io/flavor/go/flavor/pkg/utils/shellparse/parser.go:171.2,172.25 2 27
github.com/provide-io/flavor/go/flavor/pkg/utils/shellparse/parser.go:172.25,173.93 1 119
github.com/provide-io/flavor/go/flavor/pkg/utils/shellparse/parser.go:173.93,175.9 2 7
github.com/provide-io/flavor/go/flavor/pkg/utils/shellparse/parser.go:179.2,179.17 1 27
github.com/provide-io/flavor/go/flavor/pkg/utils/shellparse/parser.go:179.17,181.3 1 20
github.com/provide-io/flavor/go/flavor/pkg/utils/shellparse/parser.go:184.2,184.33 1 7
github.com/provide-io/flavor/go/flavor/pkg/utils/shellparse/parser.go:184.33,186.3 1 4
github.com/provide-io/flavor/go/flavor/pkg/utils/shellparse/parser.go:189.2,191.25 3 3
github.com/provide-io/flavor/go/flavor/pkg/utils/shellparse/parser.go:191.25,192.56 1 42
github.com/provide-io/flavor/go/flavor/pkg/utils/shellparse/parser.go:192.56,194.4 1 0
github.com/provide-io/flavor/go/flavor/pkg/utils/shellparse/parser.go:195.3,195.23 1 42
github.com/provide-io/flavor/go/flavor/pkg/utils/shellparse/parser.go:197.2,199.24 2 3
github.com/provide-io/flavor/go/flavor/pkg/psp/format_2025/builder.go:32.123,37.23 3 13
github.com/provide-io/flavor/go/flavor/pkg/psp/format_2025/builder.go:37.23,40.3 2 2
github.com/provide-io/flavor/go/flavor/pkg/psp/format_2025/builder.go:40.8,40.70 1 11
github.com/provide-io/flavor/go/flavor/pkg/psp/format_2025/builder.go:40.70,43.3 2 1
github.com/provide-io/flavor/go/flavor/pkg/psp/format_2025/builder.go:43.8,43.63 1 10
github.com/provide-io/flavor/go/flavor/pkg/psp/format_2025/builder.go:43.63,46.3 2 1
github.com/provide-io/flavor/go/flavor/pkg/psp/format_2025/builder.go:46.8,49.3 2 9
github.com/provide-io/flavor/go/flavor/pkg/psp/format_2025/builder.go:52.2,54.41 3 13
github.com/provide-io/flavor/go/flavor/pkg/psp/format_2025/builder.go:54.41,57.21 3 2
github.com/provide-io/flavor/go/flavor/pkg/psp/format_2025/builder.go:57.21,59.4 1 2
github.com/provide-io/flavor/go/flavor/pkg/psp/format_2025/builder.go:59.9,61.4 1 0
github.com/provide-io/flavor/go/flavor/pkg/psp/format_2025/builder.go:65.2,68.53 2 13
github.com/provide-io/flavor/go/flavor/pkg/psp/format_2025/builder.go:68.53,69.119 1 3
github.com/provide-io/flavor/go/flavor/pkg/psp/format_2025/builder.go:69.119,70.17 1 3
github.com/provide-io/flavor/go/flavor/pkg/psp/format_2025/builder.go:70.17,70.37 1 3
github.com/provide-io/flavor/go/flavor/pkg/psp/format_2025/builder.go:71.4,71.17 1 3
github.com/provide-io/flavor/go/flavor/pkg/psp/format_2025/builder.go:76.2,76.17 1 13
github.com/provide-io/flavor/go/flavor/pkg/psp/format_2025/builder.go:76.17,78.3 1 11
github.com/provide-io/flavor/go/flavor/pkg/psp/format_2025/builder.go:80.2,86.28 1 13
github.com/provide-io/flavor/go/flavor/pkg/psp/format_2025/builder.go:86.28,88.4 1 62
github.com/provide-io/flavor/go/flavor/pkg/psp/format_2025/builder.go:92.2,97.98 4 13
github.com/provide-io/flavor/go/flavor/pkg/psp/format_2025/builder.go:101.109,103.2 1 9
github.com/provide-io/flavor/go/flavor/pkg/psp/format_2025/builder.go:108.121,112.16 2 13
github.com/provide-io/flavor/go/flavor/pkg/psp/format_2025/builder.go:112.16,115.3 2 0
github.com/provide-io/flavor/go/flavor/pkg/psp/format_2025/builder.go:117.2,118.62 2 13
github.com/provide-io/flavor/go/flavor/pkg/psp/format_2025/builder.go:118.62,121.3 2 0
github.com/provide-io/flavor/go/flavor/pkg/psp/format_2025/builder.go:125.2,126.24 2 13
github.com/provide-io/flavor/go/flavor/pkg/psp/format_2025/builder.go:126.24,128.3 1 0
github.com/provide-io/flavor/go/flavor/pkg/psp/format_2025/builder.go:129.2,129.24 1 13
github.com/provide-io/flavor/go/flavor/pkg/psp/format_2025/builder.go:129.24,132.3 2 0
github.com/provide-io/flavor/go/flavor/pkg/psp/format_2025/builder.go:133.2,138.16 4 13
github.com/provide-io/flavor/go/flavor/pkg/psp/format_2025/builder.go:138.16,140.3 1 1
github.com/provide-io/flavor/go/flavor/pkg/psp/format_2025/builder.go:140.8,143.3 2 12
github.com/provide-io/flavor/go/flavor/pkg/psp/format_2025/builder.go:145.2,147.16 3 13
github.com/provide-io/flavor/go/flavor/pkg/psp/format_2025/builder.go:147.16,150.3 2 0
github.com/provide-io/flavor/go/flavor/pkg/psp/format_2025/builder.go:151.2,155.16 3 13
github.com/provide-io/flavor/go/flavor/pkg/psp/format_2025/builder.go:155.16,158.3 2 0
github.com/provide-io/flavor/go/flavor/pkg/psp/format_2025/builder.go:159.2,164.70 4 13
github.com/provide-io/flavor/go/flavor/pkg/psp/format_2025/builder.go:164.70,167.3 2 0
github.com/provide-io/flavor/go/flavor/pkg/psp/format_2025/builder.go:170.2,172.16 3 13
github.com/provide-io/flavor/go/flavor/pkg/psp/format_2025/builder.go:172.16,175.3 2 0
github.com/provide-io/flavor/go/flavor/pkg/psp/format_2025/builder.go:180.2,181.51 2 13
github.com/provide-io/flavor/go/flavor/pkg/psp/format_2025/builder.go:181.51,184.3 2 0
github.com/provide-io/flavor/go/flavor/pkg/psp/format_2025/builder.go:185.2,199.26 7 13
github.com/provide-io/flavor/go/flavor/pkg/psp/format_2025/builder.go:199.26,203.17 3 3
github.com/provide-io/flavor/go/flavor/pkg/psp/format_2025/builder.go:203.17,206.4 2 0
github.com/provide-io/flavor/go/flavor/pkg/psp/format_2025/builder.go:207.3,207.42 1 3
github.com/provide-io/flavor/go/flavor/pkg/psp/format_2025/builder.go:208.8,208.26 1 10
github.com/provide-io/flavor/go/flavor/pkg/psp/format_2025/builder.go:208.26,214.23 3 2
github.com/provide-io/flavor/go/flavor/pkg/psp/format_2025/builder.go:214.23,216.24 2 1
github.com/provide-io/flavor/go/flavor/pkg/psp/format_2025/builder.go:216.24,219.5 2 0
github.com/provide-io/flavor/go/flavor/pkg/psp/format_2025/builder.go:222.3,225.96 4 2
github.com/provide-io/flavor/go/flavor/pkg/psp/format_2025/builder.go:226.8,230.17 3 8
github.com/provide-io/flavor/go/flavor/pkg/psp/format_2025/builder.go:230.17,233.4 2 0
github.com/provide-io/flavor/go/flavor/pkg/psp/format_2025/builder.go:234.3,234.51 1 8
github.com/provide-io/flavor/go/flavor/pkg/psp/format_2025/builder.go:236.2,237.70 2 13
github.com/provide-io/flavor/go/flavor/pkg/psp/format_2025/builder.go:237.70,240.3 2 0
github.com/provide-io/flavor/go/flavor/pkg/psp/format_2025/builder.go:240.8,242.3 1 13
github.com/provide-io/flavor/go/flavor/pkg/psp/format_2025/builder.go:245.2,249.64 3 13
github.com/provide-io/flavor/go/flavor/pkg/psp/format_2025/builder.go:249.64,250.70 1 2
github.com/provide-io/flavor/go/flavor/pkg/psp/format_2025/builder.go:250.70,252.4 1 1
github.com/provide-io/flavor/go/flavor/pkg/psp/format_2025/builder.go:252.9,254.4 1 1
github.com/provide-io/flavor/go/flavor/pkg/psp/format_2025/builder.go:255.3,255.65 1 2
github.com/provide-io/flavor/go/flavor/pkg/psp/format_2025/builder.go:256.8,259.17 3 11
github.com/provide-io/flavor/go/flavor/pkg/psp/format_2025/builder.go:259.17,262.4 2 0
github.com/provide-io/flavor/go/flavor/pkg/psp/format_2025/builder.go:262.9,264.4 1 11
github.com/provide-io/flavor/go/flavor/pkg/psp/format_2025/builder.go:268.2,269.35 2 13
github.com/provide-io/flavor/go/flavor/pkg/psp/format_2025/builder.go:269.35,274.3 1 1
github.com/provide-io/flavor/go/flavor/pkg/psp/format_2025/builder.go:277.2,278.27 2 13
github.com/provide-io/flavor/go/flavor/pkg/psp/format_2025/builder.go:278.27,282.3 1 1
github.com/provide-io/flavor/go/flavor/pkg/psp/format_2025/builder.go:284.2,321.53 3 13
github.com/provide-io/flavor/go/flavor/pkg/psp/format_2025/builder.go:321.53,324.3 2 0
github.com/provide-io/flavor/go/flavor/pkg/psp/format_2025/builder.go:327.2,336.16 6 13
github.com/provide-io/flavor/go/flavor/pkg/psp/format_2025/builder.go:336.16,339.3 2 0
github.com/provide-io/flavor/go/flavor/pkg/psp/format_2025/builder.go:340.2,342.16 3 13
github.com/provide-io/flavor/go/flavor/pkg/psp/format_2025/builder.go:342.16,345.3 2 0
github.com/provide-io/flavor/go/flavor/pkg/psp/format_2025/builder.go:346.2,349.16 3 13
github.com/provide-io/flavor/go/flavor/pkg/psp/format_2025/builder.go:349.16,352.3 2 0
github.com/provide-io/flavor/go/flavor/pkg/psp/format_2025/builder.go:353.2,354.16 2 13
github.com/provide-io/flavor/go/flavor/pkg/psp/format_2025/builder.go:354.16,357.3 2 0
github.com/provide-io/flavor/go/flavor/pkg/psp/format_2025/builder.go:360.2,361.16 2 13
github.com/provide-io/flavor/go/flavor/pkg/psp/format_2025/builder.go:361.16,364.3 2 0
github.com/provide-io/flavor/go/flavor/pkg/psp/format_2025/builder.go:365.2,366.56 2 13
github.com/provide-io/flavor/go/flavor/pkg/psp/format_2025/builder.go:366.56,369.3 2 0
github.com/provide-io/flavor/go/flavor/pkg/psp/format_2025/builder.go:371.2,372.16 2 13
github.com/provide-io/flavor/go/flavor/pkg/psp/format_2025/builder.go:372.16,375.3 2 0
github.com/provide-io/flavor/go/flavor/pkg/psp/format_2025/builder.go:376.2,377.16 2 13
github.com/provide-io/flavor/go/flavor/pkg/psp/format_2025/builder.go:377.16,380.3 2 0
github.com/provide-io/flavor/go/flavor/pkg/psp/format_2025/builder.go:381.2,382.16 2 13
github.com/provide-io/flavor/go/flavor/pkg/psp/format_2025/builder.go:382.16,385.3 2 0
github.com/provide-io/flavor/go/flavor/pkg/psp/format_2025/builder.go:386.2,387.16 2 13
github.com/provide-io/flavor/go/flavor/pkg/psp/format_2025/builder.go:387.16,390.3 2 0
github.com/provide-io/flavor/go/flavor/pkg/psp/format_2025/builder.go:393.2,394.16 2 13
github.com/provide-io/flavor/go/flavor/pkg/psp/format_2025/builder.go:394.16,397.3 2 0
github.com/provide-io/flavor/go/flavor/pkg/psp/format_2025/builder.go:398.2,398.75 1 13
github.com/provide-io/flavor/go/flavor/pkg/psp/format_2025/builder.go:398.75,401.3 2 0
github.com/provide-io/flavor/go/flavor/pkg/psp/format_2025/builder.go:404.2,404.45 1 13
github.com/provide-io/flavor/go/flavor/pkg/psp/format_2025/builder.go:404.45,406.27 1 3
github.com/provide-io/flavor/go/flavor/pkg/psp/format_2025/builder.go:406.27,409.12 3 0
github.com/provide-io/flavor/go/flavor/pkg/psp/format_2025/builder.go:413.3,414.17 2 3
github.com/provide-io/flavor/go/flavor/pkg/psp/format_2025/builder.go:414.17,417.4 2 0
github.com/provide-io/flavor/go/flavor/pkg/psp/format_2025/builder.go:418.3,419.30 2 3
github.com/provide-io/flavor/go/flavor/pkg/psp/format_2025/builder.go:419.30,421.48 2 0
github.com/provide-io/flavor/go/flavor/pkg/psp/format_2025/builder.go:421.48,424.5 2 0
github.com/provide-io/flavor/go/flavor/pkg/psp/format_2025/builder.go:428.3,430.17 3 3
github.com/provide-io/flavor/go/flavor/pkg/psp/format_2025/builder.go:430.17,433.4 2 0
github.com/provide-io/flavor/go/flavor/pkg/psp/format_2025/builder.go:434.3,436.50 3 3
github.com/provide-io/flavor/go/flavor/pkg/psp/format_2025/builder.go:436.50,439.4 2 0
github.com/provide-io/flavor/go/flavor/pkg/psp/format_2025/builder.go:443.2,444.16 2 13
github.com/provide-io/flavor/go/flavor/pkg/psp/format_2025/builder.go:444.16,447.3 2 0
github.com/provide-io/flavor/go/flavor/pkg/psp/format_2025/builder.go:448.2,448.56 1 13
github.com/provide-io/flavor/go/flavor/pkg/psp/format_2025/builder.go:448.56,451.3 2 0
github.com/provide-io/flavor/go/flavor/pkg/psp/format_2025/builder.go:454.2,454.39 1 13
github.com/provide-io/flavor/go/flavor/pkg/psp/format_2025/builder.go:454.39,455.70 1 3
github.com/provide-io/flavor/go/flavor/pkg/psp/format_2025/builder.go:455.70,458.4 2 0
github.com/provide-io/flavor/go/flavor/pkg/psp/format_2025/builder.go:462.2,462.51 1 13
github.com/provide-io/flavor/go/flavor/pkg/psp/format_2025/builder.go:462.51,465.3 2 0
github.com/provide-io/flavor/go/flavor/pkg/psp/format_2025/builder.go:468.2,473.16 3 13
github.com/provide-io/flavor/go/flavor/pkg/psp/format_2025/builder.go:473.16,476.3 2 0
github.com/provide-io/flavor/go/flavor/pkg/psp/format_2025/builder.go:477.2,477.59 1 13
github.com/provide-io/flavor/go/flavor/pkg/psp/format_2025/builder.go:477.59,480.3 2 0
github.com/provide-io/flavor/go/flavor/pkg/psp/format_2025/builder.go:481.2,482.52 2 13
github.com/provide-io/flavor/go/flavor/pkg/psp/format_2025/builder.go:482.52,485.3 2 0
github.com/provide-io/flavor/go/flavor/pkg/psp/format_2025/builder.go:486.2,486.49 1 13
github.com/provide-io/flavor/go/flavor/pkg/psp/format_2025/builder.go:486.49,489.3 2 0
github.com/provide-io/flavor/go/flavor/pkg/psp/format_2025/builder.go:492.2,498.16 4 13
github.com/provide-io/flavor/go/flavor/pkg/psp/format_2025/builder.go:498.16,501.3 2 0
github.com/provide-io/flavor/go/flavor/pkg/psp/format_2025/builder.go:502.2,503.16 2 13
github.com/provide-io/flavor/go/flavor/pkg/psp/format_2025/builder.go:503.16,506.3 2 0
github.com/provide-io/flavor/go/flavor/pkg/psp/format_2025/builder.go:507.2,508.16 2 13
github.com/provide-io/flavor/go/flavor/pkg/psp/format_2025/builder.go:508.16,511.3 2 0
github.com/provide-io/flavor/go/flavor/pkg/psp/format_2025/builder.go:514.2,525.56 7 13
github.com/provide-io/flavor/go/flavor/pkg/psp/format_2025/builder.go:525.56,528.3 2 0
github.com/provide-io/flavor/go/flavor/pkg/psp/format_2025/builder.go:531.2,531.51 1 13
github.com/provide-io/flavor/go/flavor/pkg/psp/format_2025/builder.go:531.51,534.3 2 0
github.com/provide-io/flavor/go/flavor/pkg/psp/format_2025/builder.go:537.2,537.58 1 13
github.com/provide-io/flavor/go/flavor/pkg/psp/format_2025/builder.go:537.58,540.3 2 0
github.com/provide-io/flavor/go/flavor/pkg/psp/format_2025/builder.go:542.2,555.75 3 13
github.com/provide-io/flavor/go/flavor/pkg/psp/format_2025/builder.go:555.75,558.3 2 0
github.com/provide-io/flavor/go/flavor/pkg/psp/format_2025/builder.go:559.2,564.36 2 13
github.com/provide-io/flavor/go/flavor/pkg/psp/format_2025/builder.go:564.36,567.3 2 0
github.com/provide-io/flavor/go/flavor/pkg/psp/format_2025/builder.go:568.2,573.54 2 13
github.com/provide-io/flavor/go/flavor/pkg/psp/format_2025/builder.go:573.54,576.86 2 0
github.com/provide-io/flavor/go/flavor/pkg/psp/format_2025/builder.go:576.86,579.4 2 0
github.com/provide-io/flavor/go/flavor/pkg/psp/format_2025/builder.go:581.3,581.63 1 0
github.com/provide-io/flavor/go/flavor/pkg/psp/format_2025/builder.go:590.80,592.2 1 14
github.com/provide-io/flavor/go/flavor/pkg/psp/format_2025/builder.go:594.98,596.2 1 17
github.com/provide-io/flavor/go/flavor/pkg/psp/format_2025/builder.go:598.97,600.23 1 17
github.com/provide-io/flavor/go/flavor/pkg/psp/format_2025/builder.go:600.23,603.3 2 15
github.com/provide-io/flavor/go/flavor/pkg/psp/format_2025/builder.go:605.2,608.26 2 2
github.com/provide-io/flavor/go/flavor/pkg/psp/format_2025/builder.go:608.26,611.3 2 1
github.com/provide-io/flavor/go/flavor/pkg/psp/format_2025/builder.go:613.2,614.14 2 1
github.com/provide-io/flavor/go/flavor/pkg/psp/format_2025/builder.go:622.98,623.45 1 6
github.com/provide-io/flavor/go/flavor/pkg/psp/format_2025/builder.go:623.45,625.3 1 1
github.com/provide-io/flavor/go/flavor/pkg/psp/format_2025/builder.go:627.2,633.50 5 5
github.com/provide-io/flavor/go/flavor/pkg/psp/format_2025/builder.go:633.50,635.3 1 1
github.com/provide-io/flavor/go/flavor/pkg/psp/format_2025/builder.go:636.2,636.69 1 4
github.com/provide-io/flavor/go/flavor/pkg/psp/format_2025/builder.go:636.69,638.3 1 0
github.com/provide-io/flavor/go/flavor/pkg/psp/format_2025/builder.go:640.2,641.63 2 4
github.com/provide-io/flavor/go/flavor/pkg/psp/format_2025/builder.go:641.63,643.3 1 0
github.com/provide-io/flavor/go/flavor/pkg/psp/format_2025/builder.go:645.2,652.16 3 4
github.com/provide-io/flavor/go/flavor/pkg/psp/format_2025/builder.go:652.16,654.3 1 0
github.com/provide-io/flavor/go/flavor/pkg/psp/format_2025/builder.go:655.2,655.36 1 4
github.com/provide-io/flavor/go/flavor/pkg/psp/format_2025/builder.go:655.36,657.3 1 1
github.com/provide-io/flavor/go/flavor/pkg/psp/format_2025/builder.go:658.2,659.16 2 3
github.com/provide-io/flavor/go/flavor/pkg/psp/format_2025/builder.go:659.16,661.3 1 0
github.com/provide-io/flavor/go/flavor/pkg/psp/format_2025/builder.go:662.2,663.44 2 3
github.com/provide-io/flavor/go/flavor/pkg/psp/format_2025/builder.go:663.44,665.78 2 3
github.com/provide-io/flavor/go/flavor/pkg/psp/format_2025/builder.go:665.78,667.4 1 0
github.com/provide-io/flavor/go/flavor/pkg/psp/format_2025/builder.go:668.3,669.17 2 3
github.com/provide-io/flavor/go/flavor/pkg/psp/format_2025/builder.go:669.17,671.4 1 0
github.com/provide-io/flavor/go/flavor/pkg/psp/format_2025/builder.go:672.3,672.22 1 3
github.com/provide-io/flavor/go/flavor/pkg/psp/format_2025/builder.go:672.22,674.18 2 3
github.com/provide-io/flavor/go/flavor/pkg/psp/format_2025/builder.go:674.18,676.5 1 0
github.com/provide-io/flavor/go/flavor/pkg/psp/format_2025/builder.go:678.3,678.38 1 3
github.com/provide-io/flavor/go/flavor/pkg/psp/format_2025/builder.go:682.2,683.16 2 3
github.com/provide-io/flavor/go/flavor/pkg/psp/format_2025/builder.go:683.16,685.3 1 0
github.com/provide-io/flavor/go/flavor/pkg/psp/format_2025/builder.go:686.2,687.16 2 3
github.com/provide-io/flavor/go/flavor/pkg/psp/format_2025/builder.go:687.16,689.3 1 0
github.com/provide-io/flavor/go/flavor/pkg/psp/format_2025/builder.go:690.2,691.16 2 3
github.com/provide-io/flavor/go/flavor/pkg/psp/format_2025/builder.go:691.16,693.3 1 0
github.com/provide-io/flavor/go/flavor/pkg/psp/format_2025/builder.go:694.2,701.18 4 3
github.com/provide-io/flavor/go/flavor/pkg/psp/format_2025/builder.go:708.97,713.16 3 2
github.com/provide-io/flavor/go/flavor/pkg/psp/format_2025/builder.go:713.16,715.3 1 0
github.com/provide-io/flavor/go/flavor/pkg/psp/format_2025/builder.go:717.2,721.31 3 2
github.com/provide-io/flavor/go/flavor/pkg/psp/format_2025/builder.go:721.31,723.3 1 1
github.com/provide-io/flavor/go/flavor/pkg/psp/format_2025/builder.go:725.2,731.16 4 1
github.com/provide-io/flavor/go/flavor/pkg/psp/format_2025/builder.go:731.16,733.3 1 0
github.com/provide-io/flavor/go/flavor/pkg/psp/format_2025/builder.go:737.2,744.16 6 1
github.com/provide-io/flavor/go/flavor/pkg/psp/format_2025/builder.go:744.16,746.3 1 0
github.com/provide-io/flavor/go/flavor/pkg/psp/format_2025/builder.go:747.2,747.63 1 1
github.com/provide-io/flavor/go/flavor/pkg/psp/format_2025/builder.go:747.63,748.52 1 0
github.com/provide-io/flavor/go/flavor/pkg/psp/format_2025/builder.go:748.52,750.4 1 0
github.com/provide-io/flavor/go/flavor/pkg/psp/format_2025/builder.go:751.3,751.58 1 0
github.com/provide-io/flavor/go/flavor/pkg/psp/format_2025/builder.go:753.2,753.41 1 1
github.com/provide-io/flavor/go/flavor/pkg/psp/format_2025/builder.go:753.41,755.3 1 0
github.com/provide-io/flavor/go/flavor/pkg/psp/format_2025/builder.go:758.2,759.15 2 1
github.com/provide-io/flavor/go/flavor/pkg/psp/format_2025/builder.go:759.15,760.22 1 1
github.com/provide-io/flavor/go/flavor/pkg/psp/format_2025/builder.go:760.22,761.47 1 0
github.com/provide-io/flavor/go/flavor/pkg/psp/format_2025/builder.go:761.47,763.5 1 0
github.com/provide-io/flavor/go/flavor/pkg/psp/format_2025/builder.go:763.10,765.5 1 0
github.com/provide-io/flavor/go/flavor/pkg/psp/format_2025/builder.go:770.2,771.21 2 1
github.com/provide-io/flavor/go/flavor/pkg/psp/format_2025/builder.go:771.21,773.3 1 0
github.com/provide-io/flavor/go/flavor/pkg/psp/format_2025/builder.go:776.2,777.21 2 1
github.com/provide-io/flavor/go/flavor/pkg/psp/format_2025/builder.go:777.21,779.3 1 0
github.com/provide-io/flavor/go/flavor/pkg/psp/format_2025/builder.go:781.2,785.16 3 1
github.com/provide-io/flavor/go/flavor/pkg/psp/format_2025/builder.go:785.16,787.3 1 0
github.com/provide-io/flavor/go/flavor/pkg/psp/format_2025/builder.go:787.8,793.3 1 1
github.com/provide-io/flavor/go/flavor/pkg/psp/format_2025/builder.go:795.2,795.12 1 1
github.com/provide-io/flavor/go/flavor/pkg/psp/format_2025/builder.go:799.46,801.16 2 3
github.com/provide-io/flavor/go/flavor/pkg/psp/format_2025/builder.go:801.16,803.3 1 1
github.com/provide-io/flavor/go/flavor/pkg/psp/format_2025/builder.go:804.2,804.25 1 2
github.com/provide-io/flavor/go/flavor/pkg/psp/format_2025/builder.go:807.70,808.15 1 47
github.com/provide-io/flavor/go/flavor/pkg/psp/format_2025/builder.go:808.15,810.3 1 1
github.com/provide-io/flavor/go/flavor/pkg/psp/format_2025/builder.go:811.2,811.27 1 46
github.com/provide-io/flavor/go/flavor/pkg/psp/format_2025/builder.go:814.66,815.41 1 15
github.com/provide-io/flavor/go/flavor/pkg/psp/format_2025/builder.go:815.41,817.3 1 1
github.com/provide-io/flavor/go/flavor/pkg/psp/format_2025/builder.go:818.2,818.27 1 14
github.com/provide-io/flavor/go/flavor/pkg/psp/format_2025/builder.go:821.74,822.34 1 15
github.com/provide-io/flavor/go/flavor/pkg/psp/format_2025/builder.go:822.34,824.3 1 1
github.com/provide-io/flavor/go/flavor/pkg/psp/format_2025/builder.go:825.2,825.27 1 14
github.com/provide-io/flavor/go/flavor/pkg/psp/format_2025/builder.go:828.82,829.22 1 11
github.com/provide-io/flavor/go/flavor/pkg/psp/format_2025/builder.go:829.22,831.3 1 1
github.com/provide-io/flavor/go/flavor/pkg/psp/format_2025/builder.go:832.2,832.30 1 10
github.com/provide-io/flavor/go/flavor/pkg/psp/format_2025/builder.go:835.84,836.58 1 15
github.com/provide-io/flavor/go/flavor/pkg/psp/format_2025/builder.go:836.58,838.3 1 1
github.com/provide-io/flavor/go/flavor/pkg/psp/format_2025/builder.go:839.2,839.32 1 14
github.com/provide-io/flavor/go/flavor/pkg/psp/format_2025/builder_unix.go:15.76,20.56 2 1
github.com/provide-io/flavor/go/flavor/pkg/psp/format_2025/builder_unix.go:20.56,22.3 1 0
github.com/provide-io/flavor/go/flavor/pkg/psp/format_2025/builder_unix.go:24.2,28.12 2 1
github.com/provide-io/flavor/go/flavor/pkg/psp/format_2025/crypto.go:15.104,18.16 2 15
github.com/provide-io/flavor/go/flavor/pkg/psp/format_2025/crypto.go:18.16,20.3 1 0
github.com/provide-io/flavor/go/flavor/pkg/psp/format_2025/crypto.go:23.2,28.50 4 15
github.com/provide-io/flavor/go/flavor/pkg/psp/format_2025/crypto.go:28.50,30.3 1 0
github.com/provide-io/flavor/go/flavor/pkg/psp/format_2025/crypto.go:31.2,31.35 1 15
github.com/provide-io/flavor/go/flavor/pkg/psp/format_2025/crypto.go:31.35,33.3 1 0
github.com/provide-io/flavor/go/flavor/pkg/psp/format_2025/crypto.go:36.2,37.26 2 15
github.com/provide-io/flavor/go/flavor/pkg/psp/format_2025/crypto.go:41.109,44.16 2 10
github.com/provide-io/flavor/go/flavor/pkg/psp/format_2025/crypto.go:44.16,46.3 1 1
github.com/provide-io/flavor/go/flavor/pkg/psp/format_2025/crypto.go:48.2,49.18 2 9
github.com/provide-io/flavor/go/flavor/pkg/psp/format_2025/crypto.go:49.18,51.3 1 0
github.com/provide-io/flavor/go/flavor/pkg/psp/format_2025/crypto.go:53.2,56.68 2 9
github.com/provide-io/flavor/go/flavor/pkg/psp/format_2025/crypto.go:56.68,59.10 3 6
github.com/provide-io/flavor/go/flavor/pkg/psp/format_2025/crypto.go:59.10,61.4 1 0
github.com/provide-io/flavor/go/flavor/pkg/psp/format_2025/crypto.go:62.8,62.55 1 3
github.com/provide-io/flavor/go/flavor/pkg/psp/format_2025/crypto.go:62.55,65.3 1 2
github.com/provide-io/flavor/go/flavor/pkg/psp/format_2025/crypto.go:65.8,67.3 1 1
github.com/provide-io/flavor/go/flavor/pkg/psp/format_2025/crypto.go:70.2,71.25 2 8
github.com/provide-io/flavor/go/flavor/pkg/psp/format_2025/crypto.go:71.25,74.17 2 7
github.com/provide-io/flavor/go/flavor/pkg/psp/format_2025/crypto.go:74.17,76.4 1 1
github.com/provide-io/flavor/go/flavor/pkg/psp/format_2025/crypto.go:78.3,79.19 2 6
github.com/provide-io/flavor/go/flavor/pkg/psp/format_2025/crypto.go:79.19,81.4 1 0
github.com/provide-io/flavor/go/flavor/pkg/psp/format_2025/crypto.go:84.3,84.67 1 6
github.com/provide-io/flavor/go/flavor/pkg/psp/format_2025/crypto.go:84.67,87.11 3 4
github.com/provide-io/flavor/go/flavor/pkg/psp/format_2025/crypto.go:87.11,89.5 1 0
github.com/provide-io/flavor/go/flavor/pkg/psp/format_2025/crypto.go:90.9,90.55 1 2
github.com/provide-io/flavor/go/flavor/pkg/psp/format_2025/crypto.go:90.55,93.4 1 1
github.com/provide-io/flavor/go/flavor/pkg/psp/format_2025/crypto.go:93.9,95.4 1 1
github.com/provide-io/flavor/go/flavor/pkg/psp/format_2025/crypto.go:96.8,99.3 1 1
github.com/provide-io/flavor/go/flavor/pkg/psp/format_2025/crypto.go:101.2,101.35 1 6
github.com/provide-io/flavor/go/flavor/pkg/psp/format_2025/diskspace_unix.go:10.56,12.52 2 22
github.com/provide-io/flavor/go/flavor/pkg/psp/format_2025/diskspace_unix.go:12.52,14.3 1 0
github.com/provide-io/flavor/go/flavor/pkg/psp/format_2025/diskspace_unix.go:15.2,16.23 2 22
github.com/provide-io/flavor/go/flavor/pkg/psp/format_2025/execution.go:25.67,26.40 1 2
github.com/provide-io/flavor/go/flavor/pkg/psp/format_2025/execution.go:26.40,28.3 1 1
github.com/provide-io/flavor/go/flavor/pkg/psp/format_2025/execution.go:31.66,32.43 1 1
github.com/provide-io/flavor/go/flavor/pkg/psp/format_2025/execution.go:32.43,34.3 1 0
github.com/provide-io/flavor/go/flavor/pkg/psp/format_2025/execution.go:37.71,40.97 3 10
github.com/provide-io/flavor/go/flavor/pkg/psp/format_2025/execution.go:40.97,42.3 1 4
github.com/provide-io/flavor/go/flavor/pkg/psp/format_2025/execution.go:43.2,43.12 1 6
github.com/provide-io/flavor/go/flavor/pkg/psp/format_2025/execution.go:53.85,58.38 3 58
github.com/provide-io/flavor/go/flavor/pkg/psp/format_2025/execution.go:58.38,65.17 5 0
github.com/provide-io/flavor/go/flavor/pkg/psp/format_2025/execution.go:65.17,68.4 2 0
github.com/provide-io/flavor/go/flavor/pkg/psp/format_2025/execution.go:69.3,74.17 4 0
github.com/provide-io/flavor/go/flavor/pkg/psp/format_2025/execution.go:74.17,77.4 2 0
github.com/provide-io/flavor/go/flavor/pkg/psp/format_2025/execution.go:78.3,84.17 5 0
github.com/provide-io/flavor/go/flavor/pkg/psp/format_2025/execution.go:84.17,90.4 5 0
github.com/provide-io/flavor/go/flavor/pkg/psp/format_2025/execution.go:91.3,93.36 2 0
github.com/provide-io/flavor/go/flavor/pkg/psp/format_2025/execution.go:93.36,98.4 4 0
github.com/provide-io/flavor/go/flavor/pkg/psp/format_2025/execution.go:100.3,101.41 2 0
github.com/provide-io/flavor/go/flavor/pkg/psp/format_2025/execution.go:101.41,106.4 4 0
github.com/provide-io/flavor/go/flavor/pkg/psp/format_2025/execution.go:107.3,112.21 3 0
github.com/provide-io/flavor/go/flavor/pkg/psp/format_2025/execution.go:112.21,114.45 2 0
github.com/provide-io/flavor/go/flavor/pkg/psp/format_2025/execution.go:114.45,116.5 1 0
github.com/provide-io/flavor/go/flavor/pkg/psp/format_2025/execution.go:116.10,118.5 1 0
github.com/provide-io/flavor/go/flavor/pkg/psp/format_2025/execution.go:120.3,120.31 1 0
github.com/provide-io/flavor/go/flavor/pkg/psp/format_2025/execution.go:124.2,126.26 3 58
github.com/provide-io/flavor/go/flavor/pkg/psp/format_2025/execution.go:129.110,132.16 2 37
github.com/provide-io/flavor/go/flavor/pkg/psp/format_2025/execution.go:132.16,135.3 2 0
github.com/provide-io/flavor/go/flavor/pkg/psp/format_2025/execution.go:136.2,136.20 1 37
github.com/provide-io/flavor/go/flavor/pkg/psp/format_2025/execution.go:136.20,138.3 1 0
github.com/provide-io/flavor/go/flavor/pkg/psp/format_2025/execution.go:140.2,141.16 2 37
github.com/provide-io/flavor/go/flavor/pkg/psp/format_2025/execution.go:141.16,144.3 2 0
github.com/provide-io/flavor/go/flavor/pkg/psp/format_2025/execution.go:145.2,145.15 1 37
github.com/provide-io/flavor/go/flavor/pkg/psp/format_2025/execution.go:145.15,146.40 1 37
github.com/provide-io/flavor/go/flavor/pkg/psp/format_2025/execution.go:146.40,148.4 1 0
github.com/provide-io/flavor/go/flavor/pkg/psp/format_2025/execution.go:152.2,153.16 2 37
github.com/provide-io/flavor/go/flavor/pkg/psp/format_2025/execution.go:153.16,156.3 2 3
github.com/provide-io/flavor/go/flavor/pkg/psp/format_2025/execution.go:160.2,162.36 3 34
github.com/provide-io/flavor/go/flavor/pkg/psp/format_2025/execution.go:162.36,163.13 1 933
github.com/provide-io/flavor/go/flavor/pkg/psp/format_2025/execution.go:163.13,165.9 2 5
github.com/provide-io/flavor/go/flavor/pkg/psp/format_2025/execution.go:168.2,169.18 2 34
github.com/provide-io/flavor/go/flavor/pkg/psp/format_2025/execution.go:169.18,171.17 2 5
github.com/provide-io/flavor/go/flavor/pkg/psp/format_2025/execution.go:171.17,173.4 1 0
github.com/provide-io/flavor/go/flavor/pkg/psp/format_2025/execution.go:173.9,174.50 1 5
github.com/provide-io/flavor/go/flavor/pkg/psp/format_2025/execution.go:174.50,176.5 1 0
github.com/provide-io/flavor/go/flavor/pkg/psp/format_2025/execution.go:178.4,179.18 2 5
github.com/provide-io/flavor/go/flavor/pkg/psp/format_2025/execution.go:179.18,181.5 1 0
github.com/provide-io/flavor/go/flavor/pkg/psp/format_2025/execution.go:181.10,181.29 1 5
github.com/provide-io/flavor/go/flavor/pkg/psp/format_2025/execution.go:181.29,183.5 1 5
github.com/provide-io/flavor/go/flavor/pkg/psp/format_2025/execution.go:183.10,183.23 1 0
github.com/provide-io/flavor/go/flavor/pkg/psp/format_2025/execution.go:183.23,185.5 1 0
github.com/provide-io/flavor/go/flavor/pkg/psp/format_2025/execution.go:185.10,190.5 4 0
github.com/provide-io/flavor/go/flavor/pkg/psp/format_2025/execution.go:192.8,192.32 1 29
github.com/provide-io/flavor/go/flavor/pkg/psp/format_2025/execution.go:192.32,194.3 1 0
github.com/provide-io/flavor/go/flavor/pkg/psp/format_2025/execution.go:196.2,198.25 2 34
github.com/provide-io/flavor/go/flavor/pkg/psp/format_2025/execution.go:199.22,202.103 3 31
github.com/provide-io/flavor/go/flavor/pkg/psp/format_2025/execution.go:203.10,206.17 3 3
github.com/provide-io/flavor/go/flavor/pkg/psp/format_2025/execution.go:206.17,207.27 1 2
github.com/provide-io/flavor/go/flavor/pkg/psp/format_2025/execution.go:208.46,211.110 3 1
github.com/provide-io/flavor/go/flavor/pkg/psp/format_2025/execution.go:212.12,214.71 2 1
github.com/provide-io/flavor/go/flavor/pkg/psp/format_2025/execution.go:216.9,216.20 1 1
github.com/provide-io/flavor/go/flavor/pkg/psp/format_2025/execution.go:216.20,217.27 1 0
github.com/provide-io/flavor/go/flavor/pkg/psp/format_2025/execution.go:218.46,222.102 4 0
github.com/provide-io/flavor/go/flavor/pkg/psp/format_2025/execution.go:223.28,227.101 4 0
github.com/provide-io/flavor/go/flavor/pkg/psp/format_2025/execution.go:228.12,230.68 2 0
github.com/provide-io/flavor/go/flavor/pkg/psp/format_2025/execution.go:232.9,234.4 1 1
github.com/provide-io/flavor/go/flavor/pkg/psp/format_2025/execution.go:237.3,238.62 2 2
github.com/provide-io/flavor/go/flavor/pkg/psp/format_2025/execution.go:238.62,239.27 1 0
github.com/provide-io/flavor/go/flavor/pkg/psp/format_2025/execution.go:240.46,243.119 3 0
github.com/provide-io/flavor/go/flavor/pkg/psp/format_2025/execution.go:244.12,246.80 2 0
github.com/provide-io/flavor/go/flavor/pkg/psp/format_2025/execution.go:248.9,250.4 1 2
github.com/provide-io/flavor/go/flavor/pkg/psp/format_2025/execution.go:253.3,254.62 2 2
github.com/provide-io/flavor/go/flavor/pkg/psp/format_2025/execution.go:254.62,255.27 1 0
github.com/provide-io/flavor/go/flavor/pkg/psp/format_2025/execution.go:256.46,259.119 3 0
github.com/provide-io/flavor/go/flavor/pkg/psp/format_2025/execution.go:260.12,262.80 2 0
github.com/provide-io/flavor/go/flavor/pkg/psp/format_2025/execution.go:264.9,266.4 1 2
github.com/provide-io/flavor/go/flavor/pkg/psp/format_2025/execution.go:269.2,270.16 2 33
github.com/provide-io/flavor/go/flavor/pkg/psp/format_2025/execution.go:270.16,273.3 2 0
github.com/provide-io/flavor/go/flavor/pkg/psp/format_2025/execution.go:275.2,276.31 2 33
github.com/provide-io/flavor/go/flavor/pkg/psp/format_2025/execution.go:276.31,279.3 2 32
github.com/provide-io/flavor/go/flavor/pkg/psp/format_2025/execution.go:279.8,281.3 1 1
github.com/provide-io/flavor/go/flavor/pkg/psp/format_2025/execution.go:284.2,285.22 2 33
github.com/provide-io/flavor/go/flavor/pkg/psp/format_2025/execution.go:285.22,288.3 2 1
github.com/provide-io/flavor/go/flavor/pkg/psp/format_2025/execution.go:290.2,291.28 2 32
github.com/provide-io/flavor/go/flavor/pkg/psp/format_2025/execution.go:291.28,293.3 1 1
github.com/provide-io/flavor/go/flavor/pkg/psp/format_2025/execution.go:295.2,298.38 3 32
github.com/provide-io/flavor/go/flavor/pkg/psp/format_2025/execution.go:298.38,299.38 1 29
github.com/provide-io/flavor/go/flavor/pkg/psp/format_2025/execution.go:299.38,301.9 2 0
github.com/provide-io/flavor/go/flavor/pkg/psp/format_2025/execution.go:305.2,306.18 2 32
github.com/provide-io/flavor/go/flavor/pkg/psp/format_2025/execution.go:306.18,309.3 2 1
github.com/provide-io/flavor/go/flavor/pkg/psp/format_2025/execution.go:310.2,310.100 1 31
github.com/provide-io/flavor/go/flavor/pkg/psp/format_2025/execution.go:310.100,313.3 2 4
github.com/provide-io/flavor/go/flavor/pkg/psp/format_2025/execution.go:314.2,318.65 3 27
github.com/provide-io/flavor/go/flavor/pkg/psp/format_2025/execution.go:318.65,324.3 3 1
github.com/provide-io/flavor/go/flavor/pkg/psp/format_2025/execution.go:324.8,328.3 2 26
github.com/provide-io/flavor/go/flavor/pkg/psp/format_2025/execution.go:330.2,335.77 3 27
github.com/provide-io/flavor/go/flavor/pkg/psp/format_2025/execution.go:335.77,338.3 2 0
github.com/provide-io/flavor/go/flavor/pkg/psp/format_2025/execution.go:339.2,342.68 2 27
github.com/provide-io/flavor/go/flavor/pkg/psp/format_2025/execution.go:342.68,343.56 1 3
github.com/provide-io/flavor/go/flavor/pkg/psp/format_2025/execution.go:343.56,347.85 2 4
github.com/provide-io/flavor/go/flavor/pkg/psp/format_2025/execution.go:347.85,349.5 1 1
github.com/provide-io/flavor/go/flavor/pkg/psp/format_2025/execution.go:350.4,351.76 2 3
github.com/provide-io/flavor/go/flavor/pkg/psp/format_2025/execution.go:351.76,354.5 2 0
github.com/provide-io/flavor/go/flavor/pkg/psp/format_2025/execution.go:357.4,357.26 1 3
github.com/provide-io/flavor/go/flavor/pkg/psp/format_2025/execution.go:357.26,360.19 2 3
github.com/provide-io/flavor/go/flavor/pkg/psp/format_2025/execution.go:360.19,361.71 1 3
github.com/provide-io/flavor/go/flavor/pkg/psp/format_2025/execution.go:361.71,363.7 1 0
github.com/provide-io/flavor/go/flavor/pkg/psp/format_2025/execution.go:363.12,365.7 1 3
github.com/provide-io/flavor/go/flavor/pkg/psp/format_2025/execution.go:372.2,375.14 3 26
github.com/provide-io/flavor/go/flavor/pkg/psp/format_2025/execution.go:375.14,378.17 3 7
github.com/provide-io/flavor/go/flavor/pkg/psp/format_2025/execution.go:378.17,381.4 1 0
github.com/provide-io/flavor/go/flavor/pkg/psp/format_2025/execution.go:382.3,383.19 2 7
github.com/provide-io/flavor/go/flavor/pkg/psp/format_2025/execution.go:383.19,385.4 1 4
github.com/provide-io/flavor/go/flavor/pkg/psp/format_2025/execution.go:385.9,387.4 1 3
github.com/provide-io/flavor/go/flavor/pkg/psp/format_2025/execution.go:388.8,390.3 1 19
github.com/provide-io/flavor/go/flavor/pkg/psp/format_2025/execution.go:392.2,394.19 2 26
github.com/provide-io/flavor/go/flavor/pkg/psp/format_2025/execution.go:394.19,396.65 1 22
github.com/provide-io/flavor/go/flavor/pkg/psp/format_2025/execution.go:396.65,398.4 1 0
github.com/provide-io/flavor/go/flavor/pkg/psp/format_2025/execution.go:401.3,402.17 2 22
github.com/provide-io/flavor/go/flavor/pkg/psp/format_2025/execution.go:402.17,405.4 2 0
github.com/provide-io/flavor/go/flavor/pkg/psp/format_2025/execution.go:406.3,406.20 1 22
github.com/provide-io/flavor/go/flavor/pkg/psp/format_2025/execution.go:406.20,409.63 2 0
github.com/provide-io/flavor/go/flavor/pkg/psp/format_2025/execution.go:409.63,411.5 1 0
github.com/provide-io/flavor/go/flavor/pkg/psp/format_2025/execution.go:413.4,414.18 2 0
github.com/provide-io/flavor/go/flavor/pkg/psp/format_2025/execution.go:414.18,416.5 1 0
github.com/provide-io/flavor/go/flavor/pkg/psp/format_2025/execution.go:417.4,417.14 1 0
github.com/provide-io/flavor/go/flavor/pkg/psp/format_2025/execution.go:417.14,419.5 1 0
github.com/provide-io/flavor/go/flavor/pkg/psp/format_2025/execution.go:420.4,420.23 1 0
github.com/provide-io/flavor/go/flavor/pkg/psp/format_2025/execution.go:422.3,426.17 3 22
github.com/provide-io/flavor/go/flavor/pkg/psp/format_2025/execution.go:426.17,428.4 1 1
github.com/provide-io/flavor/go/flavor/pkg/psp/format_2025/execution.go:431.3,431.81 1 21
github.com/provide-io/flavor/go/flavor/pkg/psp/format_2025/execution.go:431.81,433.4 1 0
github.com/provide-io/flavor/go/flavor/pkg/psp/format_2025/execution.go:434.8,436.39 2 4
github.com/provide-io/flavor/go/flavor/pkg/psp/format_2025/execution.go:436.39,438.4 1 4
github.com/provide-io/flavor/go/flavor/pkg/psp/format_2025/execution.go:442.2,442.54 1 25
github.com/provide-io/flavor/go/flavor/pkg/psp/format_2025/execution.go:442.54,445.79 3 9
github.com/provide-io/flavor/go/flavor/pkg/psp/format_2025/execution.go:445.79,448.4 2 1
github.com/provide-io/flavor/go/flavor/pkg/psp/format_2025/execution.go:450.3,450.60 1 8
github.com/provide-io/flavor/go/flavor/pkg/psp/format_2025/execution.go:450.60,455.43 4 12
github.com/provide-io/flavor/go/flavor/pkg/psp/format_2025/execution.go:456.16,457.19 1 3
github.com/provide-io/flavor/go/flavor/pkg/psp/format_2025/execution.go:458.32,466.43 6 7
github.com/provide-io/flavor/go/flavor/pkg/psp/format_2025/execution.go:466.43,467.72 1 2
github.com/provide-io/flavor/go/flavor/pkg/psp/format_2025/execution.go:467.72,472.77 4 2
github.com/provide-io/flavor/go/flavor/pkg/psp/format_2025/execution.go:472.77,475.8 2 1
github.com/provide-io/flavor/go/flavor/pkg/psp/format_2025/execution.go:477.7,478.21 2 1
github.com/provide-io/flavor/go/flavor/pkg/psp/format_2025/execution.go:478.21,480.8 1 0
github.com/provide-io/flavor/go/flavor/pkg/psp/format_2025/execution.go:482.7,483.45 2 1
github.com/provide-io/flavor/go/flavor/pkg/psp/format_2025/execution.go:483.45,486.8 2 1
github.com/provide-io/flavor/go/flavor/pkg/psp/format_2025/execution.go:486.13,488.8 1 0
github.com/provide-io/flavor/go/flavor/pkg/psp/format_2025/execution.go:490.11,490.39 1 5
github.com/provide-io/flavor/go/flavor/pkg/psp/format_2025/execution.go:490.39,497.76 6 4
github.com/provide-io/flavor/go/flavor/pkg/psp/format_2025/execution.go:497.76,500.7 2 2
github.com/provide-io/flavor/go/flavor/pkg/psp/format_2025/execution.go:502.6,507.52 5 2
github.com/provide-io/flavor/go/flavor/pkg/psp/format_2025/execution.go:507.52,509.25 2 2
github.com/provide-io/flavor/go/flavor/pkg/psp/format_2025/execution.go:509.25,512.8 2 1
github.com/provide-io/flavor/go/flavor/pkg/psp/format_2025/execution.go:513.7,513.25 1 1
github.com/provide-io/flavor/go/flavor/pkg/psp/format_2025/execution.go:516.6,516.81 1 1
github.com/provide-io/flavor/go/flavor/pkg/psp/format_2025/execution.go:516.81,519.7 2 0
github.com/provide-io/flavor/go/flavor/pkg/psp/format_2025/execution.go:521.6,521.14 1 1
github.com/provide-io/flavor/go/flavor/pkg/psp/format_2025/execution.go:522.11,524.6 1 1
github.com/provide-io/flavor/go/flavor/pkg/psp/format_2025/execution.go:525.12,527.13 2 2
github.com/provide-io/flavor/go/flavor/pkg/psp/format_2025/execution.go:530.4,530.22 1 5
github.com/provide-io/flavor/go/flavor/pkg/psp/format_2025/execution.go:530.22,531.26 1 4
github.com/provide-io/flavor/go/flavor/pkg/psp/format_2025/execution.go:531.26,535.6 3 3
github.com/provide-io/flavor/go/flavor/pkg/psp/format_2025/execution.go:537.5,538.25 2 4
github.com/provide-io/flavor/go/flavor/pkg/psp/format_2025/execution.go:538.25,542.6 2 1
github.com/provide-io/flavor/go/flavor/pkg/psp/format_2025/execution.go:542.11,545.20 2 3
github.com/provide-io/flavor/go/flavor/pkg/psp/format_2025/execution.go:545.20,548.7 2 1
github.com/provide-io/flavor/go/flavor/pkg/psp/format_2025/execution.go:549.6,549.25 1 2
github.com/provide-io/flavor/go/flavor/pkg/psp/format_2025/execution.go:549.25,550.15 1 0
github.com/provide-io/flavor/go/flavor/pkg/psp/format_2025/execution.go:553.6,554.66 2 2
github.com/provide-io/flavor/go/flavor/pkg/psp/format_2025/execution.go:557.5,562.39 4 3
github.com/provide-io/flavor/go/flavor/pkg/psp/format_2025/execution.go:562.39,563.41 1 141
github.com/provide-io/flavor/go/flavor/pkg/psp/format_2025/execution.go:563.41,565.36 2 3
github.com/provide-io/flavor/go/flavor/pkg/psp/format_2025/execution.go:565.36,567.8 1 0
github.com/provide-io/flavor/go/flavor/pkg/psp/format_2025/execution.go:568.7,569.12 2 3
github.com/provide-io/flavor/go/flavor/pkg/psp/format_2025/execution.go:573.5,574.62 2 3
github.com/provide-io/flavor/go/flavor/pkg/psp/format_2025/execution.go:574.62,577.6 2 1
github.com/provide-io/flavor/go/flavor/pkg/psp/format_2025/execution.go:582.3,583.65 2 2
github.com/provide-io/flavor/go/flavor/pkg/psp/format_2025/execution.go:586.2,586.31 1 18
github.com/provide-io/flavor/go/flavor/pkg/psp/format_2025/execution.go:586.31,589.3 2 1
github.com/provide-io/flavor/go/flavor/pkg/psp/format_2025/execution.go:591.2,592.35 2 17
github.com/provide-io/flavor/go/flavor/pkg/psp/format_2025/execution.go:592.35,596.3 2 16
github.com/provide-io/flavor/go/flavor/pkg/psp/format_2025/execution.go:597.2,601.41 4 17
github.com/provide-io/flavor/go/flavor/pkg/psp/format_2025/execution.go:601.41,602.44 1 1
github.com/provide-io/flavor/go/flavor/pkg/psp/format_2025/execution.go:602.44,604.46 2 1
github.com/provide-io/flavor/go/flavor/pkg/psp/format_2025/execution.go:604.46,607.5 2 0
github.com/provide-io/flavor/go/flavor/pkg/psp/format_2025/execution.go:612.2,613.16 2 17
github.com/provide-io/flavor/go/flavor/pkg/psp/format_2025/execution.go:613.16,616.3 2 1
github.com/provide-io/flavor/go/flavor/pkg/psp/format_2025/execution.go:617.2,617.21 1 16
github.com/provide-io/flavor/go/flavor/pkg/psp/format_2025/execution.go:617.21,620.3 2 1
github.com/provide-io/flavor/go/flavor/pkg/psp/format_2025/execution.go:622.2,623.19 2 15
github.com/provide-io/flavor/go/flavor/pkg/psp/format_2025/execution.go:623.19,625.3 1 5
github.com/provide-io/flavor/go/flavor/pkg/psp/format_2025/execution.go:628.2,658.30 16 15
github.com/provide-io/flavor/go/flavor/pkg/psp/format_2025/execution.go:658.30,659.38 1 705
github.com/provide-io/flavor/go/flavor/pkg/psp/format_2025/execution.go:659.38,661.33 2 15
github.com/provide-io/flavor/go/flavor/pkg/psp/format_2025/execution.go:661.33,663.5 1 0
github.com/provide-io/flavor/go/flavor/pkg/psp/format_2025/execution.go:664.4,666.9 3 15
github.com/provide-io/flavor/go/flavor/pkg/psp/format_2025/execution.go:669.2,669.16 1 15
github.com/provide-io/flavor/go/flavor/pkg/psp/format_2025/execution.go:669.16,671.32 2 0
github.com/provide-io/flavor/go/flavor/pkg/psp/format_2025/execution.go:671.32,673.4 1 0
github.com/provide-io/flavor/go/flavor/pkg/psp/format_2025/execution.go:674.3,674.87 1 0
github.com/provide-io/flavor/go/flavor/pkg/psp/format_2025/execution.go:678.2,678.60 1 15
github.com/provide-io/flavor/go/flavor/pkg/psp/format_2025/execution.go:678.60,681.3 2 1
github.com/provide-io/flavor/go/flavor/pkg/psp/format_2025/execution.go:684.2,684.43 1 15
github.com/provide-io/flavor/go/flavor/pkg/psp/format_2025/execution.go:684.43,686.52 2 2
github.com/provide-io/flavor/go/flavor/pkg/psp/format_2025/execution.go:686.52,687.37 1 2
github.com/provide-io/flavor/go/flavor/pkg/psp/format_2025/execution.go:687.37,690.5 2 3
github.com/provide-io/flavor/go/flavor/pkg/psp/format_2025/execution.go:691.4,692.67 2 2
github.com/provide-io/flavor/go/flavor/pkg/psp/format_2025/execution.go:696.2,709.17 10 15
github.com/provide-io/flavor/go/flavor/pkg/psp/format_2025/execution_cache.go:13.89,16.38 2 25
github.com/provide-io/flavor/go/flavor/pkg/psp/format_2025/execution_cache.go:16.38,18.3 1 24
github.com/provide-io/flavor/go/flavor/pkg/psp/format_2025/execution_cache.go:21.2,23.16 3 25
github.com/provide-io/flavor/go/flavor/pkg/psp/format_2025/execution_cache.go:23.16,26.3 2 1
github.com/provide-io/flavor/go/flavor/pkg/psp/format_2025/execution_cache.go:29.2,34.33 4 24
github.com/provide-io/flavor/go/flavor/pkg/psp/format_2025/execution_cache.go:34.33,39.3 2 1
github.com/provide-io/flavor/go/flavor/pkg/psp/format_2025/execution_cache.go:41.2,42.12 2 23
github.com/provide-io/flavor/go/flavor/pkg/psp/format_2025/execution_cache.go:46.110,51.16 3 15
github.com/provide-io/flavor/go/flavor/pkg/psp/format_2025/execution_cache.go:51.16,52.25 1 1
github.com/provide-io/flavor/go/flavor/pkg/psp/format_2025/execution_cache.go:52.25,54.4 1 1
github.com/provide-io/flavor/go/flavor/pkg/psp/format_2025/execution_cache.go:54.9,56.4 1 0
github.com/provide-io/flavor/go/flavor/pkg/psp/format_2025/execution_cache.go:57.3,57.20 1 1
github.com/provide-io/flavor/go/flavor/pkg/psp/format_2025/execution_cache.go:60.2,63.42 3 14
github.com/provide-io/flavor/go/flavor/pkg/psp/format_2025/execution_cache.go:63.42,66.3 2 8
github.com/provide-io/flavor/go/flavor/pkg/psp/format_2025/execution_cache.go:69.2,70.25 2 6
github.com/provide-io/flavor/go/flavor/pkg/psp/format_2025/execution_cache.go:71.41,75.20 4 2
github.com/provide-io/flavor/go/flavor/pkg/psp/format_2025/execution_cache.go:76.25,80.20 4 1
github.com/provide-io/flavor/go/flavor/pkg/psp/format_2025/execution_cache.go:81.26,86.20 5 1
github.com/provide-io/flavor/go/flavor/pkg/psp/format_2025/execution_cache.go:87.10,91.115 4 2
github.com/provide-io/flavor/go/flavor/pkg/psp/format_2025/execution_cache.go:96.91,98.72 2 25
github.com/provide-io/flavor/go/flavor/pkg/psp/format_2025/execution_cache.go:98.72,100.3 1 1
github.com/provide-io/flavor/go/flavor/pkg/psp/format_2025/execution_cache.go:102.2,107.16 4 24
github.com/provide-io/flavor/go/flavor/pkg/psp/format_2025/execution_cache.go:107.16,110.3 2 0
github.com/provide-io/flavor/go/flavor/pkg/psp/format_2025/execution_cache.go:111.2,111.15 1 24
github.com/provide-io/flavor/go/flavor/pkg/psp/format_2025/execution_cache.go:111.15,111.35 1 24
github.com/provide-io/flavor/go/flavor/pkg/psp/format_2025/execution_cache.go:113.2,113.57 1 24
github.com/provide-io/flavor/go/flavor/pkg/psp/format_2025/execution_cache.go:113.57,116.3 2 0
github.com/provide-io/flavor/go/flavor/pkg/psp/format_2025/execution_cache.go:119.2,119.36 1 24
github.com/provide-io/flavor/go/flavor/pkg/psp/format_2025/execution_cache.go:119.36,122.3 2 0
github.com/provide-io/flavor/go/flavor/pkg/psp/format_2025/execution_cache.go:124.2,125.12 2 24
github.com/provide-io/flavor/go/flavor/pkg/psp/format_2025/execution_cache.go:148.90,150.72 2 30
github.com/provide-io/flavor/go/flavor/pkg/psp/format_2025/execution_cache.go:150.72,152.3 1 1
github.com/provide-io/flavor/go/flavor/pkg/psp/format_2025/execution_cache.go:155.2,175.16 4 29
github.com/provide-io/flavor/go/flavor/pkg/psp/format_2025/execution_cache.go:175.16,177.3 1 0
github.com/provide-io/flavor/go/flavor/pkg/psp/format_2025/execution_cache.go:179.2,179.69 1 29
github.com/provide-io/flavor/go/flavor/pkg/psp/format_2025/execution_cache.go:179.69,182.3 2 1
github.com/provide-io/flavor/go/flavor/pkg/psp/format_2025/execution_cache.go:184.2,185.12 2 28
github.com/provide-io/flavor/go/flavor/pkg/psp/format_2025/execution_cache.go:189.121,192.49 2 12
github.com/provide-io/flavor/go/flavor/pkg/psp/format_2025/execution_cache.go:192.49,195.3 2 1
github.com/provide-io/flavor/go/flavor/pkg/psp/format_2025/execution_cache.go:198.2,200.16 3 11
github.com/provide-io/flavor/go/flavor/pkg/psp/format_2025/execution_cache.go:200.16,203.3 2 1
github.com/provide-io/flavor/go/flavor/pkg/psp/format_2025/execution_cache.go:204.2,204.23 1 10
github.com/provide-io/flavor/go/flavor/pkg/psp/format_2025/execution_cache.go:204.23,207.3 2 4
github.com/provide-io/flavor/go/flavor/pkg/psp/format_2025/execution_cache.go:210.2,210.68 1 6
github.com/provide-io/flavor/go/flavor/pkg/psp/format_2025/execution_env.go:17.78,19.27 1 17
github.com/provide-io/flavor/go/flavor/pkg/psp/format_2025/execution_env.go:19.27,22.3 2 1
github.com/provide-io/flavor/go/flavor/pkg/psp/format_2025/execution_env.go:25.2,28.12 4 16
github.com/provide-io/flavor/go/flavor/pkg/psp/format_2025/execution_env.go:32.65,34.24 2 4
github.com/provide-io/flavor/go/flavor/pkg/psp/format_2025/execution_env.go:34.24,35.35 1 7
github.com/provide-io/flavor/go/flavor/pkg/psp/format_2025/execution_env.go:35.35,37.4 1 3
github.com/provide-io/flavor/go/flavor/pkg/psp/format_2025/execution_env.go:39.2,39.19 1 1
github.com/provide-io/flavor/go/flavor/pkg/psp/format_2025/execution_env.go:43.44,45.24 2 20
github.com/provide-io/flavor/go/flavor/pkg/psp/format_2025/execution_env.go:45.24,46.35 1 785
github.com/provide-io/flavor/go/flavor/pkg/psp/format_2025/execution_env.go:46.35,48.4 1 3
github.com/provide-io/flavor/go/flavor/pkg/psp/format_2025/execution_env.go:50.2,50.14 1 17
github.com/provide-io/flavor/go/flavor/pkg/psp/format_2025/execution_env.go:54.61,55.23 1 16
github.com/provide-io/flavor/go/flavor/pkg/psp/format_2025/execution_env.go:55.23,57.3 1 15
github.com/provide-io/flavor/go/flavor/pkg/psp/format_2025/execution_env.go:59.2,60.24 2 1
github.com/provide-io/flavor/go/flavor/pkg/psp/format_2025/execution_env.go:60.24,62.22 2 2
github.com/provide-io/flavor/go/flavor/pkg/psp/format_2025/execution_env.go:62.22,64.32 2 2
github.com/provide-io/flavor/go/flavor/pkg/psp/format_2025/execution_env.go:64.32,66.5 1 1
github.com/provide-io/flavor/go/flavor/pkg/psp/format_2025/execution_env.go:67.4,67.58 1 2
github.com/provide-io/flavor/go/flavor/pkg/psp/format_2025/execution_env.go:73.38,83.2 2 4
github.com/provide-io/flavor/go/flavor/pkg/psp/format_2025/execution_helpers.go:12.66,14.16 2 2
github.com/provide-io/flavor/go/flavor/pkg/psp/format_2025/execution_helpers.go:14.16,16.3 1 1
github.com/provide-io/flavor/go/flavor/pkg/psp/format_2025/execution_helpers.go:17.2,17.16 1 1
github.com/provide-io/flavor/go/flavor/pkg/psp/format_2025/execution_helpers.go:20.65,21.55 1 8
github.com/provide-io/flavor/go/flavor/pkg/psp/format_2025/execution_helpers.go:21.55,23.3 1 2
github.com/provide-io/flavor/go/flavor/pkg/psp/format_2025/execution_helpers.go:24.2,24.57 1 6
github.com/provide-io/flavor/go/flavor/pkg/psp/format_2025/execution_helpers.go:24.57,26.3 1 2
github.com/provide-io/flavor/go/flavor/pkg/psp/format_2025/execution_helpers.go:27.2,28.16 2 4
github.com/provide-io/flavor/go/flavor/pkg/psp/format_2025/execution_helpers.go:28.16,30.3 1 1
github.com/provide-io/flavor/go/flavor/pkg/psp/format_2025/execution_helpers.go:31.2,31.31 1 3
github.com/provide-io/flavor/go/flavor/pkg/psp/format_2025/execution_helpers.go:34.71,39.16 5 3
github.com/provide-io/flavor/go/flavor/pkg/psp/format_2025/execution_helpers.go:39.16,41.3 1 0
github.com/provide-io/flavor/go/flavor/pkg/psp/format_2025/execution_helpers.go:42.2,42.16 1 3
github.com/provide-io/flavor/go/flavor/pkg/psp/format_2025/execution_helpers.go:42.16,44.3 1 1
github.com/provide-io/flavor/go/flavor/pkg/psp/format_2025/execution_helpers.go:45.2,45.74 1 2
github.com/provide-io/flavor/go/flavor/pkg/psp/format_2025/execution_helpers.go:45.74,47.3 1 1
github.com/provide-io/flavor/go/flavor/pkg/psp/format_2025/execution_helpers.go:48.2,48.25 1 1
github.com/provide-io/flavor/go/flavor/pkg/psp/format_2025/execution_helpers.go:51.71,54.32 3 3
github.com/provide-io/flavor/go/flavor/pkg/psp/format_2025/execution_helpers.go:54.32,56.3 1 2
github.com/provide-io/flavor/go/flavor/pkg/psp/format_2025/execution_helpers.go:57.2,59.16 3 3
github.com/provide-io/flavor/go/flavor/pkg/psp/format_2025/execution_helpers.go:59.16,61.3 1 0
github.com/provide-io/flavor/go/flavor/pkg/psp/format_2025/execution_helpers.go:62.2,62.91 1 3
github.com/provide-io/flavor/go/flavor/pkg/psp/format_2025/execution_helpers.go:62.91,64.3 1 2
github.com/provide-io/flavor/go/flavor/pkg/psp/format_2025/execution_helpers.go:65.2,65.82 1 1
github.com/provide-io/flavor/go/flavor/pkg/psp/format_2025/execution_policy.go:53.51,61.29 3 51
github.com/provide-io/flavor/go/flavor/pkg/psp/format_2025/execution_policy.go:61.29,62.17 1 101
github.com/provide-io/flavor/go/flavor/pkg/psp/format_2025/execution_policy.go:62.17,63.12 1 2
github.com/provide-io/flavor/go/flavor/pkg/psp/format_2025/execution_policy.go:65.3,66.25 2 99
github.com/provide-io/flavor/go/flavor/pkg/psp/format_2025/execution_policy.go:66.25,67.12 1 79
github.com/provide-io/flavor/go/flavor/pkg/psp/format_2025/execution_policy.go:69.3,69.17 1 20
github.com/provide-io/flavor/go/flavor/pkg/psp/format_2025/execution_policy.go:69.17,71.4 1 1
github.com/provide-io/flavor/go/flavor/pkg/psp/format_2025/execution_policy.go:72.3,72.64 1 19
github.com/provide-io/flavor/go/flavor/pkg/psp/format_2025/execution_policy.go:72.64,74.4 1 12
github.com/provide-io/flavor/go/flavor/pkg/psp/format_2025/execution_policy.go:76.2,76.20 1 38
github.com/provide-io/flavor/go/flavor/pkg/psp/format_2025/execution_policy.go:79.35,80.31 1 49
github.com/provide-io/flavor/go/flavor/pkg/psp/format_2025/execution_policy.go:80.31,81.47 1 0
github.com/provide-io/flavor/go/flavor/pkg/psp/format_2025/execution_policy.go:81.47,83.4 1 0
github.com/provide-io/flavor/go/flavor/pkg/psp/format_2025/execution_policy.go:84.3,84.67 1 0
github.com/provide-io/flavor/go/flavor/pkg/psp/format_2025/execution_policy.go:86.2,86.34 1 49
github.com/provide-io/flavor/go/flavor/pkg/psp/format_2025/execution_policy.go:89.33,90.59 1 52
github.com/provide-io/flavor/go/flavor/pkg/psp/format_2025/execution_policy.go:90.59,92.3 1 20
github.com/provide-io/flavor/go/flavor/pkg/psp/format_2025/execution_policy.go:93.2,93.64 1 32
github.com/provide-io/flavor/go/flavor/pkg/psp/format_2025/execution_policy.go:93.64,95.3 1 1
github.com/provide-io/flavor/go/flavor/pkg/psp/format_2025/execution_policy.go:96.2,96.43 1 31
github.com/provide-io/flavor/go/flavor/pkg/psp/format_2025/execution_policy.go:96.43,98.3 1 30
github.com/provide-io/flavor/go/flavor/pkg/psp/format_2025/execution_policy.go:99.2,99.11 1 1
github.com/provide-io/flavor/go/flavor/pkg/psp/format_2025/execution_policy.go:102.73,104.59 2 19
github.com/provide-io/flavor/go/flavor/pkg/psp/format_2025/execution_policy.go:104.59,106.3 1 3
github.com/provide-io/flavor/go/flavor/pkg/psp/format_2025/execution_policy.go:108.2,108.23 1 16
github.com/provide-io/flavor/go/flavor/pkg/psp/format_2025/execution_policy.go:108.23,109.14 1 17
github.com/provide-io/flavor/go/flavor/pkg/psp/format_2025/execution_policy.go:110.44,110.44 0 16
github.com/provide-io/flavor/go/flavor/pkg/psp/format_2025/execution_policy.go:111.11,112.55 1 1
github.com/provide-io/flavor/go/flavor/pkg/psp/format_2025/execution_policy.go:116.2,116.37 1 15
github.com/provide-io/flavor/go/flavor/pkg/psp/format_2025/execution_policy.go:116.37,117.66 1 7
github.com/provide-io/flavor/go/flavor/pkg/psp/format_2025/execution_policy.go:117.66,119.4 1 3
github.com/provide-io/flavor/go/flavor/pkg/psp/format_2025/execution_policy.go:121.2,121.41 1 12
github.com/provide-io/flavor/go/flavor/pkg/psp/format_2025/execution_policy.go:121.41,122.70 1 6
github.com/provide-io/flavor/go/flavor/pkg/psp/format_2025/execution_policy.go:122.70,124.4 1 3
github.com/provide-io/flavor/go/flavor/pkg/psp/format_2025/execution_policy.go:126.2,126.43 1 9
github.com/provide-io/flavor/go/flavor/pkg/psp/format_2025/execution_policy.go:126.43,127.72 1 3
github.com/provide-io/flavor/go/flavor/pkg/psp/format_2025/execution_policy.go:127.72,129.4 1 2
github.com/provide-io/flavor/go/flavor/pkg/psp/format_2025/execution_policy.go:132.2,132.12 1 7
github.com/provide-io/flavor/go/flavor/pkg/psp/format_2025/execution_policy.go:135.69,137.16 2 8
github.com/provide-io/flavor/go/flavor/pkg/psp/format_2025/execution_policy.go:137.16,139.3 1 1
github.com/provide-io/flavor/go/flavor/pkg/psp/format_2025/execution_policy.go:140.2,140.27 1 7
github.com/provide-io/flavor/go/flavor/pkg/psp/format_2025/execution_policy.go:140.27,141.14 1 7
github.com/provide-io/flavor/go/flavor/pkg/psp/format_2025/execution_policy.go:142.49,142.49 0 6
github.com/provide-io/flavor/go/flavor/pkg/psp/format_2025/execution_policy.go:143.11,144.55 1 1
github.com/provide-io/flavor/go/flavor/pkg/psp/format_2025/execution_policy.go:148.2,148.53 1 6
github.com/provide-io/flavor/go/flavor/pkg/psp/format_2025/execution_policy.go:148.53,150.17 2 4
github.com/provide-io/flavor/go/flavor/pkg/psp/format_2025/execution_policy.go:150.17,152.4 1 1
github.com/provide-io/flavor/go/flavor/pkg/psp/format_2025/execution_policy.go:153.3,153.31 1 3
github.com/provide-io/flavor/go/flavor/pkg/psp/format_2025/execution_policy.go:155.2,155.49 1 5
github.com/provide-io/flavor/go/flavor/pkg/psp/format_2025/execution_policy.go:155.49,157.17 2 2
github.com/provide-io/flavor/go/flavor/pkg/psp/format_2025/execution_policy.go:157.17,159.4 1 1
github.com/provide-io/flavor/go/flavor/pkg/psp/format_2025/execution_policy.go:160.3,160.27 1 1
github.com/provide-io/flavor/go/flavor/pkg/psp/format_2025/execution_policy.go:163.2,163.12 1 4
github.com/provide-io/flavor/go/flavor/pkg/psp/format_2025/execution_policy.go:166.73,168.16 2 7
github.com/provide-io/flavor/go/flavor/pkg/psp/format_2025/execution_policy.go:168.16,170.3 1 1
github.com/provide-io/flavor/go/flavor/pkg/psp/format_2025/execution_policy.go:171.2,171.27 1 6
github.com/provide-io/flavor/go/flavor/pkg/psp/format_2025/execution_policy.go:171.27,172.14 1 6
github.com/provide-io/flavor/go/flavor/pkg/psp/format_2025/execution_policy.go:173.57,173.57 0 5
github.com/provide-io/flavor/go/flavor/pkg/psp/format_2025/execution_policy.go:174.11,175.59 1 1
github.com/provide-io/flavor/go/flavor/pkg/psp/format_2025/execution_policy.go:179.2,179.45 1 5
github.com/provide-io/flavor/go/flavor/pkg/psp/format_2025/execution_policy.go:179.45,181.17 2 1
github.com/provide-io/flavor/go/flavor/pkg/psp/format_2025/execution_policy.go:181.17,183.4 1 0
github.com/provide-io/flavor/go/flavor/pkg/psp/format_2025/execution_policy.go:184.3,184.24 1 1
github.com/provide-io/flavor/go/flavor/pkg/psp/format_2025/execution_policy.go:186.2,186.46 1 5
github.com/provide-io/flavor/go/flavor/pkg/psp/format_2025/execution_policy.go:186.46,188.17 2 2
github.com/provide-io/flavor/go/flavor/pkg/psp/format_2025/execution_policy.go:188.17,190.4 1 1
github.com/provide-io/flavor/go/flavor/pkg/psp/format_2025/execution_policy.go:191.3,191.25 1 1
github.com/provide-io/flavor/go/flavor/pkg/psp/format_2025/execution_policy.go:193.2,193.49 1 4
github.com/provide-io/flavor/go/flavor/pkg/psp/format_2025/execution_policy.go:193.49,195.17 2 2
github.com/provide-io/flavor/go/flavor/pkg/psp/format_2025/execution_policy.go:195.17,197.4 1 1
github.com/provide-io/flavor/go/flavor/pkg/psp/format_2025/execution_policy.go:198.3,198.36 1 1
github.com/provide-io/flavor/go/flavor/pkg/psp/format_2025/execution_policy.go:201.2,201.12 1 3
github.com/provide-io/flavor/go/flavor/pkg/psp/format_2025/execution_policy.go:204.75,206.16 2 4
github.com/provide-io/flavor/go/flavor/pkg/psp/format_2025/execution_policy.go:206.16,208.3 1 1
github.com/provide-io/flavor/go/flavor/pkg/psp/format_2025/execution_policy.go:209.2,209.27 1 3
github.com/provide-io/flavor/go/flavor/pkg/psp/format_2025/execution_policy.go:209.27,210.14 1 3
github.com/provide-io/flavor/go/flavor/pkg/psp/format_2025/execution_policy.go:211.23,211.23 0 2
github.com/provide-io/flavor/go/flavor/pkg/psp/format_2025/execution_policy.go:212.11,213.61 1 1
github.com/provide-io/flavor/go/flavor/pkg/psp/format_2025/execution_policy.go:217.2,217.46 1 2
github.com/provide-io/flavor/go/flavor/pkg/psp/format_2025/execution_policy.go:217.46,219.17 2 2
github.com/provide-io/flavor/go/flavor/pkg/psp/format_2025/execution_policy.go:219.17,221.4 1 1
github.com/provide-io/flavor/go/flavor/pkg/psp/format_2025/execution_policy.go:222.3,222.25 1 1
github.com/provide-io/flavor/go/flavor/pkg/psp/format_2025/execution_policy.go:225.2,225.12 1 1
github.com/provide-io/flavor/go/flavor/pkg/psp/format_2025/execution_policy.go:228.77,229.16 1 21
github.com/provide-io/flavor/go/flavor/pkg/psp/format_2025/execution_policy.go:229.16,231.3 1 1
github.com/provide-io/flavor/go/flavor/pkg/psp/format_2025/execution_policy.go:232.2,233.9 2 20
github.com/provide-io/flavor/go/flavor/pkg/psp/format_2025/execution_policy.go:233.9,235.3 1 4
github.com/provide-io/flavor/go/flavor/pkg/psp/format_2025/execution_policy.go:236.2,236.21 1 16
github.com/provide-io/flavor/go/flavor/pkg/psp/format_2025/execution_policy.go:239.56,241.9 2 10
github.com/provide-io/flavor/go/flavor/pkg/psp/format_2025/execution_policy.go:241.9,243.3 1 4
github.com/provide-io/flavor/go/flavor/pkg/psp/format_2025/execution_policy.go:244.2,244.19 1 6
github.com/provide-io/flavor/go/flavor/pkg/psp/format_2025/execution_policy.go:247.54,249.29 2 14
github.com/provide-io/flavor/go/flavor/pkg/psp/format_2025/execution_policy.go:250.11,251.20 1 1
github.com/provide-io/flavor/go/flavor/pkg/psp/format_2025/execution_policy.go:252.12,253.25 1 1
github.com/provide-io/flavor/go/flavor/pkg/psp/format_2025/execution_policy.go:254.13,255.25 1 1
github.com/provide-io/flavor/go/flavor/pkg/psp/format_2025/execution_policy.go:256.13,257.25 1 1
github.com/provide-io/flavor/go/flavor/pkg/psp/format_2025/execution_policy.go:258.13,259.56 1 2
github.com/provide-io/flavor/go/flavor/pkg/psp/format_2025/execution_policy.go:259.56,261.4 1 0
github.com/provide-io/flavor/go/flavor/pkg/psp/format_2025/execution_policy.go:262.3,262.25 1 2
github.com/provide-io/flavor/go/flavor/pkg/psp/format_2025/execution_policy.go:263.12,264.27 1 1
github.com/provide-io/flavor/go/flavor/pkg/psp/format_2025/execution_policy.go:264.27,266.4 1 0
github.com/provide-io/flavor/go/flavor/pkg/psp/format_2025/execution_policy.go:267.3,267.25 1 1
github.com/provide-io/flavor/go/flavor/pkg/psp/format_2025/execution_policy.go:268.13,269.25 1 1
github.com/provide-io/flavor/go/flavor/pkg/psp/format_2025/execution_policy.go:270.14,271.25 1 1
github.com/provide-io/flavor/go/flavor/pkg/psp/format_2025/execution_policy.go:272.14,273.25 1 1
github.com/provide-io/flavor/go/flavor/pkg/psp/format_2025/execution_policy.go:274.14,275.29 1 2
github.com/provide-io/flavor/go/flavor/pkg/psp/format_2025/execution_policy.go:275.29,277.4 1 1
github.com/provide-io/flavor/go/flavor/pkg/psp/format_2025/execution_policy.go:278.3,278.25 1 1
github.com/provide-io/flavor/go/flavor/pkg/psp/format_2025/execution_policy.go:279.10,280.85 1 2
github.com/provide-io/flavor/go/flavor/pkg/psp/format_2025/execution_policy.go:284.66,285.29 1 4
github.com/provide-io/flavor/go/flavor/pkg/psp/format_2025/execution_policy.go:286.16,289.21 3 1
github.com/provide-io/flavor/go/flavor/pkg/psp/format_2025/execution_policy.go:290.13,292.30 2 2
github.com/provide-io/flavor/go/flavor/pkg/psp/format_2025/execution_policy.go:292.30,294.11 2 3
github.com/provide-io/flavor/go/flavor/pkg/psp/format_2025/execution_policy.go:294.11,296.5 1 1
github.com/provide-io/flavor/go/flavor/pkg/psp/format_2025/execution_policy.go:297.4,297.30 1 2
github.com/provide-io/flavor/go/flavor/pkg/psp/format_2025/execution_policy.go:299.3,299.21 1 1
github.com/provide-io/flavor/go/flavor/pkg/psp/format_2025/execution_policy.go:300.10,301.90 1 1
github.com/provide-io/flavor/go/flavor/pkg/psp/format_2025/execution_policy.go:306.72,310.58 2 41
github.com/provide-io/flavor/go/flavor/pkg/psp/format_2025/execution_policy.go:310.58,312.39 2 4
github.com/provide-io/flavor/go/flavor/pkg/psp/format_2025/execution_policy.go:312.39,314.4 1 6
github.com/provide-io/flavor/go/flavor/pkg/psp/format_2025/execution_policy.go:315.3,315.35 1 4
github.com/provide-io/flavor/go/flavor/pkg/psp/format_2025/execution_policy.go:315.35,316.16 1 6
github.com/provide-io/flavor/go/flavor/pkg/psp/format_2025/execution_policy.go:316.16,318.5 1 2
github.com/provide-io/flavor/go/flavor/pkg/psp/format_2025/execution_policy.go:320.8,320.39 1 37
github.com/provide-io/flavor/go/flavor/pkg/psp/format_2025/execution_policy.go:320.39,322.3 1 1
github.com/provide-io/flavor/go/flavor/pkg/psp/format_2025/execution_policy.go:322.8,324.3 1 36
github.com/provide-io/flavor/go/flavor/pkg/psp/format_2025/execution_policy.go:327.2,330.51 2 41
github.com/provide-io/flavor/go/flavor/pkg/psp/format_2025/execution_policy.go:330.51,331.39 1 2
github.com/provide-io/flavor/go/flavor/pkg/psp/format_2025/execution_policy.go:331.39,333.4 1 1
github.com/provide-io/flavor/go/flavor/pkg/psp/format_2025/execution_policy.go:333.9,335.4 1 1
github.com/provide-io/flavor/go/flavor/pkg/psp/format_2025/execution_policy.go:336.8,336.34 1 39
github.com/provide-io/flavor/go/flavor/pkg/psp/format_2025/execution_policy.go:336.34,338.3 1 1
github.com/provide-io/flavor/go/flavor/pkg/psp/format_2025/execution_policy.go:338.8,340.3 1 38
github.com/provide-io/flavor/go/flavor/pkg/psp/format_2025/execution_policy.go:342.2,347.18 5 41
github.com/provide-io/flavor/go/flavor/pkg/psp/format_2025/execution_policy.go:353.103,357.31 2 50
github.com/provide-io/flavor/go/flavor/pkg/psp/format_2025/execution_policy.go:357.31,359.38 2 3
github.com/provide-io/flavor/go/flavor/pkg/psp/format_2025/execution_policy.go:359.38,360.28 1 3
github.com/provide-io/flavor/go/flavor/pkg/psp/format_2025/execution_policy.go:360.28,362.10 2 1
github.com/provide-io/flavor/go/flavor/pkg/psp/format_2025/execution_policy.go:365.3,365.13 1 3
github.com/provide-io/flavor/go/flavor/pkg/psp/format_2025/execution_policy.go:365.13,367.4 1 2
github.com/provide-io/flavor/go/flavor/pkg/psp/format_2025/execution_policy.go:370.2,370.26 1 48
github.com/provide-io/flavor/go/flavor/pkg/psp/format_2025/execution_policy.go:370.26,372.3 1 2
github.com/provide-io/flavor/go/flavor/pkg/psp/format_2025/execution_policy.go:375.2,375.45 1 46
github.com/provide-io/flavor/go/flavor/pkg/psp/format_2025/execution_policy.go:375.45,377.3 1 0
[...]
github.com/provide-io/flavor/go/flavor/pkg/psp/format_2025/runtime.go:36.4,36.52 1 0
github.com/provide-io/flavor/go/flavor/pkg/psp/format_2025/runtime.go:36.52,37.39 1 0
github.com/provide-io/flavor/go/flavor/pkg/psp/format_2025/runtime.go:37.39,40.6 2 0
github.com/provide-io/flavor/go/flavor/pkg/psp/format_2025/runtime.go:42.4,42.33 1 0
github.com/provide-io/flavor/go/flavor/pkg/psp/format_2025/runtime.go:43.9,47.42 3 0
github.com/provide-io/flavor/go/flavor/pkg/psp/format_2025/runtime.go:47.42,49.5 1 0
github.com/provide-io/flavor/go/flavor/pkg/psp/format_2025/runtime.go:50.4,50.42 1 0
github.com/provide-io/flavor/go/flavor/pkg/psp/format_2025/runtime.go:55.2,56.60 2 4
github.com/provide-io/flavor/go/flavor/pkg/psp/format_2025/runtime.go:56.60,58.36 2 2
github.com/provide-io/flavor/go/flavor/pkg/psp/format_2025/runtime.go:58.36,59.46 1 5
github.com/provide-io/flavor/go/flavor/pkg/psp/format_2025/runtime.go:59.46,60.79 1 5
github.com/provide-io/flavor/go/flavor/pkg/psp/format_2025/runtime.go:60.79,62.30 1 3
github.com/provide-io/flavor/go/flavor/pkg/psp/format_2025/runtime.go:62.30,63.65 1 13
github.com/provide-io/flavor/go/flavor/pkg/psp/format_2025/runtime.go:63.65,66.8 2 3
github.com/provide-io/flavor/go/flavor/pkg/psp/format_2025/runtime.go:68.11,70.49 1 2
github.com/provide-io/flavor/go/flavor/pkg/psp/format_2025/runtime.go:70.49,73.7 2 1
github.com/provide-io/flavor/go/flavor/pkg/psp/format_2025/runtime.go:79.2,79.62 1 4
github.com/provide-io/flavor/go/flavor/pkg/psp/format_2025/runtime.go:79.62,81.37 2 3
github.com/provide-io/flavor/go/flavor/pkg/psp/format_2025/runtime.go:81.37,82.46 1 4
github.com/provide-io/flavor/go/flavor/pkg/psp/format_2025/runtime.go:82.46,83.26 1 4
github.com/provide-io/flavor/go/flavor/pkg/psp/format_2025/runtime.go:83.26,87.30 3 1
github.com/provide-io/flavor/go/flavor/pkg/psp/format_2025/runtime.go:87.30,88.29 1 5
github.com/provide-io/flavor/go/flavor/pkg/psp/format_2025/runtime.go:88.29,90.8 1 2
github.com/provide-io/flavor/go/flavor/pkg/psp/format_2025/runtime.go:92.6,92.35 1 1
github.com/provide-io/flavor/go/flavor/pkg/psp/format_2025/runtime.go:92.35,95.7 2 2
github.com/provide-io/flavor/go/flavor/pkg/psp/format_2025/runtime.go:96.6,96.97 1 1
github.com/provide-io/flavor/go/flavor/pkg/psp/format_2025/runtime.go:97.11,97.86 1 3
github.com/provide-io/flavor/go/flavor/pkg/psp/format_2025/runtime.go:97.86,100.30 2 1
github.com/provide-io/flavor/go/flavor/pkg/psp/format_2025/runtime.go:100.30,101.87 1 4
github.com/provide-io/flavor/go/flavor/pkg/psp/format_2025/runtime.go:101.87,103.8 1 2
github.com/provide-io/flavor/go/flavor/pkg/psp/format_2025/runtime.go:105.6,105.35 1 1
github.com/provide-io/flavor/go/flavor/pkg/psp/format_2025/runtime.go:105.35,108.7 2 2
github.com/provide-io/flavor/go/flavor/pkg/psp/format_2025/runtime.go:109.11,111.78 1 2
github.com/provide-io/flavor/go/flavor/pkg/psp/format_2025/runtime.go:111.78,114.7 2 1
github.com/provide-io/flavor/go/flavor/pkg/psp/format_2025/runtime.go:120.2,120.66 1 4
github.com/provide-io/flavor/go/flavor/pkg/psp/format_2025/runtime.go:120.66,122.32 2 3
github.com/provide-io/flavor/go/flavor/pkg/psp/format_2025/runtime.go:122.32,123.36 1 3
github.com/provide-io/flavor/go/flavor/pkg/psp/format_2025/runtime.go:123.36,124.46 1 3
github.com/provide-io/flavor/go/flavor/pkg/psp/format_2025/runtime.go:124.46,126.23 2 2
github.com/provide-io/flavor/go/flavor/pkg/psp/format_2025/runtime.go:126.23,129.7 2 1
github.com/provide-io/flavor/go/flavor/pkg/psp/format_2025/runtime.go:135.2,135.66 1 4
github.com/provide-io/flavor/go/flavor/pkg/psp/format_2025/runtime.go:135.66,137.34 2 4
github.com/provide-io/flavor/go/flavor/pkg/psp/format_2025/runtime.go:137.34,138.42 1 4
github.com/provide-io/flavor/go/flavor/pkg/psp/format_2025/runtime.go:138.42,141.5 2 4
github.com/provide-io/flavor/go/flavor/pkg/psp/format_2025/runtime.go:146.2,146.60 1 4
github.com/provide-io/flavor/go/flavor/pkg/psp/format_2025/runtime.go:146.60,148.36 2 2
github.com/provide-io/flavor/go/flavor/pkg/psp/format_2025/runtime.go:148.36,149.46 1 5
github.com/provide-io/flavor/go/flavor/pkg/psp/format_2025/runtime.go:149.46,150.79 1 5
github.com/provide-io/flavor/go/flavor/pkg/psp/format_2025/runtime.go:150.79,153.30 2 3
github.com/provide-io/flavor/go/flavor/pkg/psp/format_2025/runtime.go:153.30,154.65 1 5
github.com/provide-io/flavor/go/flavor/pkg/psp/format_2025/runtime.go:154.65,156.13 2 2
github.com/provide-io/flavor/go/flavor/pkg/psp/format_2025/runtime.go:159.6,159.16 1 3
github.com/provide-io/flavor/go/flavor/pkg/psp/format_2025/runtime.go:159.16,161.7 1 1
github.com/provide-io/flavor/go/flavor/pkg/psp/format_2025/runtime.go:161.12,163.7 1 2
github.com/provide-io/flavor/go/flavor/pkg/psp/format_2025/runtime.go:164.11,166.50 1 2
github.com/provide-io/flavor/go/flavor/pkg/psp/format_2025/runtime.go:166.50,168.7 1 1
github.com/provide-io/flavor/go/flavor/pkg/psp/format_2025/runtime.go:168.12,170.7 1 1
github.com/provide-io/flavor/go/flavor/pkg/psp/format_2025/runtime.go:176.2,177.27 2 4
github.com/provide-io/flavor/go/flavor/pkg/psp/format_2025/runtime.go:177.27,179.3 1 67
github.com/provide-io/flavor/go/flavor/pkg/psp/format_2025/runtime.go:181.2,181.15 1 4
github.com/provide-io/flavor/go/flavor/pkg/psp/format_2025/security_helpers.go:12.70,13.27 1 67
github.com/provide-io/flavor/go/flavor/pkg/psp/format_2025/security_helpers.go:13.27,15.3 1 2
github.com/provide-io/flavor/go/flavor/pkg/psp/format_2025/security_helpers.go:16.2,16.26 1 65
github.com/provide-io/flavor/go/flavor/pkg/psp/format_2025/security_helpers.go:19.70,20.41 1 5
github.com/provide-io/flavor/go/flavor/pkg/psp/format_2025/security_helpers.go:20.41,22.3 1 3
github.com/provide-io/flavor/go/flavor/pkg/psp/format_2025/security_helpers.go:23.2,23.27 1 2
github.com/provide-io/flavor/go/flavor/pkg/psp/format_2025/security_helpers.go:26.66,27.15 1 36
github.com/provide-io/flavor/go/flavor/pkg/psp/format_2025/security_helpers.go:27.15,29.3 1 1
github.com/provide-io/flavor/go/flavor/pkg/psp/format_2025/security_helpers.go:30.2,30.27 1 35
github.com/provide-io/flavor/go/flavor/pkg/psp/format_2025/security_helpers.go:33.81,34.47 1 6
github.com/provide-io/flavor/go/flavor/pkg/psp/format_2025/security_helpers.go:34.47,36.3 1 0
github.com/provide-io/flavor/go/flavor/pkg/psp/format_2025/security_helpers.go:37.2,37.71 1 6
github.com/provide-io/flavor/go/flavor/pkg/psp/format_2025/security_helpers.go:37.71,39.3 1 4
github.com/provide-io/flavor/go/flavor/pkg/psp/format_2025/security_helpers.go:40.2,40.40 1 2
github.com/provide-io/flavor/go/flavor/pkg/psp/format_2025/security_helpers.go:43.72,45.16 2 2
github.com/provide-io/flavor/go/flavor/pkg/psp/format_2025/security_helpers.go:45.16,47.3 1 1
github.com/provide-io/flavor/go/flavor/pkg/psp/format_2025/security_helpers.go:48.2,48.26 1 1
github.com/provide-io/flavor/go/flavor/pkg/psp/format_2025/security_helpers.go:51.66,54.107 3 2
github.com/provide-io/flavor/go/flavor/pkg/psp/format_2025/security_helpers.go:54.107,56.3 1 1
github.com/provide-io/flavor/go/flavor/pkg/psp/format_2025/security_helpers.go:57.2,57.28 1 1
github.com/provide-io/flavor/go/flavor/pkg/psp/format_2025/security_helpers.go:60.59,62.2 1 2
github.com/provide-io/flavor/go/flavor/pkg/psp/format_2025/security_helpers.go:64.36,67.39 2 1
github.com/provide-io/flavor/go/flavor/pkg/psp/format_2025/security_helpers.go:67.39,69.3 1 0
github.com/provide-io/flavor/go/flavor/pkg/psp/format_2025/security_helpers.go:70.2,70.12 1 1
github.com/provide-io/flavor/go/flavor/pkg/psp/format_2025/security_helpers.go:73.39,76.39 2 1
github.com/provide-io/flavor/go/flavor/pkg/psp/format_2025/security_helpers.go:76.39,78.3 1 0
github.com/provide-io/flavor/go/flavor/pkg/psp/format_2025/security_helpers.go:79.2,79.12 1 1
github.com/provide-io/flavor/go/flavor/pkg/psp/format_2025/security_helpers.go:82.61,85.2 1 40
github.com/provide-io/flavor/go/flavor/pkg/psp/format_2025/security_helpers.go:87.83,90.2 1 18
github.com/provide-io/flavor/go/flavor/pkg/psp/format_2025/security_helpers.go:92.54,95.2 1 4
github.com/provide-io/flavor/go/flavor/pkg/psp/format_2025/security_helpers.go:97.53,100.2 1 29
github.com/provide-io/flavor/go/flavor/pkg/psp/format_2025/security_helpers.go:102.75,105.2 1 2
github.com/provide-io/flavor/go/flavor/pkg/psp/format_2025/security_helpers.go:107.58,110.2 1 3
github.com/provide-io/flavor/go/flavor/pkg/psp/format_2025/security_helpers.go:112.65,115.2 1 18
github.com/provide-io/flavor/go/flavor/pkg/psp/format_2025/slot_processor.go:18.46,21.2 2 5
github.com/provide-io/flavor/go/flavor/pkg/psp/format_2025/slot_processor.go:24.44,26.2 1 5
github.com/provide-io/flavor/go/flavor/pkg/psp/format_2025/slot_processor.go:70.73,78.2 1 21
github.com/provide-io/flavor/go/flavor/pkg/psp/format_2025/slot_processor.go:88.47,92.40 3 19
github.com/provide-io/flavor/go/flavor/pkg/psp/format_2025/slot_processor.go:92.40,93.50 1 9
github.com/provide-io/flavor/go/flavor/pkg/psp/format_2025/slot_processor.go:93.50,95.4 1 4
github.com/provide-io/flavor/go/flavor/pkg/psp/format_2025/slot_processor.go:98.2,98.12 1 15
github.com/provide-io/flavor/go/flavor/pkg/psp/format_2025/slot_processor.go:102.46,103.17 1 9
github.com/provide-io/flavor/go/flavor/pkg/psp/format_2025/slot_processor.go:104.17,105.11 1 1
github.com/provide-io/flavor/go/flavor/pkg/psp/format_2025/slot_processor.go:106.17,107.11 1 2
github.com/provide-io/flavor/go/flavor/pkg/psp/format_2025/slot_processor.go:108.14,109.11 1 2
github.com/provide-io/flavor/go/flavor/pkg/psp/format_2025/slot_processor.go:110.10,111.11 1 4
github.com/provide-io/flavor/go/flavor/pkg/psp/format_2025/slot_processor.go:116.50,117.19 1 17
github.com/provide-io/flavor/go/flavor/pkg/psp/format_2025/slot_processor.go:119.14,120.11 1 1
github.com/provide-io/flavor/go/flavor/pkg/psp/format_2025/slot_processor.go:121.17,122.11 1 2
github.com/provide-io/flavor/go/flavor/pkg/psp/format_2025/slot_processor.go:123.17,124.11 1 1
github.com/provide-io/flavor/go/flavor/pkg/psp/format_2025/slot_processor.go:125.18,126.11 1 1
github.com/provide-io/flavor/go/flavor/pkg/psp/format_2025/slot_processor.go:128.15,129.11 1 2
github.com/provide-io/flavor/go/flavor/pkg/psp/format_2025/slot_processor.go:130.19,131.11 1 1
github.com/provide-io/flavor/go/flavor/pkg/psp/format_2025/slot_processor.go:133.14,134.11 1 1
github.com/provide-io/flavor/go/flavor/pkg/psp/format_2025/slot_processor.go:135.15,136.11 1 1
github.com/provide-io/flavor/go/flavor/pkg/psp/format_2025/slot_processor.go:138.13,139.11 1 1
github.com/provide-io/flavor/go/flavor/pkg/psp/format_2025/slot_processor.go:140.16,141.11 1 1
github.com/provide-io/flavor/go/flavor/pkg/psp/format_2025/slot_processor.go:142.18,143.12 1 1
github.com/provide-io/flavor/go/flavor/pkg/psp/format_2025/slot_processor.go:144.10,145.11 1 4
github.com/provide-io/flavor/go/flavor/pkg/psp/format_2025/slot_processor.go:150.46,151.19 1 13
github.com/provide-io/flavor/go/flavor/pkg/psp/format_2025/slot_processor.go:151.19,153.3 1 1
github.com/provide-io/flavor/go/flavor/pkg/psp/format_2025/slot_processor.go:156.2,157.66 2 12
github.com/provide-io/flavor/go/flavor/pkg/psp/format_2025/slot_processor.go:157.66,159.3 1 11
github.com/provide-io/flavor/go/flavor/pkg/psp/format_2025/slot_processor.go:161.2,161.26 1 1
github.com/provide-io/flavor/go/flavor/pkg/psp/format_2025/slot_processor.go:182.67,184.19 1 9
github.com/provide-io/flavor/go/flavor/pkg/psp/format_2025/slot_processor.go:184.19,186.3 1 1
github.com/provide-io/flavor/go/flavor/pkg/psp/format_2025/slot_processor.go:187.2,187.23 1 8
github.com/provide-io/flavor/go/flavor/pkg/psp/format_2025/slot_processor.go:187.23,189.3 1 1
github.com/provide-io/flavor/go/flavor/pkg/psp/format_2025/slot_processor.go:190.2,190.23 1 7
github.com/provide-io/flavor/go/flavor/pkg/psp/format_2025/slot_processor.go:190.23,192.3 1 1
github.com/provide-io/flavor/go/flavor/pkg/psp/format_2025/slot_processor.go:195.2,195.27 1 6
github.com/provide-io/flavor/go/flavor/pkg/psp/format_2025/slot_processor.go:195.27,197.3 1 5
github.com/provide-io/flavor/go/flavor/pkg/psp/format_2025/slot_processor.go:198.2,198.28 1 6
github.com/provide-io/flavor/go/flavor/pkg/psp/format_2025/slot_processor.go:198.28,200.3 1 5
github.com/provide-io/flavor/go/flavor/pkg/psp/format_2025/slot_processor.go:203.2,203.45 1 6
github.com/provide-io/flavor/go/flavor/pkg/psp/format_2025/slot_processor.go:203.45,206.3 1 1
github.com/provide-io/flavor/go/flavor/pkg/psp/format_2025/slot_processor.go:208.2,212.36 2 5
github.com/provide-io/flavor/go/flavor/pkg/psp/format_2025/slot_processor.go:212.36,259.3 9 1
github.com/provide-io/flavor/go/flavor/pkg/psp/format_2025/slot_processor.go:262.2,263.16 2 4
github.com/provide-io/flavor/go/flavor/pkg/psp/format_2025/slot_processor.go:263.16,265.3 1 0
github.com/provide-io/flavor/go/flavor/pkg/psp/format_2025/slot_processor.go:271.2,292.25 5 4
github.com/provide-io/flavor/go/flavor/pkg/psp/format_2025/slot_processor.go:293.14,294.48 1 0
github.com/provide-io/flavor/go/flavor/pkg/psp/format_2025/slot_processor.go:295.23,296.56 1 1
github.com/provide-io/flavor/go/flavor/pkg/psp/format_2025/slot_processor.go:297.13,298.47 1 0
github.com/provide-io/flavor/go/flavor/pkg/psp/format_2025/slot_processor.go:299.10,300.17 1 3
github.com/provide-io/flavor/go/flavor/pkg/psp/format_2025/slot_processor.go:304.2,330.12 6 4
github.com/provide-io/flavor/go/flavor/pkg/psp/format_2025/slot_processor.go:346.67,349.45 2 6
github.com/provide-io/flavor/go/flavor/pkg/psp/format_2025/slot_processor.go:349.45,351.20 2 2
github.com/provide-io/flavor/go/flavor/pkg/psp/format_2025/slot_processor.go:351.20,353.4 1 1
github.com/provide-io/flavor/go/flavor/pkg/psp/format_2025/slot_processor.go:354.3,356.42 2 2
github.com/provide-io/flavor/go/flavor/pkg/psp/format_2025/slot_processor.go:360.2,361.16 2 6
github.com/provide-io/flavor/go/flavor/pkg/psp/format_2025/slot_processor.go:361.16,363.3 1 0
github.com/provide-io/flavor/go/flavor/pkg/psp/format_2025/slot_processor.go:365.2,367.21 2 6
github.com/provide-io/flavor/go/flavor/pkg/psp/format_2025/slot_processor.go:371.60,373.2 1 15
github.com/provide-io/flavor/go/flavor/pkg/psp/format_2025/slot_processor.go:376.55,378.2 1 15
github.com/provide-io/flavor/go/flavor/pkg/psp/format_2025/slot_processor.go:383.49,385.2 1 15
github.com/provide-io/flavor/go/flavor/pkg/psp/format_2025/slots.go:14.35,17.2 2 74
github.com/provide-io/flavor/go/flavor/pkg/psp/format_2025/slots.go:65.40,97.2 19 85
github.com/provide-io/flavor/go/flavor/pkg/psp/format_2025/slots.go:100.65,101.37 1 91
github.com/provide-io/flavor/go/flavor/pkg/psp/format_2025/slots.go:101.37,107.3 2 1
github.com/provide-io/flavor/go/flavor/pkg/psp/format_2025/slots.go:109.2,137.15 4 90
github.com/provide-io/flavor/go/flavor/pkg/psp/format_2025/slots.go:141.50,143.2 1 9
github.com/provide-io/flavor/go/flavor/pkg/psp/format_2025/slots.go:146.55,149.2 2 61
github.com/provide-io/flavor/go/flavor/pkg/psp/format_2025/trust.go:29.33,30.52 1 14
github.com/provide-io/flavor/go/flavor/pkg/psp/format_2025/trust.go:30.52,32.3 1 10
github.com/provide-io/flavor/go/flavor/pkg/psp/format_2025/trust.go:33.2,33.63 1 4
github.com/provide-io/flavor/go/flavor/pkg/psp/format_2025/trust.go:38.65,39.48 1 27
github.com/provide-io/flavor/go/flavor/pkg/psp/format_2025/trust.go:39.48,41.3 1 1
github.com/provide-io/flavor/go/flavor/pkg/psp/format_2025/trust.go:42.2,43.41 2 26
github.com/provide-io/flavor/go/flavor/pkg/psp/format_2025/trust.go:48.45,50.21 2 5
github.com/provide-io/flavor/go/flavor/pkg/psp/format_2025/trust.go:50.21,52.41 2 5
github.com/provide-io/flavor/go/flavor/pkg/psp/format_2025/trust.go:52.41,54.4 1 1
github.com/provide-io/flavor/go/flavor/pkg/psp/format_2025/trust.go:56.3,56.44 1 4
github.com/provide-io/flavor/go/flavor/pkg/psp/format_2025/trust.go:56.44,57.9 1 2
github.com/provide-io/flavor/go/flavor/pkg/psp/format_2025/trust.go:60.2,60.11 1 4
github.com/provide-io/flavor/go/flavor/pkg/psp/format_2025/trust.go:64.44,67.21 3 5
github.com/provide-io/flavor/go/flavor/pkg/psp/format_2025/trust.go:67.21,69.36 2 12
github.com/provide-io/flavor/go/flavor/pkg/psp/format_2025/trust.go:69.36,71.4 1 11
github.com/provide-io/flavor/go/flavor/pkg/psp/format_2025/trust.go:73.2,73.42 1 5
github.com/provide-io/flavor/go/flavor/pkg/psp/format_2025/trust.go:78.55,80.16 2 5
github.com/provide-io/flavor/go/flavor/pkg/psp/format_2025/trust.go:80.16,82.3 1 0
github.com/provide-io/flavor/go/flavor/pkg/psp/format_2025/trust.go:84.2,88.18 4 5
github.com/provide-io/flavor/go/flavor/pkg/psp/format_2025/trust.go:88.18,90.3 1 2
github.com/provide-io/flavor/go/flavor/pkg/psp/format_2025/trust.go:92.2,93.16 2 3
github.com/provide-io/flavor/go/flavor/pkg/psp/format_2025/trust.go:93.16,95.3 1 0
github.com/provide-io/flavor/go/flavor/pkg/psp/format_2025/trust.go:97.2,98.9 2 3
github.com/provide-io/flavor/go/flavor/pkg/psp/format_2025/trust.go:98.9,100.3 1 0
github.com/provide-io/flavor/go/flavor/pkg/psp/format_2025/trust.go:102.2,103.16 2 3
github.com/provide-io/flavor/go/flavor/pkg/psp/format_2025/trust.go:103.16,105.3 1 0
github.com/provide-io/flavor/go/flavor/pkg/psp/format_2025/trust.go:107.2,111.8 1 3
github.com/provide-io/flavor/go/flavor/pkg/psp/format_2025/trust.go:117.76,119.16 2 8
github.com/provide-io/flavor/go/flavor/pkg/psp/format_2025/trust.go:119.16,120.25 1 2
github.com/provide-io/flavor/go/flavor/pkg/psp/format_2025/trust.go:120.25,122.4 1 2
github.com/provide-io/flavor/go/flavor/pkg/psp/format_2025/trust.go:123.3,123.71 1 0
github.com/provide-io/flavor/go/flavor/pkg/psp/format_2025/trust.go:126.2,126.32 1 6
github.com/provide-io/flavor/go/flavor/pkg/psp/format_2025/trust.go:126.32,127.20 1 4
github.com/provide-io/flavor/go/flavor/pkg/psp/format_2025/trust.go:127.20,128.12 1 0
github.com/provide-io/flavor/go/flavor/pkg/psp/format_2025/trust.go:130.3,131.39 2 4
github.com/provide-io/flavor/go/flavor/pkg/psp/format_2025/trust.go:131.39,132.12 1 0
github.com/provide-io/flavor/go/flavor/pkg/psp/format_2025/trust.go:134.3,136.17 3 4
github.com/provide-io/flavor/go/flavor/pkg/psp/format_2025/trust.go:136.17,138.12 2 1
github.com/provide-io/flavor/go/flavor/pkg/psp/format_2025/trust.go:140.3,140.28 1 3
github.com/provide-io/flavor/go/flavor/pkg/psp/format_2025/trust.go:142.2,142.18 1 6
github.com/provide-io/flavor/go/flavor/pkg/psp/format_2025/trust.go:147.73,150.70 2 6
github.com/provide-io/flavor/go/flavor/pkg/psp/format_2025/trust.go:150.70,152.3 1 0
github.com/provide-io/flavor/go/flavor/pkg/psp/format_2025/trust.go:154.2,154.19 1 6
github.com/provide-io/flavor/go/flavor/pkg/psp/format_2025/trust.go:154.19,156.58 2 1
github.com/provide-io/flavor/go/flavor/pkg/psp/format_2025/trust.go:156.58,158.4 1 0
github.com/provide-io/flavor/go/flavor/pkg/psp/format_2025/trust.go:161.2,161.18 1 6
github.com/provide-io/flavor/go/flavor/pkg/psp/format_2025/trust.go:166.74,169.44 3 8
github.com/provide-io/flavor/go/flavor/pkg/psp/format_2025/trust.go:169.44,171.3 1 2
github.com/provide-io/flavor/go/flavor/pkg/psp/format_2025/trust.go:173.2,174.19 2 8
github.com/provide-io/flavor/go/flavor/pkg/psp/format_2025/trust.go:174.19,176.44 2 5
github.com/provide-io/flavor/go/flavor/pkg/psp/format_2025/trust.go:176.44,178.4 1 0
github.com/provide-io/flavor/go/flavor/pkg/psp/format_2025/trust.go:181.2,181.31 1 8
github.com/provide-io/flavor/go/flavor/pkg/psp/format_2025/trust.go:181.31,183.3 1 6
github.com/provide-io/flavor/go/flavor/pkg/psp/format_2025/trust.go:185.2,186.16 2 2
github.com/provide-io/flavor/go/flavor/pkg/psp/format_2025/trust.go:186.16,188.3 1 0
github.com/provide-io/flavor/go/flavor/pkg/psp/format_2025/trust.go:190.2,192.21 3 2
github.com/provide-io/flavor/go/flavor/pkg/psp/format_2025/utils.go:5.44,7.65 1 3
github.com/provide-io/flavor/go/flavor/pkg/psp/format_2025/utils.go:7.65,9.3 1 2
github.com/provide-io/flavor/go/flavor/pkg/psp/format_2025/utils.go:12.2,12.11 1 1
github.com/provide-io/flavor/go/flavor/pkg/psp/format_2025/utils.go:15.55,17.2 1 22
