SF:/REDACTED_ABS_PATH
FN:132,_RNvNtNtCseH9BiOqUglv_6flavor3api5tests28write_synthetic_pspf_package
FN:165,_RNvNtNtCseH9BiOqUglv_6flavor3api5testss_36build_package_rejects_unknown_format
FN:178,_RNvNtNtCseH9BiOqUglv_6flavor3api5testss_37launch_package_rejects_unknown_format
FN:190,_RNvNtNtCseH9BiOqUglv_6flavor3api5testss_37verify_package_rejects_unknown_format
FN:153,_RNvNtNtCseH9BiOqUglv_6flavor3api5testss_41detect_package_format_rejects_plain_files
FN:141,_RNvNtNtCseH9BiOqUglv_6flavor3api5testss_51detect_package_format_recognizes_pspf_magic_trailer
FN:45,_RNvNtCseH9BiOqUglv_6flavor3api13build_package
FN:67,_RNvNtCseH9BiOqUglv_6flavor3api14launch_package
FN:77,_RNvNtCseH9BiOqUglv_6flavor3api14verify_package
FN:87,_RNvNtCseH9BiOqUglv_6flavor3api21detect_package_format
FN:57,_RNCNvNtCseH9BiOqUglv_6flavor3api13build_package0B5_
FNDA:1,_RNvNtNtCseH9BiOqUglv_6flavor3api5tests28write_synthetic_pspf_package
FNDA:1,_RNvNtNtCseH9BiOqUglv_6flavor3api5testss_36build_package_rejects_unknown_format
FNDA:1,_RNvNtNtCseH9BiOqUglv_6flavor3api5testss_37launch_package_rejects_unknown_format
FNDA:1,_RNvNtNtCseH9BiOqUglv_6flavor3api5testss_37verify_package_rejects_unknown_format
FNDA:1,_RNvNtNtCseH9BiOqUglv_6flavor3api5testss_41detect_package_format_rejects_plain_files
FNDA:1,_RNvNtNtCseH9BiOqUglv_6flavor3api5testss_51detect_package_format_recognizes_pspf_magic_trailer
FNDA:1,_RNvNtCseH9BiOqUglv_6flavor3api13build_package
FNDA:1,_RNvNtCseH9BiOqUglv_6flavor3api14launch_package
FNDA:1,_RNvNtCseH9BiOqUglv_6flavor3api14verify_package
FNDA:4,_RNvNtCseH9BiOqUglv_6flavor3api21detect_package_format
FNDA:1,_RNCNvNtCseH9BiOqUglv_6flavor3api13build_package0B5_
FNF:11
FNH:11
DA:45,1
DA:46,1
DA:47,1
DA:48,1
DA:49,1
DA:51,1
DA:52,1
DA:55,1
DA:56,1
DA:57,1
DA:58,1
DA:60,1
DA:61,1
DA:62,1
DA:64,1
DA:67,1
DA:69,1
DA:71,0
DA:72,0
DA:74,1
DA:77,1
DA:79,1
DA:81,0
DA:82,0
DA:84,1
DA:87,4
DA:91,4
DA:94,4
DA:98,4
DA:100,1
DA:101,1
DA:102,1
DA:104,1
DA:106,1
DA:107,1
DA:108,1
DA:109,1
DA:110,1
DA:112,1
DA:113,1
DA:114,0
DA:115,0
DA:116,3
DA:118,3
DA:119,3
DA:120,3
DA:121,4
DA:132,1
DA:133,1
DA:134,1
DA:135,1
DA:136,1
DA:137,1
DA:138,1
DA:141,1
DA:142,1
DA:143,1
DA:144,1
DA:146,1
DA:147,1
DA:150,1
DA:153,1
DA:154,1
DA:155,1
DA:156,1
DA:158,1
DA:159,1
DA:162,1
DA:165,1
DA:166,1
DA:167,1
DA:168,1
DA:169,1
DA:171,1
DA:172,1
DA:175,1
DA:178,1
DA:179,1
DA:180,1
DA:181,1
DA:183,1
DA:184,1
DA:187,1
DA:190,1
DA:191,1
DA:192,1
DA:193,1
DA:195,1
DA:196,1
DA:199,1
BRF:0
BRH:0
LF:91
LH:85
end_of_record
SF:/REDACTED_ABS_PATH
FN:47,_RNCNvCs99x2uHjh4E9_17flavor_rs_builder4main0B3_
FN:64,_RNvCs99x2uHjh4E9_17flavor_rs_builder3run
FN:45,_RNvCs99x2uHjh4E9_17flavor_rs_builder4main
FNDA:0,_RNCNvCs99x2uHjh4E9_17flavor_rs_builder4main0B3_
FNDA:0,_RNvCs99x2uHjh4E9_17flavor_rs_builder3run
FNDA:0,_RNvCs99x2uHjh4E9_17flavor_rs_builder4main
FNF:3
FNH:0
DA:45,0
DA:47,0
DA:48,0
DA:49,0
DA:53,0
DA:55,0
DA:56,0
DA:58,0
DA:59,0
DA:64,0
DA:66,0
DA:67,0
DA:68,0
DA:69,0
DA:71,0
DA:74,0
DA:75,0
DA:76,0
DA:77,0
DA:78,0
DA:80,0
DA:81,0
DA:82,0
DA:83,0
DA:84,0
DA:85,0
DA:86,0
DA:87,0
DA:89,0
DA:90,0
DA:91,0
DA:92,0
DA:93,0
DA:94,0
DA:95,0
DA:96,0
DA:97,0
DA:98,0
DA:99,0
DA:101,0
DA:103,0
DA:104,0
DA:105,0
DA:109,0
BRF:0
BRH:0
LF:45
LH:0
end_of_record
SF:/REDACTED_ABS_PATH
FN:59,_RNCNvCs13XS64Tqyx2_18flavor_rs_launcher3run0B3_
FN:8,_RNCNvCs13XS64Tqyx2_18flavor_rs_launcher4main0B3_
FN:25,_RNvCs13XS64Tqyx2_18flavor_rs_launcher3run
FN:6,_RNvCs13XS64Tqyx2_18flavor_rs_launcher4main
FNDA:0,_RNCNvCs13XS64Tqyx2_18flavor_rs_launcher3run0B3_
FNDA:0,_RNCNvCs13XS64Tqyx2_18flavor_rs_launcher4main0B3_
FNDA:0,_RNvCs13XS64Tqyx2_18flavor_rs_launcher3run
FNDA:0,_RNvCs13XS64Tqyx2_18flavor_rs_launcher4main
FNF:4
FNH:0
DA:6,0
DA:8,0
DA:9,0
DA:10,0
DA:14,0
DA:16,0
DA:17,0
DA:19,0
DA:20,0
DA:25,0
DA:27,0
DA:28,0
DA:29,0
DA:30,0
DA:31,0
DA:32,0
DA:33,0
DA:35,0
DA:36,0
DA:39,0
DA:40,0
DA:46,0
DA:47,0
DA:48,0
DA:49,0
DA:51,0
DA:52,0
DA:53,0
DA:58,0
DA:59,0
DA:62,0
DA:64,0
DA:67,0
DA:68,0
DA:70,0
DA:74,0
DA:75,0
DA:76,0
DA:77,0
DA:78,0
DA:79,0
DA:80,0
DA:81,0
DA:83,0
DA:84,0
DA:85,0
DA:86,0
DA:87,0
DA:88,0
DA:89,0
DA:93,0
DA:95,0
DA:96,0
DA:98,0
DA:100,0
DA:101,0
DA:102,0
DA:103,0
DA:104,0
DA:105,0
DA:109,0
DA:110,0
DA:111,0
DA:112,0
DA:113,0
DA:114,0
DA:115,0
DA:116,0
DA:117,0
DA:118,0
DA:119,0
DA:120,0
DA:121,0
DA:122,0
DA:123,0
DA:124,0
DA:125,0
DA:126,0
DA:127,0
DA:130,0
DA:131,0
DA:132,0
DA:135,0
DA:136,0
DA:143,0
DA:146,0
DA:147,0
DA:149,0
DA:150,0
DA:151,0
DA:152,0
DA:153,0
DA:155,0
DA:156,0
DA:159,0
DA:160,0
DA:161,0
DA:162,0
DA:163,0
DA:164,0
DA:165,0
DA:166,0
DA:167,0
DA:168,0
DA:169,0
DA:170,0
DA:171,0
DA:172,0
DA:173,0
DA:174,0
DA:175,0
DA:176,0
DA:177,0
DA:178,0
DA:179,0
DA:180,0
DA:181,0
DA:182,0
DA:183,0
DA:184,0
DA:185,0
DA:186,0
DA:187,0
DA:188,0
DA:190,0
DA:191,0
DA:192,0
DA:193,0
DA:194,0
DA:195,0
DA:196,0
DA:197,0
DA:199,0
DA:203,0
BRF:0
BRH:0
LF:136
LH:0
end_of_record
SF:/REDACTED_ABS_PATH
FN:31,_RNvXNtCseH9BiOqUglv_6flavor10exceptionsNtB2_11FlavorErrorNtNtCsg8bQwBuw1gr_4core3fmt7Display3fmt
FN:47,_RNvXs0_NtCseH9BiOqUglv_6flavor10exceptionsNtB5_11FlavorErrorINtNtCsg8bQwBuw1gr_4core7convert4FromNtNtNtCsgQXtAl2Hvo9_3std2io5error5ErrorE4from
FN:53,_RNvXs1_NtCseH9BiOqUglv_6flavor10exceptionsNtB5_11FlavorErrorINtNtCsg8bQwBuw1gr_4core7convert4FromNtNtCsj4g5JnloXNH_10serde_json5error5ErrorE4from
FN:59,_RNvXs2_NtCseH9BiOqUglv_6flavor10exceptionsNtB5_11FlavorErrorINtNtCsg8bQwBuw1gr_4core7convert4FromNtCs7evDOhUsWRU_6anyhow5ErrorE4from
FNDA:11,_RNvXNtCseH9BiOqUglv_6flavor10exceptionsNtB2_11FlavorErrorNtNtCsg8bQwBuw1gr_4core3fmt7Display3fmt
FNDA:2,_RNvXs0_NtCseH9BiOqUglv_6flavor10exceptionsNtB5_11FlavorErrorINtNtCsg8bQwBuw1gr_4core7convert4FromNtNtNtCsgQXtAl2Hvo9_3std2io5error5ErrorE4from
FNDA:0,_RNvXs1_NtCseH9BiOqUglv_6flavor10exceptionsNtB5_11FlavorErrorINtNtCsg8bQwBuw1gr_4core7convert4FromNtNtCsj4g5JnloXNH_10serde_json5error5ErrorE4from
FNDA:1,_RNvXs2_NtCseH9BiOqUglv_6flavor10exceptionsNtB5_11FlavorErrorINtNtCsg8bQwBuw1gr_4core7convert4FromNtCs7evDOhUsWRU_6anyhow5ErrorE4from
FNF:4
FNH:3
DA:31,11
DA:32,11
DA:33,0
DA:34,0
DA:35,0
DA:36,0
DA:37,3
DA:38,0
DA:39,8
DA:41,11
DA:47,2
DA:48,2
DA:49,2
DA:53,0
DA:54,0
DA:55,0
DA:59,1
DA:60,1
DA:61,1
BRF:0
BRH:0
LF:19
LH:11
end_of_record
SF:/REDACTED_ABS_PATH
FN:107,_RNCNvMNtCseH9BiOqUglv_6flavor6loggerNtB4_10JsonLogger4init0B6_
FN:104,_RNvMNtCseH9BiOqUglv_6flavor6loggerNtB2_10JsonLogger4init
FN:166,_RNvNtCseH9BiOqUglv_6flavor6logger15is_json_logging
FN:67,_RNvMNtCseH9BiOqUglv_6flavor6loggerNtB2_10JsonLogger15init_with_level
FN:34,_RNvMNtCseH9BiOqUglv_6flavor6loggerNtB2_10JsonLogger16parse_level_mode
FN:20,_RNvMNtCseH9BiOqUglv_6flavor6loggerNtB2_10JsonLogger3new
FN:170,_RNvNtCseH9BiOqUglv_6flavor6logger21is_json_logging_value
FN:117,_RNvXs_NtCseH9BiOqUglv_6flavor6loggerNtB4_10JsonLoggerNtCs9QhIlsJ0IdQ_3log3Log3log
FN:155,_RNvXs_NtCseH9BiOqUglv_6flavor6loggerNtB4_10JsonLoggerNtCs9QhIlsJ0IdQ_3log3Log5flush
FN:113,_RNvXs_NtCseH9BiOqUglv_6flavor6loggerNtB4_10JsonLoggerNtCs9QhIlsJ0IdQ_3log3Log7enabled
FN:269,_RNvNtNtCseH9BiOqUglv_6flavor6logger5testss_41is_json_logging_tracks_environment_prefix
FN:198,_RNvNtNtCseH9BiOqUglv_6flavor6logger5testss_43parse_level_mode_defaults_json_mode_to_info
FN:217,_RNvNtNtCseH9BiOqUglv_6flavor6logger5testss_45json_logger_writes_structured_records_to_file
FN:182,_RNvNtNtCseH9BiOqUglv_6flavor6logger5testss_46parse_level_mode_handles_plain_and_json_levels
FN:239,_RNvNtNtCseH9BiOqUglv_6flavor6logger5testss_50json_logger_handles_stderr_fallback_without_a_file
FN:207,_RNvNtNtCseH9BiOqUglv_6flavor6logger5testss_53parse_level_mode_defaults_invalid_json_level_to_trace
FN:261,_RNvNtNtCseH9BiOqUglv_6flavor6logger5testss_57init_with_level_json_mode_returns_actual_level_and_source
FN:75,_RNCNvMNtCseH9BiOqUglv_6flavor6loggerNtB4_10JsonLogger15init_with_level0B6_
FN:171,_RNCNvNtCseH9BiOqUglv_6flavor6logger21is_json_logging_value0B5_
FNDA:0,_RNCNvMNtCseH9BiOqUglv_6flavor6loggerNtB4_10JsonLogger4init0B6_
FNDA:0,_RNvMNtCseH9BiOqUglv_6flavor6loggerNtB2_10JsonLogger4init
FNDA:0,_RNvNtCseH9BiOqUglv_6flavor6logger15is_json_logging
FNDA:1,_RNvMNtCseH9BiOqUglv_6flavor6loggerNtB2_10JsonLogger15init_with_level
FNDA:5,_RNvMNtCseH9BiOqUglv_6flavor6loggerNtB2_10JsonLogger16parse_level_mode
FNDA:3,_RNvMNtCseH9BiOqUglv_6flavor6loggerNtB2_10JsonLogger3new
FNDA:3,_RNvNtCseH9BiOqUglv_6flavor6logger21is_json_logging_value
FNDA:2038,_RNvXs_NtCseH9BiOqUglv_6flavor6loggerNtB4_10JsonLoggerNtCs9QhIlsJ0IdQ_3log3Log3log
FNDA:1,_RNvXs_NtCseH9BiOqUglv_6flavor6loggerNtB4_10JsonLoggerNtCs9QhIlsJ0IdQ_3log3Log5flush
FNDA:2040,_RNvXs_NtCseH9BiOqUglv_6flavor6loggerNtB4_10JsonLoggerNtCs9QhIlsJ0IdQ_3log3Log7enabled
FNDA:1,_RNvNtNtCseH9BiOqUglv_6flavor6logger5testss_41is_json_logging_tracks_environment_prefix
FNDA:1,_RNvNtNtCseH9BiOqUglv_6flavor6logger5testss_43parse_level_mode_defaults_json_mode_to_info
FNDA:1,_RNvNtNtCseH9BiOqUglv_6flavor6logger5testss_45json_logger_writes_structured_records_to_file
FNDA:1,_RNvNtNtCseH9BiOqUglv_6flavor6logger5testss_46parse_level_mode_handles_plain_and_json_levels
FNDA:1,_RNvNtNtCseH9BiOqUglv_6flavor6logger5testss_50json_logger_handles_stderr_fallback_without_a_file
FNDA:1,_RNvNtNtCseH9BiOqUglv_6flavor6logger5testss_53parse_level_mode_defaults_invalid_json_level_to_trace
FNDA:1,_RNvNtNtCseH9BiOqUglv_6flavor6logger5testss_57init_with_level_json_mode_returns_actual_level_and_source
FNDA:0,_RNCNvMNtCseH9BiOqUglv_6flavor6loggerNtB4_10JsonLogger15init_with_level0B6_
FNDA:2,_RNCNvNtCseH9BiOqUglv_6flavor6logger21is_json_logging_value0B5_
FNF:19
FNH:15
DA:20,3
DA:21,3
DA:22,1
DA:24,2
DA:27,3
DA:28,3
DA:29,3
DA:30,3
DA:31,3
DA:34,5
DA:36,5
DA:37,3
DA:38,2
DA:39,1
DA:41,1
DA:44,5
DA:45,5
DA:46,5
DA:47,3
DA:48,2
DA:49,1
DA:50,1
DA:51,1
DA:54,5
DA:55,5
DA:56,5
DA:57,3
DA:58,2
DA:59,1
DA:60,1
DA:63,5
DA:64,5
DA:67,1
DA:68,1
DA:69,1
DA:71,1
DA:73,0
DA:74,0
DA:75,0
DA:78,0
DA:79,0
DA:80,0
DA:82,0
DA:83,0
DA:84,0
DA:85,0
DA:86,0
DA:87,0
DA:88,0
DA:89,0
DA:90,1
DA:92,1
DA:94,1
DA:95,0
DA:96,0
DA:97,1
DA:99,1
DA:100,1
DA:101,1
DA:104,0
DA:106,0
DA:107,0
DA:108,0
DA:109,0
DA:113,2040
DA:114,2040
DA:115,2040
DA:117,2038
DA:118,2038
DA:119,0
DA:120,2038
DA:123,2038
DA:124,2038
DA:125,2038
DA:126,2038
DA:127,2038
DA:128,2038
DA:129,2038
DA:130,2038
DA:133,2038
DA:135,2038
DA:139,2038
DA:140,2038
DA:141,1
DA:142,1
DA:143,2037
DA:144,2037
DA:145,2037
DA:146,2037
DA:147,2037
DA:148,0
DA:149,0
DA:150,0
DA:151,0
DA:152,0
DA:153,2038
DA:155,1
DA:156,1
DA:157,1
DA:158,0
DA:159,1
DA:160,0
DA:161,1
DA:162,1
DA:166,0
DA:167,0
DA:168,0
DA:170,3
DA:171,3
DA:172,3
DA:182,1
DA:183,1
DA:184,1
DA:185,1
DA:186,1
DA:187,1
DA:189,1
DA:190,1
DA:191,1
DA:192,1
DA:193,1
DA:194,1
DA:195,1
DA:198,1
DA:199,1
DA:200,1
DA:201,1
DA:202,1
DA:203,1
DA:204,1
DA:207,1
DA:208,1
DA:209,1
DA:210,1
DA:211,1
DA:212,1
DA:213,1
DA:214,1
DA:217,1
DA:218,1
DA:219,1
DA:220,1
DA:221,1
DA:222,1
DA:223,1
DA:224,1
DA:225,1
DA:226,1
DA:227,1
DA:229,1
DA:231,1
DA:232,1
DA:233,1
DA:234,1
DA:235,1
DA:236,1
DA:239,1
DA:240,1
DA:241,1
DA:242,1
DA:243,1
DA:244,1
DA:245,1
DA:246,1
DA:247,1
DA:248,1
DA:249,1
DA:250,1
DA:252,1
DA:253,1
DA:254,1
DA:256,1
DA:257,1
DA:258,1
DA:261,1
DA:262,1
DA:264,1
DA:265,1
DA:266,1
DA:269,1
DA:270,1
DA:271,1
DA:272,1
DA:273,1
BRF:0
BRH:0
LF:187
LH:153
end_of_record
SF:/REDACTED_ABS_PATH
FN:67,_RNCNvXNtNtNtCseH9BiOqUglv_6flavor3psp11format_20258backendsNtB4_11MMapBackendNtNtCsg8bQwBuw1gr_4core3fmt5Debug3fmts_0Ba_
FN:385,_RNCNvXs9_NtNtNtCseH9BiOqUglv_6flavor3psp11format_20258backendsNtB7_13HybridBackendNtNtCsg8bQwBuw1gr_4core3fmt5Debug3fmts_0Bd_
FN:91,_RNvMs0_NtNtNtCseH9BiOqUglv_6flavor3psp11format_20258backendsNtB5_11MMapBackend8prefetch
FN:59,_RNvXNtNtNtCseH9BiOqUglv_6flavor3psp11format_20258backendsNtB2_11MMapBackendNtNtCsg8bQwBuw1gr_4core3fmt5Debug3fmt
FN:173,_RNvXs2_NtNtNtCseH9BiOqUglv_6flavor3psp11format_20258backendsNtB5_11FileBackendNtNtCsg8bQwBuw1gr_4core3fmt5Debug3fmt
FN:183,_RNvXs3_NtNtNtCseH9BiOqUglv_6flavor3psp11format_20258backendsNtB5_11FileBackendNtNtCsg8bQwBuw1gr_4core7default7Default7default
FN:279,_RNvXs6_NtNtNtCseH9BiOqUglv_6flavor3psp11format_20258backendsNtB5_13StreamBackendNtNtCsg8bQwBuw1gr_4core3fmt5Debug3fmt
FN:377,_RNvXs9_NtNtNtCseH9BiOqUglv_6flavor3psp11format_20258backendsNtB5_13HybridBackendNtNtCsg8bQwBuw1gr_4core3fmt5Debug3fmt
FN:75,_RNvXs_NtNtNtCseH9BiOqUglv_6flavor3psp11format_20258backendsNtB4_11MMapBackendNtNtCsg8bQwBuw1gr_4core7default7Default7default
FN:310,_RNCNvMs7_NtNtNtCseH9BiOqUglv_6flavor3psp11format_20258backendsNtB7_13StreamBackend11stream_slot0Bd_
FN:44,_RNvYNtNtNtNtCseH9BiOqUglv_6flavor3psp11format_20258backends11FileBackendNtB4_7Backend7view_atBa_
FN:31,_RNvYNtNtNtNtCseH9BiOqUglv_6flavor3psp11format_20258backends11FileBackendNtB4_7Backend9read_slotBa_
FN:31,_RNvYNtNtNtNtCseH9BiOqUglv_6flavor3psp11format_20258backends11MMapBackendNtB4_7Backend9read_slotBa_
FN:31,_RNvYNtNtNtNtCseH9BiOqUglv_6flavor3psp11format_20258backends13HybridBackendNtB4_7Backend9read_slotBa_
FN:44,_RNvYNtNtNtNtCseH9BiOqUglv_6flavor3psp11format_20258backends13StreamBackendNtB4_7Backend7view_atBa_
FN:81,_RNvMs0_NtNtNtCseH9BiOqUglv_6flavor3psp11format_20258backendsNtB5_11MMapBackend3new
FN:189,_RNvMs4_NtNtNtCseH9BiOqUglv_6flavor3psp11format_20258backendsNtB5_11FileBackend3new
FN:302,_RNvMs7_NtNtNtCseH9BiOqUglv_6flavor3psp11format_20258backendsNtB5_13StreamBackend11stream_slot
FN:297,_RNvMs7_NtNtNtCseH9BiOqUglv_6flavor3psp11format_20258backendsNtB5_13StreamBackend23with_default_chunk_size
FN:289,_RNvMs7_NtNtNtCseH9BiOqUglv_6flavor3psp11format_20258backendsNtB5_13StreamBackend3new
FN:403,_RNvMsa_NtNtNtCseH9BiOqUglv_6flavor3psp11format_20258backendsNtB5_13HybridBackend24with_default_header_size
FN:394,_RNvMsa_NtNtNtCseH9BiOqUglv_6flavor3psp11format_20258backendsNtB5_13HybridBackend3new
FN:463,_RNvNtNtNtCseH9BiOqUglv_6flavor3psp11format_20258backends14create_backend
FN:105,_RNvXs1_NtNtNtCseH9BiOqUglv_6flavor3psp11format_20258backendsNtB5_11MMapBackendNtB5_7Backend4open
FN:128,_RNvXs1_NtNtNtCseH9BiOqUglv_6flavor3psp11format_20258backendsNtB5_11MMapBackendNtB5_7Backend5close
FN:135,_RNvXs1_NtNtNtCseH9BiOqUglv_6flavor3psp11format_20258backendsNtB5_11MMapBackendNtB5_7Backend7read_at
FN:157,_RNvXs1_NtNtNtCseH9BiOqUglv_6flavor3psp11format_20258backendsNtB5_11MMapBackendNtB5_7Backend7view_at
FN:199,_RNvXs5_NtNtNtCseH9BiOqUglv_6flavor3psp11format_20258backendsNtB5_11FileBackendNtB5_7Backend4open
FN:218,_RNvXs5_NtNtNtCseH9BiOqUglv_6flavor3psp11format_20258backendsNtB5_11FileBackendNtB5_7Backend5close
FN:225,_RNvXs5_NtNtNtCseH9BiOqUglv_6flavor3psp11format_20258backendsNtB5_11FileBackendNtB5_7Backend7read_at
FN:329,_RNvXs8_NtNtNtCseH9BiOqUglv_6flavor3psp11format_20258backendsNtB5_13StreamBackendNtB5_7Backend4open
FN:338,_RNvXs8_NtNtNtCseH9BiOqUglv_6flavor3psp11format_20258backendsNtB5_13StreamBackendNtB5_7Backend5close
FN:344,_RNvXs8_NtNtNtCseH9BiOqUglv_6flavor3psp11format_20258backendsNtB5_13StreamBackendNtB5_7Backend7read_at
FN:361,_RNvXs8_NtNtNtCseH9BiOqUglv_6flavor3psp11format_20258backendsNtB5_13StreamBackendNtB5_7Backend9read_slot
FN:409,_RNvXsb_NtNtNtCseH9BiOqUglv_6flavor3psp11format_20258backendsNtB5_13HybridBackendNtB5_7Backend4open
FN:426,_RNvXsb_NtNtNtCseH9BiOqUglv_6flavor3psp11format_20258backendsNtB5_13HybridBackendNtB5_7Backend5close
FN:433,_RNvXsb_NtNtNtCseH9BiOqUglv_6flavor3psp11format_20258backendsNtB5_13HybridBackendNtB5_7Backend7read_at
FN:454,_RNvXsb_NtNtNtCseH9BiOqUglv_6flavor3psp11format_20258backendsNtB5_13HybridBackendNtB5_7Backend7view_at
FN:507,_RNvNtNtNtNtCseH9BiOqUglv_6flavor3psp11format_20258backends5tests15write_temp_file
FN:660,_RNvNtNtNtNtCseH9BiOqUglv_6flavor3psp11format_20258backends5testss_39read_slot_rejects_oversized_descriptors
FN:613,_RNvNtNtNtNtCseH9BiOqUglv_6flavor3psp11format_20258backends5testss_45create_backend_auto_selects_expected_backends
FN:515,_RNvNtNtNtNtCseH9BiOqUglv_6flavor3psp11format_20258backends5testss_45file_backend_reads_caches_and_clears_on_close
FN:549,_RNvNtNtNtNtCseH9BiOqUglv_6flavor3psp11format_20258backends5testss_46mmap_backend_reads_file_and_reports_view_error
FN:534,_RNvNtNtNtNtCseH9BiOqUglv_6flavor3psp11format_20258backends5testss_48file_backend_evicts_cache_after_many_small_reads
FN:594,_RNvNtNtNtNtCseH9BiOqUglv_6flavor3psp11format_20258backends5testss_48hybrid_backend_reads_file_and_reports_view_error
FN:568,_RNvNtNtNtNtCseH9BiOqUglv_6flavor3psp11format_20258backends5testss_52stream_backend_chunks_reads_and_truncates_slot_reads
FN:582,_RNCNvNtNtNtNtCseH9BiOqUglv_6flavor3psp11format_20258backends5testss_52stream_backend_chunks_reads_and_truncates_slot_reads0Bb_
FNDA:0,_RNCNvXNtNtNtCseH9BiOqUglv_6flavor3psp11format_20258backendsNtB4_11MMapBackendNtNtCsg8bQwBuw1gr_4core3fmt5Debug3fmts_0Ba_
FNDA:0,_RNCNvXs9_NtNtNtCseH9BiOqUglv_6flavor3psp11format_20258backendsNtB7_13HybridBackendNtNtCsg8bQwBuw1gr_4core3fmt5Debug3fmts_0Bd_
FNDA:0,_RNvMs0_NtNtNtCseH9BiOqUglv_6flavor3psp11format_20258backendsNtB5_11MMapBackend8prefetch
FNDA:0,_RNvXNtNtNtCseH9BiOqUglv_6flavor3psp11format_20258backendsNtB2_11MMapBackendNtNtCsg8bQwBuw1gr_4core3fmt5Debug3fmt
FNDA:0,_RNvXs2_NtNtNtCseH9BiOqUglv_6flavor3psp11format_20258backendsNtB5_11FileBackendNtNtCsg8bQwBuw1gr_4core3fmt5Debug3fmt
FNDA:0,_RNvXs3_NtNtNtCseH9BiOqUglv_6flavor3psp11format_20258backendsNtB5_11FileBackendNtNtCsg8bQwBuw1gr_4core7default7Default7default
FNDA:0,_RNvXs6_NtNtNtCseH9BiOqUglv_6flavor3psp11format_20258backendsNtB5_13StreamBackendNtNtCsg8bQwBuw1gr_4core3fmt5Debug3fmt
FNDA:0,_RNvXs9_NtNtNtCseH9BiOqUglv_6flavor3psp11format_20258backendsNtB5_13HybridBackendNtNtCsg8bQwBuw1gr_4core3fmt5Debug3fmt
FNDA:0,_RNvXs_NtNtNtCseH9BiOqUglv_6flavor3psp11format_20258backendsNtB4_11MMapBackendNtNtCsg8bQwBuw1gr_4core7default7Default7default
FNDA:4,_RNCNvMs7_NtNtNtCseH9BiOqUglv_6flavor3psp11format_20258backendsNtB7_13StreamBackend11stream_slot0Bd_
FNDA:1,_RNvYNtNtNtNtCseH9BiOqUglv_6flavor3psp11format_20258backends11FileBackendNtB4_7Backend7view_atBa_
FNDA:3,_RNvYNtNtNtNtCseH9BiOqUglv_6flavor3psp11format_20258backends11FileBackendNtB4_7Backend9read_slotBa_
FNDA:3,_RNvYNtNtNtNtCseH9BiOqUglv_6flavor3psp11format_20258backends11MMapBackendNtB4_7Backend9read_slotBa_
FNDA:0,_RNvYNtNtNtNtCseH9BiOqUglv_6flavor3psp11format_20258backends13HybridBackendNtB4_7Backend9read_slotBa_
FNDA:0,_RNvYNtNtNtNtCseH9BiOqUglv_6flavor3psp11format_20258backends13StreamBackendNtB4_7Backend7view_atBa_
FNDA:7,_RNvMs0_NtNtNtCseH9BiOqUglv_6flavor3psp11format_20258backendsNtB5_11MMapBackend3new
FNDA:16,_RNvMs4_NtNtNtCseH9BiOqUglv_6flavor3psp11format_20258backendsNtB5_11FileBackend3new
FNDA:1,_RNvMs7_NtNtNtCseH9BiOqUglv_6flavor3psp11format_20258backendsNtB5_13StreamBackend11stream_slot
FNDA:1,_RNvMs7_NtNtNtCseH9BiOqUglv_6flavor3psp11format_20258backendsNtB5_13StreamBackend23with_default_chunk_size
FNDA:2,_RNvMs7_NtNtNtCseH9BiOqUglv_6flavor3psp11format_20258backendsNtB5_13StreamBackend3new
FNDA:0,_RNvMsa_NtNtNtCseH9BiOqUglv_6flavor3psp11format_20258backendsNtB5_13HybridBackend24with_default_header_size
FNDA:1,_RNvMsa_NtNtNtCseH9BiOqUglv_6flavor3psp11format_20258backendsNtB5_13HybridBackend3new
FNDA:20,_RNvNtNtNtCseH9BiOqUglv_6flavor3psp11format_20258backends14create_backend
FNDA:6,_RNvXs1_NtNtNtCseH9BiOqUglv_6flavor3psp11format_20258backendsNtB5_11MMapBackendNtB5_7Backend4open
FNDA:6,_RNvXs1_NtNtNtCseH9BiOqUglv_6flavor3psp11format_20258backendsNtB5_11MMapBackendNtB5_7Backend5close
FNDA:18,_RNvXs1_NtNtNtCseH9BiOqUglv_6flavor3psp11format_20258backendsNtB5_11MMapBackendNtB5_7Backend7read_at
FNDA:2,_RNvXs1_NtNtNtCseH9BiOqUglv_6flavor3psp11format_20258backendsNtB5_11MMapBackendNtB5_7Backend7view_at
FNDA:14,_RNvXs5_NtNtNtCseH9BiOqUglv_6flavor3psp11format_20258backendsNtB5_11FileBackendNtB5_7Backend4open
FNDA:11,_RNvXs5_NtNtNtCseH9BiOqUglv_6flavor3psp11format_20258backendsNtB5_11FileBackendNtB5_7Backend5close
FNDA:121,_RNvXs5_NtNtNtCseH9BiOqUglv_6flavor3psp11format_20258backendsNtB5_11FileBackendNtB5_7Backend7read_at
FNDA:2,_RNvXs8_NtNtNtCseH9BiOqUglv_6flavor3psp11format_20258backendsNtB5_13StreamBackendNtB5_7Backend4open
FNDA:0,_RNvXs8_NtNtNtCseH9BiOqUglv_6flavor3psp11format_20258backendsNtB5_13StreamBackendNtB5_7Backend5close
FNDA:5,_RNvXs8_NtNtNtCseH9BiOqUglv_6flavor3psp11format_20258backendsNtB5_13StreamBackendNtB5_7Backend7read_at
FNDA:2,_RNvXs8_NtNtNtCseH9BiOqUglv_6flavor3psp11format_20258backendsNtB5_13StreamBackendNtB5_7Backend9read_slot
FNDA:1,_RNvXsb_NtNtNtCseH9BiOqUglv_6flavor3psp11format_20258backendsNtB5_13HybridBackendNtB5_7Backend4open
FNDA:1,_RNvXsb_NtNtNtCseH9BiOqUglv_6flavor3psp11format_20258backendsNtB5_13HybridBackendNtB5_7Backend5close
FNDA:1,_RNvXsb_NtNtNtCseH9BiOqUglv_6flavor3psp11format_20258backendsNtB5_13HybridBackendNtB5_7Backend7read_at
FNDA:1,_RNvXsb_NtNtNtCseH9BiOqUglv_6flavor3psp11format_20258backendsNtB5_13HybridBackendNtB5_7Backend7view_at
FNDA:6,_RNvNtNtNtNtCseH9BiOqUglv_6flavor3psp11format_20258backends5tests15write_temp_file
FNDA:1,_RNvNtNtNtNtCseH9BiOqUglv_6flavor3psp11format_20258backends5testss_39read_slot_rejects_oversized_descriptors
FNDA:1,_RNvNtNtNtNtCseH9BiOqUglv_6flavor3psp11format_20258backends5testss_45create_backend_auto_selects_expected_backends
FNDA:1,_RNvNtNtNtNtCseH9BiOqUglv_6flavor3psp11format_20258backends5testss_45file_backend_reads_caches_and_clears_on_close
FNDA:1,_RNvNtNtNtNtCseH9BiOqUglv_6flavor3psp11format_20258backends5testss_46mmap_backend_reads_file_and_reports_view_error
FNDA:1,_RNvNtNtNtNtCseH9BiOqUglv_6flavor3psp11format_20258backends5testss_48file_backend_evicts_cache_after_many_small_reads
FNDA:1,_RNvNtNtNtNtCseH9BiOqUglv_6flavor3psp11format_20258backends5testss_48hybrid_backend_reads_file_and_reports_view_error
FNDA:1,_RNvNtNtNtNtCseH9BiOqUglv_6flavor3psp11format_20258backends5testss_52stream_backend_chunks_reads_and_truncates_slot_reads
FNDA:3,_RNCNvNtNtNtNtCseH9BiOqUglv_6flavor3psp11format_20258backends5testss_52stream_backend_chunks_reads_and_truncates_slot_reads0Bb_
FNF:44
FNH:33
DA:31,6
DA:32,6
DA:33,6
DA:34,1
DA:35,1
DA:36,1
DA:37,1
DA:38,5
DA:39,5
DA:40,5
DA:41,6
DA:44,1
DA:45,1
DA:46,1
DA:47,1
DA:48,1
DA:59,0
DA:60,0
DA:61,0
DA:62,0
DA:63,0
DA:64,0
DA:65,0
DA:66,0
DA:67,0
DA:69,0
DA:70,0
DA:71,0
DA:75,0
DA:76,0
DA:77,0
DA:81,7
DA:82,7
DA:83,7
DA:84,7
DA:85,7
DA:86,7
DA:87,7
DA:91,0
DA:94,0
DA:95,0
DA:105,6
DA:106,6
DA:107,6
DA:109,6
DA:110,6
DA:114,6
DA:116,6
DA:118,6
DA:121,6
DA:122,6
DA:123,6
DA:125,6
DA:126,6
DA:128,6
DA:129,6
DA:130,6
DA:131,6
DA:132,6
DA:133,6
DA:135,18
DA:136,18
DA:137,18
DA:138,0
DA:139,0
DA:140,0
DA:141,0
DA:142,18
DA:143,18
DA:144,18
DA:145,18
DA:146,18
DA:148,18
DA:149,18
DA:150,18
DA:151,18
DA:153,0
DA:155,18
DA:157,2
DA:159,2
DA:160,2
DA:161,2
DA:162,2
DA:173,0
DA:174,0
DA:175,0
DA:176,0
DA:177,0
DA:178,0
DA:179,0
DA:183,0
DA:184,0
DA:185,0
DA:189,16
DA:190,16
DA:191,16
DA:192,16
DA:193,16
DA:194,16
DA:195,16
DA:199,14
DA:200,14
DA:201,14
DA:203,12
DA:204,12
DA:206,12
DA:208,12
DA:211,12
DA:212,12
DA:213,12
DA:215,12
DA:216,14
DA:218,11
DA:219,11
DA:220,11
DA:221,11
DA:222,11
DA:223,11
DA:225,121
DA:226,121
DA:227,121
DA:228,0
DA:229,0
DA:230,0
DA:231,0
DA:232,121
DA:235,121
DA:236,121
DA:237,1
DA:238,1
DA:239,120
DA:241,120
DA:242,120
DA:243,120
DA:244,120
DA:246,120
DA:247,120
DA:248,120
DA:251,120
DA:252,110
DA:255,110
DA:257,1
DA:258,20
DA:259,20
DA:260,20
DA:261,109
DA:262,10
DA:264,120
DA:266,0
DA:268,121
DA:279,0
DA:280,0
DA:281,0
DA:282,0
DA:283,0
DA:284,0
DA:285,0
DA:289,2
DA:290,2
DA:291,2
DA:292,2
DA:293,2
DA:294,2
DA:295,2
DA:297,1
DA:298,1
DA:299,1
DA:302,1
DA:303,1
DA:304,1
DA:305,1
DA:306,1
DA:307,1
DA:308,1
DA:310,4
DA:311,4
DA:312,1
DA:313,3
DA:315,3
DA:316,3
DA:318,3
DA:319,3
DA:320,3
DA:321,3
DA:323,3
DA:324,4
DA:325,1
DA:329,2
DA:330,2
DA:332,2
DA:333,2
DA:335,2
DA:336,2
DA:338,0
DA:339,0
DA:340,0
DA:341,0
DA:342,0
DA:344,5
DA:345,5
DA:347,5
DA:349,5
DA:350,5
DA:352,5
DA:353,5
DA:355,5
DA:357,0
DA:359,5
DA:361,2
DA:363,2
DA:364,2
DA:365,2
DA:377,0
DA:378,0
DA:379,0
DA:380,0
DA:381,0
DA:382,0
DA:383,0
DA:384,0
DA:385,0
DA:387,0
DA:388,0
DA:389,0
DA:390,0
DA:394,1
DA:395,1
DA:396,1
DA:397,1
DA:398,1
DA:399,1
DA:400,1
DA:401,1
DA:403,0
DA:404,0
DA:405,0
DA:409,1
DA:410,1
DA:413,1
DA:414,1
DA:419,1
DA:420,1
DA:421,1
DA:423,1
DA:424,1
DA:426,1
DA:427,1
DA:428,1
DA:429,1
DA:430,1
DA:431,1
DA:433,1
DA:434,1
DA:435,0
DA:436,0
DA:437,0
DA:438,0
DA:439,1
DA:441,1
DA:442,1
DA:443,1
DA:445,1
DA:446,1
DA:448,1
DA:450,0
DA:452,1
DA:454,1
DA:456,1
DA:457,1
DA:458,1
DA:459,1
DA:463,20
DA:464,20
DA:466,20
DA:468,20
DA:469,20
DA:470,18
DA:473,18
DA:474,1
DA:475,1
DA:476,17
DA:477,6
DA:478,11
DA:479,11
DA:480,11
DA:481,2
DA:482,2
DA:483,2
DA:484,0
DA:485,0
DA:486,0
DA:487,0
DA:490,20
DA:491,6
DA:492,1
DA:493,13
DA:494,0
DA:496,20
DA:507,6
DA:508,6
DA:509,6
DA:510,6
DA:511,6
DA:512,6
DA:515,1
DA:516,1
DA:517,1
DA:519,1
DA:520,1
DA:521,1
DA:523,1
DA:524,1
DA:525,1
DA:527,1
DA:528,1
DA:529,1
DA:530,1
DA:531,1
DA:534,1
DA:535,1
DA:536,1
DA:537,1
DA:538,1
DA:540,1
DA:541,101
DA:542,101
DA:543,101
DA:545,1
DA:546,1
DA:549,1
DA:550,1
DA:551,1
DA:553,1
DA:554,1
DA:556,1
DA:557,1
DA:558,1
DA:561,1
DA:562,1
DA:563,1
DA:564,1
DA:565,1
DA:568,1
DA:569,1
DA:570,1
DA:572,1
DA:574,1
DA:575,1
DA:576,1
DA:577,1
DA:578,1
DA:580,1
DA:581,1
DA:582,3
DA:583,1
DA:584,1
DA:586,1
DA:589,1
DA:590,1
DA:591,1
DA:594,1
DA:595,1
DA:596,1
DA:598,1
DA:599,1
DA:601,1
DA:602,1
DA:603,1
DA:606,1
DA:607,1
DA:608,1
DA:609,1
DA:610,1
DA:613,1
DA:614,1
DA:616,1
DA:617,1
DA:618,1
DA:619,1
DA:620,1
DA:621,1
DA:624,1
DA:625,1
DA:626,1
DA:627,1
DA:628,1
DA:629,1
DA:631,1
DA:632,1
DA:633,1
DA:634,1
DA:635,1
DA:636,1
DA:639,1
DA:640,1
DA:641,1
DA:642,1
DA:643,1
DA:644,1
DA:646,1
DA:647,1
DA:648,1
DA:649,1
DA:650,1
DA:651,1
DA:652,1
DA:653,1
DA:654,1
DA:655,1
DA:656,1
DA:657,1
DA:660,1
DA:661,1
DA:662,1
DA:663,1
DA:664,1
DA:665,1
DA:667,1
DA:668,1
DA:669,1
DA:670,1
DA:671,1
DA:673,1
BRF:0
BRH:0
LF:427
LH:348
end_of_record
SF:/REDACTED_ABS_PATH
FN:196,_RNCNvNtNtNtNtCseH9BiOqUglv_6flavor3psp11format_20257builder12finalization16finalize_package0Bb_
FN:198,_RNCNvNtNtNtNtCseH9BiOqUglv_6flavor3psp11format_20257builder12finalization16finalize_packages0_0Bb_
FN:197,_RNCNvNtNtNtNtCseH9BiOqUglv_6flavor3psp11format_20257builder12finalization16finalize_packages_0Bb_
FN:208,_RNvNtNtNtNtCseH9BiOqUglv_6flavor3psp11format_20257builder12finalization11write_index
FN:157,_RNvNtNtNtNtCseH9BiOqUglv_6flavor3psp11format_20257builder12finalization16finalize_package
FN:91,_RNvNtNtNtNtCseH9BiOqUglv_6flavor3psp11format_20257builder12finalization16stream_slot_data
FN:18,_RNvNtNtNtNtCseH9BiOqUglv_6flavor3psp11format_20257builder12finalization20write_metadata_bytes
FN:131,_RNvNtNtNtNtCseH9BiOqUglv_6flavor3psp11format_20257builder12finalization22write_descriptor_table
FN:50,_RNvNtNtNtNtCseH9BiOqUglv_6flavor3psp11format_20257builder12finalization24reserve_descriptor_space
FN:240,_RNvNtNtNtNtNtCseH9BiOqUglv_6flavor3psp11format_20257builder12finalization5tests15sample_manifest
FN:270,_RNvNtNtNtNtNtCseH9BiOqUglv_6flavor3psp11format_20257builder12finalization5testss_48finalization_writes_trailer_and_descriptor_table
FNDA:4,_RNCNvNtNtNtNtCseH9BiOqUglv_6flavor3psp11format_20257builder12finalization16finalize_package0Bb_
FNDA:0,_RNCNvNtNtNtNtCseH9BiOqUglv_6flavor3psp11format_20257builder12finalization16finalize_packages0_0Bb_
FNDA:0,_RNCNvNtNtNtNtCseH9BiOqUglv_6flavor3psp11format_20257builder12finalization16finalize_packages_0Bb_
FNDA:4,_RNvNtNtNtNtCseH9BiOqUglv_6flavor3psp11format_20257builder12finalization11write_index
FNDA:4,_RNvNtNtNtNtCseH9BiOqUglv_6flavor3psp11format_20257builder12finalization16finalize_package
FNDA:4,_RNvNtNtNtNtCseH9BiOqUglv_6flavor3psp11format_20257builder12finalization16stream_slot_data
FNDA:4,_RNvNtNtNtNtCseH9BiOqUglv_6flavor3psp11format_20257builder12finalization20write_metadata_bytes
FNDA:4,_RNvNtNtNtNtCseH9BiOqUglv_6flavor3psp11format_20257builder12finalization22write_descriptor_table
FNDA:4,_RNvNtNtNtNtCseH9BiOqUglv_6flavor3psp11format_20257builder12finalization24reserve_descriptor_space
FNDA:1,_RNvNtNtNtNtNtCseH9BiOqUglv_6flavor3psp11format_20257builder12finalization5tests15sample_manifest
FNDA:1,_RNvNtNtNtNtNtCseH9BiOqUglv_6flavor3psp11format_20257builder12finalization5testss_48finalization_writes_trailer_and_descriptor_table
FNF:11
FNH:9
DA:18,4
DA:19,4
DA:20,4
DA:21,4
DA:22,4
DA:23,4
DA:24,4
DA:26,4
DA:27,4
DA:29,4
DA:30,4
DA:32,4
DA:35,4
DA:40,4
DA:42,4
DA:46,4
DA:47,4
DA:50,4
DA:51,4
DA:52,4
DA:53,4
DA:54,4
DA:55,4
DA:56,4
DA:58,4
DA:59,4
DA:64,4
DA:65,4
DA:66,4
DA:68,4
DA:71,4
DA:75,4
DA:76,4
DA:77,4
DA:78,4
DA:80,4
DA:83,4
DA:87,4
DA:88,4
DA:91,4
DA:92,4
DA:93,4
DA:94,4
DA:95,4
DA:96,4
DA:98,4
DA:100,4
DA:101,1
DA:102,1
DA:103,1
DA:104,3
DA:107,3
DA:108,3
DA:109,3
DA:110,0
DA:111,3
DA:114,3
DA:115,3
DA:118,3
DA:119,3
DA:121,3
DA:127,4
DA:128,4
DA:131,4
DA:132,4
DA:133,4
DA:134,4
DA:135,4
DA:136,4
DA:137,4
DA:139,4
DA:140,4
DA:141,4
DA:142,4
DA:145,4
DA:147,4
DA:152,4
DA:153,4
DA:154,4
DA:157,4
DA:158,4
DA:159,4
DA:160,4
DA:161,4
DA:162,4
DA:163,4
DA:164,4
DA:165,4
DA:168,4
DA:171,4
DA:172,4
DA:173,4
DA:181,4
DA:182,4
DA:183,4
DA:187,4
DA:188,4
DA:193,4
DA:194,4
DA:195,4
DA:196,4
DA:197,4
DA:198,4
DA:199,4
DA:200,4
DA:201,4
DA:202,4
DA:204,4
DA:205,4
DA:208,4
DA:210,4
DA:211,4
DA:212,4
DA:215,4
DA:218,4
DA:220,4
DA:221,4
DA:222,4
DA:240,1
DA:241,1
DA:242,1
DA:243,1
DA:244,1
DA:245,1
DA:246,1
DA:247,1
DA:248,1
DA:249,1
DA:250,1
DA:251,1
DA:252,1
DA:253,1
DA:254,1
DA:255,1
DA:256,1
DA:257,1
DA:258,1
DA:259,1
DA:260,1
DA:261,1
DA:262,1
DA:263,1
DA:264,1
DA:265,1
DA:266,1
DA:267,1
DA:270,1
DA:271,1
DA:272,1
DA:273,1
DA:274,1
DA:276,1
DA:277,1
DA:278,1
DA:279,1
DA:280,1
DA:281,1
DA:282,1
DA:283,1
DA:284,1
DA:285,1
DA:286,1
DA:287,1
DA:289,1
DA:290,1
DA:291,1
DA:292,1
DA:293,1
DA:295,1
DA:296,1
DA:297,1
DA:298,1
DA:299,1
DA:300,1
DA:301,1
DA:302,1
DA:304,1
DA:305,1
DA:306,1
DA:307,1
DA:309,1
DA:310,1
DA:311,1
DA:313,1
DA:314,1
DA:315,1
DA:316,1
DA:317,1
DA:318,1
DA:319,1
DA:321,1
DA:323,1
DA:324,1
DA:325,1
DA:326,1
DA:327,1
DA:331,1
DA:332,1
DA:333,1
DA:334,1
DA:335,1
DA:336,1
DA:337,1
DA:338,1
DA:339,1
DA:341,1
DA:342,1
DA:343,1
DA:344,1
DA:345,1
BRF:0
BRH:0
LF:213
LH:210
end_of_record
SF:/REDACTED_ABS_PATH
FN:18,_RNvNtNtNtNtCseH9BiOqUglv_6flavor3psp11format_20257builder8metadata14get_build_info
FN:52,_RNvNtNtNtNtCseH9BiOqUglv_6flavor3psp11format_20257builder8metadata15create_metadata
FN:22,_RNvNtNtNtNtCseH9BiOqUglv_6flavor3psp11format_20257builder8metadata19get_build_info_with
FN:146,_RNvNtNtNtNtCseH9BiOqUglv_6flavor3psp11format_20257builder8metadata26compress_and_sign_metadata
FN:311,_RNCNvNtNtNtNtNtCseH9BiOqUglv_6flavor3psp11format_20257builder8metadata5testss_41create_metadata_populates_expected_fields0Bd_
FN:312,_RNCNvNtNtNtNtNtCseH9BiOqUglv_6flavor3psp11format_20257builder8metadata5testss_41create_metadata_populates_expected_fieldss_0Bd_
FN:354,_RNCNvNtNtNtNtNtCseH9BiOqUglv_6flavor3psp11format_20257builder8metadata5testss_56compress_and_sign_metadata_updates_index_and_round_trips0Bd_
FN:360,_RNCNvNtNtNtNtNtCseH9BiOqUglv_6flavor3psp11format_20257builder8metadata5testss_56compress_and_sign_metadata_updates_index_and_round_tripss_0Bd_
FN:112,_RNCNCNCNvNtNtNtNtCseH9BiOqUglv_6flavor3psp11format_20257builder8metadata15create_metadatas2_000Bf_
FN:113,_RNCNCNCNvNtNtNtNtCseH9BiOqUglv_6flavor3psp11format_20257builder8metadata15create_metadatas2_00s_0Bf_
FN:109,_RNCNCNvNtNtNtNtCseH9BiOqUglv_6flavor3psp11format_20257builder8metadata15create_metadatas2_00Bd_
FN:62,_RNCNvNtNtNtNtCseH9BiOqUglv_6flavor3psp11format_20257builder8metadata15create_metadata0Bb_
FN:104,_RNCNvNtNtNtNtCseH9BiOqUglv_6flavor3psp11format_20257builder8metadata15create_metadatas0_0Bb_
FN:105,_RNCNvNtNtNtNtCseH9BiOqUglv_6flavor3psp11format_20257builder8metadata15create_metadatas1_0Bb_
FN:106,_RNCNvNtNtNtNtCseH9BiOqUglv_6flavor3psp11format_20257builder8metadata15create_metadatas2_0Bb_
FN:116,_RNCNvNtNtNtNtCseH9BiOqUglv_6flavor3psp11format_20257builder8metadata15create_metadatas3_0Bb_
FN:129,_RNCNvNtNtNtNtCseH9BiOqUglv_6flavor3psp11format_20257builder8metadata15create_metadatas4_0Bb_
FN:133,_RNCNvNtNtNtNtCseH9BiOqUglv_6flavor3psp11format_20257builder8metadata15create_metadatas5_0Bb_
FN:137,_RNCNvNtNtNtNtCseH9BiOqUglv_6flavor3psp11format_20257builder8metadata15create_metadatas6_0Bb_
FN:103,_RNCNvNtNtNtNtCseH9BiOqUglv_6flavor3psp11format_20257builder8metadata15create_metadatas_0Bb_
FN:27,_RNCNvNtNtNtNtCseH9BiOqUglv_6flavor3psp11format_20257builder8metadata19get_build_info_with0Bb_
FN:38,_RNCNvNtNtNtNtCseH9BiOqUglv_6flavor3psp11format_20257builder8metadata19get_build_info_withs0_0Bb_
FN:28,_RNCNvNtNtNtNtCseH9BiOqUglv_6flavor3psp11format_20257builder8metadata19get_build_info_withs_0Bb_
FN:196,_RNvNtNtNtNtNtCseH9BiOqUglv_6flavor3psp11format_20257builder8metadata5tests15sample_manifest
FN:262,_RNvNtNtNtNtNtCseH9BiOqUglv_6flavor3psp11format_20257builder8metadata5testss_41create_metadata_populates_expected_fields
FN:242,_RNvNtNtNtNtNtCseH9BiOqUglv_6flavor3psp11format_20257builder8metadata5testss_50get_build_info_uses_source_date_epoch_when_present
FN:332,_RNvNtNtNtNtNtCseH9BiOqUglv_6flavor3psp11format_20257builder8metadata5testss_56compress_and_sign_metadata_updates_index_and_round_trips
FN:254,_RNvNtNtNtNtNtCseH9BiOqUglv_6flavor3psp11format_20257builder8metadata5testss_58get_build_info_includes_hostname_without_source_date_epoch
FNDA:5,_RNvNtNtNtNtCseH9BiOqUglv_6flavor3psp11format_20257builder8metadata14get_build_info
FNDA:5,_RNvNtNtNtNtCseH9BiOqUglv_6flavor3psp11format_20257builder8metadata15create_metadata
FNDA:7,_RNvNtNtNtNtCseH9BiOqUglv_6flavor3psp11format_20257builder8metadata19get_build_info_with
FNDA:4,_RNvNtNtNtNtCseH9BiOqUglv_6flavor3psp11format_20257builder8metadata26compress_and_sign_metadata
FNDA:1,_RNCNvNtNtNtNtNtCseH9BiOqUglv_6flavor3psp11format_20257builder8metadata5testss_41create_metadata_populates_expected_fields0Bd_
FNDA:1,_RNCNvNtNtNtNtNtCseH9BiOqUglv_6flavor3psp11format_20257builder8metadata5testss_41create_metadata_populates_expected_fieldss_0Bd_
FNDA:1,_RNCNvNtNtNtNtNtCseH9BiOqUglv_6flavor3psp11format_20257builder8metadata5testss_56compress_and_sign_metadata_updates_index_and_round_trips0Bd_
FNDA:1,_RNCNvNtNtNtNtNtCseH9BiOqUglv_6flavor3psp11format_20257builder8metadata5testss_56compress_and_sign_metadata_updates_index_and_round_tripss_0Bd_
FNDA:0,_RNCNCNCNvNtNtNtNtCseH9BiOqUglv_6flavor3psp11format_20257builder8metadata15create_metadatas2_000Bf_
FNDA:0,_RNCNCNCNvNtNtNtNtCseH9BiOqUglv_6flavor3psp11format_20257builder8metadata15create_metadatas2_00s_0Bf_
FNDA:0,_RNCNCNvNtNtNtNtCseH9BiOqUglv_6flavor3psp11format_20257builder8metadata15create_metadatas2_00Bd_
FNDA:0,_RNCNvNtNtNtNtCseH9BiOqUglv_6flavor3psp11format_20257builder8metadata15create_metadata0Bb_
FNDA:5,_RNCNvNtNtNtNtCseH9BiOqUglv_6flavor3psp11format_20257builder8metadata15create_metadatas0_0Bb_
FNDA:5,_RNCNvNtNtNtNtCseH9BiOqUglv_6flavor3psp11format_20257builder8metadata15create_metadatas1_0Bb_
FNDA:0,_RNCNvNtNtNtNtCseH9BiOqUglv_6flavor3psp11format_20257builder8metadata15create_metadatas2_0Bb_
FNDA:0,_RNCNvNtNtNtNtCseH9BiOqUglv_6flavor3psp11format_20257builder8metadata15create_metadatas3_0Bb_
FNDA:2,_RNCNvNtNtNtNtCseH9BiOqUglv_6flavor3psp11format_20257builder8metadata15create_metadatas4_0Bb_
FNDA:2,_RNCNvNtNtNtNtCseH9BiOqUglv_6flavor3psp11format_20257builder8metadata15create_metadatas5_0Bb_
FNDA:2,_RNCNvNtNtNtNtCseH9BiOqUglv_6flavor3psp11format_20257builder8metadata15create_metadatas6_0Bb_
FNDA:5,_RNCNvNtNtNtNtCseH9BiOqUglv_6flavor3psp11format_20257builder8metadata15create_metadatas_0Bb_
FNDA:1,_RNCNvNtNtNtNtCseH9BiOqUglv_6flavor3psp11format_20257builder8metadata19get_build_info_with0Bb_
FNDA:5,_RNCNvNtNtNtNtCseH9BiOqUglv_6flavor3psp11format_20257builder8metadata19get_build_info_withs0_0Bb_
FNDA:0,_RNCNvNtNtNtNtCseH9BiOqUglv_6flavor3psp11format_20257builder8metadata19get_build_info_withs_0Bb_
FNDA:2,_RNvNtNtNtNtNtCseH9BiOqUglv_6flavor3psp11format_20257builder8metadata5tests15sample_manifest
FNDA:1,_RNvNtNtNtNtNtCseH9BiOqUglv_6flavor3psp11format_20257builder8metadata5testss_41create_metadata_populates_expected_fields
FNDA:1,_RNvNtNtNtNtNtCseH9BiOqUglv_6flavor3psp11format_20257builder8metadata5testss_50get_build_info_uses_source_date_epoch_when_present
FNDA:1,_RNvNtNtNtNtNtCseH9BiOqUglv_6flavor3psp11format_20257builder8metadata5testss_56compress_and_sign_metadata_updates_index_and_round_trips
FNDA:1,_RNvNtNtNtNtNtCseH9BiOqUglv_6flavor3psp11format_20257builder8metadata5testss_58get_build_info_includes_hostname_without_source_date_epoch
FNF:28
FNH:21
DA:18,5
DA:19,5
DA:20,5
DA:22,7
DA:23,7
DA:25,1
DA:26,1
DA:27,1
DA:28,1
DA:30,0
DA:32,1
DA:33,1
DA:34,1
DA:35,1
DA:37,6
DA:38,6
DA:39,6
DA:40,6
DA:41,6
DA:42,6
DA:43,6
DA:44,6
DA:45,6
DA:46,6
DA:47,6
DA:49,7
DA:52,5
DA:53,5
DA:54,5
DA:55,5
DA:56,5
DA:57,5
DA:58,5
DA:61,5
DA:62,5
DA:63,0
DA:64,0
DA:67,5
DA:68,5
DA:69,5
DA:70,5
DA:71,5
DA:72,5
DA:73,5
DA:74,5
DA:75,5
DA:76,5
DA:77,5
DA:78,5
DA:79,5
DA:80,5
DA:81,5
DA:82,5
DA:83,5
DA:84,5
DA:85,5
DA:86,5
DA:87,5
DA:88,5
DA:89,5
DA:90,5
DA:91,5
DA:92,5
DA:93,5
DA:94,5
DA:95,5
DA:96,5
DA:97,5
DA:98,5
DA:100,5
DA:101,5
DA:102,5
DA:103,5
DA:104,5
DA:105,5
DA:106,5
DA:107,0
DA:108,0
DA:109,0
DA:110,0
DA:111,0
DA:112,0
DA:113,0
DA:114,0
DA:115,0
DA:116,5
DA:117,5
DA:118,5
DA:119,5
DA:120,5
DA:122,5
DA:123,5
DA:124,5
DA:125,5
DA:126,5
DA:127,5
DA:128,5
DA:129,5
DA:130,5
DA:131,5
DA:132,5
DA:133,5
DA:134,5
DA:135,5
DA:136,5
DA:137,5
DA:138,5
DA:141,5
DA:143,5
DA:146,4
DA:147,4
DA:148,4
DA:149,4
DA:150,4
DA:151,4
DA:154,4
DA:157,4
DA:158,4
DA:161,4
DA:166,4
DA:167,4
DA:168,4
DA:173,4
DA:174,4
DA:175,4
DA:176,4
DA:178,4
DA:179,4
DA:196,2
DA:197,2
DA:198,2
DA:199,2
DA:200,2
DA:201,2
DA:202,2
DA:203,2
DA:204,2
DA:205,2
DA:206,2
DA:207,2
DA:208,2
DA:209,2
DA:210,2
DA:211,2
DA:212,2
DA:213,2
DA:214,2
DA:215,2
DA:216,2
DA:217,2
DA:218,2
DA:219,2
DA:220,2
DA:221,2
DA:222,2
DA:223,2
DA:224,2
DA:225,2
DA:226,2
DA:227,2
DA:228,2
DA:229,2
DA:230,2
DA:231,2
DA:232,2
DA:233,2
DA:234,2
DA:235,2
DA:236,2
DA:237,2
DA:238,2
DA:239,2
DA:242,1
DA:243,1
DA:244,1
DA:246,1
DA:247,1
DA:249,1
DA:251,1
DA:254,1
DA:255,1
DA:257,1
DA:258,1
DA:259,1
DA:262,1
DA:263,1
DA:264,1
DA:265,1
DA:266,1
DA:267,1
DA:268,1
DA:269,1
DA:270,1
DA:271,1
DA:273,1
DA:274,1
DA:276,1
DA:277,1
DA:278,1
DA:279,1
DA:280,1
DA:281,1
DA:282,1
DA:285,1
DA:286,1
DA:287,1
DA:288,1
DA:289,1
DA:291,1
DA:292,1
DA:293,1
DA:294,1
DA:295,1
DA:298,1
DA:299,1
DA:300,1
DA:301,1
DA:303,1
DA:304,1
DA:305,1
DA:306,1
DA:307,1
DA:308,1
DA:309,1
DA:310,1
DA:311,1
DA:312,1
DA:313,1
DA:316,1
DA:317,1
DA:318,1
DA:319,1
DA:320,1
DA:321,1
DA:322,1
DA:323,1
DA:327,1
DA:328,1
DA:329,1
DA:332,1
DA:333,1
DA:334,1
DA:335,1
DA:336,1
DA:337,1
DA:338,1
DA:339,1
DA:340,1
DA:341,1
DA:342,1
DA:343,1
DA:344,1
DA:345,1
DA:346,1
DA:348,1
DA:349,1
DA:351,1
DA:353,1
DA:354,1
DA:355,1
DA:356,1
DA:357,1
DA:358,1
DA:359,1
DA:360,1
DA:363,1
DA:364,1
DA:365,1
DA:366,1
DA:367,1
DA:368,1
DA:370,1
DA:371,1
DA:372,1
DA:373,1
DA:374,1
BRF:0
BRH:0
LF:296
LH:276
end_of_record
SF:/REDACTED_ABS_PATH
FN:178,_RNCNvNtNtNtCseH9BiOqUglv_6flavor3psp11format_20257builder12get_launcher0B9_
FN:102,_RNCNvNtNtNtCseH9BiOqUglv_6flavor3psp11format_20257builder13read_manifest0B9_
FN:304,_RNvNtNtNtNtCseH9BiOqUglv_6flavor3psp11format_20257builder5tests14write_manifest
FN:286,_RNvNtNtNtNtCseH9BiOqUglv_6flavor3psp11format_20257builder5tests21write_launcher_script
FN:333,_RNvNtNtNtNtCseH9BiOqUglv_6flavor3psp11format_20257builder5testss_37build_smoke_test_creates_pspf_package
FN:380,_RNvNtNtNtNtCseH9BiOqUglv_6flavor3psp11format_20257builder5testss_60convert_to_resource_embedding_truncates_before_windows_error
FN:141,_RNvNtNtNtCseH9BiOqUglv_6flavor3psp11format_20257builder12get_launcher
FN:98,_RNvNtNtNtCseH9BiOqUglv_6flavor3psp11format_20257builder13read_manifest
FN:108,_RNvNtNtNtCseH9BiOqUglv_6flavor3psp11format_20257builder14write_launcher
FN:130,_RNvNtNtNtCseH9BiOqUglv_6flavor3psp11format_20257builder16initialize_index
FN:211,_RNvNtNtNtCseH9BiOqUglv_6flavor3psp11format_20257builder29convert_to_resource_embedding
FN:197,_RNvNtNtNtCseH9BiOqUglv_6flavor3psp11format_20257builder29should_use_resource_embedding
FN:28,_RNvNtNtNtCseH9BiOqUglv_6flavor3psp11format_20257builder5build
FNDA:0,_RNCNvNtNtNtCseH9BiOqUglv_6flavor3psp11format_20257builder12get_launcher0B9_
FNDA:0,_RNCNvNtNtNtCseH9BiOqUglv_6flavor3psp11format_20257builder13read_manifest0B9_
FNDA:1,_RNvNtNtNtNtCseH9BiOqUglv_6flavor3psp11format_20257builder5tests14write_manifest
FNDA:1,_RNvNtNtNtNtCseH9BiOqUglv_6flavor3psp11format_20257builder5tests21write_launcher_script
FNDA:1,_RNvNtNtNtNtCseH9BiOqUglv_6flavor3psp11format_20257builder5testss_37build_smoke_test_creates_pspf_package
FNDA:1,_RNvNtNtNtNtCseH9BiOqUglv_6flavor3psp11format_20257builder5testss_60convert_to_resource_embedding_truncates_before_windows_error
FNDA:3,_RNvNtNtNtCseH9BiOqUglv_6flavor3psp11format_20257builder12get_launcher
FNDA:3,_RNvNtNtNtCseH9BiOqUglv_6flavor3psp11format_20257builder13read_manifest
FNDA:3,_RNvNtNtNtCseH9BiOqUglv_6flavor3psp11format_20257builder14write_launcher
FNDA:3,_RNvNtNtNtCseH9BiOqUglv_6flavor3psp11format_20257builder16initialize_index
FNDA:1,_RNvNtNtNtCseH9BiOqUglv_6flavor3psp11format_20257builder29convert_to_resource_embedding
FNDA:3,_RNvNtNtNtCseH9BiOqUglv_6flavor3psp11format_20257builder29should_use_resource_embedding
FNDA:3,_RNvNtNtNtCseH9BiOqUglv_6flavor3psp11format_20257builder5build
FNF:13
FNH:11
DA:28,3
DA:29,3
DA:30,3
DA:31,3
DA:32,3
DA:33,3
DA:36,3
DA:37,3
DA:38,3
DA:41,3
DA:42,3
DA:43,3
DA:46,3
DA:47,3
DA:48,3
DA:54,3
DA:57,3
DA:58,3
DA:59,3
DA:62,3
DA:63,3
DA:66,3
DA:67,3
DA:70,3
DA:71,3
DA:74,3
DA:77,3
DA:78,3
DA:79,3
DA:80,3
DA:81,3
DA:82,3
DA:83,3
DA:84,0
DA:87,3
DA:88,3
DA:89,0
DA:90,0
DA:91,0
DA:92,3
DA:94,3
DA:95,3
DA:98,3
DA:99,3
DA:100,3
DA:101,3
DA:102,3
DA:103,3
DA:104,3
DA:105,3
DA:108,3
DA:109,3
DA:110,3
DA:113,3
DA:115,3
DA:116,3
DA:119,3
DA:122,3
DA:123,3
DA:124,3
DA:126,3
DA:127,3
DA:130,3
DA:131,3
DA:132,3
DA:133,3
DA:134,3
DA:135,3
DA:137,3
DA:138,3
DA:141,3
DA:147,3
DA:148,3
DA:149,0
DA:150,0
DA:152,0
DA:153,0
DA:154,0
DA:157,3
DA:160,3
DA:161,3
DA:162,3
DA:164,3
DA:165,3
DA:166,3
DA:167,3
DA:168,3
DA:169,1
DA:170,2
DA:172,0
DA:173,0
DA:178,3
DA:179,0
DA:180,0
DA:181,0
DA:182,0
DA:183,0
DA:184,0
DA:185,3
DA:197,3
DA:199,3
DA:200,3
DA:211,1
DA:214,1
DA:215,1
DA:216,1
DA:219,1
DA:220,1
DA:222,1
DA:223,1
DA:227,1
DA:229,1
DA:230,0
DA:231,0
DA:232,0
DA:233,1
DA:234,1
DA:236,1
DA:243,1
DA:244,1
DA:248,1
DA:249,1
DA:253,1
DA:254,1
DA:255,0
DA:256,0
DA:257,0
DA:258,0
DA:259,1
DA:260,1
DA:262,1
DA:264,1
DA:268,1
DA:270,0
DA:271,0
DA:273,0
DA:274,1
DA:286,1
DA:288,1
DA:289,1
DA:290,1
DA:291,1
DA:292,1
DA:293,1
DA:294,1
DA:302,1
DA:304,1
DA:305,1
DA:306,1
DA:307,1
DA:308,1
DA:310,1
DA:311,1
DA:312,1
DA:314,1
DA:316,1
DA:317,1
DA:318,1
DA:319,1
DA:320,1
DA:321,1
DA:325,1
DA:326,1
DA:327,1
DA:329,1
DA:330,1
DA:333,1
DA:334,1
DA:335,1
DA:336,1
DA:337,1
DA:338,0
DA:340,1
DA:343,1
DA:344,1
DA:346,1
DA:347,1
DA:348,1
DA:349,1
DA:350,1
DA:351,1
DA:352,1
DA:353,1
DA:355,1
DA:356,1
DA:358,1
DA:359,1
DA:361,1
DA:362,1
DA:363,1
DA:364,1
DA:365,1
DA:369,1
DA:370,1
DA:371,1
DA:372,1
DA:373,1
DA:374,1
DA:375,1
DA:376,1
DA:377,1
DA:380,1
DA:381,1
DA:382,1
DA:383,1
DA:384,1
DA:386,1
DA:387,1
DA:388,1
DA:389,1
DA:390,1
DA:391,1
DA:392,1
DA:393,1
DA:396,1
DA:397,1
DA:398,1
BRF:0
BRH:0
LF:219
LH:189
end_of_record
SF:/REDACTED_ABS_PATH
FN:352,_RNvNtNtNtNtNtCseH9BiOqUglv_6flavor3psp11format_20257builder14slot_processor5tests13manifest_slot
FN:367,_RNvNtNtNtNtNtCseH9BiOqUglv_6flavor3psp11format_20257builder14slot_processor5testss_41test_process_slots_self_ref_sets_defaults
FN:438,_RNvNtNtNtNtNtCseH9BiOqUglv_6flavor3psp11format_20257builder14slot_processor5testss_47test_process_slots_rejects_slot_number_mismatch
FN:400,_RNvNtNtNtNtNtCseH9BiOqUglv_6flavor3psp11format_20257builder14slot_processor5testss_49test_process_slots_regular_file_builds_descriptor
FN:450,_RNvNtNtNtNtNtCseH9BiOqUglv_6flavor3psp11format_20257builder14slot_processor5testss_66test_resolve_slot_path_uses_current_dir_when_workenv_base_is_unset
FN:475,_RNvNtNtNtNtNtCseH9BiOqUglv_6flavor3psp11format_20257builder14slot_processor5testss_70test_create_slot_descriptor_uses_default_permissions_for_invalid_octal
FN:89,_RNCNvMNtNtNtNtCseH9BiOqUglv_6flavor3psp11format_20257builder14slot_processorNtB4_13SlotProcessor13process_slots0Bc_
FN:146,_RNCNvMNtNtNtNtCseH9BiOqUglv_6flavor3psp11format_20257builder14slot_processorNtB4_13SlotProcessor13process_slotss0_0Bc_
FN:150,_RNCNvMNtNtNtNtCseH9BiOqUglv_6flavor3psp11format_20257builder14slot_processorNtB4_13SlotProcessor13process_slotss1_0Bc_
FN:93,_RNCNvMNtNtNtNtCseH9BiOqUglv_6flavor3psp11format_20257builder14slot_processorNtB4_13SlotProcessor13process_slotss_0Bc_
FN:178,_RNCNvMNtNtNtNtCseH9BiOqUglv_6flavor3psp11format_20257builder14slot_processorNtB4_13SlotProcessor17resolve_slot_path0Bc_
FN:277,_RNCNvMNtNtNtNtCseH9BiOqUglv_6flavor3psp11format_20257builder14slot_processorNtB4_13SlotProcessor22create_slot_descriptor0Bc_
FN:279,_RNCNvMNtNtNtNtCseH9BiOqUglv_6flavor3psp11format_20257builder14slot_processorNtB4_13SlotProcessor22create_slot_descriptors0_0Bc_
FN:278,_RNCNvMNtNtNtNtCseH9BiOqUglv_6flavor3psp11format_20257builder14slot_processorNtB4_13SlotProcessor22create_slot_descriptors_0Bc_
FN:206,_RNCNvMNtNtNtNtCseH9BiOqUglv_6flavor3psp11format_20257builder14slot_processorNtB4_13SlotProcessor24calculate_slot_checksums0Bc_
FN:232,_RNCNvMNtNtNtNtCseH9BiOqUglv_6flavor3psp11format_20257builder14slot_processorNtB4_13SlotProcessor24calculate_slot_checksumss0_0Bc_
FN:233,_RNCNvMNtNtNtNtCseH9BiOqUglv_6flavor3psp11format_20257builder14slot_processorNtB4_13SlotProcessor24calculate_slot_checksumss1_0Bc_
FN:244,_RNCNvMNtNtNtNtCseH9BiOqUglv_6flavor3psp11format_20257builder14slot_processorNtB4_13SlotProcessor24calculate_slot_checksumss2_0Bc_
FN:222,_RNCNvMNtNtNtNtCseH9BiOqUglv_6flavor3psp11format_20257builder14slot_processorNtB4_13SlotProcessor24calculate_slot_checksumss_0Bc_
FN:46,_RNvMNtNtNtNtCseH9BiOqUglv_6flavor3psp11format_20257builder14slot_processorNtB2_13SlotProcessor13process_slots
FN:171,_RNvMNtNtNtNtCseH9BiOqUglv_6flavor3psp11format_20257builder14slot_processorNtB2_13SlotProcessor17resolve_slot_path
FN:257,_RNvMNtNtNtNtCseH9BiOqUglv_6flavor3psp11format_20257builder14slot_processorNtB2_13SlotProcessor22create_slot_descriptor
FN:201,_RNvMNtNtNtNtCseH9BiOqUglv_6flavor3psp11format_20257builder14slot_processorNtB2_13SlotProcessor24calculate_slot_checksums
FN:37,_RNvMNtNtNtNtCseH9BiOqUglv_6flavor3psp11format_20257builder14slot_processorNtB2_13SlotProcessor3new
FN:24,_RNvNtNtNtNtCseH9BiOqUglv_6flavor3psp11format_20257builder14slot_processor19is_self_referential
FNDA:4,_RNvNtNtNtNtNtCseH9BiOqUglv_6flavor3psp11format_20257builder14slot_processor5tests13manifest_slot
FNDA:1,_RNvNtNtNtNtNtCseH9BiOqUglv_6flavor3psp11format_20257builder14slot_processor5testss_41test_process_slots_self_ref_sets_defaults
FNDA:1,_RNvNtNtNtNtNtCseH9BiOqUglv_6flavor3psp11format_20257builder14slot_processor5testss_47test_process_slots_rejects_slot_number_mismatch
FNDA:1,_RNvNtNtNtNtNtCseH9BiOqUglv_6flavor3psp11format_20257builder14slot_processor5testss_49test_process_slots_regular_file_builds_descriptor
FNDA:1,_RNvNtNtNtNtNtCseH9BiOqUglv_6flavor3psp11format_20257builder14slot_processor5testss_66test_resolve_slot_path_uses_current_dir_when_workenv_base_is_unset
FNDA:1,_RNvNtNtNtNtNtCseH9BiOqUglv_6flavor3psp11format_20257builder14slot_processor5testss_70test_create_slot_descriptor_uses_default_permissions_for_invalid_octal
FNDA:2,_RNCNvMNtNtNtNtCseH9BiOqUglv_6flavor3psp11format_20257builder14slot_processorNtB4_13SlotProcessor13process_slots0Bc_
FNDA:0,_RNCNvMNtNtNtNtCseH9BiOqUglv_6flavor3psp11format_20257builder14slot_processorNtB4_13SlotProcessor13process_slotss0_0Bc_
FNDA:2,_RNCNvMNtNtNtNtCseH9BiOqUglv_6flavor3psp11format_20257builder14slot_processorNtB4_13SlotProcessor13process_slotss1_0Bc_
FNDA:2,_RNCNvMNtNtNtNtCseH9BiOqUglv_6flavor3psp11format_20257builder14slot_processorNtB4_13SlotProcessor13process_slotss_0Bc_
FNDA:0,_RNCNvMNtNtNtNtCseH9BiOqUglv_6flavor3psp11format_20257builder14slot_processorNtB4_13SlotProcessor17resolve_slot_path0Bc_
FNDA:2,_RNCNvMNtNtNtNtCseH9BiOqUglv_6flavor3psp11format_20257builder14slot_processorNtB4_13SlotProcessor22create_slot_descriptor0Bc_
FNDA:2,_RNCNvMNtNtNtNtCseH9BiOqUglv_6flavor3psp11format_20257builder14slot_processorNtB4_13SlotProcessor22create_slot_descriptors0_0Bc_
FNDA:2,_RNCNvMNtNtNtNtCseH9BiOqUglv_6flavor3psp11format_20257builder14slot_processorNtB4_13SlotProcessor22create_slot_descriptors_0Bc_
FNDA:0,_RNCNvMNtNtNtNtCseH9BiOqUglv_6flavor3psp11format_20257builder14slot_processorNtB4_13SlotProcessor24calculate_slot_checksums0Bc_
FNDA:3,_RNCNvMNtNtNtNtCseH9BiOqUglv_6flavor3psp11format_20257builder14slot_processorNtB4_13SlotProcessor24calculate_slot_checksumss0_0Bc_
FNDA:0,_RNCNvMNtNtNtNtCseH9BiOqUglv_6flavor3psp11format_20257builder14slot_processorNtB4_13SlotProcessor24calculate_slot_checksumss1_0Bc_
FNDA:0,_RNCNvMNtNtNtNtCseH9BiOqUglv_6flavor3psp11format_20257builder14slot_processorNtB4_13SlotProcessor24calculate_slot_checksumss2_0Bc_
FNDA:0,_RNCNvMNtNtNtNtCseH9BiOqUglv_6flavor3psp11format_20257builder14slot_processorNtB4_13SlotProcessor24calculate_slot_checksumss_0Bc_
FNDA:6,_RNvMNtNtNtNtCseH9BiOqUglv_6flavor3psp11format_20257builder14slot_processorNtB2_13SlotProcessor13process_slots
FNDA:4,_RNvMNtNtNtNtCseH9BiOqUglv_6flavor3psp11format_20257builder14slot_processorNtB2_13SlotProcessor17resolve_slot_path
FNDA:4,_RNvMNtNtNtNtCseH9BiOqUglv_6flavor3psp11format_20257builder14slot_processorNtB2_13SlotProcessor22create_slot_descriptor
FNDA:3,_RNvMNtNtNtNtCseH9BiOqUglv_6flavor3psp11format_20257builder14slot_processorNtB2_13SlotProcessor24calculate_slot_checksums
FNDA:8,_RNvMNtNtNtNtCseH9BiOqUglv_6flavor3psp11format_20257builder14slot_processorNtB2_13SlotProcessor3new
FNDA:5,_RNvNtNtNtNtCseH9BiOqUglv_6flavor3psp11format_20257builder14slot_processor19is_self_referential
FNF:25
FNH:19
DA:24,5
DA:25,5
DA:26,5
DA:37,8
DA:38,8
DA:39,8
DA:40,8
DA:41,8
DA:42,8
DA:43,8
DA:44,8
DA:46,6
DA:47,6
DA:48,6
DA:51,6
DA:52,6
DA:54,6
DA:56,6
DA:59,6
DA:60,4
DA:61,1
DA:62,1
DA:63,1
DA:64,1
DA:65,3
DA:66,2
DA:69,5
DA:70,2
DA:76,2
DA:77,2
DA:78,2
DA:79,2
DA:80,2
DA:82,2
DA:83,2
DA:84,2
DA:85,2
DA:86,2
DA:87,2
DA:88,2
DA:89,2
DA:90,2
DA:91,2
DA:92,2
DA:93,2
DA:94,2
DA:96,2
DA:99,2
DA:100,2
DA:101,2
DA:102,2
DA:103,2
DA:104,2
DA:105,2
DA:106,2
DA:107,2
DA:108,2
DA:109,2
DA:110,2
DA:111,2
DA:112,2
DA:113,2
DA:114,2
DA:115,2
DA:116,2
DA:119,2
DA:121,2
DA:122,3
DA:126,3
DA:129,3
DA:130,3
DA:133,3
DA:134,3
DA:135,3
DA:136,3
DA:137,3
DA:138,3
DA:139,3
DA:140,3
DA:141,3
DA:142,3
DA:143,3
DA:144,3
DA:145,3
DA:146,3
DA:147,3
DA:148,3
DA:149,3
DA:150,3
DA:151,3
DA:153,3
DA:156,3
DA:157,3
DA:160,3
DA:163,5
DA:165,5
DA:166,5
DA:168,5
DA:169,6
DA:171,4
DA:172,4
DA:174,1
DA:175,0
DA:176,0
DA:178,1
DA:179,0
DA:180,0
DA:181,1
DA:182,1
DA:184,1
DA:185,1
DA:189,1
DA:191,1
DA:193,3
DA:194,3
DA:197,4
DA:198,4
DA:199,4
DA:201,3
DA:202,3
DA:203,3
DA:204,3
DA:205,3
DA:206,3
DA:207,0
DA:208,0
DA:209,0
DA:210,0
DA:211,0
DA:212,0
DA:214,3
DA:215,3
DA:216,3
DA:219,3
DA:220,3
DA:221,3
DA:222,3
DA:223,0
DA:224,0
DA:225,0
DA:226,0
DA:227,0
DA:230,3
DA:231,3
DA:232,3
DA:233,3
DA:234,0
DA:235,0
DA:236,0
DA:237,0
DA:238,0
DA:241,3
DA:242,3
DA:243,3
DA:244,3
DA:247,3
DA:248,3
DA:249,3
DA:254,3
DA:255,3
DA:257,4
DA:258,4
DA:259,4
DA:260,4
DA:261,4
DA:262,4
DA:263,4
DA:265,4
DA:266,2
DA:267,2
DA:269,2
DA:270,2
DA:272,1
DA:275,1
DA:276,1
DA:277,2
DA:278,2
DA:279,2
DA:280,2
DA:281,1
DA:283,0
DA:284,0
DA:286,2
DA:287,1
DA:291,4
DA:292,4
DA:293,1
DA:294,1
DA:295,0
DA:299,4
DA:300,4
DA:301,4
DA:302,4
DA:303,1
DA:304,1
DA:305,0
DA:306,0
DA:307,0
DA:308,0
DA:309,0
DA:310,0
DA:311,0
DA:315,4
DA:316,4
DA:317,4
DA:318,4
DA:319,4
DA:320,4
DA:321,4
DA:322,4
DA:325,4
DA:326,4
DA:328,0
DA:330,4
DA:331,4
DA:333,4
DA:338,4
DA:339,4
DA:352,4
DA:353,4
DA:354,4
DA:355,4
DA:356,4
DA:357,4
DA:358,4
DA:359,4
DA:360,4
DA:361,4
DA:362,4
DA:363,4
DA:364,4
DA:367,1
DA:368,1
DA:369,1
DA:370,1
DA:371,1
DA:372,1
DA:373,1
DA:374,1
DA:376,1
DA:377,1
DA:378,1
DA:380,1
DA:381,1
DA:382,1
DA:384,1
DA:385,1
DA:386,1
DA:387,1
DA:389,1
DA:390,1
DA:391,1
DA:392,1
DA:393,1
DA:394,1
DA:395,1
DA:396,1
DA:397,1
DA:400,1
DA:401,1
DA:402,1
DA:403,1
DA:405,1
DA:406,1
DA:407,1
DA:408,1
DA:409,1
DA:410,1
DA:412,1
DA:413,1
DA:414,1
DA:415,1
DA:417,1
DA:418,1
DA:419,1
DA:420,1
DA:421,1
DA:423,1
DA:424,1
DA:425,1
DA:426,1
DA:427,1
DA:428,1
DA:429,1
DA:430,1
DA:431,1
DA:434,1
DA:435,1
DA:438,1
DA:439,1
DA:440,1
DA:442,1
DA:443,1
DA:444,1
DA:445,1
DA:446,1
DA:447,1
DA:450,1
DA:451,1
DA:452,1
DA:453,1
DA:454,1
DA:455,1
DA:456,1
DA:458,1
DA:459,1
DA:460,1
DA:462,1
DA:463,1
DA:464,1
DA:465,1
DA:466,1
DA:467,1
DA:468,1
DA:469,1
DA:471,1
DA:472,1
DA:475,1
DA:476,1
DA:477,1
DA:478,1
DA:479,1
DA:481,1
DA:482,1
DA:483,1
DA:485,1
DA:486,1
DA:487,1
DA:488,1
DA:491,1
BRF:0
BRH:0
LF:347
LH:306
end_of_record
SF:/REDACTED_ABS_PATH
FN:19,_RNvXNtNtNtCseH9BiOqUglv_6flavor3psp11format_20259checksumsNtB2_17ChecksumAlgorithmNtNtCsg8bQwBuw1gr_4core3fmt7Display3fmt
FN:30,_RNvNtNtNtCseH9BiOqUglv_6flavor3psp11format_20259checksums14parse_checksum
FN:145,_RNvNtNtNtCseH9BiOqUglv_6flavor3psp11format_20259checksums15verify_checksum
FN:115,_RNvNtNtNtCseH9BiOqUglv_6flavor3psp11format_20259checksums24calculate_checksum_bytes
FN:174,_RNvNtNtNtNtCseH9BiOqUglv_6flavor3psp11format_20259checksums5testss_40test_calculate_checksum_bytes_and_verify
FN:163,_RNvNtNtNtNtCseH9BiOqUglv_6flavor3psp11format_20259checksums5testss_47test_parse_checksum_prefixed_and_legacy_formats
FN:190,_RNvNtNtNtNtCseH9BiOqUglv_6flavor3psp11format_20259checksums5testss_51test_calculate_checksum_streaming_and_blake2b_error
FN:63,_RINvNtNtNtCseH9BiOqUglv_6flavor3psp11format_20259checksums18calculate_checksumQINtNtNtNtCsgQXtAl2Hvo9_3std2io8buffered9bufreader9BufReaderNtNtB1o_2fs4FileEEB8_
FN:63,_RINvNtNtNtCseH9BiOqUglv_6flavor3psp11format_20259checksums18calculate_checksumRShEB8_
FN:148,_RNCNvNtNtNtCseH9BiOqUglv_6flavor3psp11format_20259checksums15verify_checksum0B9_
FNDA:0,_RNvXNtNtNtCseH9BiOqUglv_6flavor3psp11format_20259checksumsNtB2_17ChecksumAlgorithmNtNtCsg8bQwBuw1gr_4core3fmt7Display3fmt
FNDA:4,_RNvNtNtNtCseH9BiOqUglv_6flavor3psp11format_20259checksums14parse_checksum
FNDA:2,_RNvNtNtNtCseH9BiOqUglv_6flavor3psp11format_20259checksums15verify_checksum
FNDA:5,_RNvNtNtNtCseH9BiOqUglv_6flavor3psp11format_20259checksums24calculate_checksum_bytes
FNDA:1,_RNvNtNtNtNtCseH9BiOqUglv_6flavor3psp11format_20259checksums5testss_40test_calculate_checksum_bytes_and_verify
FNDA:1,_RNvNtNtNtNtCseH9BiOqUglv_6flavor3psp11format_20259checksums5testss_47test_parse_checksum_prefixed_and_legacy_formats
FNDA:1,_RNvNtNtNtNtCseH9BiOqUglv_6flavor3psp11format_20259checksums5testss_51test_calculate_checksum_streaming_and_blake2b_error
FNDA:3,_RINvNtNtNtCseH9BiOqUglv_6flavor3psp11format_20259checksums18calculate_checksumQINtNtNtNtCsgQXtAl2Hvo9_3std2io8buffered9bufreader9BufReaderNtNtB1o_2fs4FileEEB8_
FNDA:6,_RINvNtNtNtCseH9BiOqUglv_6flavor3psp11format_20259checksums18calculate_checksumRShEB8_
FNDA:0,_RNCNvNtNtNtCseH9BiOqUglv_6flavor3psp11format_20259checksums15verify_checksum0B9_
FNF:9
FNH:7
DA:19,0
DA:20,0
DA:21,0
DA:22,0
DA:23,0
DA:24,0
DA:26,0
DA:30,4
DA:31,4
DA:33,3
DA:34,3
DA:35,0
DA:36,3
DA:38,3
DA:39,3
DA:40,0
DA:41,0
DA:42,0
DA:43,0
DA:46,3
DA:49,1
DA:50,1
DA:51,0
DA:52,0
DA:53,1
DA:54,0
DA:57,1
DA:59,4
DA:63,9
DA:64,9
DA:65,9
DA:66,9
DA:68,9
DA:70,9
DA:72,8
DA:74,18
DA:75,18
DA:76,8
DA:77,10
DA:78,10
DA:80,8
DA:83,1
DA:85,2
DA:86,2
DA:87,1
DA:88,1
DA:89,1
DA:91,1
DA:94,0
DA:96,0
DA:97,0
DA:98,0
DA:99,0
DA:100,0
DA:102,0
DA:106,0
DA:107,0
DA:108,0
DA:109,0
DA:112,9
DA:115,5
DA:116,5
DA:117,5
DA:118,5
DA:119,5
DA:121,3
DA:122,3
DA:123,3
DA:126,0
DA:127,0
DA:128,0
DA:131,1
DA:132,1
DA:136,1
DA:137,1
DA:138,1
DA:139,1
DA:142,5
DA:145,2
DA:146,2
DA:147,2
DA:148,2
DA:151,2
DA:152,2
DA:153,2
DA:163,1
DA:164,1
DA:165,1
DA:166,1
DA:168,1
DA:169,1
DA:170,1
DA:171,1
DA:174,1
DA:175,1
DA:176,1
DA:177,1
DA:178,1
DA:179,1
DA:180,1
DA:181,1
DA:184,1
DA:185,1
DA:186,1
DA:187,1
DA:190,1
DA:191,1
DA:192,1
DA:193,1
DA:195,1
DA:196,1
DA:197,1
DA:198,1
BRF:0
BRH:0
LF:114
LH:84
end_of_record
SF:/REDACTED_ABS_PATH
FN:258,_RNvNtNtNtNtCseH9BiOqUglv_6flavor3psp11format_20253cli5tests17build_real_bundle
FN:366,_RNvNtNtNtNtCseH9BiOqUglv_6flavor3psp11format_20253cli5testss_38cli_entry_points_work_on_a_real_bundle
FN:307,_RNvNtNtNtNtCseH9BiOqUglv_6flavor3psp11format_20253cli5testss_48detect_launcher_type_recognizes_common_launchers
FN:348,_RNvNtNtNtNtCseH9BiOqUglv_6flavor3psp11format_20253cli5testss_50cli_entry_points_return_nonzero_for_missing_inputs
FN:341,_RNvNtNtNtNtCseH9BiOqUglv_6flavor3psp11format_20253cli5testss_52detect_launcher_type_returns_unknown_for_directories
FN:328,_RNvNtNtNtNtCseH9BiOqUglv_6flavor3psp11format_20253cli5testss_67detect_launcher_type_defaults_to_unknown_for_missing_or_plain_files
FN:156,_RNvNtNtNtCseH9BiOqUglv_6flavor3psp11format_20253cli12extract_slot
FN:98,_RNvNtNtNtCseH9BiOqUglv_6flavor3psp11format_20253cli13show_metadata
FN:129,_RNvNtNtNtCseH9BiOqUglv_6flavor3psp11format_20253cli13verify_bundle
FN:215,_RNvNtNtNtCseH9BiOqUglv_6flavor3psp11format_20253cli20detect_launcher_type
FN:7,_RNvNtNtNtCseH9BiOqUglv_6flavor3psp11format_20253cli9show_info
FNDA:1,_RNvNtNtNtNtCseH9BiOqUglv_6flavor3psp11format_20253cli5tests17build_real_bundle
FNDA:1,_RNvNtNtNtNtCseH9BiOqUglv_6flavor3psp11format_20253cli5testss_38cli_entry_points_work_on_a_real_bundle
FNDA:1,_RNvNtNtNtNtCseH9BiOqUglv_6flavor3psp11format_20253cli5testss_48detect_launcher_type_recognizes_common_launchers
FNDA:1,_RNvNtNtNtNtCseH9BiOqUglv_6flavor3psp11format_20253cli5testss_50cli_entry_points_return_nonzero_for_missing_inputs
FNDA:1,_RNvNtNtNtNtCseH9BiOqUglv_6flavor3psp11format_20253cli5testss_52detect_launcher_type_returns_unknown_for_directories
FNDA:1,_RNvNtNtNtNtCseH9BiOqUglv_6flavor3psp11format_20253cli5testss_67detect_launcher_type_defaults_to_unknown_for_missing_or_plain_files
FNDA:2,_RNvNtNtNtCseH9BiOqUglv_6flavor3psp11format_20253cli12extract_slot
FNDA:2,_RNvNtNtNtCseH9BiOqUglv_6flavor3psp11format_20253cli13show_metadata
FNDA:2,_RNvNtNtNtCseH9BiOqUglv_6flavor3psp11format_20253cli13verify_bundle
FNDA:8,_RNvNtNtNtCseH9BiOqUglv_6flavor3psp11format_20253cli20detect_launcher_type
FNDA:2,_RNvNtNtNtCseH9BiOqUglv_6flavor3psp11format_20253cli9show_info
FNF:11
FNH:11
DA:7,2
DA:8,2
DA:9,2
DA:10,2
DA:11,1
DA:12,1
DA:13,1
DA:14,1
DA:19,1
DA:20,1
DA:21,0
DA:22,0
DA:23,0
DA:27,1
DA:28,1
DA:29,0
DA:30,0
DA:31,0
DA:36,1
DA:39,1
DA:40,1
DA:42,0
DA:46,1
DA:47,1
DA:49,1
DA:50,1
DA:51,1
DA:52,0
DA:53,1
DA:56,1
DA:57,1
DA:59,0
DA:65,1
DA:66,0
DA:67,1
DA:71,1
DA:74,1
DA:75,1
DA:76,1
DA:77,1
DA:78,1
DA:79,1
DA:80,1
DA:81,1
DA:82,1
DA:83,1
DA:84,1
DA:85,1
DA:86,1
DA:87,1
DA:88,1
DA:89,1
DA:90,1
DA:91,1
DA:92,1
DA:94,1
DA:95,2
DA:98,2
DA:99,2
DA:100,1
DA:101,1
DA:102,1
DA:103,1
DA:107,1
DA:108,1
DA:109,0
DA:110,0
DA:111,0
DA:116,1
DA:117,1
DA:118,1
DA:119,1
DA:121,0
DA:122,0
DA:123,0
DA:126,2
DA:129,2
DA:130,2
DA:131,2
DA:132,1
DA:133,1
DA:134,1
DA:135,1
DA:136,1
DA:137,1
DA:138,1
DA:140,1
DA:141,1
DA:142,1
DA:144,0
DA:145,0
DA:148,1
DA:149,1
DA:150,1
DA:153,2
DA:156,2
DA:157,2
DA:158,1
DA:160,1
DA:161,1
DA:164,1
DA:165,1
DA:166,0
DA:167,0
DA:168,0
DA:172,1
DA:173,1
DA:174,0
DA:175,0
DA:176,0
DA:180,1
DA:181,0
DA:184,0
DA:186,0
DA:187,1
DA:189,1
DA:190,1
DA:191,1
DA:192,1
DA:195,1
DA:196,1
DA:197,0
DA:198,0
DA:199,1
DA:202,1
DA:204,1
DA:205,1
DA:207,0
DA:208,0
DA:209,0
DA:212,2
DA:215,8
DA:219,8
DA:220,7
DA:221,1
DA:224,7
DA:225,7
DA:226,1
DA:227,6
DA:229,6
DA:231,6
DA:232,1
DA:233,5
DA:234,1
DA:235,4
DA:236,3
DA:238,1
DA:239,3
DA:240,2
DA:242,1
DA:244,2
DA:246,8
DA:258,1
DA:259,1
DA:260,1
DA:262,1
DA:263,1
DA:264,1
DA:265,1
DA:266,1
DA:267,1
DA:268,1
DA:270,1
DA:271,1
DA:272,1
DA:274,1
DA:276,1
DA:277,1
DA:278,1
DA:279,1
DA:280,1
DA:281,1
DA:282,1
DA:283,1
DA:287,1
DA:288,1
DA:289,1
DA:291,1
DA:293,1
DA:294,1
DA:295,1
DA:296,1
DA:297,1
DA:298,1
DA:299,1
DA:300,1
DA:302,1
DA:303,1
DA:304,1
DA:307,1
DA:308,1
DA:310,1
DA:311,1
DA:312,1
DA:313,1
DA:314,1
DA:315,1
DA:316,1
DA:317,1
DA:318,1
DA:320,4
DA:321,4
DA:322,4
DA:323,4
DA:325,1
DA:328,1
DA:329,1
DA:330,1
DA:331,1
DA:333,1
DA:334,1
DA:337,1
DA:338,1
DA:341,1
DA:342,1
DA:344,1
DA:345,1
DA:348,1
DA:349,1
DA:350,1
DA:352,1
DA:353,1
DA:354,1
DA:355,1
DA:356,1
DA:357,1
DA:358,1
DA:359,1
DA:363,1
DA:366,1
DA:367,1
DA:368,1
DA:370,1
DA:371,1
DA:372,1
DA:374,1
DA:375,1
DA:376,1
DA:379,1
DA:380,1
DA:383,1
BRF:0
BRH:0
LF:241
LH:209
end_of_record
SF:/REDACTED_ABS_PATH
FN:36,_RNvNtNtNtNtCseH9BiOqUglv_6flavor3psp11format_20256crypto5testss_30test_sign_and_verify_roundtrip
FN:51,_RNvNtNtNtNtCseH9BiOqUglv_6flavor3psp11format_20256crypto5testss_44test_verify_signature_rejects_invalid_length
FN:23,_RNvNtNtNtCseH9BiOqUglv_6flavor3psp11format_20256crypto16verify_signature
FN:7,_RNvNtNtNtCseH9BiOqUglv_6flavor3psp11format_20256crypto26generate_ephemeral_keypair
FN:17,_RNvNtNtNtCseH9BiOqUglv_6flavor3psp11format_20256crypto9sign_data
FNDA:1,_RNvNtNtNtNtCseH9BiOqUglv_6flavor3psp11format_20256crypto5testss_30test_sign_and_verify_roundtrip
FNDA:1,_RNvNtNtNtNtCseH9BiOqUglv_6flavor3psp11format_20256crypto5testss_44test_verify_signature_rejects_invalid_length
FNDA:3,_RNvNtNtNtCseH9BiOqUglv_6flavor3psp11format_20256crypto16verify_signature
FNDA:2,_RNvNtNtNtCseH9BiOqUglv_6flavor3psp11format_20256crypto26generate_ephemeral_keypair
FNDA:1,_RNvNtNtNtCseH9BiOqUglv_6flavor3psp11format_20256crypto9sign_data
FNF:5
FNH:5
DA:7,2
DA:9,2
DA:10,2
DA:11,2
DA:12,2
DA:13,2
DA:14,2
DA:17,1
DA:18,1
DA:19,1
DA:20,1
DA:23,3
DA:24,3
DA:25,2
DA:27,1
DA:29,3
DA:36,1
DA:37,1
DA:38,1
DA:40,1
DA:42,1
DA:43,1
DA:44,1
DA:45,1
DA:46,1
DA:47,1
DA:48,1
DA:51,1
DA:52,1
DA:53,1
DA:54,1
BRF:0
BRH:0
LF:31
LH:31
end_of_record
SF:/REDACTED_ABS_PATH
FN:28,_RNvNtNtNtCseH9BiOqUglv_6flavor3psp11format_20255debug10debug_dump
FN:161,_RNvNtNtNtCseH9BiOqUglv_6flavor3psp11format_20255debug13analyze_slots
FN:91,_RNvNtNtNtCseH9BiOqUglv_6flavor3psp11format_20255debug17format_index_json
FN:190,_RNvNtNtNtCseH9BiOqUglv_6flavor3psp11format_20255debug21identify_slot_content
FN:124,_RNvNtNtNtCseH9BiOqUglv_6flavor3psp11format_20255debug23analyze_metadata_format
FN:217,_RNvNtNtNtNtCseH9BiOqUglv_6flavor3psp11format_20255debug5testss_41format_index_json_renders_expected_fields
FN:242,_RNvNtNtNtNtCseH9BiOqUglv_6flavor3psp11format_20255debug5testss_42analyze_helpers_accept_common_magic_values
FN:260,_RNvNtNtNtNtCseH9BiOqUglv_6flavor3psp11format_20255debug5testss_43debug_dump_returns_error_for_invalid_bundle
FN:243,_RNCNvNtNtNtNtCseH9BiOqUglv_6flavor3psp11format_20255debug5testss_42analyze_helpers_accept_common_magic_values0Bb_
FNDA:1,_RNvNtNtNtCseH9BiOqUglv_6flavor3psp11format_20255debug10debug_dump
FNDA:0,_RNvNtNtNtCseH9BiOqUglv_6flavor3psp11format_20255debug13analyze_slots
FNDA:1,_RNvNtNtNtCseH9BiOqUglv_6flavor3psp11format_20255debug17format_index_json
FNDA:5,_RNvNtNtNtCseH9BiOqUglv_6flavor3psp11format_20255debug21identify_slot_content
FNDA:4,_RNvNtNtNtCseH9BiOqUglv_6flavor3psp11format_20255debug23analyze_metadata_format
FNDA:1,_RNvNtNtNtNtCseH9BiOqUglv_6flavor3psp11format_20255debug5testss_41format_index_json_renders_expected_fields
FNDA:1,_RNvNtNtNtNtCseH9BiOqUglv_6flavor3psp11format_20255debug5testss_42analyze_helpers_accept_common_magic_values
FNDA:1,_RNvNtNtNtNtCseH9BiOqUglv_6flavor3psp11format_20255debug5testss_43debug_dump_returns_error_for_invalid_bundle
FNDA:1,_RNCNvNtNtNtNtCseH9BiOqUglv_6flavor3psp11format_20255debug5testss_42analyze_helpers_accept_common_magic_values0Bb_
FNF:9
FNH:8
DA:28,1
DA:29,1
DA:31,1
DA:33,1
DA:36,1
DA:37,1
DA:38,0
DA:39,0
DA:40,0
DA:41,0
DA:46,0
DA:47,0
DA:48,0
DA:51,0
DA:52,0
DA:53,0
DA:54,0
DA:55,0
DA:58,0
DA:61,0
DA:62,0
DA:63,0
DA:64,0
DA:65,0
DA:66,0
DA:67,0
DA:68,0
DA:72,0
DA:74,0
DA:75,0
DA:80,0
DA:82,0
DA:84,0
DA:86,0
DA:87,0
DA:88,1
DA:91,1
DA:93,1
DA:94,1
DA:95,1
DA:96,1
DA:97,1
DA:98,1
DA:99,1
DA:101,1
DA:119,1
DA:121,1
DA:124,4
DA:125,4
DA:126,4
DA:127,1
DA:128,1
DA:130,0
DA:132,3
DA:133,1
DA:134,1
DA:136,0
DA:138,2
DA:139,1
DA:141,1
DA:142,1
DA:143,1
DA:145,0
DA:146,0
DA:148,0
DA:152,1
DA:153,1
DA:155,0
DA:158,4
DA:161,0
DA:162,0
DA:163,0
DA:165,0
DA:166,0
DA:167,0
DA:168,0
DA:169,0
DA:174,0
DA:175,0
DA:178,0
DA:180,0
DA:181,0
DA:182,0
DA:183,0
DA:186,0
DA:187,0
DA:190,5
DA:191,5
DA:192,1
DA:193,4
DA:194,3
DA:196,1
DA:197,3
DA:198,1
DA:199,2
DA:200,1
DA:201,1
DA:203,1
DA:206,1
DA:208,5
DA:217,1
DA:218,1
DA:219,1
DA:220,1
DA:221,1
DA:222,1
DA:223,1
DA:224,1
DA:225,1
DA:227,1
DA:229,1
DA:230,1
DA:231,1
DA:232,1
DA:233,1
DA:234,1
DA:235,1
DA:236,1
DA:237,1
DA:238,1
DA:239,1
DA:242,1
DA:243,1
DA:244,1
DA:245,1
DA:246,1
DA:247,1
DA:249,1
DA:250,1
DA:251,1
DA:252,1
DA:253,1
DA:254,1
DA:256,1
DA:257,1
DA:260,1
DA:261,1
DA:262,1
DA:263,1
DA:264,1
DA:265,1
DA:267,1
DA:268,1
BRF:0
BRH:0
LF:144
LH:92
end_of_record
SF:/REDACTED_ABS_PATH
FN:197,_RNvMNtNtNtCseH9BiOqUglv_6flavor3psp11format_20258defaultsNtB2_15ValidationLevel5parse
FN:209,_RNvMNtNtNtCseH9BiOqUglv_6flavor3psp11format_20258defaultsNtB2_15ValidationLevel6as_str
FN:221,_RNvNtNtNtCseH9BiOqUglv_6flavor3psp11format_20258defaults20get_validation_level
FN:228,_RNvNtNtNtCseH9BiOqUglv_6flavor3psp11format_20258defaults31validation_level_from_env_value
FN:265,_RNvNtNtNtNtCseH9BiOqUglv_6flavor3psp11format_20258defaults5testss_38get_validation_level_uses_env_override
FN:260,_RNvNtNtNtNtCseH9BiOqUglv_6flavor3psp11format_20258defaults5testss_39validation_level_rejects_unknown_values
FN:245,_RNvNtNtNtNtCseH9BiOqUglv_6flavor3psp11format_20258defaults5testss_44validation_level_roundtrips_all_known_values
FN:273,_RNvNtNtNtNtCseH9BiOqUglv_6flavor3psp11format_20258defaults5testss_59get_validation_level_falls_back_to_strict_for_invalid_value
FNDA:11,_RNvMNtNtNtCseH9BiOqUglv_6flavor3psp11format_20258defaultsNtB2_15ValidationLevel5parse
FNDA:5,_RNvMNtNtNtCseH9BiOqUglv_6flavor3psp11format_20258defaultsNtB2_15ValidationLevel6as_str
FNDA:1,_RNvNtNtNtCseH9BiOqUglv_6flavor3psp11format_20258defaults20get_validation_level
FNDA:4,_RNvNtNtNtCseH9BiOqUglv_6flavor3psp11format_20258defaults31validation_level_from_env_value
FNDA:1,_RNvNtNtNtNtCseH9BiOqUglv_6flavor3psp11format_20258defaults5testss_38get_validation_level_uses_env_override
FNDA:1,_RNvNtNtNtNtCseH9BiOqUglv_6flavor3psp11format_20258defaults5testss_39validation_level_rejects_unknown_values
FNDA:1,_RNvNtNtNtNtCseH9BiOqUglv_6flavor3psp11format_20258defaults5testss_44validation_level_roundtrips_all_known_values
FNDA:1,_RNvNtNtNtNtCseH9BiOqUglv_6flavor3psp11format_20258defaults5testss_59get_validation_level_falls_back_to_strict_for_invalid_value
FNF:8
FNH:8
DA:197,11
DA:198,11
DA:199,11
DA:200,7
DA:201,6
DA:202,4
DA:203,3
DA:204,2
DA:206,11
DA:209,5
DA:210,5
DA:211,1
DA:212,1
DA:213,1
DA:214,1
DA:215,1
DA:217,5
DA:221,1
DA:225,1
DA:226,1
DA:228,4
DA:229,4
DA:230,2
DA:231,1
DA:232,1
DA:233,2
DA:236,3
DA:237,4
DA:245,1
DA:246,1
DA:247,1
DA:248,1
DA:249,1
DA:250,1
DA:251,1
DA:252,1
DA:254,5
DA:255,5
DA:257,1
DA:260,1
DA:261,1
DA:262,1
DA:265,1
DA:266,1
DA:267,1
DA:270,1
DA:273,1
DA:274,1
DA:275,1
DA:278,1
DA:279,1
DA:282,1
BRF:0
BRH:0
LF:52
LH:52
end_of_record
SF:/REDACTED_ABS_PATH
FN:284,_RNCNvNtNtNtNtCseH9BiOqUglv_6flavor3psp11format_20259execution8commands15execute_command0Bb_
FN:29,_RNCNvNtNtNtNtCseH9BiOqUglv_6flavor3psp11format_20259execution8commands22execute_setup_commands0Bb_
FN:34,_RNCNvNtNtNtNtCseH9BiOqUglv_6flavor3psp11format_20259execution8commands22execute_setup_commandss0_0Bb_
FN:42,_RNCNvNtNtNtNtCseH9BiOqUglv_6flavor3psp11format_20259execution8commands22execute_setup_commandss1_0Bb_
FN:43,_RNCNvNtNtNtNtCseH9BiOqUglv_6flavor3psp11format_20259execution8commands22execute_setup_commandss2_0Bb_
FN:54,_RNCNvNtNtNtNtCseH9BiOqUglv_6flavor3psp11format_20259execution8commands22execute_setup_commandss3_0Bb_
FN:55,_RNCNvNtNtNtNtCseH9BiOqUglv_6flavor3psp11format_20259execution8commands22execute_setup_commandss4_0Bb_
FN:63,_RNCNvNtNtNtNtCseH9BiOqUglv_6flavor3psp11format_20259execution8commands22execute_setup_commandss5_0Bb_
FN:64,_RNCNvNtNtNtNtCseH9BiOqUglv_6flavor3psp11format_20259execution8commands22execute_setup_commandss6_0Bb_
FN:72,_RNCNvNtNtNtNtCseH9BiOqUglv_6flavor3psp11format_20259execution8commands22execute_setup_commandss7_0Bb_
FN:73,_RNCNvNtNtNtNtCseH9BiOqUglv_6flavor3psp11format_20259execution8commands22execute_setup_commandss8_0Bb_
FN:79,_RNCNvNtNtNtNtCseH9BiOqUglv_6flavor3psp11format_20259execution8commands22execute_setup_commandss9_0Bb_
FN:33,_RNCNvNtNtNtNtCseH9BiOqUglv_6flavor3psp11format_20259execution8commands22execute_setup_commandss_0Bb_
FN:80,_RNCNvNtNtNtNtCseH9BiOqUglv_6flavor3psp11format_20259execution8commands22execute_setup_commandssa_0Bb_
FN:90,_RNCNvNtNtNtNtCseH9BiOqUglv_6flavor3psp11format_20259execution8commands22execute_setup_commandssb_0Bb_
FN:109,_RNCNvNtNtNtNtCseH9BiOqUglv_6flavor3psp11format_20259execution8commands22execute_setup_commandssc_0Bb_
FN:110,_RNCNvNtNtNtNtCseH9BiOqUglv_6flavor3psp11format_20259execution8commands22execute_setup_commandssd_0Bb_
FN:116,_RNCNvNtNtNtNtCseH9BiOqUglv_6flavor3psp11format_20259execution8commands22execute_setup_commandsse_0Bb_
FN:117,_RNCNvNtNtNtNtCseH9BiOqUglv_6flavor3psp11format_20259execution8commands22execute_setup_commandssf_0Bb_
FN:143,_RNCNvNtNtNtNtCseH9BiOqUglv_6flavor3psp11format_20259execution8commands22execute_setup_commandssg_0Bb_
FN:144,_RNCNvNtNtNtNtCseH9BiOqUglv_6flavor3psp11format_20259execution8commands22execute_setup_commandssh_0Bb_
FN:152,_RNCNvNtNtNtNtCseH9BiOqUglv_6flavor3psp11format_20259execution8commands22execute_setup_commandssi_0Bb_
FN:295,_RNvNtNtNtNtCseH9BiOqUglv_6flavor3psp11format_20259execution8commands11run_command
FN:230,_RNvNtNtNtNtCseH9BiOqUglv_6flavor3psp11format_20259execution8commands11shell_split
FN:270,_RNvNtNtNtNtCseH9BiOqUglv_6flavor3psp11format_20259execution8commands15execute_command
FN:348,_RNvNtNtNtNtCseH9BiOqUglv_6flavor3psp11format_20259execution8commands18build_workenv_path
FN:641,_RNvNtNtNtNtCseH9BiOqUglv_6flavor3psp11format_20259execution8commands20execute_main_command
FN:17,_RNvNtNtNtNtCseH9BiOqUglv_6flavor3psp11format_20259execution8commands22execute_setup_commands
FN:415,_RNvNtNtNtNtNtCseH9BiOqUglv_6flavor3psp11format_20259execution8commands5testss_22test_shell_split_basic
FN:433,_RNvNtNtNtNtNtCseH9BiOqUglv_6flavor3psp11format_20259execution8commands5testss_22test_shell_split_empty
FN:421,_RNvNtNtNtNtNtCseH9BiOqUglv_6flavor3psp11format_20259execution8commands5testss_23test_shell_split_quoted
FN:427,_RNvNtNtNtNtNtCseH9BiOqUglv_6flavor3psp11format_20259execution8commands5testss_30test_shell_split_single_quoted
FN:445,_RNvNtNtNtNtNtCseH9BiOqUglv_6flavor3psp11format_20259execution8commands5testss_42test_execute_command_ignores_empty_command
FN:632,_RNvNtNtNtNtNtCseH9BiOqUglv_6flavor3psp11format_20259execution8commands5testss_48test_execute_main_command_propagates_exit_status
FN:528,_RNvNtNtNtNtNtCseH9BiOqUglv_6flavor3psp11format_20259execution8commands5testss_51test_execute_command_propagates_nonzero_exit_status
FN:439,_RNvNtNtNtNtNtCseH9BiOqUglv_6flavor3psp11format_20259execution8commands5testss_53test_shell_split_handles_escaped_double_quote_content
FN:385,_RNvNtNtNtNtNtCseH9BiOqUglv_6flavor3psp11format_20259execution8commands5testss_55test_run_command_path_has_correct_bin_dir_and_separator
FN:623,_RNvNtNtNtNtNtCseH9BiOqUglv_6flavor3psp11format_20259execution8commands5testss_56test_execute_main_command_returns_zero_for_empty_command
FN:483,_RNvNtNtNtNtNtCseH9BiOqUglv_6flavor3psp11format_20259execution8commands5testss_56test_execute_setup_commands_rejects_unknown_command_type
FN:368,_RNvNtNtNtNtNtCseH9BiOqUglv_6flavor3psp11format_20259execution8commands5testss_63test_build_workenv_path_without_existing_path_uses_only_bin_dir
FN:503,_RNvNtNtNtNtNtCseH9BiOqUglv_6flavor3psp11format_20259execution8commands5testss_63test_execute_command_runs_shell_command_and_injects_environment
FN:544,_RNvNtNtNtNtNtCseH9BiOqUglv_6flavor3psp11format_20259execution8commands5testss_69test_execute_setup_commands_enumerate_and_execute_runs_for_each_match
FN:586,_RNvNtNtNtNtNtCseH9BiOqUglv_6flavor3psp11format_20259execution8commands5testss_77test_execute_setup_commands_chmod_applies_default_permissions_to_glob_matches
FN:459,_RNvNtNtNtNtNtCseH9BiOqUglv_6flavor3psp11format_20259execution8commands5testss_82test_execute_setup_commands_write_file_creates_parent_and_substitutes_placeholders
FNDA:18,_RNCNvNtNtNtNtCseH9BiOqUglv_6flavor3psp11format_20259execution8commands15execute_command0Bb_
FNDA:0,_RNCNvNtNtNtNtCseH9BiOqUglv_6flavor3psp11format_20259execution8commands22execute_setup_commands0Bb_
FNDA:0,_RNCNvNtNtNtNtCseH9BiOqUglv_6flavor3psp11format_20259execution8commands22execute_setup_commandss0_0Bb_
FNDA:0,_RNCNvNtNtNtNtCseH9BiOqUglv_6flavor3psp11format_20259execution8commands22execute_setup_commandss1_0Bb_
FNDA:0,_RNCNvNtNtNtNtCseH9BiOqUglv_6flavor3psp11format_20259execution8commands22execute_setup_commandss2_0Bb_
FNDA:1,_RNCNvNtNtNtNtCseH9BiOqUglv_6flavor3psp11format_20259execution8commands22execute_setup_commandss3_0Bb_
FNDA:0,_RNCNvNtNtNtNtCseH9BiOqUglv_6flavor3psp11format_20259execution8commands22execute_setup_commandss4_0Bb_
FNDA:1,_RNCNvNtNtNtNtCseH9BiOqUglv_6flavor3psp11format_20259execution8commands22execute_setup_commandss5_0Bb_
FNDA:0,_RNCNvNtNtNtNtCseH9BiOqUglv_6flavor3psp11format_20259execution8commands22execute_setup_commandss6_0Bb_
FNDA:1,_RNCNvNtNtNtNtCseH9BiOqUglv_6flavor3psp11format_20259execution8commands22execute_setup_commandss7_0Bb_
FNDA:0,_RNCNvNtNtNtNtCseH9BiOqUglv_6flavor3psp11format_20259execution8commands22execute_setup_commandss8_0Bb_
FNDA:1,_RNCNvNtNtNtNtCseH9BiOqUglv_6flavor3psp11format_20259execution8commands22execute_setup_commandss9_0Bb_
FNDA:4,_RNCNvNtNtNtNtCseH9BiOqUglv_6flavor3psp11format_20259execution8commands22execute_setup_commandss_0Bb_
FNDA:0,_RNCNvNtNtNtNtCseH9BiOqUglv_6flavor3psp11format_20259execution8commands22execute_setup_commandssa_0Bb_
FNDA:0,_RNCNvNtNtNtNtCseH9BiOqUglv_6flavor3psp11format_20259execution8commands22execute_setup_commandssb_0Bb_
FNDA:1,_RNCNvNtNtNtNtCseH9BiOqUglv_6flavor3psp11format_20259execution8commands22execute_setup_commandssc_0Bb_
FNDA:0,_RNCNvNtNtNtNtCseH9BiOqUglv_6flavor3psp11format_20259execution8commands22execute_setup_commandssd_0Bb_
FNDA:1,_RNCNvNtNtNtNtCseH9BiOqUglv_6flavor3psp11format_20259execution8commands22execute_setup_commandsse_0Bb_
FNDA:0,_RNCNvNtNtNtNtCseH9BiOqUglv_6flavor3psp11format_20259execution8commands22execute_setup_commandssf_0Bb_
FNDA:1,_RNCNvNtNtNtNtCseH9BiOqUglv_6flavor3psp11format_20259execution8commands22execute_setup_commandssg_0Bb_
FNDA:0,_RNCNvNtNtNtNtCseH9BiOqUglv_6flavor3psp11format_20259execution8commands22execute_setup_commandssh_0Bb_
FNDA:1,_RNCNvNtNtNtNtCseH9BiOqUglv_6flavor3psp11format_20259execution8commands22execute_setup_commandssi_0Bb_
FNDA:4,_RNvNtNtNtNtCseH9BiOqUglv_6flavor3psp11format_20259execution8commands11run_command
FNDA:13,_RNvNtNtNtNtCseH9BiOqUglv_6flavor3psp11format_20259execution8commands11shell_split
FNDA:5,_RNvNtNtNtNtCseH9BiOqUglv_6flavor3psp11format_20259execution8commands15execute_command
FNDA:6,_RNvNtNtNtNtCseH9BiOqUglv_6flavor3psp11format_20259execution8commands18build_workenv_path
FNDA:2,_RNvNtNtNtNtCseH9BiOqUglv_6flavor3psp11format_20259execution8commands20execute_main_command
FNDA:4,_RNvNtNtNtNtCseH9BiOqUglv_6flavor3psp11format_20259execution8commands22execute_setup_commands
FNDA:1,_RNvNtNtNtNtNtCseH9BiOqUglv_6flavor3psp11format_20259execution8commands5testss_22test_shell_split_basic
FNDA:1,_RNvNtNtNtNtNtCseH9BiOqUglv_6flavor3psp11format_20259execution8commands5testss_22test_shell_split_empty
FNDA:1,_RNvNtNtNtNtNtCseH9BiOqUglv_6flavor3psp11format_20259execution8commands5testss_23test_shell_split_quoted
FNDA:1,_RNvNtNtNtNtNtCseH9BiOqUglv_6flavor3psp11format_20259execution8commands5testss_30test_shell_split_single_quoted
FNDA:1,_RNvNtNtNtNtNtCseH9BiOqUglv_6flavor3psp11format_20259execution8commands5testss_42test_execute_command_ignores_empty_command
FNDA:1,_RNvNtNtNtNtNtCseH9BiOqUglv_6flavor3psp11format_20259execution8commands5testss_48test_execute_main_command_propagates_exit_status
FNDA:1,_RNvNtNtNtNtNtCseH9BiOqUglv_6flavor3psp11format_20259execution8commands5testss_51test_execute_command_propagates_nonzero_exit_status
FNDA:1,_RNvNtNtNtNtNtCseH9BiOqUglv_6flavor3psp11format_20259execution8commands5testss_53test_shell_split_handles_escaped_double_quote_content
FNDA:1,_RNvNtNtNtNtNtCseH9BiOqUglv_6flavor3psp11format_20259execution8commands5testss_55test_run_command_path_has_correct_bin_dir_and_separator
FNDA:1,_RNvNtNtNtNtNtCseH9BiOqUglv_6flavor3psp11format_20259execution8commands5testss_56test_execute_main_command_returns_zero_for_empty_command
FNDA:1,_RNvNtNtNtNtNtCseH9BiOqUglv_6flavor3psp11format_20259execution8commands5testss_56test_execute_setup_commands_rejects_unknown_command_type
FNDA:1,_RNvNtNtNtNtNtCseH9BiOqUglv_6flavor3psp11format_20259execution8commands5testss_63test_build_workenv_path_without_existing_path_uses_only_bin_dir
FNDA:1,_RNvNtNtNtNtNtCseH9BiOqUglv_6flavor3psp11format_20259execution8commands5testss_63test_execute_command_runs_shell_command_and_injects_environment
FNDA:1,_RNvNtNtNtNtNtCseH9BiOqUglv_6flavor3psp11format_20259execution8commands5testss_69test_execute_setup_commands_enumerate_and_execute_runs_for_each_match
FNDA:1,_RNvNtNtNtNtNtCseH9BiOqUglv_6flavor3psp11format_20259execution8commands5testss_77test_execute_setup_commands_chmod_applies_default_permissions_to_glob_matches
FNDA:1,_RNvNtNtNtNtNtCseH9BiOqUglv_6flavor3psp11format_20259execution8commands5testss_82test_execute_setup_commands_write_file_creates_parent_and_substitutes_placeholders
FNF:44
FNH:32
DA:17,4
DA:18,4
DA:19,4
DA:20,4
DA:21,4
DA:22,4
DA:23,4
DA:24,4
DA:25,4
DA:27,4
DA:28,4
DA:29,4
DA:31,4
DA:32,4
DA:33,4
DA:34,4
DA:35,0
DA:36,0
DA:38,4
DA:39,4
DA:40,0
DA:41,0
DA:42,0
DA:43,0
DA:44,0
DA:45,0
DA:47,0
DA:50,4
DA:51,1
DA:52,1
DA:53,1
DA:54,1
DA:55,1
DA:56,0
DA:57,0
DA:58,0
DA:59,0
DA:61,1
DA:62,1
DA:63,1
DA:64,1
DA:65,0
DA:66,0
DA:67,0
DA:68,0
DA:70,1
DA:71,1
DA:72,1
DA:73,1
DA:74,0
DA:75,0
DA:77,1
DA:78,1
DA:79,1
DA:80,1
DA:81,0
DA:82,0
DA:84,1
DA:85,1
DA:87,1
DA:89,2
DA:90,1
DA:92,2
DA:93,2
DA:94,2
DA:95,2
DA:97,0
DA:98,0
DA:99,0
DA:100,0
DA:106,3
DA:107,1
DA:108,1
DA:109,1
DA:110,1
DA:111,0
DA:112,0
DA:114,1
DA:115,1
DA:116,1
DA:117,1
DA:118,0
DA:119,0
DA:120,0
DA:121,0
DA:123,1
DA:124,1
DA:126,1
DA:127,1
DA:128,0
DA:130,1
DA:131,1
DA:134,2
DA:140,1
DA:141,1
DA:142,1
DA:143,1
DA:144,1
DA:145,0
DA:146,0
DA:147,0
DA:148,0
DA:150,1
DA:151,1
DA:152,1
DA:153,1
DA:156,1
DA:157,1
DA:160,1
DA:163,1
DA:165,1
DA:166,1
DA:167,1
DA:169,1
DA:170,1
DA:171,1
DA:172,0
DA:173,0
DA:174,0
DA:175,0
DA:177,1
DA:178,1
DA:179,1
DA:180,1
DA:182,0
DA:187,1
DA:192,0
DA:193,0
DA:195,0
DA:196,0
DA:199,0
DA:200,0
DA:201,0
DA:202,0
DA:203,0
DA:205,0
DA:207,0
DA:218,1
DA:219,1
DA:220,1
DA:225,3
DA:226,4
DA:230,13
DA:231,13
DA:232,13
DA:233,13
DA:234,13
DA:235,13
DA:237,646
DA:238,615
DA:239,12
DA:240,12
DA:241,12
DA:242,4
DA:243,4
DA:244,4
DA:245,2
DA:247,2
DA:248,2
DA:249,2
DA:251,615
DA:252,24
DA:253,24
DA:254,24
DA:256,591
DA:257,591
DA:258,591
DA:262,13
DA:263,10
DA:264,10
DA:266,13
DA:267,13
DA:270,5
DA:271,5
DA:272,5
DA:273,5
DA:274,5
DA:275,5
DA:276,5
DA:277,5
DA:278,5
DA:280,5
DA:281,1
DA:282,4
DA:284,18
DA:285,4
DA:286,4
DA:287,4
DA:288,4
DA:289,4
DA:290,4
DA:292,5
DA:295,4
DA:296,4
DA:297,4
DA:298,4
DA:299,4
DA:300,4
DA:301,4
DA:302,4
DA:304,4
DA:305,4
DA:306,4
DA:307,4
DA:310,357
DA:311,357
DA:312,357
DA:315,4
DA:318,4
DA:319,1
DA:320,1
DA:324,4
DA:325,4
DA:327,4
DA:329,4
DA:330,1
DA:331,1
DA:333,1
DA:334,0
DA:335,1
DA:337,1
DA:338,1
DA:339,1
DA:340,1
DA:341,1
DA:342,1
DA:343,3
DA:345,3
DA:346,4
DA:348,6
DA:349,6
DA:350,6
DA:351,6
DA:353,5
DA:354,5
DA:355,1
DA:357,6
DA:368,1
DA:369,1
DA:370,1
DA:373,1
DA:377,1
DA:385,1
DA:386,1
DA:387,1
DA:388,1
DA:393,1
DA:394,1
DA:408,1
DA:409,1
DA:412,1
DA:415,1
DA:416,1
DA:417,1
DA:418,1
DA:421,1
DA:422,1
DA:423,1
DA:424,1
DA:427,1
DA:428,1
DA:429,1
DA:430,1
DA:433,1
DA:434,1
DA:435,1
DA:436,1
DA:439,1
DA:440,1
DA:441,1
DA:442,1
DA:445,1
DA:446,1
DA:447,1
DA:448,1
DA:449,1
DA:450,1
DA:451,1
DA:452,1
DA:454,1
DA:455,1
DA:456,1
DA:459,1
DA:460,1
DA:461,1
DA:462,1
DA:463,1
DA:464,1
DA:465,1
DA:466,1
DA:468,1
DA:469,1
DA:470,1
DA:471,1
DA:474,1
DA:475,1
DA:477,1
DA:478,1
DA:479,1
DA:480,1
DA:483,1
DA:484,1
DA:485,1
DA:486,1
DA:487,1
DA:488,1
DA:489,1
DA:490,1
DA:492,1
DA:493,1
DA:496,1
DA:497,1
DA:498,1
DA:499,1
DA:503,1
DA:504,1
DA:505,1
DA:506,1
DA:507,1
DA:508,1
[...]
FN:279,_RNvNtNtNtNtCseH9BiOqUglv_6flavor3psp11format_20255trust5testss_41test_extract_ed25519_raw_key_wrong_length
FN:290,_RNvNtNtNtNtCseH9BiOqUglv_6flavor3psp11format_20255trust5testss_41test_extract_ed25519_raw_key_wrong_prefix
FN:257,_RNvNtNtNtNtCseH9BiOqUglv_6flavor3psp11format_20255trust5testss_44test_load_keys_from_dir_bad_pub_file_skipped
FN:322,_RNvNtNtNtNtCseH9BiOqUglv_6flavor3psp11format_20255trust5testss_44test_load_keys_from_dir_reads_valid_pub_file
FN:303,_RNvNtNtNtNtCseH9BiOqUglv_6flavor3psp11format_20255trust5testss_57test_load_pub_key_file_reads_name_comment_and_fingerprint
FNDA:64,_RNCNvNtNtNtNtCseH9BiOqUglv_6flavor3psp11format_20255trust5testss_34test_compute_key_fingerprint_valid0Bb_
FNDA:0,_RNCNvNtNtNtCseH9BiOqUglv_6flavor3psp11format_20255trust17load_pub_key_file0B9_
FNDA:0,_RNCNvNtNtNtCseH9BiOqUglv_6flavor3psp11format_20255trust17parse_ed25519_pem0B9_
FNDA:1,_RNCNvNtNtNtCseH9BiOqUglv_6flavor3psp11format_20255trust17parse_ed25519_pems_0B9_
FNDA:2,_RNCNvNtNtNtCseH9BiOqUglv_6flavor3psp11format_20255trust18load_keys_from_dir0B9_
FNDA:0,_RNvNtNtNtCseH9BiOqUglv_6flavor3psp11format_20255trust14is_key_trusted
FNDA:0,_RNvNtNtNtCseH9BiOqUglv_6flavor3psp11format_20255trust15get_config_root
FNDA:3,_RNvNtNtNtCseH9BiOqUglv_6flavor3psp11format_20255trust17load_pub_key_file
FNDA:0,_RNvNtNtNtCseH9BiOqUglv_6flavor3psp11format_20255trust17load_trusted_keys
FNDA:3,_RNvNtNtNtCseH9BiOqUglv_6flavor3psp11format_20255trust17parse_ed25519_pem
FNDA:5,_RNvNtNtNtCseH9BiOqUglv_6flavor3psp11format_20255trust18load_keys_from_dir
FNDA:0,_RNvNtNtNtCseH9BiOqUglv_6flavor3psp11format_20255trust20get_trusted_keys_dir
FNDA:6,_RNvNtNtNtCseH9BiOqUglv_6flavor3psp11format_20255trust23compute_key_fingerprint
FNDA:5,_RNvNtNtNtCseH9BiOqUglv_6flavor3psp11format_20255trust23extract_ed25519_raw_key
FNDA:0,_RNvNtNtNtCseH9BiOqUglv_6flavor3psp11format_20255trust27get_system_trusted_keys_dir
FNDA:1,_RNvNtNtNtNtCseH9BiOqUglv_6flavor3psp11format_20255trust5tests12mock_raw_key
FNDA:2,_RNvNtNtNtNtCseH9BiOqUglv_6flavor3psp11format_20255trust5tests25spki_public_pem_from_seed
FNDA:1,_RNvNtNtNtNtCseH9BiOqUglv_6flavor3psp11format_20255trust5testss_28test_is_key_trusted_no_store
FNDA:1,_RNvNtNtNtNtCseH9BiOqUglv_6flavor3psp11format_20255trust5testss_29test_load_keys_from_dir_empty
FNDA:1,_RNvNtNtNtNtCseH9BiOqUglv_6flavor3psp11format_20255trust5testss_31test_load_keys_from_dir_missing
FNDA:1,_RNvNtNtNtNtCseH9BiOqUglv_6flavor3psp11format_20255trust5testss_34test_compute_key_fingerprint_valid
FNDA:1,_RNvNtNtNtNtCseH9BiOqUglv_6flavor3psp11format_20255trust5testss_39test_extract_ed25519_raw_key_valid_spki
FNDA:1,_RNvNtNtNtNtCseH9BiOqUglv_6flavor3psp11format_20255trust5testss_41test_compute_key_fingerprint_wrong_length
FNDA:1,_RNvNtNtNtNtCseH9BiOqUglv_6flavor3psp11format_20255trust5testss_41test_extract_ed25519_raw_key_wrong_length
FNDA:1,_RNvNtNtNtNtCseH9BiOqUglv_6flavor3psp11format_20255trust5testss_41test_extract_ed25519_raw_key_wrong_prefix
FNDA:1,_RNvNtNtNtNtCseH9BiOqUglv_6flavor3psp11format_20255trust5testss_44test_load_keys_from_dir_bad_pub_file_skipped
FNDA:1,_RNvNtNtNtNtCseH9BiOqUglv_6flavor3psp11format_20255trust5testss_44test_load_keys_from_dir_reads_valid_pub_file
FNDA:1,_RNvNtNtNtNtCseH9BiOqUglv_6flavor3psp11format_20255trust5testss_57test_load_pub_key_file_reads_name_comment_and_fingerprint
FNF:28
FNH:21
DA:26,0
DA:27,0
DA:28,0
DA:29,0
DA:30,0
DA:31,0
DA:33,0
DA:34,0
DA:35,0
DA:36,0
DA:37,0
DA:38,0
DA:39,0
DA:45,0
DA:46,0
DA:47,0
DA:48,0
DA:49,0
DA:51,0
DA:60,0
DA:61,0
DA:65,6
DA:66,6
DA:67,1
DA:68,5
DA:69,5
DA:70,5
DA:71,5
DA:72,6
DA:76,5
DA:77,5
DA:78,5
DA:79,3
DA:80,2
DA:82,3
DA:83,2
DA:84,2
DA:85,0
DA:86,2
DA:87,2
DA:88,1
DA:89,1
DA:90,1
DA:91,1
DA:92,1
DA:93,1
DA:94,1
DA:95,1
DA:96,1
DA:97,1
DA:100,3
DA:101,5
DA:103,3
DA:104,3
DA:107,3
DA:108,3
DA:109,8
DA:110,8
DA:111,8
DA:112,1
DA:113,7
DA:114,7
DA:115,7
DA:117,3
DA:119,3
DA:120,2
DA:121,2
DA:122,2
DA:123,2
DA:124,2
DA:125,2
DA:126,3
DA:128,3
DA:129,3
DA:130,3
DA:131,2
DA:132,2
DA:133,3
DA:135,5
DA:147,5
DA:148,1
DA:149,1
DA:150,1
DA:151,1
DA:152,1
DA:153,4
DA:154,4
DA:155,1
DA:156,1
DA:157,1
DA:158,3
DA:159,3
DA:160,5
DA:163,0
DA:164,0
DA:165,0
DA:166,0
DA:167,0
DA:168,0
DA:169,0
DA:170,0
DA:175,0
DA:176,0
DA:177,0
DA:178,0
DA:179,0
DA:180,0
DA:181,0
DA:182,0
DA:183,0
DA:184,0
DA:194,1
DA:195,1
DA:196,1
DA:198,2
DA:199,2
DA:200,2
DA:201,2
DA:204,2
DA:205,2
DA:206,2
DA:209,1
DA:210,1
DA:211,1
DA:212,1
DA:214,64
DA:215,1
DA:218,1
DA:219,1
DA:220,1
DA:221,1
DA:222,1
DA:225,1
DA:228,1
DA:229,1
DA:230,1
DA:231,1
DA:234,1
DA:235,1
DA:236,1
DA:237,1
DA:238,1
DA:241,1
DA:245,1
DA:247,1
DA:248,1
DA:252,1
DA:253,1
DA:254,1
DA:257,1
DA:258,1
DA:260,1
DA:261,1
DA:263,1
DA:264,1
DA:267,1
DA:269,1
DA:272,1
DA:273,1
DA:274,1
DA:275,1
DA:276,1
DA:279,1
DA:281,1
DA:282,1
DA:283,1
DA:284,1
DA:287,1
DA:290,1
DA:292,1
DA:294,1
DA:295,1
DA:296,1
DA:297,1
DA:300,1
DA:303,1
DA:304,1
DA:305,1
DA:306,1
DA:307,1
DA:308,1
DA:309,1
DA:310,1
DA:312,1
DA:313,1
DA:314,1
DA:316,1
DA:318,1
DA:319,1
DA:322,1
DA:323,1
DA:324,1
DA:325,1
DA:326,1
DA:327,1
DA:328,1
DA:329,1
DA:331,1
DA:332,1
DA:333,1
DA:334,1
DA:335,1
DA:336,1
BRF:0
BRH:0
LF:208
LH:166
end_of_record
SF:/REDACTED_ABS_PATH
FN:200,_RNCNvNtNtNtCseH9BiOqUglv_6flavor3psp11format_20258verifier21verify_integrity_seal0B9_
FN:214,_RNCNvNtNtNtCseH9BiOqUglv_6flavor3psp11format_20258verifier21verify_integrity_seals0_0B9_
FN:220,_RNCNvNtNtNtCseH9BiOqUglv_6flavor3psp11format_20258verifier21verify_integrity_seals1_0B9_
FN:222,_RNCNvNtNtNtCseH9BiOqUglv_6flavor3psp11format_20258verifier21verify_integrity_seals2_0B9_
FN:206,_RNCNvNtNtNtCseH9BiOqUglv_6flavor3psp11format_20258verifier21verify_integrity_seals_0B9_
FN:330,_RNCNvNtNtNtCseH9BiOqUglv_6flavor3psp11format_20258verifier30verify_attestation_policy_hash0B9_
FN:351,_RNCNvNtNtNtCseH9BiOqUglv_6flavor3psp11format_20258verifier30verify_attestation_policy_hashs0_0B9_
FN:340,_RNCNvNtNtNtCseH9BiOqUglv_6flavor3psp11format_20258verifier30verify_attestation_policy_hashs_0B9_
FN:272,_RNCNvNtNtNtCseH9BiOqUglv_6flavor3psp11format_20258verifier30verify_attestation_sbom_digest0B9_
FN:286,_RNCNvNtNtNtCseH9BiOqUglv_6flavor3psp11format_20258verifier30verify_attestation_sbom_digests0_0B9_
FN:278,_RNCNvNtNtNtCseH9BiOqUglv_6flavor3psp11format_20258verifier30verify_attestation_sbom_digests_0B9_
FN:249,_RNvNtNtNtCseH9BiOqUglv_6flavor3psp11format_20258verifier20verify_slot_checksum
FN:131,_RNvNtNtNtCseH9BiOqUglv_6flavor3psp11format_20258verifier21verify_index_checksum
FN:176,_RNvNtNtNtCseH9BiOqUglv_6flavor3psp11format_20258verifier21verify_integrity_seal
FN:236,_RNvNtNtNtCseH9BiOqUglv_6flavor3psp11format_20258verifier21verify_slot_checksums
FN:163,_RNvNtNtNtCseH9BiOqUglv_6flavor3psp11format_20258verifier21verify_trailing_magic
FN:147,_RNvNtNtNtCseH9BiOqUglv_6flavor3psp11format_20258verifier24verify_metadata_checksum
FN:325,_RNvNtNtNtCseH9BiOqUglv_6flavor3psp11format_20258verifier30verify_attestation_policy_hash
FN:267,_RNvNtNtNtCseH9BiOqUglv_6flavor3psp11format_20258verifier30verify_attestation_sbom_digest
FN:17,_RNvNtNtNtCseH9BiOqUglv_6flavor3psp11format_20258verifier6verify
FN:391,_RNvNtNtNtNtCseH9BiOqUglv_6flavor3psp11format_20258verifier5tests24build_attestation_reader
FN:592,_RNvNtNtNtNtCseH9BiOqUglv_6flavor3psp11format_20258verifier5tests24build_policy_hash_reader
FN:510,_RNvNtNtNtNtCseH9BiOqUglv_6flavor3psp11format_20258verifier5tests32build_no_attestation_slot_reader
FN:478,_RNvNtNtNtNtCseH9BiOqUglv_6flavor3psp11format_20258verifier5testss_34test_attestation_sbom_digest_match
FN:487,_RNvNtNtNtNtCseH9BiOqUglv_6flavor3psp11format_20258verifier5testss_37test_attestation_sbom_digest_mismatch
FN:670,_RNvNtNtNtNtCseH9BiOqUglv_6flavor3psp11format_20258verifier5testss_41test_verify_attestation_policy_hash_match
FN:500,_RNvNtNtNtNtCseH9BiOqUglv_6flavor3psp11format_20258verifier5testss_43test_attestation_sbom_digest_absent_skipped
FN:377,_RNvNtNtNtNtCseH9BiOqUglv_6flavor3psp11format_20258verifier5testss_43test_verify_slot_checksum_detects_tampering
FN:575,_RNvNtNtNtNtCseH9BiOqUglv_6flavor3psp11format_20258verifier5testss_44test_attestation_sbom_digest_present_no_slot
FN:685,_RNvNtNtNtNtCseH9BiOqUglv_6flavor3psp11format_20258verifier5testss_44test_verify_attestation_policy_hash_mismatch
FN:663,_RNvNtNtNtNtCseH9BiOqUglv_6flavor3psp11format_20258verifier5testss_51test_verify_attestation_policy_hash_zero_field_skip
FN:699,_RNvNtNtNtNtCseH9BiOqUglv_6flavor3psp11format_20258verifier5testss_59test_verify_attestation_policy_hash_present_no_policy_fails
FNDA:1,_RNCNvNtNtNtCseH9BiOqUglv_6flavor3psp11format_20258verifier21verify_integrity_seal0B9_
FNDA:0,_RNCNvNtNtNtCseH9BiOqUglv_6flavor3psp11format_20258verifier21verify_integrity_seals0_0B9_
FNDA:0,_RNCNvNtNtNtCseH9BiOqUglv_6flavor3psp11format_20258verifier21verify_integrity_seals1_0B9_
FNDA:0,_RNCNvNtNtNtCseH9BiOqUglv_6flavor3psp11format_20258verifier21verify_integrity_seals2_0B9_
FNDA:1,_RNCNvNtNtNtCseH9BiOqUglv_6flavor3psp11format_20258verifier21verify_integrity_seals_0B9_
FNDA:131,_RNCNvNtNtNtCseH9BiOqUglv_6flavor3psp11format_20258verifier30verify_attestation_policy_hash0B9_
FNDA:0,_RNCNvNtNtNtCseH9BiOqUglv_6flavor3psp11format_20258verifier30verify_attestation_policy_hashs0_0B9_
FNDA:1,_RNCNvNtNtNtCseH9BiOqUglv_6flavor3psp11format_20258verifier30verify_attestation_policy_hashs_0B9_
FNDA:131,_RNCNvNtNtNtCseH9BiOqUglv_6flavor3psp11format_20258verifier30verify_attestation_sbom_digest0B9_
FNDA:1,_RNCNvNtNtNtCseH9BiOqUglv_6flavor3psp11format_20258verifier30verify_attestation_sbom_digests0_0B9_
FNDA:4,_RNCNvNtNtNtCseH9BiOqUglv_6flavor3psp11format_20258verifier30verify_attestation_sbom_digests_0B9_
FNDA:3,_RNvNtNtNtCseH9BiOqUglv_6flavor3psp11format_20258verifier20verify_slot_checksum
FNDA:1,_RNvNtNtNtCseH9BiOqUglv_6flavor3psp11format_20258verifier21verify_index_checksum
FNDA:1,_RNvNtNtNtCseH9BiOqUglv_6flavor3psp11format_20258verifier21verify_integrity_seal
FNDA:1,_RNvNtNtNtCseH9BiOqUglv_6flavor3psp11format_20258verifier21verify_slot_checksums
FNDA:1,_RNvNtNtNtCseH9BiOqUglv_6flavor3psp11format_20258verifier21verify_trailing_magic
FNDA:1,_RNvNtNtNtCseH9BiOqUglv_6flavor3psp11format_20258verifier24verify_metadata_checksum
FNDA:5,_RNvNtNtNtCseH9BiOqUglv_6flavor3psp11format_20258verifier30verify_attestation_policy_hash
FNDA:5,_RNvNtNtNtCseH9BiOqUglv_6flavor3psp11format_20258verifier30verify_attestation_sbom_digest
FNDA:2,_RNvNtNtNtCseH9BiOqUglv_6flavor3psp11format_20258verifier6verify
FNDA:3,_RNvNtNtNtNtCseH9BiOqUglv_6flavor3psp11format_20258verifier5tests24build_attestation_reader
FNDA:4,_RNvNtNtNtNtCseH9BiOqUglv_6flavor3psp11format_20258verifier5tests24build_policy_hash_reader
FNDA:1,_RNvNtNtNtNtCseH9BiOqUglv_6flavor3psp11format_20258verifier5tests32build_no_attestation_slot_reader
FNDA:1,_RNvNtNtNtNtCseH9BiOqUglv_6flavor3psp11format_20258verifier5testss_34test_attestation_sbom_digest_match
FNDA:1,_RNvNtNtNtNtCseH9BiOqUglv_6flavor3psp11format_20258verifier5testss_37test_attestation_sbom_digest_mismatch
FNDA:1,_RNvNtNtNtNtCseH9BiOqUglv_6flavor3psp11format_20258verifier5testss_41test_verify_attestation_policy_hash_match
FNDA:1,_RNvNtNtNtNtCseH9BiOqUglv_6flavor3psp11format_20258verifier5testss_43test_attestation_sbom_digest_absent_skipped
FNDA:1,_RNvNtNtNtNtCseH9BiOqUglv_6flavor3psp11format_20258verifier5testss_43test_verify_slot_checksum_detects_tampering
FNDA:1,_RNvNtNtNtNtCseH9BiOqUglv_6flavor3psp11format_20258verifier5testss_44test_attestation_sbom_digest_present_no_slot
FNDA:1,_RNvNtNtNtNtCseH9BiOqUglv_6flavor3psp11format_20258verifier5testss_44test_verify_attestation_policy_hash_mismatch
FNDA:1,_RNvNtNtNtNtCseH9BiOqUglv_6flavor3psp11format_20258verifier5testss_51test_verify_attestation_policy_hash_zero_field_skip
FNDA:1,_RNvNtNtNtNtCseH9BiOqUglv_6flavor3psp11format_20258verifier5testss_59test_verify_attestation_policy_hash_present_no_policy_fails
FNF:32
FNH:28
DA:17,2
DA:18,2
DA:20,2
DA:21,1
DA:24,1
DA:25,1
DA:26,1
DA:29,1
DA:30,1
DA:32,1
DA:33,1
DA:35,0
DA:40,1
DA:41,1
DA:43,1
DA:44,1
DA:46,0
DA:51,1
DA:52,1
DA:54,1
DA:55,1
DA:57,0
DA:62,1
DA:63,1
DA:65,1
DA:66,1
DA:68,0
DA:72,1
DA:73,1
DA:75,1
DA:76,1
DA:78,0
DA:83,1
DA:84,1
DA:87,1
DA:88,1
DA:91,1
DA:92,1
DA:94,1
DA:95,1
DA:97,0
DA:102,1
DA:111,1
DA:112,1
DA:113,1
DA:114,1
DA:115,1
DA:116,1
DA:118,1
DA:119,1
DA:120,1
DA:121,1
DA:122,1
DA:123,1
DA:124,1
DA:125,1
DA:126,1
DA:127,1
DA:128,2
DA:131,1
DA:133,1
DA:136,1
DA:139,1
DA:140,1
DA:141,1
DA:143,1
DA:144,1
DA:147,1
DA:149,1
DA:150,1
DA:151,1
DA:154,1
DA:155,1
DA:156,1
DA:159,1
DA:160,1
DA:163,1
DA:165,1
DA:168,1
DA:169,1
DA:172,1
DA:173,1
DA:176,1
DA:178,1
DA:179,1
DA:180,1
DA:183,1
DA:185,1
DA:186,1
DA:187,1
DA:188,1
DA:190,0
DA:194,1
DA:197,1
DA:200,1
DA:201,0
DA:202,0
DA:203,1
DA:206,1
DA:207,0
DA:208,0
DA:209,1
DA:212,1
DA:213,1
DA:214,1
DA:215,1
DA:218,1
DA:219,1
DA:220,1
DA:221,1
DA:222,1
DA:225,1
DA:227,1
DA:228,1
DA:230,0
DA:233,1
DA:234,1
DA:236,1
DA:237,1
DA:239,1
DA:240,1
DA:241,1
DA:242,0
DA:243,1
DA:246,1
DA:247,1
DA:249,3
DA:250,3
DA:251,3
DA:252,3
DA:253,3
DA:254,3
DA:255,3
DA:256,3
DA:257,3
DA:258,3
DA:267,5
DA:268,5
DA:271,5
DA:272,131
DA:275,5
DA:276,5
DA:277,5
DA:278,5
DA:280,5
DA:282,2
DA:283,3
DA:286,3
DA:287,1
DA:288,1
DA:289,1
DA:290,1
DA:291,1
DA:294,2
DA:300,2
DA:301,2
DA:304,2
DA:305,2
DA:306,2
DA:308,2
DA:309,1
DA:310,1
DA:311,1
DA:312,1
DA:313,1
DA:315,1
DA:316,5
DA:325,5
DA:326,5
DA:329,5
DA:330,131
DA:332,5
DA:334,2
DA:335,3
DA:338,3
DA:340,3
DA:341,1
DA:342,1
DA:343,1
DA:344,1
DA:350,2
DA:351,2
DA:353,2
DA:354,2
DA:357,2
DA:358,2
DA:359,2
DA:361,2
DA:362,1
DA:363,1
DA:364,1
DA:365,1
DA:366,1
DA:368,1
DA:369,5
DA:377,1
DA:378,1
DA:379,1
DA:380,1
DA:381,1
DA:383,1
DA:384,1
DA:385,1
DA:391,3
DA:392,3
DA:393,3
DA:394,3
DA:406,3
DA:407,3
DA:410,3
DA:411,3
DA:414,3
DA:415,3
DA:416,3
DA:417,3
DA:418,3
DA:419,3
DA:420,3
DA:421,3
DA:422,3
DA:425,3
DA:426,3
DA:427,3
DA:430,3
DA:431,3
DA:432,3
DA:433,3
DA:434,3
DA:435,3
DA:436,3
DA:437,3
DA:438,3
DA:439,3
DA:440,3
DA:442,3
DA:445,3
DA:446,3
DA:447,3
DA:448,3
DA:449,3
DA:450,3
DA:451,3
DA:452,3
DA:454,3
DA:455,3
DA:457,3
DA:458,2
DA:459,2
DA:460,2
DA:461,2
DA:464,3
DA:465,3
DA:466,3
DA:467,3
DA:468,3
DA:469,3
DA:470,3
DA:472,3
DA:473,3
DA:474,3
DA:475,3
DA:478,1
DA:479,1
DA:480,1
DA:481,1
DA:482,1
DA:483,1
DA:484,1
DA:487,1
DA:488,1
DA:489,1
DA:490,1
DA:491,1
DA:492,1
DA:493,1
DA:494,1
DA:497,1
DA:500,1
DA:501,1
DA:503,1
DA:504,1
DA:505,1
DA:506,1
DA:510,1
DA:511,1
DA:512,1
DA:521,1
DA:522,1
DA:525,1
DA:528,1
DA:529,1
DA:530,1
DA:531,1
DA:532,1
DA:533,1
DA:534,1
DA:535,1
DA:536,1
DA:537,1
DA:538,1
DA:540,1
DA:543,1
DA:544,1
DA:545,1
DA:546,1
DA:547,1
DA:548,1
DA:549,1
DA:550,1
DA:552,1
DA:553,1
DA:556,1
DA:557,1
DA:558,1
DA:561,1
DA:562,1
DA:563,1
DA:564,1
DA:565,1
DA:566,1
DA:567,1
DA:569,1
DA:570,1
DA:571,1
DA:572,1
DA:575,1
DA:577,1
DA:578,1
DA:579,1
DA:580,1
DA:581,1
DA:582,1
DA:585,1
DA:592,4
DA:593,4
DA:594,4
DA:595,4
DA:604,4
DA:605,4
DA:609,4
DA:610,2
DA:613,2
DA:615,2
DA:618,4
DA:619,4
DA:620,4
DA:621,4
DA:622,4
DA:623,4
DA:624,4
DA:625,4
DA:626,4
DA:627,4
DA:629,4
DA:631,4
DA:632,4
DA:633,4
DA:634,4
DA:635,4
DA:636,4
DA:637,4
DA:638,4
DA:640,4
DA:641,4
DA:643,4
DA:644,3
DA:645,3
DA:646,3
DA:647,3
DA:649,4
DA:650,4
DA:651,4
DA:652,4
DA:653,4
DA:654,4
DA:655,4
DA:657,4
DA:658,4
DA:659,4
DA:660,4
DA:663,1
DA:665,1
DA:666,1
DA:667,1
DA:670,1
DA:671,1
DA:673,1
DA:674,1
DA:675,1
DA:676,1
DA:677,1
DA:679,1
DA:680,1
DA:681,1
DA:682,1
DA:685,1
DA:686,1
DA:687,1
DA:689,1
DA:690,1
DA:691,1
DA:692,1
DA:693,1
DA:696,1
DA:699,1
DA:700,1
DA:703,1
DA:704,1
DA:705,1
DA:706,1
DA:707,1
DA:710,1
BRF:0
BRH:0
LF:425
LH:408
end_of_record
SF:/REDACTED_ABS_PATH
FN:70,_RNvNtNtCseH9BiOqUglv_6flavor3psp5tests23write_synthetic_package
FN:91,_RNvNtNtCseH9BiOqUglv_6flavor3psp5testss_33detect_format_rejects_plain_files
FN:79,_RNvNtNtCseH9BiOqUglv_6flavor3psp5testss_43detect_format_recognizes_valid_pspf_trailer
FN:15,_RNvNtCseH9BiOqUglv_6flavor3psp13detect_format
FNDA:1,_RNvNtNtCseH9BiOqUglv_6flavor3psp5tests23write_synthetic_package
FNDA:1,_RNvNtNtCseH9BiOqUglv_6flavor3psp5testss_33detect_format_rejects_plain_files
FNDA:1,_RNvNtNtCseH9BiOqUglv_6flavor3psp5testss_43detect_format_recognizes_valid_pspf_trailer
FNDA:3,_RNvNtCseH9BiOqUglv_6flavor3psp13detect_format
FNF:4
FNH:4
DA:15,3
DA:19,3
DA:20,3
DA:21,3
DA:22,3
DA:26,3
DA:27,3
DA:28,3
DA:29,3
DA:33,3
DA:35,2
DA:36,2
DA:37,2
DA:39,2
DA:41,2
DA:42,2
DA:43,2
DA:44,2
DA:45,2
DA:47,2
DA:48,2
DA:49,2
DA:50,0
DA:51,0
DA:52,1
DA:53,1
DA:54,0
DA:56,1
DA:57,1
DA:58,1
DA:59,3
DA:70,1
DA:71,1
DA:72,1
DA:73,1
DA:74,1
DA:75,1
DA:76,1
DA:79,1
DA:80,1
DA:81,1
DA:82,1
DA:84,1
DA:85,1
DA:88,1
DA:91,1
DA:92,1
DA:93,1
DA:94,1
DA:96,1
DA:97,1
DA:100,1
BRF:0
BRH:0
LF:52
LH:49
end_of_record
SF:/REDACTED_ABS_PATH
FN:7,_RNvNtCseH9BiOqUglv_6flavor5utils11is_env_true
FN:40,_RNvNtCseH9BiOqUglv_6flavor5utils13get_cache_dir
FN:23,_RNvNtCseH9BiOqUglv_6flavor5utils19get_platform_string
FN:119,_RNvNtNtCseH9BiOqUglv_6flavor5utils5tests22get_cache_dir_from_env
FN:109,_RNvNtNtCseH9BiOqUglv_6flavor5utils5tests22is_env_true_from_value
FN:87,_RNvNtNtCseH9BiOqUglv_6flavor5utils5testss_39get_cache_dir_prefers_explicit_override
FN:81,_RNvNtNtCseH9BiOqUglv_6flavor5utils5testss_43get_platform_string_uses_expected_separator
FN:73,_RNvNtNtCseH9BiOqUglv_6flavor5utils5testss_44is_env_true_handles_truthy_and_falsey_values
FN:95,_RNvNtNtCseH9BiOqUglv_6flavor5utils5testss_45get_cache_dir_prefers_xdg_then_home_then_temp
FNDA:0,_RNvNtCseH9BiOqUglv_6flavor5utils11is_env_true
FNDA:5,_RNvNtCseH9BiOqUglv_6flavor5utils13get_cache_dir
FNDA:1,_RNvNtCseH9BiOqUglv_6flavor5utils19get_platform_string
FNDA:3,_RNvNtNtCseH9BiOqUglv_6flavor5utils5tests22get_cache_dir_from_env
FNDA:4,_RNvNtNtCseH9BiOqUglv_6flavor5utils5tests22is_env_true_from_value
FNDA:1,_RNvNtNtCseH9BiOqUglv_6flavor5utils5testss_39get_cache_dir_prefers_explicit_override
FNDA:1,_RNvNtNtCseH9BiOqUglv_6flavor5utils5testss_43get_platform_string_uses_expected_separator
FNDA:1,_RNvNtNtCseH9BiOqUglv_6flavor5utils5testss_44is_env_true_handles_truthy_and_falsey_values
FNDA:1,_RNvNtNtCseH9BiOqUglv_6flavor5utils5testss_45get_cache_dir_prefers_xdg_then_home_then_temp
FNF:9
FNH:8
DA:7,0
DA:8,0
DA:9,0
DA:10,0
DA:11,0
DA:13,0
DA:15,0
DA:23,1
DA:24,1
DA:25,1
DA:26,0
DA:29,1
DA:30,1
DA:31,1
DA:32,0
DA:35,1
DA:36,1
DA:40,5
DA:43,5
DA:44,0
DA:45,5
DA:49,5
DA:50,0
DA:51,5
DA:53,5
DA:54,5
DA:55,0
DA:65,0
DA:66,5
DA:73,1
DA:74,1
DA:75,1
DA:76,1
DA:77,1
DA:78,1
DA:81,1
DA:82,1
DA:83,1
DA:84,1
DA:87,1
DA:88,1
DA:89,1
DA:90,1
DA:91,1
DA:92,1
DA:95,1
DA:96,1
DA:97,1
DA:99,1
DA:102,1
DA:103,1
DA:105,1
DA:107,1
DA:109,4
DA:110,4
DA:111,3
DA:112,3
DA:113,3
DA:115,1
DA:117,4
DA:119,3
DA:120,3
DA:121,3
DA:122,3
DA:123,3
DA:126,3
DA:127,1
DA:128,2
DA:129,2
DA:130,1
DA:131,1
DA:132,1
DA:133,1
DA:134,0
DA:135,0
DA:136,3
BRF:0
BRH:0
LF:76
LH:61
end_of_record
SF:/REDACTED_ABS_PATH
FN:36,_RNvNtNtCseH9BiOqUglv_6flavor7version5testss_38full_version_includes_the_base_version
FN:42,_RNvNtNtCseH9BiOqUglv_6flavor7version5testss_54full_version_includes_optional_metadata_when_available
FN:55,_RNvNtNtCseH9BiOqUglv_6flavor7version5testss_69full_version_with_test_inputs_truncates_commit_and_appends_build_time
FN:13,_RNvNtCseH9BiOqUglv_6flavor7version12full_version
FN:17,_RNvNtCseH9BiOqUglv_6flavor7version17full_version_with
FNDA:1,_RNvNtNtCseH9BiOqUglv_6flavor7version5testss_38full_version_includes_the_base_version
FNDA:1,_RNvNtNtCseH9BiOqUglv_6flavor7version5testss_54full_version_includes_optional_metadata_when_available
FNDA:1,_RNvNtNtCseH9BiOqUglv_6flavor7version5testss_69full_version_with_test_inputs_truncates_commit_and_appends_build_time
FNDA:2,_RNvNtCseH9BiOqUglv_6flavor7version12full_version
FNDA:3,_RNvNtCseH9BiOqUglv_6flavor7version17full_version_with
FNF:5
FNH:5
DA:13,2
DA:14,2
DA:15,2
DA:17,3
DA:18,3
DA:20,3
DA:21,1
DA:22,2
DA:24,3
DA:25,1
DA:26,2
DA:28,3
DA:29,3
DA:36,1
DA:37,1
DA:38,1
DA:39,1
DA:42,1
DA:43,1
DA:45,1
DA:46,0
DA:47,1
DA:49,1
DA:50,0
DA:51,1
DA:52,1
DA:55,1
DA:56,1
DA:58,1
DA:59,1
BRF:0
BRH:0
LF:30
LH:28
end_of_record