Filename                                      Regions    Missed Regions     Cover   Functions  Missed Functions  Executed       Lines      Missed Lines     Cover    Branches   Missed Branches     Cover
---------------------------------------------------------------------------------------------------------------------------------------------------------------------------------------------------------
api.rs                                            185               185     0.00%          11                11     0.00%          91                91     0.00%           0                 0         -
bin/flavor-rs-builder.rs                           63                63     0.00%           3                 3     0.00%          45                45     0.00%           0                 0         -
bin/flavor-rs-launcher.rs                         174               174     0.00%           4                 4     0.00%         136               136     0.00%           0                 0         -
exceptions.rs                                      33                33     0.00%           4                 4     0.00%          19                19     0.00%           0                 0         -
logger.rs                                         330               330     0.00%          19                19     0.00%         187               187     0.00%           0                 0         -
psp/format_2025/backends.rs                       749               749     0.00%          44                44     0.00%         427               427     0.00%           0                 0         -
psp/format_2025/builder/finalization.rs           368               368     0.00%          11                11     0.00%         213               213     0.00%           0                 0         -
psp/format_2025/builder/metadata.rs               380               380     0.00%          28                28     0.00%         296               296     0.00%           0                 0         -
psp/format_2025/builder/mod.rs                    413               413     0.00%          13                13     0.00%         219               219     0.00%           0                 0         -
psp/format_2025/builder/slot_processor.rs         532               532     0.00%          25                25     0.00%         347               347     0.00%           0                 0         -
psp/format_2025/checksums.rs                      207               207     0.00%           9                 9     0.00%         114               114     0.00%           0                 0         -
psp/format_2025/cli.rs                            408               408     0.00%          11                11     0.00%         248               248     0.00%           0                 0         -
psp/format_2025/crypto.rs                          59                59     0.00%           5                 5     0.00%          31                31     0.00%           0                 0         -
psp/format_2025/debug.rs                          285               285     0.00%           9                 9     0.00%         144               144     0.00%           0                 0         -
psp/format_2025/defaults.rs                        71                71     0.00%           8                 8     0.00%          52                52     0.00%           0                 0         -
psp/format_2025/execution/commands.rs             811               811     0.00%          44                44     0.00%         465               465     0.00%           0                 0         -
psp/format_2025/execution/placeholders.rs          16                16     0.00%           1                 1     0.00%          10                10     0.00%           0                 0         -
psp/format_2025/execution/validation.rs           300               300     0.00%          10                10     0.00%         203               203     0.00%           0                 0         -
psp/format_2025/extraction.rs                     685               685     0.00%          28                28     0.00%         375               375     0.00%           0                 0         -
psp/format_2025/index.rs                          463               463     0.00%          30                30     0.00%         302               302     0.00%           0                 0         -
psp/format_2025/keys.rs                           294               294     0.00%          17                17     0.00%         161               161     0.00%           0                 0         -
psp/format_2025/launcher/command.rs               344               344     0.00%          12                12     0.00%         209               209     0.00%           0                 0         -
psp/format_2025/launcher/extraction.rs            257               257     0.00%           8                 8     0.00%         156               156     0.00%           0                 0         -
psp/format_2025/launcher/filesystem.rs            195               195     0.00%           6                 6     0.00%          77                77     0.00%           0                 0         -
psp/format_2025/launcher/mod.rs                   740               740     0.00%          23                23     0.00%         397               397     0.00%           0                 0         -
psp/format_2025/launcher/workenv.rs               238               238     0.00%          16                16     0.00%         174               174     0.00%           0                 0         -
psp/format_2025/locking.rs                        290               290     0.00%          14                14     0.00%         157               157     0.00%           0                 0         -
psp/format_2025/manifest.rs                        84                84     0.00%           4                 4     0.00%          59                59     0.00%           0                 0         -
psp/format_2025/metadata.rs                       159               159     0.00%           4                 4     0.00%         138               138     0.00%           0                 0         -
psp/format_2025/operations.rs                     134               134     0.00%          11                11     0.00%          80                80     0.00%           0                 0         -
psp/format_2025/paths.rs                          225               225     0.00%          25                25     0.00%         134               134     0.00%           0                 0         -
psp/format_2025/pe_resources.rs                    12                12     0.00%           2                 2     0.00%          10                10     0.00%           0                 0         -
psp/format_2025/pe_utils.rs                       780               780     0.00%          25                25     0.00%         483               483     0.00%           0                 0         -
psp/format_2025/policy.rs                         462               462     0.00%          36                36     0.00%         345               345     0.00%           0                 0         -
psp/format_2025/reader.rs                         362               362     0.00%          19                19     0.00%         232               232     0.00%           0                 0         -
psp/format_2025/runtime.rs                        507               507     0.00%          28                28     0.00%         297               297     0.00%           0                 0         -
psp/format_2025/slots.rs                          160               160     0.00%           9                 9     0.00%         107               107     0.00%           0                 0         -
psp/format_2025/trust.rs                          397               397     0.00%          28                28     0.00%         208               208     0.00%           0                 0         -
psp/format_2025/verifier.rs                       847               847     0.00%          32                32     0.00%         425               425     0.00%           0                 0         -
psp/mod.rs                                        106               106     0.00%           4                 4     0.00%          52                52     0.00%           0                 0         -
utils/mod.rs                                      127               127     0.00%           9                 9     0.00%          76                76     0.00%           0                 0         -
version.rs                                         55                55     0.00%           5                 5     0.00%          30                30     0.00%           0                 0         -
---------------------------------------------------------------------------------------------------------------------------------------------------------------------------------------------------------
TOTAL                                           13307             13307     0.00%         654               654     0.00%        7931              7931     0.00%           0                 0         -
